[2015.09.26-20.42.09:159][  0]Log file open, 09/26/15 16:42:09
[2015.09.26-20.42.09:159][  0]LogInit:Display: Running engine for game: ThePiedPiper
[2015.09.26-20.42.09:159][  0]LogInit:Display: RandInit(1161518503) SRandInit(1161518503).
[2015.09.26-20.42.09:159][  0]LogTaskGraph: Started task graph with 4 named threads and 5 total threads.
[2015.09.26-20.42.09:159][  0]LogStats: Stats thread started at 0.062863
[2015.09.26-20.42.09:159][  0]LogInit: Version: 4.9.1-2689999+++depot+UE4-Releases+4.9
[2015.09.26-20.42.09:159][  0]LogInit: API Version: 2672455
[2015.09.26-20.42.09:159][  0]LogInit: Compiled (64-bit): Sep 14 2015 04:12:03
[2015.09.26-20.42.09:159][  0]LogInit: Compiled with Visual C++: 18.00.21005.01
[2015.09.26-20.42.09:159][  0]LogInit: Build Configuration: Development
[2015.09.26-20.42.09:159][  0]LogInit: Branch Name: ++depot+UE4-Releases+4.9
[2015.09.26-20.42.09:159][  0]LogInit: Command line:  
[2015.09.26-20.42.09:159][  0]LogInit: Base directory: C:/Program Files/Epic Games/4.9/Engine/Binaries/Win64/
[2015.09.26-20.42.09:159][  0]LogInit: Rocket: 1
[2015.09.26-20.42.09:169][  0]LogInit: Using libcurl 7.41.0
[2015.09.26-20.42.09:169][  0]LogInit:  - built for x86_64-pc-win32
[2015.09.26-20.42.09:169][  0]LogInit:  - supports SSL with WinSSL
[2015.09.26-20.42.09:169][  0]LogInit:  - other features:
[2015.09.26-20.42.09:169][  0]LogInit:      CURL_VERSION_SSL
[2015.09.26-20.42.09:169][  0]LogInit:      CURL_VERSION_IPV6
[2015.09.26-20.42.09:169][  0]LogInit:      CURL_VERSION_ASYNCHDNS
[2015.09.26-20.42.09:169][  0]LogInit:      CURL_VERSION_LARGEFILE
[2015.09.26-20.42.09:169][  0]LogInit:      CURL_VERSION_IDN
[2015.09.26-20.42.09:169][  0]LogInit:  CurlRequestOptions (configurable via config and command line):
[2015.09.26-20.42.09:169][  0]LogInit:  - bVerifyPeer = true  - Libcurl will verify peer certificate
[2015.09.26-20.42.09:169][  0]LogInit:  - bUseHttpProxy = false  - Libcurl will NOT use HTTP proxy
[2015.09.26-20.42.09:169][  0]LogInit:  - bDontReuseConnections = false  - Libcurl will reuse connections
[2015.09.26-20.42.09:169][  0]LogInit:  - CertBundlePath = nullptr  - Libcurl will use whatever was configured at build time.
[2015.09.26-20.42.09:178][  0]LogInit: Presizing for 0 objects not considered by GC, pre-allocating 0 bytes.
[2015.09.26-20.42.09:187][  0]LogInit: Object subsystem initialized
[2015.09.26-20.42.09:188][  0]LogInit: Selected Device Profile: [Windows]
[2015.09.26-20.42.09:188][  0]LogInit: Applying CVar settings loaded from the selected device profile: [Windows]
[2015.09.26-20.42.09:219][  0]LogInit: Computer: BENJAMIN
[2015.09.26-20.42.09:219][  0]LogInit: User: Benjamin
[2015.09.26-20.42.09:219][  0]LogInit: CPU Page size=4096, Cores=2
[2015.09.26-20.42.09:219][  0]LogInit: High frequency timer resolution =2.533320 MHz
[2015.09.26-20.42.09:220][  0]LogMemory: Memory total: Physical=7.9GB (8GB approx)
[2015.09.26-20.42.09:220][  0]LogMemory: Platform Memory Stats for Windows
[2015.09.26-20.42.09:220][  0]LogMemory: Process Physical Memory: 52.45 MB used, 52.45 MB peak
[2015.09.26-20.42.09:220][  0]LogMemory: Process Virtual Memory: 56.82 MB used, 56.82 MB peak
[2015.09.26-20.42.09:220][  0]LogMemory: Physical Memory: 4892.95 MB used, 8057.77 MB total
[2015.09.26-20.42.09:220][  0]LogMemory: Virtual Memory: 344.02 MB used, 8388608.00 MB total
[2015.09.26-20.42.09:256][  0]LogTextLocalizationManager: No specific translations for ('en-US') exist, so ('en') translations will be used.
[2015.09.26-20.42.10:351][  0]LogD3D11RHI: Found D3D11 adapter 0: Intel(R) HD Graphics 4000 (Feature Level 11_0)
[2015.09.26-20.42.10:351][  0]LogD3D11RHI: Adapter has 32MB of dedicated video memory, 0MB of dedicated system memory, and 1760MB of shared system memory, 1 output[s]
[2015.09.26-20.42.10:352][  0]LogD3D11RHI: Found D3D11 adapter 1: Microsoft Basic Render Driver (Feature Level 11_0)
[2015.09.26-20.42.10:352][  0]LogD3D11RHI: Adapter has 0MB of dedicated video memory, 0MB of dedicated system memory, and 256MB of shared system memory, 0 output[s]
[2015.09.26-20.42.10:352][  0]LogD3D11RHI: Chosen D3D11 Adapter Id = 0
[2015.09.26-20.42.10:367][  0]LogD3D11RHI: !Direct3DDevice
[2015.09.26-20.42.10:367][  0]LogRHI: Texture pool is 638 MB (70% of 912 MB)
[2015.09.26-20.42.10:370][  0]LogD3D11RHI: Async texture creation enabled
[2015.09.26-20.42.10:386][  0]LogShaderCompilers: Guid format shader working directory is 15 characters bigger than the processId version (../../../../../../Users/Benjamin/Documents/Unreal Projects/pipermqp/prodenv/ThePiedPiper/Intermediate/Shaders/WorkingDirectory/8556/).
[2015.09.26-20.42.10:386][  0]LogShaderCompilers: Cleaned the shader compiler working directory '../../../../../../Users/Benjamin/Documents/Unreal Projects/pipermqp/prodenv/ThePiedPiper/Intermediate/Shaders/tmp/0C57BFE645326CACFB29ECB5EA8D0903/'.
[2015.09.26-20.42.10:386][  0]LogShaderCompilers:Display: Using Local Shader Compiler.
[2015.09.26-20.42.12:133][  0]LogTemp:Display: Loaded TP AllDesktopTargetPlatform
[2015.09.26-20.42.12:142][  0]LogTemp:Display: Loaded TP WindowsClientTargetPlatform
[2015.09.26-20.42.12:150][  0]LogTemp:Display: Loaded TP WindowsNoEditorTargetPlatform
[2015.09.26-20.42.12:157][  0]LogTemp:Display: Loaded TP WindowsServerTargetPlatform
[2015.09.26-20.42.12:165][  0]LogTemp:Display: Loaded TP WindowsTargetPlatform
[2015.09.26-20.42.12:171][  0]LogTemp:Display: Loaded TP AndroidTargetPlatform
[2015.09.26-20.42.12:176][  0]LogTemp:Display: Loaded TP Android_ASTCTargetPlatform
[2015.09.26-20.42.12:181][  0]LogTemp:Display: Loaded TP Android_ATCTargetPlatform
[2015.09.26-20.42.12:186][  0]LogTemp:Display: Loaded TP Android_DXTTargetPlatform
[2015.09.26-20.42.12:191][  0]LogTemp:Display: Loaded TP Android_ETC1TargetPlatform
[2015.09.26-20.42.12:196][  0]LogTemp:Display: Loaded TP Android_ETC2TargetPlatform
[2015.09.26-20.42.12:204][  0]LogTemp:Display: Loaded TP Android_PVRTCTargetPlatform
[2015.09.26-20.42.12:205][  0]LogTemp:Display: Loaded TP HTML5TargetPlatform
[2015.09.26-20.42.12:226][  0]LogTemp:Display: Loaded TP IOSTargetPlatform
[2015.09.26-20.42.12:231][  0]LogTemp:Display: Loaded TP LinuxNoEditorTargetPlatform
[2015.09.26-20.42.12:235][  0]LogTemp:Display: Loaded TP LinuxServerTargetPlatform
[2015.09.26-20.42.12:240][  0]LogTemp:Display: Loaded TP LinuxTargetPlatform
[2015.09.26-20.42.12:240][  0]LogTargetPlatformManager:Display: Building Assets For Windows
[2015.09.26-20.42.12:350][  0]LogDerivedDataCache:Display: Max Cache Size: 512 MB
[2015.09.26-20.42.12:402][  0]LogDerivedDataCache: Loaded boot cache 0.05s 41MB C:/Users/Benjamin/AppData/Local/UnrealEngine/4.9/DerivedDataCache/Boot.ddc.
[2015.09.26-20.42.12:402][  0]LogDerivedDataCache:Display: Loaded Boot cache: C:/Users/Benjamin/AppData/Local/UnrealEngine/4.9/DerivedDataCache/Boot.ddc
[2015.09.26-20.42.12:402][  0]LogDerivedDataCache: FDerivedDataBackendGraph:  Pak pak cache file ../../../../../../Users/Benjamin/Documents/Unreal Projects/pipermqp/prodenv/ThePiedPiper/DerivedDataCache/DDC.ddp not found, will not use a pak cache.
[2015.09.26-20.42.12:402][  0]LogDerivedDataCache: Unable to find inner node Pak for hierarchical cache Hierarchy.
[2015.09.26-20.42.12:402][  0]LogDerivedDataCache: FDerivedDataBackendGraph:  CompressedPak pak cache file ../../../../../../Users/Benjamin/Documents/Unreal Projects/pipermqp/prodenv/ThePiedPiper/DerivedDataCache/Compressed.ddp not found, will not use a pak cache.
[2015.09.26-20.42.12:402][  0]LogDerivedDataCache: Unable to find inner node CompressedPak for hierarchical cache Hierarchy.
[2015.09.26-20.42.12:599][  0]LogDerivedDataCache:Display: Pak cache opened for reading ../../../Engine/DerivedDataCache/Compressed.ddp.
[2015.09.26-20.42.12:612][  0]LogDerivedDataCache: Using Local data cache path C:/Users/Benjamin/AppData/Local/UnrealEngine/Common/DerivedDataCache: Writable
[2015.09.26-20.42.12:886][  0]LogInit: Selected Device Profile: [Windows]
[2015.09.26-20.42.12:890][  0]LogContentStreaming: Texture pool size is 0.000000MB
[2015.09.26-20.42.13:070][  0]LogMeshUtilities: No automatic mesh reduction module available
[2015.09.26-20.42.13:070][  0]LogMeshUtilities: No automatic mesh merging module available
[2015.09.26-20.42.13:427][  0]LogInit: WinSock: version 1.1 (2.2), MaxSocks=32767, MaxUdp=65467
[2015.09.26-20.42.14:256][  0]UdpMessaging: Initializing bridge on interface 0.0.0.0:0 to multicast group 230.0.0.1:6666.
[2015.09.26-20.42.14:364][  0]LogAssetRegistry: FAssetRegistry took 0.0107 seconds to start up
[2015.09.26-20.42.14:627][  0]SourceControl: Info Source control is disabled
[2015.09.26-20.42.14:648][  0]SourceControl: Info Source control is disabled
[2015.09.26-20.42.14:668][  0]SourceControl: Info Source control is disabled
[2015.09.26-20.42.14:687][  0]SourceControl: Info Source control is disabled
[2015.09.26-20.42.14:909][  0]LogLinker:Warning: Asset '../../../Engine/Plugins/Runtime/LeapMotionController/Content/LM_PassthroughMaterial.uasset' has been saved with empty engine version. The asset will be loaded but may be incompatible.
[2015.09.26-20.42.15:011][  0]LogObj: 28361 objects as part of root set at end of initial load.
[2015.09.26-20.42.15:011][  0]LogUObjectAllocator: 6038872 out of 0 bytes used by permanent object pool.
[2015.09.26-20.42.15:076][  0]LogEngine: Initializing Engine...
[2015.09.26-20.42.15:079][  0]LogHMD: Can't find Oculus library dev build: is proper Runtime installed? Version: 0.7.0.0
[2015.09.26-20.42.15:080][  0]LogHMD: SteamVR failed to initialize.  Err: 110
[2015.09.26-20.42.15:243][  0]LogAIModule: Creating AISystem for world NewWorld
[2015.09.26-20.42.15:248][  0]LogInit: XAudio2 using 'Speakers (Conexant SmartAudio HD)' : 2 channels at 48 kHz using 32 bits per sample (channel mask 0x3)
[2015.09.26-20.42.15:262][  0]LogInit: FAudioDevice initialized.
[2015.09.26-20.42.15:312][  0]LogDerivedDataCache: Saved boot cache 0.05s 41MB C:/Users/Benjamin/AppData/Local/UnrealEngine/4.9/DerivedDataCache/Boot.ddc.
[2015.09.26-20.42.15:316][  0]LogInit: Texture streaming: Enabled
[2015.09.26-20.42.15:323][  0]LogAnalytics: Creating configured Analytics provider AnalyticsET
[2015.09.26-20.42.15:323][  0]LogAnalytics: [UEEditor.Rocket.Release] APIServer = http://et2.epicgames.com/ET2/. AppVersion = 4.9.1-2689999+++depot+UE4-Releases+4.9
[2015.09.26-20.42.15:324][  0]LogAnalytics: [UEEditor.Rocket.Release] SetUserId 24b4e69c437533fcf9007e836b25c91a|81d70dd035554f60bc1c4ff508821cee|6ef1385a-77e7-4f28-b35b-fd2fe71be865
[2015.09.26-20.42.15:324][  0]LogAnalytics: [UEEditor.Rocket.Release] AnalyticsET::StartSession
[2015.09.26-20.42.15:378][  0]LogInit: Transaction tracking system initialized
[2015.09.26-20.42.15:420][  0]BlueprintLog: New page: Editor Load
[2015.09.26-20.42.15:548][  0]LocalizationService: Info Localization service is disabled
[2015.09.26-20.42.15:633][  0]LogUObjectGlobals:Warning: Failed to find object 'Class /Engine/Tutorial/Basics/FeaturePacks.FeaturePacks_C'
[2015.09.26-20.42.15:634][  0]LogLinker:Warning: Can't find file '/Game/FlyingBP/FlyingOverview'
[2015.09.26-20.42.15:634][  0]LogLinker:Warning: Can't find file '/Game/FlyingBP/FlyingOverview'
[2015.09.26-20.42.15:634][  0]LogUObjectGlobals:Warning: Failed to find object 'Class /Game/FlyingBP/FlyingOverview.FlyingOverview_C'
[2015.09.26-20.42.15:875][  0]LogConsoleResponse:Display: 
[2015.09.26-20.42.16:048][  0]LogCook:Display: Done creating registry. It took  0.00s.
[2015.09.26-20.42.16:147][  0]LogFileCache: Scanning file cache for directory 'C:/Users/Benjamin/Documents/Unreal Projects/pipermqp/prodenv/ThePiedPiper/Content/' took 0.02s
[2015.09.26-20.42.16:147][  0]SourceControl: Info Source control is disabled
[2015.09.26-20.42.16:147][  0]Cmd: MAP LOAD FILE="../../../../../../Users/Benjamin/Documents/Unreal Projects/pipermqp/prodenv/ThePiedPiper/Content/FirstPersonBP/Maps/FirstPersonExampleMap.umap" TEMPLATE=0 SHOWPROGRESS=1 FEATURELEVEL=3
[2015.09.26-20.42.16:147][  0]LogEditorServer:Warning: Can't find file '../../../../../../Users/Benjamin/Documents/Unreal Projects/pipermqp/prodenv/ThePiedPiper/Content/FirstPersonBP/Maps/FirstPersonExampleMap.umap'
[2015.09.26-20.42.16:147][  0]Cmd: MAP CHECKDEP NOCLEARLOG
[2015.09.26-20.42.16:212][  0]MapCheck: Info Map check complete: 0 Error(s), 0 Warning(s), took 64.644ms to complete.
[2015.09.26-20.42.16:212][  0]LogFileHelpers: Loading map 'FirstPersonExampleMap' took 0.065
[2015.09.26-20.42.16:355][  0]LogCollectionManager: Loaded 0 collections in 0.002273 seconds
[2015.09.26-20.42.16:397][  0]LogFileCache: Scanning file cache for directory 'C:/Users/Benjamin/Documents/Unreal Projects/pipermqp/prodenv/ThePiedPiper/Saved/Collections/' took 0.01s
[2015.09.26-20.42.16:397][  0]LogFileCache: Scanning file cache for directory 'C:/Users/Benjamin/Documents/Unreal Projects/pipermqp/prodenv/ThePiedPiper/Content/Developers/Benjamin/Collections/' took 0.01s
[2015.09.26-20.42.16:397][  0]LogFileCache: Scanning file cache for directory 'C:/Users/Benjamin/Documents/Unreal Projects/pipermqp/prodenv/ThePiedPiper/Content/Collections/' took 0.01s
[2015.09.26-20.42.16:397][  0]LogContentBrowser: Native class hierarchy populated in 0.0082 seconds. Added 1867 classes and 333 folders.
[2015.09.26-20.42.16:402][  0]LogCollectionManager: Rebuilt the GUID cache for 0 collections in 0.000003 seconds
[2015.09.26-20.42.16:409][  0]LogContentBrowser: Native class hierarchy updated for 'WidgetCarousel' in 0.0003 seconds. Added 0 classes and 0 folders.
[2015.09.26-20.42.16:455][  0]LogContentBrowser: Native class hierarchy updated for 'AddContentDialog' in 0.0004 seconds. Added 0 classes and 0 folders.
[2015.09.26-20.42.16:459][  0]LogContentBrowser: Native class hierarchy updated for 'SceneOutliner' in 0.0004 seconds. Added 1 classes and 2 folders.
[2015.09.26-20.42.16:516][  0]LogCrashTracker: Crashtracker disabled due to settings.
[2015.09.26-20.42.16:520][  0]LogUObjectGlobals:Warning: Failed to find object 'Class None.'
[2015.09.26-20.42.16:543][  0]LogLoad: Full Startup: 8.10 seconds (BP compile: 0.01 seconds)
[2015.09.26-20.42.16:985][  0]LogContentStreaming: Texture pool size now 400 MB
[2015.09.26-20.42.17:129][  0]LogRenderer: Reallocating scene render targets to support 764x352 (Frame:2).
[2015.09.26-20.42.20:292][ 20]LogAssetRegistry: Asset discovery search completed in 5.9386 seconds
[2015.09.26-20.42.20:292][ 20]LogCollectionManager: Rebuilt the object cache for 0 collections in 0.000002 seconds (found 0 objects)
[2015.09.26-20.42.20:292][ 20]LogCollectionManager: Fixed up redirectors for 0 collections in 0.000169 seconds (updated 0 objects)
[2015.09.26-20.42.24:263][245]LogAIModule: Creating AISystem for world GrayboxLevel
[2015.09.26-20.42.24:628][245]Cmd: MAP LOAD FILE="../../../../../../Users/Benjamin/Documents/Unreal Projects/pipermqp/prodenv/ThePiedPiper/Content/GrayboxLevel.umap" TEMPLATE=0 SHOWPROGRESS=1 FEATURELEVEL=3
[2015.09.26-20.42.24:628][245]LightingResults: New page: Lighting Build
[2015.09.26-20.42.24:632][245]LogContentBrowser: Native class hierarchy updated for 'StatsViewer' in 0.0004 seconds. Added 5 classes and 0 folders.
[2015.09.26-20.42.24:650][245]LoadErrors: New page: Loading map: GrayboxLevel.umap
[2015.09.26-20.42.24:650][245]MapCheck: New page: Map Check
[2015.09.26-20.42.24:650][245]LightingResults: New page: Lighting Build
[2015.09.26-20.42.24:673][245]LogParticles: Destroying 0 GPU particle simulations for FXSystem 0x0000006CF7476160
[2015.09.26-20.42.25:479][245]LogEditorServer: Finished looking for orphan Actors (0.000 secs)
[2015.09.26-20.42.25:518][245]Cmd: MAP CHECKDEP NOCLEARLOG
[2015.09.26-20.42.25:587][245]MapCheck: Info Map check complete: 0 Error(s), 0 Warning(s), took 68.648ms to complete.
[2015.09.26-20.42.25:593][245]LogFileHelpers: Loading map 'GrayboxLevel' took 0.967
[2015.09.26-20.42.25:668][246]Cmd: UpdateLandscapeEditorData -warnings
[2015.09.26-20.42.25:680][246]Cmd: UpdateLandscapeEditorData
[2015.09.26-20.42.28:378][376]LogPlayLevel: PlayLevel: No blueprints needed recompiling
[2015.09.26-20.42.28:378][376]PIE: New page: PIE session: GrayboxLevel (Sep 26, 2015, 12:42:28 PM)
[2015.09.26-20.42.28:378][376]LogPlayLevel: Creating play world package: /Game/UEDPIE_0_GrayboxLevel
[2015.09.26-20.42.28:606][376]LogPlayLevel: PIE: StaticDuplicateObject took: (0.227622s)
[2015.09.26-20.42.28:606][376]LogAIModule: Creating AISystem for world GrayboxLevel
[2015.09.26-20.42.28:607][376]LogPlayLevel: PIE: World Init took: (0.000870s)
[2015.09.26-20.42.28:607][376]LogPlayLevel: PIE: Created PIE world by copying editor world from /Game/GrayboxLevel.GrayboxLevel to /Game/UEDPIE_0_GrayboxLevel.GrayboxLevel (0.228778s)
[2015.09.26-20.42.28:636][376]LogInit: XAudio2 using 'Speakers (Conexant SmartAudio HD)' : 2 channels at 48 kHz using 32 bits per sample (channel mask 0x3)
[2015.09.26-20.42.28:646][376]LogInit: FAudioDevice initialized.
[2015.09.26-20.42.28:791][376]LogLinker:Warning: Asset '../../../../../../Users/Benjamin/Documents/Unreal Projects/pipermqp/prodenv/ThePiedPiper/Content/FirstPersonBP/Blueprints/FirstPersonProjectile.uasset' has been saved with empty engine version. The asset will be loaded but may be incompatible.
[2015.09.26-20.42.28:794][376]LogLinker:Warning: Asset '../../../../../../Users/Benjamin/Documents/Unreal Projects/pipermqp/prodenv/ThePiedPiper/Content/FirstPerson/Meshes/FirstPersonProjectileMesh.uasset' has been saved with empty engine version. The asset will be loaded but may be incompatible.
[2015.09.26-20.42.29:038][376]LogLinker:Warning: Asset '../../../../../../Users/Benjamin/Documents/Unreal Projects/pipermqp/prodenv/ThePiedPiper/Content/FirstPersonBP/Blueprints/FirstPersonHUD.uasset' has been saved with empty engine version. The asset will be loaded but may be incompatible.
[2015.09.26-20.42.29:707][376]LogWorld: Game class is 'FirstPersonGameMode_C'
[2015.09.26-20.42.29:969][376]LogWorld: Bringing World /Game/UEDPIE_0_GrayboxLevel.GrayboxLevel up for play (max tick rate 0) at 2015.09.26-16.42.29
[2015.09.26-20.42.29:969][376]LogActor:Warning: GameSession /Game/UEDPIE_0_GrayboxLevel.GrayboxLevel:PersistentLevel.GameSession_0 has natively added scene component(s), but none of them were set as the actor's RootComponent - picking one arbitrarily
[2015.09.26-20.42.29:969][376]LogActor:Warning: GameNetworkManager /Game/UEDPIE_0_GrayboxLevel.GrayboxLevel:PersistentLevel.GameNetworkManager_0 has natively added scene component(s), but none of them were set as the actor's RootComponent - picking one arbitrarily
[2015.09.26-20.42.29:973][376]LogWorld: Bringing up level for play took: 0.265101
[2015.09.26-20.42.29:998][376]PIE: Info Play in editor start time for /Game/UEDPIE_0_GrayboxLevel 1.867
[2015.09.26-20.44.00:455][457]LogParticles: Destroying 0 GPU particle simulations for FXSystem 0x0000006C8EAA18A0
[2015.09.26-20.44.56:798][643]LogPlayLevel: PlayLevel: No blueprints needed recompiling
[2015.09.26-20.44.56:798][643]PIE: New page: PIE session: GrayboxLevel (Sep 26, 2015, 12:44:56 PM)
[2015.09.26-20.44.56:798][643]LogPlayLevel: Creating play world package: /Game/UEDPIE_0_GrayboxLevel
[2015.09.26-20.44.57:009][643]LogPlayLevel: PIE: StaticDuplicateObject took: (0.211412s)
[2015.09.26-20.44.57:010][643]LogAIModule: Creating AISystem for world GrayboxLevel
[2015.09.26-20.44.57:010][643]LogPlayLevel: PIE: World Init took: (0.000922s)
[2015.09.26-20.44.57:011][643]LogPlayLevel: PIE: Created PIE world by copying editor world from /Game/GrayboxLevel.GrayboxLevel to /Game/UEDPIE_0_GrayboxLevel.GrayboxLevel (0.212624s)
[2015.09.26-20.44.57:049][643]LogInit: XAudio2 using 'Speakers (Conexant SmartAudio HD)' : 2 channels at 48 kHz using 32 bits per sample (channel mask 0x3)
[2015.09.26-20.44.57:060][643]LogInit: FAudioDevice initialized.
[2015.09.26-20.44.57:097][643]LogWorld: Game class is 'FirstPersonGameMode_C'
[2015.09.26-20.44.57:370][643]LogWorld: Bringing World /Game/UEDPIE_0_GrayboxLevel.GrayboxLevel up for play (max tick rate 0) at 2015.09.26-16.44.57
[2015.09.26-20.44.57:371][643]LogActor:Warning: GameSession /Game/UEDPIE_0_GrayboxLevel.GrayboxLevel:PersistentLevel.GameSession_1 has natively added scene component(s), but none of them were set as the actor's RootComponent - picking one arbitrarily
[2015.09.26-20.44.57:371][643]LogActor:Warning: GameNetworkManager /Game/UEDPIE_0_GrayboxLevel.GrayboxLevel:PersistentLevel.GameNetworkManager_1 has natively added scene component(s), but none of them were set as the actor's RootComponent - picking one arbitrarily
[2015.09.26-20.44.57:375][643]LogWorld: Bringing up level for play took: 0.276259
[2015.09.26-20.44.57:379][643]PIE: Info Play in editor start time for /Game/UEDPIE_0_GrayboxLevel 1.247
[2015.09.26-20.45.23:653][680]LogParticles: Destroying 0 GPU particle simulations for FXSystem 0x0000006CE55CE200
[2015.09.26-20.46.11:234][768]LogLinker:Warning: Asset '../../../Engine/Content/ArtTools/RenderToTexture/Macros/RenderToTextureMacros.uasset' has been saved with empty engine version. The asset will be loaded but may be incompatible.
[2015.09.26-20.46.11:871][768]LogContentBrowser: Native class hierarchy updated for 'BlueprintGraph' in 0.0008 seconds. Added 107 classes and 0 folders.
[2015.09.26-20.46.45:721][991]LogParticles: Destroying 0 GPU particle simulations for FXSystem 0x0000006C961D0C20
[2015.09.26-20.46.47:606][991]LogWindowsTextInputMethodSystem:Display: IME system now deactivated.
[2015.09.26-20.46.47:935][992]Cmd: QUIT_EDITOR
[2015.09.26-20.46.48:245][992]LogExit: Preparing to exit.
[2015.09.26-20.46.48:605][992]LogExit: Editor shut down
[2015.09.26-20.46.48:605][992]LogExit: Transaction tracking system shut down
[2015.09.26-20.46.48:607][992]LogParticles: Destroying 0 GPU particle simulations for FXSystem 0x0000006CE5B9DE40
[2015.09.26-20.46.48:609][992]LogParticles: Destroying 0 GPU particle simulations for FXSystem 0x0000006CE8E5D4E0
[2015.09.26-20.46.48:609][992]LogParticles: Destroying 0 GPU particle simulations for FXSystem 0x0000006CE8E5D300
[2015.09.26-20.46.48:610][992]LogParticles: Destroying 0 GPU particle simulations for FXSystem 0x0000006C8195E200
[2015.09.26-20.46.48:615][992]LogParticles: Destroying 0 GPU particle simulations for FXSystem 0x0000006C98F59DA0
[2015.09.26-20.46.48:893][992]LogExit: Object subsystem successfully closed.
[2015.09.26-20.46.48:921][992]LogD3D11RHI: Shutdown
[2015.09.26-20.46.48:921][992]LogD3D11RHI: CleanupD3DDevice
[2015.09.26-20.46.49:092][992]LogD3D11RHI: ~FD3D11DynamicRHI
[2015.09.26-20.46.49:132][992]LogModuleManager: Shutting down and abandoning module BlueprintGraph (198)
[2015.09.26-20.46.49:132][992]LogModuleManager: Shutting down and abandoning module StatsViewer (197)
[2015.09.26-20.46.49:132][992]LogModuleManager: Shutting down and abandoning module CrashTracker (196)
[2015.09.26-20.46.49:132][992]LogModuleManager: Shutting down and abandoning module SceneOutliner (195)
[2015.09.26-20.46.49:132][992]LogModuleManager: Shutting down and abandoning module SuperSearch (194)
[2015.09.26-20.46.49:132][992]LogModuleManager: Shutting down and abandoning module WidgetCarousel (193)
[2015.09.26-20.46.49:132][992]LogModuleManager: Shutting down and abandoning module AddContentDialog (192)
[2015.09.26-20.46.49:134][992]LogModuleManager: Shutting down and abandoning module EditorWidgets (191)
[2015.09.26-20.46.49:134][992]LogModuleManager: Shutting down and abandoning module CollectionManager (190)
[2015.09.26-20.46.49:134][992]LogModuleManager: Shutting down and abandoning module FoliageEdit (189)
[2015.09.26-20.46.49:134][992]LogModuleManager: Shutting down and abandoning module LandscapeEditor (188)
[2015.09.26-20.46.49:134][992]LogModuleManager: Shutting down and abandoning module ActorPickerMode (187)
[2015.09.26-20.46.49:135][992]LogModuleManager: Shutting down and abandoning module GeometryMode (186)
[2015.09.26-20.46.49:135][992]LogModuleManager: Shutting down and abandoning module TextureAlignMode (185)
[2015.09.26-20.46.49:135][992]LogModuleManager: Shutting down and abandoning module BspMode (184)
[2015.09.26-20.46.49:135][992]LogModuleManager: Shutting down and abandoning module PlacementMode (183)
[2015.09.26-20.46.49:135][992]LogModuleManager: Shutting down and abandoning module AutomationWorker (182)
[2015.09.26-20.46.49:135][992]LogModuleManager: Shutting down and abandoning module CharacterAI (181)
[2015.09.26-20.46.49:135][992]LogModuleManager: Shutting down and abandoning module SmartSnapping (180)
[2015.09.26-20.46.49:135][992]LogModuleManager: Shutting down and abandoning module ViewportSnapping (179)
[2015.09.26-20.46.49:135][992]LogModuleManager: Shutting down and abandoning module LogVisualizer (178)
[2015.09.26-20.46.49:135][992]LogModuleManager: Shutting down and abandoning module GameProjectGeneration (177)
[2015.09.26-20.46.49:135][992]LogModuleManager: Shutting down and abandoning module IntroTutorials (176)
[2015.09.26-20.46.49:135][992]LogModuleManager: Shutting down and abandoning module EditorLiveStreaming (175)
[2015.09.26-20.46.49:135][992]LogModuleManager: Shutting down and abandoning module IOSPlatformEditor (174)
[2015.09.26-20.46.49:135][992]LogModuleManager: Shutting down and abandoning module HTML5PlatformEditor (173)
[2015.09.26-20.46.49:135][992]LogModuleManager: Shutting down and abandoning module AndroidDeviceDetection (172)
[2015.09.26-20.46.49:782][992]LogModuleManager: Shutting down and abandoning module AndroidPlatformEditor (171)
[2015.09.26-20.46.49:782][992]LogModuleManager: Shutting down and abandoning module IOSRuntimeSettings (170)
[2015.09.26-20.46.49:782][992]LogModuleManager: Shutting down and abandoning module AndroidRuntimeSettings (169)
[2015.09.26-20.46.49:782][992]LogModuleManager: Shutting down and abandoning module MergeActors (168)
[2015.09.26-20.46.49:782][992]LogModuleManager: Shutting down and abandoning module SizeMap (167)
[2015.09.26-20.46.49:782][992]LogModuleManager: Shutting down and abandoning module TreeMap (166)
[2015.09.26-20.46.49:782][992]LogModuleManager: Shutting down and abandoning module ReferenceViewer (165)
[2015.09.26-20.46.49:782][992]LogModuleManager: Shutting down and abandoning module LocalizationService (164)
[2015.09.26-20.46.49:782][992]LogModuleManager: Shutting down and abandoning module LocalizationDashboard (163)
[2015.09.26-20.46.49:782][992]LogModuleManager: Shutting down and abandoning module HardwareTargeting (162)
[2015.09.26-20.46.49:782][992]LogModuleManager: Shutting down and abandoning module DeviceProfileEditor (161)
[2015.09.26-20.46.49:782][992]LogModuleManager: Shutting down and abandoning module UndoHistory (160)
[2015.09.26-20.46.49:782][992]LogModuleManager: Shutting down and abandoning module GameplayTagsEditor (159)
[2015.09.26-20.46.49:782][992]LogModuleManager: Shutting down and abandoning module UserFeedback (158)
[2015.09.26-20.46.49:782][992]LogModuleManager: Shutting down and abandoning module XmlParser (157)
[2015.09.26-20.46.49:782][992]LogModuleManager: Shutting down and abandoning module Blutility (156)
[2015.09.26-20.46.49:782][992]LogModuleManager: Shutting down and abandoning module ProjectTargetPlatformEditor (155)
[2015.09.26-20.46.49:782][992]LogModuleManager: Shutting down and abandoning module ProjectSettingsViewer (154)
[2015.09.26-20.46.49:782][992]LogModuleManager: Shutting down and abandoning module InputBindingEditor (153)
[2015.09.26-20.46.49:782][992]LogModuleManager: Shutting down and abandoning module EditorSettingsViewer (152)
[2015.09.26-20.46.49:782][992]LogModuleManager: Shutting down and abandoning module SettingsEditor (151)
[2015.09.26-20.46.49:782][992]LogModuleManager: Shutting down and abandoning module ProjectLauncher (150)
[2015.09.26-20.46.49:783][992]LogModuleManager: Shutting down and abandoning module SessionFrontend (149)
[2015.09.26-20.46.49:783][992]LogModuleManager: Shutting down and abandoning module ProfilerClient (148)
[2015.09.26-20.46.49:783][992]LogModuleManager: Shutting down and abandoning module TargetDeviceServices (147)
[2015.09.26-20.46.49:783][992]LogModuleManager: Shutting down and abandoning module DeviceManager (146)
[2015.09.26-20.46.49:783][992]LogModuleManager: Shutting down and abandoning module AutomationController (145)
[2015.09.26-20.46.49:783][992]LogModuleManager: Shutting down and abandoning module AutomationWindow (144)
[2015.09.26-20.46.49:783][992]LogModuleManager: Shutting down and abandoning module Layers (143)
[2015.09.26-20.46.49:783][992]LogModuleManager: Shutting down and abandoning module ComponentVisualizers (142)
[2015.09.26-20.46.49:783][992]LogModuleManager: Shutting down and abandoning module DetailCustomizations (141)
[2015.09.26-20.46.49:783][992]LogModuleManager: Shutting down and abandoning module PackagesDialog (140)
[2015.09.26-20.46.49:783][992]LogModuleManager: Shutting down and abandoning module Persona (139)
[2015.09.26-20.46.49:783][992]LogModuleManager: Shutting down and abandoning module Kismet (138)
[2015.09.26-20.46.49:783][992]LogModuleManager: Shutting down and abandoning module GraphEditor (137)
[2015.09.26-20.46.49:783][992]LogModuleManager: Shutting down and abandoning module ClassViewer (136)
[2015.09.26-20.46.49:783][992]LogModuleManager: Shutting down and abandoning module Toolbox (135)
[2015.09.26-20.46.49:783][992]LogModuleManager: Shutting down and abandoning module ModuleUI (134)
[2015.09.26-20.46.49:783][992]LogModuleManager: Shutting down and abandoning module MovieSceneTools (133)
[2015.09.26-20.46.49:783][992]LogModuleManager: Shutting down and abandoning module OutputLog (132)
[2015.09.26-20.46.49:783][992]LogModuleManager: Shutting down and abandoning module GammaUI (131)
[2015.09.26-20.46.49:783][992]LogModuleManager: Shutting down and abandoning module Documentation (130)
[2015.09.26-20.46.49:783][992]LogModuleManager: Shutting down and abandoning module GameLiveStreaming (129)
[2015.09.26-20.46.49:783][992]LogModuleManager: Shutting down and abandoning module StreamingPauseRendering (128)
[2015.09.26-20.46.49:783][992]LogModuleManager: Shutting down and abandoning module AnalyticsET (127)
[2015.09.26-20.46.49:783][992]LogModuleManager: Shutting down and abandoning module Analytics (126)
[2015.09.26-20.46.49:783][992]LogModuleManager: Shutting down and abandoning module AITestSuite (125)
[2015.09.26-20.46.49:783][992]LogModuleManager: Shutting down and abandoning module GameplayDebugger (124)
[2015.09.26-20.46.49:783][992]LogModuleManager: Shutting down and abandoning module AIModule (123)
[2015.09.26-20.46.49:783][992]LogModuleManager: Shutting down and abandoning module ProfilerService (122)
[2015.09.26-20.46.50:002][992]LogModuleManager: Shutting down and abandoning module TaskGraph (121)
[2015.09.26-20.46.50:002][992]LogModuleManager: Shutting down and abandoning module SlateRemote (120)
[2015.09.26-20.46.50:002][992]LogModuleManager: Shutting down and abandoning module SteamVRController (119)
[2015.09.26-20.46.50:002][992]LogModuleManager: Shutting down and abandoning module SteamVR (118)
[2015.09.26-20.46.50:002][992]LogModuleManager: Shutting down and abandoning module ProceduralMeshComponent (117)
[2015.09.26-20.46.50:002][992]LogModuleManager: Shutting down and abandoning module OculusRift (116)
[2015.09.26-20.46.50:002][992]LogModuleManager: Shutting down and abandoning module OculusLibrary (115)
[2015.09.26-20.46.50:002][992]LogModuleManager: Shutting down and abandoning module LeapMotionController (114)
[2015.09.26-20.46.50:035][992]LogModuleManager: Shutting down and abandoning module CustomMeshComponent (113)
[2015.09.26-20.46.50:035][992]LogModuleManager: Shutting down and abandoning module CableComponent (112)
[2015.09.26-20.46.50:035][992]LogModuleManager: Shutting down and abandoning module ArchVisCharacter (111)
[2015.09.26-20.46.50:035][992]LogModuleManager: Shutting down and abandoning module MessagingDebugger (110)
[2015.09.26-20.46.50:035][992]LogModuleManager: Shutting down and abandoning module MediaPlayerEditor (109)
[2015.09.26-20.46.50:035][992]LogModuleManager: Shutting down and abandoning module HTML5Networking (108)
[2015.09.26-20.46.50:035][992]LogModuleManager: Shutting down and abandoning module SpeedTreeImporter (107)
[2015.09.26-20.46.50:035][992]LogModuleManager: Shutting down and abandoning module PluginBrowser (106)
[2015.09.26-20.46.50:035][992]LogModuleManager: Shutting down and abandoning module EpicSurvey (105)
[2015.09.26-20.46.50:035][992]LogModuleManager: Shutting down and abandoning module DesktopPlatform (104)
[2015.09.26-20.46.50:035][992]LogModuleManager: Shutting down and abandoning module VisualStudioSourceCodeAccess (103)
[2015.09.26-20.46.50:035][992]LogModuleManager: Shutting down and abandoning module UObjectPlugin (102)
[2015.09.26-20.46.50:035][992]LogModuleManager: Shutting down and abandoning module SubversionSourceControl (101)
[2015.09.26-20.46.50:035][992]LogModuleManager: Shutting down and abandoning module PerforceSourceControl (100)
[2015.09.26-20.46.50:035][992]LogModuleManager: Shutting down and abandoning module SourceControl (99)
[2015.09.26-20.46.50:035][992]LogModuleManager: Shutting down and abandoning module GitSourceControl (98)
[2015.09.26-20.46.50:035][992]LogModuleManager: Shutting down and abandoning module LightPropagationVolumeEditor (97)
[2015.09.26-20.46.50:035][992]LogModuleManager: Shutting down and abandoning module PaperTiledImporter (96)
[2015.09.26-20.46.50:035][992]LogModuleManager: Shutting down and abandoning module PaperSpriteSheetImporter (95)
[2015.09.26-20.46.50:035][992]LogModuleManager: Shutting down and abandoning module MeshPaint (94)
[2015.09.26-20.46.50:035][992]LogModuleManager: Shutting down and abandoning module SlateReflector (93)
[2015.09.26-20.46.50:035][992]LogModuleManager: Shutting down and abandoning module HotReload (92)
[2015.09.26-20.46.50:036][992]LogModuleManager: Shutting down and abandoning module MainFrame (91)
[2015.09.26-20.46.50:036][992]LogModuleManager: Shutting down and abandoning module LevelEditor (90)
[2015.09.26-20.46.50:037][992]LogModuleManager: Shutting down and abandoning module DirectoryWatcher (89)
[2015.09.26-20.46.50:038][992]LogModuleManager: Shutting down and abandoning module AssetRegistry (88)
[2015.09.26-20.46.50:182][992]LogModuleManager: Shutting down and abandoning module ContentBrowser (87)
[2015.09.26-20.46.50:183][992]LogModuleManager: Shutting down and abandoning module Paper2DEditor (86)
[2015.09.26-20.46.50:183][992]LogModuleManager: Shutting down and abandoning module UdpMessaging (85)
[2015.09.26-20.46.50:285][992]LogModuleManager: Shutting down and abandoning module LightPropagationVolumeRuntime (84)
[2015.09.26-20.46.50:285][992]LogModuleManager: Shutting down and abandoning module Paper2D (83)
[2015.09.26-20.46.50:285][992]LogModuleManager: Shutting down and abandoning module WindowsMoviePlayer (82)
[2015.09.26-20.46.50:288][992]LogModuleManager: Shutting down and abandoning module Media (81)
[2015.09.26-20.46.50:288][992]LogModuleManager: Shutting down and abandoning module WmfMedia (80)
[2015.09.26-20.46.50:289][992]LogModuleManager: Shutting down and abandoning module OnlineBlueprintSupport (79)
[2015.09.26-20.46.50:289][992]LogModuleManager: Shutting down and abandoning module GameplayTasksEditor (78)
[2015.09.26-20.46.50:289][992]LogModuleManager: Shutting down and abandoning module PropertyEditor (77)
[2015.09.26-20.46.50:289][992]LogModuleManager: Shutting down and abandoning module BehaviorTreeEditor (76)
[2015.09.26-20.46.50:289][992]LogModuleManager: Shutting down and abandoning module FunctionalTesting (75)
[2015.09.26-20.46.50:289][992]LogModuleManager: Shutting down and abandoning module CollisionAnalyzer (74)
[2015.09.26-20.46.50:289][992]LogModuleManager: Shutting down and abandoning module WorkspaceMenuStructure (73)
[2015.09.26-20.46.50:289][992]LogModuleManager: Shutting down and abandoning module MessageLog (72)
[2015.09.26-20.46.50:289][992]LogModuleManager: Shutting down and abandoning module Sequencer (71)
[2015.09.26-20.46.50:289][992]LogModuleManager: Shutting down and abandoning module AssetTools (70)
[2015.09.26-20.46.50:289][992]LogModuleManager: Shutting down and abandoning module UMGEditor (69)
[2015.09.26-20.46.50:289][992]LogModuleManager: Shutting down and abandoning module UMG (68)
[2015.09.26-20.46.50:289][992]LogModuleManager: Shutting down and abandoning module Slate (67)
[2015.09.26-20.46.50:289][992]LogModuleManager: Shutting down and abandoning module EditorStyle (66)
[2015.09.26-20.46.50:292][992]LogModuleManager: Shutting down and abandoning module SessionServices (65)
[2015.09.26-20.46.50:292][992]LogModuleManager: Shutting down and abandoning module SourceCodeAccess (64)
[2015.09.26-20.46.50:292][992]LogModuleManager: Shutting down and abandoning module HeadMountedDisplay (63)
[2015.09.26-20.46.50:292][992]LogModuleManager: Shutting down and abandoning module XAudio2 (62)
[2015.09.26-20.46.50:292][992]LogModuleManager: Shutting down and abandoning module Networking (60)
[2015.09.26-20.46.50:292][992]LogModuleManager: Shutting down and abandoning module Core (59)
[2015.09.26-20.46.50:292][992]LogModuleManager: Shutting down and abandoning module KismetCompiler (58)
[2015.09.26-20.46.50:292][992]LogModuleManager: Shutting down and abandoning module PhysXFormats (57)
[2015.09.26-20.46.50:292][992]LogModuleManager: Shutting down and abandoning module MeshUtilities (56)
[2015.09.26-20.46.50:292][992]LogModuleManager: Shutting down and abandoning module CookingStats (55)
[2015.09.26-20.46.50:297][992]LogModuleManager: Shutting down and abandoning module DerivedDataCache (54)
[2015.09.26-20.46.50:316][992]LogDerivedDataCache: Shutdown
[2015.09.26-20.46.50:316][992]LogModuleManager: Shutting down and abandoning module ShaderFormatOpenGL (53)
[2015.09.26-20.46.50:316][992]LogModuleManager: Shutting down and abandoning module ShaderFormatD3D (52)
[2015.09.26-20.46.50:316][992]LogModuleManager: Shutting down and abandoning module MetalShaderFormat (51)
[2015.09.26-20.46.50:316][992]LogModuleManager: Shutting down and abandoning module TextureFormatUncompressed (50)
[2015.09.26-20.46.50:316][992]LogModuleManager: Shutting down and abandoning module TextureFormatPVR (49)
[2015.09.26-20.46.50:316][992]LogModuleManager: Shutting down and abandoning module TextureFormatIntelISPCTexComp (48)
[2015.09.26-20.46.50:316][992]LogModuleManager: Shutting down and abandoning module TextureFormatDXT (47)
[2015.09.26-20.46.50:316][992]LogModuleManager: Shutting down and abandoning module ImageWrapper (46)
[2015.09.26-20.46.50:316][992]LogModuleManager: Shutting down and abandoning module TextureFormatASTC (45)
[2015.09.26-20.46.50:316][992]LogModuleManager: Shutting down and abandoning module TextureFormatAndroid (44)
[2015.09.26-20.46.50:316][992]LogModuleManager: Shutting down and abandoning module AudioFormatOpus (43)
[2015.09.26-20.46.50:316][992]LogModuleManager: Shutting down and abandoning module AudioFormatOgg (42)
[2015.09.26-20.46.50:316][992]LogModuleManager: Shutting down and abandoning module AudioFormatADPCM (41)
[2015.09.26-20.46.50:316][992]LogModuleManager: Shutting down and abandoning module LinuxTargetPlatform (40)
[2015.09.26-20.46.50:316][992]LogModuleManager: Shutting down and abandoning module LinuxServerTargetPlatform (39)
[2015.09.26-20.46.50:316][992]LogModuleManager: Shutting down and abandoning module LinuxNoEditorTargetPlatform (38)
[2015.09.26-20.46.50:316][992]LogModuleManager: Shutting down and abandoning module Messaging (37)
[2015.09.26-20.46.50:316][992]LogModuleManager: Shutting down and abandoning module IOSTargetPlatform (36)
[2015.09.26-20.46.50:316][992]LogModuleManager: Shutting down and abandoning module HTML5TargetPlatform (35)
[2015.09.26-20.46.50:316][992]LogModuleManager: Shutting down and abandoning module Android_PVRTCTargetPlatform (34)
[2015.09.26-20.46.50:316][992]LogModuleManager: Shutting down and abandoning module Android_ETC2TargetPlatform (33)
[2015.09.26-20.46.50:316][992]LogModuleManager: Shutting down and abandoning module Android_ETC1TargetPlatform (32)
[2015.09.26-20.46.50:316][992]LogModuleManager: Shutting down and abandoning module Android_DXTTargetPlatform (31)
[2015.09.26-20.46.50:316][992]LogModuleManager: Shutting down and abandoning module Android_ATCTargetPlatform (30)
[2015.09.26-20.46.50:316][992]LogModuleManager: Shutting down and abandoning module Android_ASTCTargetPlatform (29)
[2015.09.26-20.46.50:316][992]LogModuleManager: Shutting down and abandoning module AndroidTargetPlatform (28)
[2015.09.26-20.46.50:316][992]LogModuleManager: Shutting down and abandoning module WindowsTargetPlatform (27)
[2015.09.26-20.46.50:316][992]LogModuleManager: Shutting down and abandoning module WindowsServerTargetPlatform (26)
[2015.09.26-20.46.50:316][992]LogModuleManager: Shutting down and abandoning module WindowsNoEditorTargetPlatform (25)
[2015.09.26-20.46.50:316][992]LogModuleManager: Shutting down and abandoning module WindowsClientTargetPlatform (24)
[2015.09.26-20.46.50:316][992]LogModuleManager: Shutting down and abandoning module AllDesktopTargetPlatform (23)
[2015.09.26-20.46.50:316][992]LogModuleManager: Shutting down and abandoning module TargetPlatform (22)
[2015.09.26-20.46.50:316][992]LogModuleManager: Shutting down and abandoning module InputCore (21)
[2015.09.26-20.46.50:316][992]LogModuleManager: Shutting down and abandoning module Settings (20)
[2015.09.26-20.46.50:317][992]LogModuleManager: Shutting down and abandoning module OnlineSubsystem (18)
[2015.09.26-20.46.50:317][992]LogModuleManager: Shutting down and abandoning module HTTP (17)
[2015.09.26-20.46.51:318][992]LogModuleManager: Shutting down and abandoning module XMPP (16)
[2015.09.26-20.46.51:318][992]LogModuleManager: Shutting down and abandoning module ExampleDeviceProfileSelector (15)
[2015.09.26-20.46.51:318][992]LogModuleManager: Shutting down and abandoning module TextureCompressor (14)
[2015.09.26-20.46.51:318][992]LogModuleManager: Shutting down and abandoning module ShaderCore (13)
[2015.09.26-20.46.51:318][992]LogModuleManager: Shutting down and abandoning module Landscape (12)
[2015.09.26-20.46.51:318][992]LogModuleManager: Shutting down and abandoning module SlateRHIRenderer (11)
[2015.09.26-20.46.51:321][992]LogModuleManager: Shutting down and abandoning module OpenGLDrv (10)
[2015.09.26-20.46.51:321][992]LogModuleManager: Shutting down and abandoning module D3D11RHI (9)
[2015.09.26-20.46.51:322][992]LogModuleManager: Shutting down and abandoning module AnimGraphRuntime (8)
[2015.09.26-20.46.51:322][992]LogModuleManager: Shutting down and abandoning module Renderer (7)
[2015.09.26-20.46.51:322][992]LogModuleManager: Shutting down and abandoning module Engine (6)
[2015.09.26-20.46.51:322][992]LogModuleManager: Shutting down and abandoning module CoreUObject (5)
[2015.09.26-20.46.51:322][992]LogModuleManager: Shutting down and abandoning module NetworkFile (4)
[2015.09.26-20.46.51:322][992]LogModuleManager: Shutting down and abandoning module StreamingFile (3)
[2015.09.26-20.46.51:322][992]LogModuleManager: Shutting down and abandoning module SandboxFile (2)
[2015.09.26-20.46.51:322][992]LogModuleManager: Shutting down and abandoning module PakFile (1)
[2015.09.26-20.46.51:322][992]LogExit: Exiting.
[2015.09.26-20.46.51:337][992]Log file closed, 09/26/15 16:46:51
