[2015.09.24-23.25.34:557][  0]Log file open, 09/24/15 19:25:34
[2015.09.24-23.25.34:557][  0]LogInit:Display: Running engine for game: ThePiedPiper
[2015.09.24-23.25.34:557][  0]LogInit:Display: RandInit(1539302736) SRandInit(1539302737).
[2015.09.24-23.25.34:557][  0]LogTaskGraph: Started task graph with 4 named threads and 5 total threads.
[2015.09.24-23.25.34:557][  0]LogStats: Stats thread started at 0.056821
[2015.09.24-23.25.34:557][  0]LogInit: Version: 4.9.1-2689999+++depot+UE4-Releases+4.9
[2015.09.24-23.25.34:557][  0]LogInit: API Version: 2672455
[2015.09.24-23.25.34:557][  0]LogInit: Compiled (64-bit): Sep 14 2015 04:12:03
[2015.09.24-23.25.34:557][  0]LogInit: Compiled with Visual C++: 18.00.21005.01
[2015.09.24-23.25.34:557][  0]LogInit: Build Configuration: Development
[2015.09.24-23.25.34:557][  0]LogInit: Branch Name: ++depot+UE4-Releases+4.9
[2015.09.24-23.25.34:557][  0]LogInit: Command line:  
[2015.09.24-23.25.34:557][  0]LogInit: Base directory: C:/Program Files/Epic Games/4.9/Engine/Binaries/Win64/
[2015.09.24-23.25.34:557][  0]LogInit: Rocket: 1
[2015.09.24-23.25.34:567][  0]LogInit: Using libcurl 7.41.0
[2015.09.24-23.25.34:567][  0]LogInit:  - built for x86_64-pc-win32
[2015.09.24-23.25.34:567][  0]LogInit:  - supports SSL with WinSSL
[2015.09.24-23.25.34:567][  0]LogInit:  - other features:
[2015.09.24-23.25.34:567][  0]LogInit:      CURL_VERSION_SSL
[2015.09.24-23.25.34:567][  0]LogInit:      CURL_VERSION_IPV6
[2015.09.24-23.25.34:567][  0]LogInit:      CURL_VERSION_ASYNCHDNS
[2015.09.24-23.25.34:567][  0]LogInit:      CURL_VERSION_LARGEFILE
[2015.09.24-23.25.34:567][  0]LogInit:      CURL_VERSION_IDN
[2015.09.24-23.25.34:567][  0]LogInit:  CurlRequestOptions (configurable via config and command line):
[2015.09.24-23.25.34:567][  0]LogInit:  - bVerifyPeer = true  - Libcurl will verify peer certificate
[2015.09.24-23.25.34:567][  0]LogInit:  - bUseHttpProxy = false  - Libcurl will NOT use HTTP proxy
[2015.09.24-23.25.34:567][  0]LogInit:  - bDontReuseConnections = false  - Libcurl will reuse connections
[2015.09.24-23.25.34:567][  0]LogInit:  - CertBundlePath = nullptr  - Libcurl will use whatever was configured at build time.
[2015.09.24-23.25.34:575][  0]LogInit: Presizing for 0 objects not considered by GC, pre-allocating 0 bytes.
[2015.09.24-23.25.34:584][  0]LogInit: Object subsystem initialized
[2015.09.24-23.25.34:606][  0]LogInit: Selected Device Profile: [Windows]
[2015.09.24-23.25.34:606][  0]LogInit: Applying CVar settings loaded from the selected device profile: [Windows]
[2015.09.24-23.25.34:637][  0]LogInit: Computer: WILL-THINK
[2015.09.24-23.25.34:637][  0]LogInit: User: Will
[2015.09.24-23.25.34:637][  0]LogInit: CPU Page size=4096, Cores=2
[2015.09.24-23.25.34:637][  0]LogInit: High frequency timer resolution =2.725605 MHz
[2015.09.24-23.25.34:637][  0]LogMemory: Memory total: Physical=3.9GB (4GB approx)
[2015.09.24-23.25.34:637][  0]LogMemory: Platform Memory Stats for Windows
[2015.09.24-23.25.34:637][  0]LogMemory: Process Physical Memory: 54.79 MB used, 54.79 MB peak
[2015.09.24-23.25.34:637][  0]LogMemory: Process Virtual Memory: 59.24 MB used, 59.24 MB peak
[2015.09.24-23.25.34:637][  0]LogMemory: Physical Memory: 2332.99 MB used, 3979.23 MB total
[2015.09.24-23.25.34:637][  0]LogMemory: Virtual Memory: 339.09 MB used, 8388608.00 MB total
[2015.09.24-23.25.34:698][  0]LogTextLocalizationManager: No specific translations for ('en-US') exist, so ('en') translations will be used.
[2015.09.24-23.25.36:056][  0]LogD3D11RHI: Found D3D11 adapter 0: Intel(R) HD Graphics 3000 (Feature Level 11_0)
[2015.09.24-23.25.36:057][  0]LogD3D11RHI: Adapter has 1998MB of dedicated video memory, 0MB of dedicated system memory, and 1733MB of shared system memory, 1 output[s]
[2015.09.24-23.25.36:077][  0]LogD3D11RHI: Found D3D11 adapter 1: NVIDIA Quadro 2000M  (Feature Level 11_0)
[2015.09.24-23.25.36:077][  0]LogD3D11RHI: Adapter has 1998MB of dedicated video memory, 0MB of dedicated system memory, and 1733MB of shared system memory, 0 output[s]
[2015.09.24-23.25.36:077][  0]LogD3D11RHI: Chosen D3D11 Adapter Id = 0
[2015.09.24-23.25.36:109][  0]LogD3D11RHI: !Direct3DDevice
[2015.09.24-23.25.36:109][  0]LogRHI: Texture pool is 1361 MB (70% of 1945 MB)
[2015.09.24-23.25.36:122][  0]LogD3D11RHI: Async texture creation enabled
[2015.09.24-23.25.36:133][  0]LogShaderCompilers: Guid format shader working directory is 14 characters bigger than the processId version (../../../../../../Users/Will/Documents/pipermqp/pied_piper_mqp/prodenv/ThePiedPiper/Intermediate/Shaders/WorkingDirectory/15348/).
[2015.09.24-23.25.36:134][  0]LogShaderCompilers: Cleaned the shader compiler working directory '../../../../../../Users/Will/Documents/pipermqp/pied_piper_mqp/prodenv/ThePiedPiper/Intermediate/Shaders/tmp/3EB9F41D481AECD057245EBD91EC687F/'.
[2015.09.24-23.25.36:134][  0]LogShaderCompilers:Display: Using Local Shader Compiler.
[2015.09.24-23.25.41:781][  0]LogTemp:Display: Loaded TP AllDesktopTargetPlatform
[2015.09.24-23.25.41:787][  0]LogTemp:Display: Loaded TP WindowsClientTargetPlatform
[2015.09.24-23.25.41:795][  0]LogTemp:Display: Loaded TP WindowsNoEditorTargetPlatform
[2015.09.24-23.25.41:802][  0]LogTemp:Display: Loaded TP WindowsServerTargetPlatform
[2015.09.24-23.25.41:809][  0]LogTemp:Display: Loaded TP WindowsTargetPlatform
[2015.09.24-23.25.41:815][  0]LogTemp:Display: Loaded TP AndroidTargetPlatform
[2015.09.24-23.25.41:829][  0]LogTemp:Display: Loaded TP Android_ASTCTargetPlatform
[2015.09.24-23.25.41:849][  0]LogTemp:Display: Loaded TP Android_ATCTargetPlatform
[2015.09.24-23.25.41:863][  0]LogTemp:Display: Loaded TP Android_DXTTargetPlatform
[2015.09.24-23.25.41:876][  0]LogTemp:Display: Loaded TP Android_ETC1TargetPlatform
[2015.09.24-23.25.41:930][  0]LogTemp:Display: Loaded TP Android_ETC2TargetPlatform
[2015.09.24-23.25.41:939][  0]LogTemp:Display: Loaded TP Android_PVRTCTargetPlatform
[2015.09.24-23.25.41:941][  0]LogTemp:Display: Loaded TP HTML5TargetPlatform
[2015.09.24-23.25.41:988][  0]LogTemp:Display: Loaded TP IOSTargetPlatform
[2015.09.24-23.25.42:006][  0]LogTemp:Display: Loaded TP LinuxNoEditorTargetPlatform
[2015.09.24-23.25.42:013][  0]LogTemp:Display: Loaded TP LinuxServerTargetPlatform
[2015.09.24-23.25.42:030][  0]LogTemp:Display: Loaded TP LinuxTargetPlatform
[2015.09.24-23.25.42:030][  0]LogTargetPlatformManager:Display: Building Assets For Windows
[2015.09.24-23.25.42:579][  0]LogDerivedDataCache:Display: Max Cache Size: 512 MB
[2015.09.24-23.25.43:042][  0]LogDerivedDataCache: Loaded boot cache 0.46s 41MB C:/Users/Will/AppData/Local/UnrealEngine/4.9/DerivedDataCache/Boot.ddc.
[2015.09.24-23.25.43:042][  0]LogDerivedDataCache:Display: Loaded Boot cache: C:/Users/Will/AppData/Local/UnrealEngine/4.9/DerivedDataCache/Boot.ddc
[2015.09.24-23.25.43:042][  0]LogDerivedDataCache: FDerivedDataBackendGraph:  Pak pak cache file ../../../../../../Users/Will/Documents/pipermqp/pied_piper_mqp/prodenv/ThePiedPiper/DerivedDataCache/DDC.ddp not found, will not use a pak cache.
[2015.09.24-23.25.43:042][  0]LogDerivedDataCache: Unable to find inner node Pak for hierarchical cache Hierarchy.
[2015.09.24-23.25.43:043][  0]LogDerivedDataCache: FDerivedDataBackendGraph:  CompressedPak pak cache file ../../../../../../Users/Will/Documents/pipermqp/pied_piper_mqp/prodenv/ThePiedPiper/DerivedDataCache/Compressed.ddp not found, will not use a pak cache.
[2015.09.24-23.25.43:043][  0]LogDerivedDataCache: Unable to find inner node CompressedPak for hierarchical cache Hierarchy.
[2015.09.24-23.25.43:333][  0]LogDerivedDataCache:Display: Pak cache opened for reading ../../../Engine/DerivedDataCache/Compressed.ddp.
[2015.09.24-23.25.43:374][  0]LogDerivedDataCache: Using Local data cache path C:/Users/Will/AppData/Local/UnrealEngine/Common/DerivedDataCache: Writable
[2015.09.24-23.25.46:190][  0]LogInit: Selected Device Profile: [Windows]
[2015.09.24-23.25.46:195][  0]LogContentStreaming: Texture pool size is 0.000000MB
[2015.09.24-23.25.46:318][  0]LogMeshUtilities: No automatic mesh reduction module available
[2015.09.24-23.25.46:318][  0]LogMeshUtilities: No automatic mesh merging module available
[2015.09.24-23.25.47:283][  0]LogInit: WinSock: version 1.1 (2.2), MaxSocks=32767, MaxUdp=65467
[2015.09.24-23.25.58:751][  0]UdpMessaging: Initializing bridge on interface 0.0.0.0:0 to multicast group 230.0.0.1:6666.
[2015.09.24-23.25.59:382][  0]LogAssetRegistry: FAssetRegistry took 0.0119 seconds to start up
[2015.09.24-23.26.00:104][  0]SourceControl: Info Source control is disabled
[2015.09.24-23.26.00:302][  0]SourceControl: Info Source control is disabled
[2015.09.24-23.26.00:414][  0]SourceControl: Info Source control is disabled
[2015.09.24-23.26.00:428][  0]SourceControl: Info Source control is disabled
[2015.09.24-23.26.02:216][  0]LogLinker:Warning: Asset '../../../Engine/Plugins/Runtime/LeapMotionController/Content/LM_PassthroughMaterial.uasset' has been saved with empty engine version. The asset will be loaded but may be incompatible.
[2015.09.24-23.26.02:468][  0]LogObj: 28361 objects as part of root set at end of initial load.
[2015.09.24-23.26.02:468][  0]LogUObjectAllocator: 6038872 out of 0 bytes used by permanent object pool.
[2015.09.24-23.26.02:601][  0]LogEngine: Initializing Engine...
[2015.09.24-23.26.02:606][  0]LogHMD: Can't find Oculus library dev build: is proper Runtime installed? Version: 0.7.0.0
[2015.09.24-23.26.02:649][  0]LogHMD: SteamVR failed to initialize.  Err: 110
[2015.09.24-23.26.03:043][  0]LogAIModule: Creating AISystem for world NewWorld
[2015.09.24-23.26.03:115][  0]LogInit: XAudio2 using 'Speakers (Conexant 20672 SmartAudio HD)' : 2 channels at 44.1 kHz using 16 bits per sample (channel mask 0x3)
[2015.09.24-23.26.03:173][  0]LogInit: FAudioDevice initialized.
[2015.09.24-23.26.03:259][  0]LogDerivedDataCache: Saved boot cache 0.09s 41MB C:/Users/Will/AppData/Local/UnrealEngine/4.9/DerivedDataCache/Boot.ddc.
[2015.09.24-23.26.03:278][  0]LogInit: Texture streaming: Enabled
[2015.09.24-23.26.03:293][  0]LogAnalytics: Creating configured Analytics provider AnalyticsET
[2015.09.24-23.26.03:293][  0]LogAnalytics: [UEEditor.Rocket.Release] APIServer = http://et2.epicgames.com/ET2/. AppVersion = 4.9.1-2689999+++depot+UE4-Releases+4.9
[2015.09.24-23.26.03:293][  0]LogAnalytics: [UEEditor.Rocket.Release] SetUserId 1877b4af47d0a1b1c511458d4cf4b387|723ff2effdca4465b525b133c47388d1|9fd92084-8da0-4b00-92ec-a7999ca0b261
[2015.09.24-23.26.03:293][  0]LogAnalytics: [UEEditor.Rocket.Release] AnalyticsET::StartSession
[2015.09.24-23.26.03:447][  0]LogInit: Transaction tracking system initialized
[2015.09.24-23.26.03:615][  0]BlueprintLog: New page: Editor Load
[2015.09.24-23.26.04:185][  0]LocalizationService: Info Localization service is disabled
[2015.09.24-23.26.05:520][  0]LogConsoleResponse:Display: 
[2015.09.24-23.26.06:227][  0]LogCook:Display: Done creating registry. It took  0.00s.
[2015.09.24-23.26.06:438][  0]LogFileCache: Scanning file cache for directory 'C:/Users/Will/Documents/pipermqp/pied_piper_mqp/prodenv/ThePiedPiper/Content/' took 0.06s
[2015.09.24-23.26.06:438][  0]SourceControl: Info Source control is disabled
[2015.09.24-23.26.06:438][  0]Cmd: MAP LOAD FILE="../../../../../../Users/Will/Documents/pipermqp/pied_piper_mqp/prodenv/ThePiedPiper/Content/FirstPersonBP/Maps/FirstPersonExampleMap.umap" TEMPLATE=0 SHOWPROGRESS=1 FEATURELEVEL=3
[2015.09.24-23.26.06:439][  0]LogEditorServer:Warning: Can't find file '../../../../../../Users/Will/Documents/pipermqp/pied_piper_mqp/prodenv/ThePiedPiper/Content/FirstPersonBP/Maps/FirstPersonExampleMap.umap'
[2015.09.24-23.26.06:439][  0]Cmd: MAP CHECKDEP NOCLEARLOG
[2015.09.24-23.26.06:581][  0]MapCheck: Info Map check complete: 0 Error(s), 0 Warning(s), took 141.569ms to complete.
[2015.09.24-23.26.06:581][  0]LogFileHelpers: Loading map 'FirstPersonExampleMap' took 0.143
[2015.09.24-23.26.06:823][  0]LogCollectionManager: Loaded 0 collections in 0.004523 seconds
[2015.09.24-23.26.06:868][  0]LogFileCache: Scanning file cache for directory 'C:/Users/Will/Documents/pipermqp/pied_piper_mqp/prodenv/ThePiedPiper/Saved/Collections/' took 0.01s
[2015.09.24-23.26.06:868][  0]LogFileCache: Scanning file cache for directory 'C:/Users/Will/Documents/pipermqp/pied_piper_mqp/prodenv/ThePiedPiper/Content/Developers/Will/Collections/' took 0.01s
[2015.09.24-23.26.06:868][  0]LogFileCache: Scanning file cache for directory 'C:/Users/Will/Documents/pipermqp/pied_piper_mqp/prodenv/ThePiedPiper/Content/Collections/' took 0.01s
[2015.09.24-23.26.06:868][  0]LogContentBrowser: Native class hierarchy populated in 0.0116 seconds. Added 1867 classes and 333 folders.
[2015.09.24-23.26.06:878][  0]LogCollectionManager: Rebuilt the GUID cache for 0 collections in 0.000003 seconds
[2015.09.24-23.26.06:890][  0]LogContentBrowser: Native class hierarchy updated for 'WidgetCarousel' in 0.0005 seconds. Added 0 classes and 0 folders.
[2015.09.24-23.26.06:966][  0]LogContentBrowser: Native class hierarchy updated for 'AddContentDialog' in 0.0013 seconds. Added 0 classes and 0 folders.
[2015.09.24-23.26.06:973][  0]LogContentBrowser: Native class hierarchy updated for 'SceneOutliner' in 0.0006 seconds. Added 1 classes and 2 folders.
[2015.09.24-23.26.07:039][  0]LogCrashTracker: Crashtracker disabled due to settings.
[2015.09.24-23.26.07:047][  0]LogUObjectGlobals:Warning: Failed to find object 'Class None.'
[2015.09.24-23.26.07:069][  0]LogLoad: Full Startup: 33.62 seconds (BP compile: 0.08 seconds)
[2015.09.24-23.26.07:206][  0]LogContentStreaming: Texture pool size now 400 MB
[2015.09.24-23.26.07:523][  0]LogRenderer: Reallocating scene render targets to support 1208x568 (Frame:2).
[2015.09.24-23.26.08:385][  9]LogAssetRegistry: Asset discovery search completed in 9.0132 seconds
[2015.09.24-23.26.08:385][  9]LogCollectionManager: Rebuilt the object cache for 0 collections in 0.000001 seconds (found 0 objects)
[2015.09.24-23.26.08:385][  9]LogCollectionManager: Fixed up redirectors for 0 collections in 0.000071 seconds (updated 0 objects)
[2015.09.24-23.27.46:089][ 62]LogAIModule: Creating AISystem for world GrayboxLevel
[2015.09.24-23.27.46:330][ 62]Cmd: MAP LOAD FILE="../../../../../../Users/Will/Documents/pipermqp/pied_piper_mqp/prodenv/ThePiedPiper/Content/Graybox_Test/GrayboxLevel.umap" TEMPLATE=0 SHOWPROGRESS=1 FEATURELEVEL=3
[2015.09.24-23.27.46:331][ 62]LightingResults: New page: Lighting Build
[2015.09.24-23.27.46:336][ 62]LogContentBrowser: Native class hierarchy updated for 'StatsViewer' in 0.0005 seconds. Added 5 classes and 0 folders.
[2015.09.24-23.27.46:364][ 62]LoadErrors: New page: Loading map: GrayboxLevel.umap
[2015.09.24-23.27.46:364][ 62]MapCheck: New page: Map Check
[2015.09.24-23.27.46:364][ 62]LightingResults: New page: Lighting Build
[2015.09.24-23.27.46:398][ 62]LogParticles: Destroying 0 GPU particle simulations for FXSystem 0x000000002110E160
[2015.09.24-23.28.17:203][ 62]LogEditorServer: Finished looking for orphan Actors (0.000 secs)
[2015.09.24-23.28.17:242][ 62]Cmd: MAP CHECKDEP NOCLEARLOG
[2015.09.24-23.28.17:306][ 62]MapCheck: Info Map check complete: 0 Error(s), 0 Warning(s), took 63.517ms to complete.
[2015.09.24-23.28.17:306][ 62]LogFileHelpers: Loading map 'GrayboxLevel' took 30.976
[2015.09.24-23.28.17:360][ 63]Cmd: UpdateLandscapeEditorData -warnings
[2015.09.24-23.28.17:695][ 63]Cmd: UpdateLandscapeEditorData
[2015.09.24-23.28.22:052][216]LogLinker:Warning: Asset '../../../../../../Users/Will/Documents/pipermqp/pied_piper_mqp/prodenv/ThePiedPiper/Content/FirstPersonBP/Blueprints/FirstPersonProjectile.uasset' has been saved with empty engine version. The asset will be loaded but may be incompatible.
[2015.09.24-23.28.22:055][216]LogLinker:Warning: Asset '../../../../../../Users/Will/Documents/pipermqp/pied_piper_mqp/prodenv/ThePiedPiper/Content/FirstPerson/Meshes/FirstPersonProjectileMesh.uasset' has been saved with empty engine version. The asset will be loaded but may be incompatible.
[2015.09.24-23.28.22:217][216]LogLinker:Warning: Asset '../../../../../../Users/Will/Documents/pipermqp/pied_piper_mqp/prodenv/ThePiedPiper/Content/FirstPersonBP/Blueprints/FirstPersonHUD.uasset' has been saved with empty engine version. The asset will be loaded but may be incompatible.
[2015.09.24-23.28.27:910][418]LogSlate:Warning: Prevented a slow task dialog from being summoned while a context menu was open
[2015.09.24-23.28.30:831][514]LogPlayLevel: PlayLevel: No blueprints needed recompiling
[2015.09.24-23.28.30:831][514]PIE: New page: PIE session: GrayboxLevel (Sep 24, 2015, 3:28:30 PM)
[2015.09.24-23.28.30:832][514]LogPlayLevel: Creating play world package: /Game/Graybox_Test/UEDPIE_0_GrayboxLevel
[2015.09.24-23.28.31:919][514]LogPlayLevel: PIE: StaticDuplicateObject took: (1.087162s)
[2015.09.24-23.28.31:920][514]LogAIModule: Creating AISystem for world GrayboxLevel
[2015.09.24-23.28.31:921][514]LogPlayLevel: PIE: World Init took: (0.001922s)
[2015.09.24-23.28.31:921][514]LogPlayLevel: PIE: Created PIE world by copying editor world from /Game/Graybox_Test/GrayboxLevel.GrayboxLevel to /Game/Graybox_Test/UEDPIE_0_GrayboxLevel.GrayboxLevel (1.089579s)
[2015.09.24-23.28.31:921][514]LogActorComponent: UnregisterComponent: (/Engine/Transient.CharMoveComp) Not registered. Aborting.
[2015.09.24-23.28.31:922][514]LogActorComponent: UnregisterComponent: (/Engine/Transient.ProjectileMovementComponent_40__A6522401) Not registered. Aborting.
[2015.09.24-23.28.31:969][514]LogInit: XAudio2 using 'Speakers (Conexant 20672 SmartAudio HD)' : 2 channels at 44.1 kHz using 16 bits per sample (channel mask 0x3)
[2015.09.24-23.28.31:976][514]LogInit: FAudioDevice initialized.
[2015.09.24-23.28.32:084][514]LogWorld: Game class is 'FirstPersonGameMode_C'
[2015.09.24-23.28.32:378][514]LogWorld: Bringing World /Game/Graybox_Test/UEDPIE_0_GrayboxLevel.GrayboxLevel up for play (max tick rate 60) at 2015.09.24-19.28.32
[2015.09.24-23.28.32:378][514]LogActor:Warning: GameSession /Game/Graybox_Test/UEDPIE_0_GrayboxLevel.GrayboxLevel:PersistentLevel.GameSession_0 has natively added scene component(s), but none of them were set as the actor's RootComponent - picking one arbitrarily
[2015.09.24-23.28.32:378][514]LogActor:Warning: GameNetworkManager /Game/Graybox_Test/UEDPIE_0_GrayboxLevel.GrayboxLevel:PersistentLevel.GameNetworkManager_0 has natively added scene component(s), but none of them were set as the actor's RootComponent - picking one arbitrarily
[2015.09.24-23.28.32:383][514]LogWorld: Bringing up level for play took: 0.297680
[2015.09.24-23.28.32:388][514]PIE: Info Play in editor start time for /Game/Graybox_Test/UEDPIE_0_GrayboxLevel 2.148
[2015.09.24-23.28.39:028][829]LogParticles: Destroying 0 GPU particle simulations for FXSystem 0x000000003DB8D1C0
[2015.09.24-23.29.49:199][132]LogMetaData: Removing '/Game/Blueprints/Force_Wall_Blueprint.Force_Wall_Blueprint:UserConstructionScript.K2Node_FunctionEntry_323' ref from Metadata '/Game/Force_Wall_Blueprint.PackageMetaData'
[2015.09.24-23.29.49:199][132]LogMetaData: Removing '/Game/Blueprints/Force_Wall_Blueprint.Force_Wall_Blueprint_C' ref from Metadata '/Game/Force_Wall_Blueprint.PackageMetaData'
[2015.09.24-23.29.49:199][132]LogMetaData: Removing '/Game/Blueprints/Force_Wall_Blueprint.Force_Wall_Blueprint:EventGraph.K2Node_Event_239' ref from Metadata '/Game/Force_Wall_Blueprint.PackageMetaData'
[2015.09.24-23.29.49:199][132]LogMetaData: Removing '/Game/Blueprints/Force_Wall_Blueprint.SKEL_Force_Wall_Blueprint_C' ref from Metadata '/Game/Force_Wall_Blueprint.PackageMetaData'
[2015.09.24-23.29.49:335][132]LogMetaData: Removing '/Game/Blueprints/Popup_Wall_Blueprint.Popup_Wall_Blueprint:UserConstructionScript.K2Node_FunctionEntry_132' ref from Metadata '/Game/Popup_Wall_Blueprint.PackageMetaData'
[2015.09.24-23.29.49:335][132]LogMetaData: Removing '/Game/Blueprints/Popup_Wall_Blueprint.Popup_Wall_Blueprint_C' ref from Metadata '/Game/Popup_Wall_Blueprint.PackageMetaData'
[2015.09.24-23.29.49:335][132]LogMetaData: Removing '/Game/Blueprints/Popup_Wall_Blueprint.Popup_Wall_Blueprint:EventGraph.K2Node_Event_183' ref from Metadata '/Game/Popup_Wall_Blueprint.PackageMetaData'
[2015.09.24-23.29.49:335][132]LogMetaData: Removing '/Game/Blueprints/Popup_Wall_Blueprint.Popup_Wall_Blueprint:EventGraph.K2Node_Event_184' ref from Metadata '/Game/Popup_Wall_Blueprint.PackageMetaData'
[2015.09.24-23.29.49:387][132]LogMetaData: Removing '/Game/Blueprints/Popup_Wall_Blueprint.Popup_Wall_Blueprint:EventGraph.K2Node_Event_185' ref from Metadata '/Game/Popup_Wall_Blueprint.PackageMetaData'
[2015.09.24-23.29.49:387][132]LogMetaData: Removing '/Game/Blueprints/Popup_Wall_Blueprint.SKEL_Popup_Wall_Blueprint_C' ref from Metadata '/Game/Popup_Wall_Blueprint.PackageMetaData'
[2015.09.24-23.29.49:509][132]LogSavePackage: Save=57.605560ms
[2015.09.24-23.29.49:509][132]LogSavePackage: Moving '../../../../../../Users/Will/Documents/pipermqp/pied_piper_mqp/prodenv/ThePiedPiper/Saved/Force_Wall_Blueprint84ABC5A54F116020BCC4509263C3F4C0.tmp' to '../../../../../../Users/Will/Documents/pipermqp/pied_piper_mqp/prodenv/ThePiedPiper/Content/Blueprints/Force_Wall_Blueprint.uasset'
[2015.09.24-23.29.49:513][132]LogSavePackage: Total save time: 61.825540ms
[2015.09.24-23.29.49:513][132]LogSavePackage:Warning: Finished SavePackage ../../../../../../Users/Will/Documents/pipermqp/pied_piper_mqp/prodenv/ThePiedPiper/Content/Blueprints/Force_Wall_Blueprint.uasset
[2015.09.24-23.29.49:715][132]LogSavePackage: Save=159.622177ms
[2015.09.24-23.29.49:715][132]LogSavePackage: Moving '../../../../../../Users/Will/Documents/pipermqp/pied_piper_mqp/prodenv/ThePiedPiper/Saved/Popup_Wall_BlueprintCAA59DBB4CC56FCE74E9FCAE0231AFFD.tmp' to '../../../../../../Users/Will/Documents/pipermqp/pied_piper_mqp/prodenv/ThePiedPiper/Content/Blueprints/Popup_Wall_Blueprint.uasset'
[2015.09.24-23.29.49:721][132]LogSavePackage: Total save time: 166.083127ms
[2015.09.24-23.29.49:721][132]LogSavePackage:Warning: Finished SavePackage ../../../../../../Users/Will/Documents/pipermqp/pied_piper_mqp/prodenv/ThePiedPiper/Content/Blueprints/Popup_Wall_Blueprint.uasset
[2015.09.24-23.30.53:771][519]LogPlayLevel: PlayLevel: No blueprints needed recompiling
[2015.09.24-23.30.53:771][519]PIE: New page: PIE session: GrayboxLevel (Sep 24, 2015, 3:30:53 PM)
[2015.09.24-23.30.53:771][519]LogPlayLevel: Creating play world package: /Game/Graybox_Test/UEDPIE_0_GrayboxLevel
[2015.09.24-23.30.54:033][519]LogPlayLevel: PIE: StaticDuplicateObject took: (0.261516s)
[2015.09.24-23.30.54:035][519]LogAIModule: Creating AISystem for world GrayboxLevel
[2015.09.24-23.30.54:035][519]LogPlayLevel: PIE: World Init took: (0.001924s)
[2015.09.24-23.30.54:035][519]LogPlayLevel: PIE: Created PIE world by copying editor world from /Game/Graybox_Test/GrayboxLevel.GrayboxLevel to /Game/Graybox_Test/UEDPIE_0_GrayboxLevel.GrayboxLevel (0.263712s)
[2015.09.24-23.30.54:072][519]LogInit: XAudio2 using 'Speakers (Conexant 20672 SmartAudio HD)' : 2 channels at 44.1 kHz using 16 bits per sample (channel mask 0x3)
[2015.09.24-23.30.54:159][519]LogInit: FAudioDevice initialized.
[2015.09.24-23.30.54:196][519]LogWorld: Game class is 'FirstPersonGameMode_C'
[2015.09.24-23.30.54:430][519]LogWorld: Bringing World /Game/Graybox_Test/UEDPIE_0_GrayboxLevel.GrayboxLevel up for play (max tick rate 60) at 2015.09.24-19.30.54
[2015.09.24-23.30.54:430][519]LogActor:Warning: GameSession /Game/Graybox_Test/UEDPIE_0_GrayboxLevel.GrayboxLevel:PersistentLevel.GameSession_1 has natively added scene component(s), but none of them were set as the actor's RootComponent - picking one arbitrarily
[2015.09.24-23.30.54:431][519]LogActor:Warning: GameNetworkManager /Game/Graybox_Test/UEDPIE_0_GrayboxLevel.GrayboxLevel:PersistentLevel.GameNetworkManager_1 has natively added scene component(s), but none of them were set as the actor's RootComponent - picking one arbitrarily
[2015.09.24-23.30.54:435][519]LogWorld: Bringing up level for play took: 0.238262
[2015.09.24-23.30.54:440][519]PIE: Info Play in editor start time for /Game/Graybox_Test/UEDPIE_0_GrayboxLevel 0.195
[2015.09.24-23.31.14:314][600]LogParticles: Destroying 0 GPU particle simulations for FXSystem 0x00000000261F0D60
[2015.09.24-23.33.35:960][881]LogSavePackage: Save=4186.915039ms
[2015.09.24-23.33.35:960][881]LogSavePackage: Moving '../../../../