[2015.09.26-20.36.47:650][  0]Log file open, 09/26/15 16:36:47
[2015.09.26-20.36.47:650][  0]LogInit:Display: Running engine for game: ThePiedPiper
[2015.09.26-20.36.47:650][  0]LogInit:Display: RandInit(367192848) SRandInit(367192848).
[2015.09.26-20.36.47:650][  0]LogTaskGraph: Started task graph with 4 named threads and 5 total threads.
[2015.09.26-20.36.47:650][  0]LogStats: Stats thread started at 0.052794
[2015.09.26-20.36.47:650][  0]LogInit: Version: 4.9.1-2689999+++depot+UE4-Releases+4.9
[2015.09.26-20.36.47:650][  0]LogInit: API Version: 2672455
[2015.09.26-20.36.47:650][  0]LogInit: Compiled (64-bit): Sep 14 2015 04:12:03
[2015.09.26-20.36.47:650][  0]LogInit: Compiled with Visual C++: 18.00.21005.01
[2015.09.26-20.36.47:650][  0]LogInit: Build Configuration: Development
[2015.09.26-20.36.47:650][  0]LogInit: Branch Name: ++depot+UE4-Releases+4.9
[2015.09.26-20.36.47:651][  0]LogInit: Command line:  
[2015.09.26-20.36.47:651][  0]LogInit: Base directory: C:/Program Files/Epic Games/4.9/Engine/Binaries/Win64/
[2015.09.26-20.36.47:651][  0]LogInit: Rocket: 1
[2015.09.26-20.36.47:659][  0]LogInit: Using libcurl 7.41.0
[2015.09.26-20.36.47:659][  0]LogInit:  - built for x86_64-pc-win32
[2015.09.26-20.36.47:659][  0]LogInit:  - supports SSL with WinSSL
[2015.09.26-20.36.47:659][  0]LogInit:  - other features:
[2015.09.26-20.36.47:659][  0]LogInit:      CURL_VERSION_SSL
[2015.09.26-20.36.47:659][  0]LogInit:      CURL_VERSION_IPV6
[2015.09.26-20.36.47:659][  0]LogInit:      CURL_VERSION_ASYNCHDNS
[2015.09.26-20.36.47:659][  0]LogInit:      CURL_VERSION_LARGEFILE
[2015.09.26-20.36.47:659][  0]LogInit:      CURL_VERSION_IDN
[2015.09.26-20.36.47:659][  0]LogInit:  CurlRequestOptions (configurable via config and command line):
[2015.09.26-20.36.47:659][  0]LogInit:  - bVerifyPeer = true  - Libcurl will verify peer certificate
[2015.09.26-20.36.47:659][  0]LogInit:  - bUseHttpProxy = false  - Libcurl will NOT use HTTP proxy
[2015.09.26-20.36.47:659][  0]LogInit:  - bDontReuseConnections = false  - Libcurl will reuse connections
[2015.09.26-20.36.47:659][  0]LogInit:  - CertBundlePath = nullptr  - Libcurl will use whatever was configured at build time.
[2015.09.26-20.36.47:667][  0]LogInit: Presizing for 0 objects not considered by GC, pre-allocating 0 bytes.
[2015.09.26-20.36.47:675][  0]LogInit: Object subsystem initialized
[2015.09.26-20.36.47:677][  0]LogInit: Selected Device Profile: [Windows]
[2015.09.26-20.36.47:677][  0]LogInit: Applying CVar settings loaded from the selected device profile: [Windows]
[2015.09.26-20.36.47:699][  0]LogInit: Computer: WILL-THINK
[2015.09.26-20.36.47:699][  0]LogInit: User: Will
[2015.09.26-20.36.47:699][  0]LogInit: CPU Page size=4096, Cores=2
[2015.09.26-20.36.47:699][  0]LogInit: High frequency timer resolution =2.725683 MHz
[2015.09.26-20.36.47:699][  0]LogMemory: Memory total: Physical=3.9GB (4GB approx)
[2015.09.26-20.36.47:699][  0]LogMemory: Platform Memory Stats for Windows
[2015.09.26-20.36.47:699][  0]LogMemory: Process Physical Memory: 54.81 MB used, 54.81 MB peak
[2015.09.26-20.36.47:699][  0]LogMemory: Process Virtual Memory: 59.30 MB used, 59.30 MB peak
[2015.09.26-20.36.47:699][  0]LogMemory: Physical Memory: 2027.28 MB used, 3979.23 MB total
[2015.09.26-20.36.47:699][  0]LogMemory: Virtual Memory: 340.09 MB used, 8388608.00 MB total
[2015.09.26-20.36.47:733][  0]LogTextLocalizationManager: No specific translations for ('en-US') exist, so ('en') translations will be used.
[2015.09.26-20.36.48:469][  0]LogD3D11RHI: Found D3D11 adapter 0: Intel(R) HD Graphics 3000 (Feature Level 11_0)
[2015.09.26-20.36.48:469][  0]LogD3D11RHI: Adapter has 1998MB of dedicated video memory, 0MB of dedicated system memory, and 1733MB of shared system memory, 1 output[s]
[2015.09.26-20.36.48:488][  0]LogD3D11RHI: Found D3D11 adapter 1: NVIDIA Quadro 2000M  (Feature Level 11_0)
[2015.09.26-20.36.48:488][  0]LogD3D11RHI: Adapter has 1998MB of dedicated video memory, 0MB of dedicated system memory, and 1733MB of shared system memory, 0 output[s]
[2015.09.26-20.36.48:488][  0]LogD3D11RHI: Chosen D3D11 Adapter Id = 0
[2015.09.26-20.36.48:498][  0]LogD3D11RHI: !Direct3DDevice
[2015.09.26-20.36.48:498][  0]LogRHI: Texture pool is 1361 MB (70% of 1945 MB)
[2015.09.26-20.36.48:511][  0]LogD3D11RHI: Async texture creation enabled
[2015.09.26-20.36.48:522][  0]LogShaderCompilers: Guid format shader working directory is 15 characters bigger than the processId version (../../../../../../Users/Will/Documents/mqp/pipermqp/prodenv/ThePiedPiper/Intermediate/Shaders/WorkingDirectory/1960/).
[2015.09.26-20.36.48:522][  0]LogShaderCompilers: Cleaned the shader compiler working directory '../../../../../../Users/Will/Documents/mqp/pipermqp/prodenv/ThePiedPiper/Intermediate/Shaders/tmp/D0FCBE3648DE1B0C7F894393DA07021B/'.
[2015.09.26-20.36.48:523][  0]LogShaderCompilers:Display: Using Local Shader Compiler.
[2015.09.26-20.36.50:069][  0]LogTemp:Display: Loaded TP AllDesktopTargetPlatform
[2015.09.26-20.36.50:079][  0]LogTemp:Display: Loaded TP WindowsClientTargetPlatform
[2015.09.26-20.36.50:088][  0]LogTemp:Display: Loaded TP WindowsNoEditorTargetPlatform
[2015.09.26-20.36.50:095][  0]LogTemp:Display: Loaded TP WindowsServerTargetPlatform
[2015.09.26-20.36.50:101][  0]LogTemp:Display: Loaded TP WindowsTargetPlatform
[2015.09.26-20.36.50:105][  0]LogTemp:Display: Loaded TP AndroidTargetPlatform
[2015.09.26-20.36.50:109][  0]LogTemp:Display: Loaded TP Android_ASTCTargetPlatform
[2015.09.26-20.36.50:113][  0]LogTemp:Display: Loaded TP Android_ATCTargetPlatform
[2015.09.26-20.36.50:117][  0]LogTemp:Display: Loaded TP Android_DXTTargetPlatform
[2015.09.26-20.36.50:121][  0]LogTemp:Display: Loaded TP Android_ETC1TargetPlatform
[2015.09.26-20.36.50:125][  0]LogTemp:Display: Loaded TP Android_ETC2TargetPlatform
[2015.09.26-20.36.50:129][  0]LogTemp:Display: Loaded TP Android_PVRTCTargetPlatform
[2015.09.26-20.36.50:129][  0]LogTemp:Display: Loaded TP HTML5TargetPlatform
[2015.09.26-20.36.50:146][  0]LogTemp:Display: Loaded TP IOSTargetPlatform
[2015.09.26-20.36.50:149][  0]LogTemp:Display: Loaded TP LinuxNoEditorTargetPlatform
[2015.09.26-20.36.50:154][  0]LogTemp:Display: Loaded TP LinuxServerTargetPlatform
[2015.09.26-20.36.50:159][  0]LogTemp:Display: Loaded TP LinuxTargetPlatform
[2015.09.26-20.36.50:159][  0]LogTargetPlatformManager:Display: Building Assets For Windows
[2015.09.26-20.36.50:257][  0]LogDerivedDataCache:Display: Max Cache Size: 512 MB
[2015.09.26-20.36.50:318][  0]LogDerivedDataCache: Loaded boot cache 0.06s 41MB C:/Users/Will/AppData/Local/UnrealEngine/4.9/DerivedDataCache/Boot.ddc.
[2015.09.26-20.36.50:318][  0]LogDerivedDataCache:Display: Loaded Boot cache: C:/Users/Will/AppData/Local/UnrealEngine/4.9/DerivedDataCache/Boot.ddc
[2015.09.26-20.36.50:318][  0]LogDerivedDataCache: FDerivedDataBackendGraph:  Pak pak cache file ../../../../../../Users/Will/Documents/mqp/pipermqp/prodenv/ThePiedPiper/DerivedDataCache/DDC.ddp not found, will not use a pak cache.
[2015.09.26-20.36.50:318][  0]LogDerivedDataCache: Unable to find inner node Pak for hierarchical cache Hierarchy.
[2015.09.26-20.36.50:318][  0]LogDerivedDataCache: FDerivedDataBackendGraph:  CompressedPak pak cache file ../../../../../../Users/Will/Documents/mqp/pipermqp/prodenv/ThePiedPiper/DerivedDataCache/Compressed.ddp not found, will not use a pak cache.
[2015.09.26-20.36.50:318][  0]LogDerivedDataCache: Unable to find inner node CompressedPak for hierarchical cache Hierarchy.
[2015.09.26-20.36.50:481][  0]LogDerivedDataCache:Display: Pak cache opened for reading ../../../Engine/DerivedDataCache/Compressed.ddp.
[2015.09.26-20.36.50:515][  0]LogDerivedDataCache: Using Local data cache path C:/Users/Will/AppData/Local/UnrealEngine/Common/DerivedDataCache: Writable
[2015.09.26-20.36.50:710][  0]LogInit: Selected Device Profile: [Windows]
[2015.09.26-20.36.50:711][  0]LogContentStreaming: Texture pool size is 0.000000MB
[2015.09.26-20.36.50:738][  0]LogMeshUtilities: No automatic mesh reduction module available
[2015.09.26-20.36.50:738][  0]LogMeshUtilities: No automatic mesh merging module available
[2015.09.26-20.36.51:204][  0]LogInit: WinSock: version 1.1 (2.2), MaxSocks=32767, MaxUdp=65467
[2015.09.26-20.36.52:026][  0]UdpMessaging: Initializing bridge on interface 0.0.0.0:0 to multicast group 230.0.0.1:6666.
[2015.09.26-20.36.52:127][  0]LogAssetRegistry: FAssetRegistry took 0.0099 seconds to start up
[2015.09.26-20.36.52:324][  0]SourceControl: Info Source control is disabled
[2015.09.26-20.36.52:333][  0]SourceControl: Info Source control is disabled
[2015.09.26-20.36.52:346][  0]SourceControl: Info Source control is disabled
[2015.09.26-20.36.52:355][  0]SourceControl: Info Source control is disabled
[2015.09.26-20.36.52:504][  0]LogLinker:Warning: Asset '../../../Engine/Plugins/Runtime/LeapMotionController/Content/LM_PassthroughMaterial.uasset' has been saved with empty engine version. The asset will be loaded but may be incompatible.
[2015.09.26-20.36.52:578][  0]LogObj: 28361 objects as part of root set at end of initial load.
[2015.09.26-20.36.52:578][  0]LogUObjectAllocator: 6038872 out of 0 bytes used by permanent object pool.
[2015.09.26-20.36.52:635][  0]LogEngine: Initializing Engine...
[2015.09.26-20.36.52:638][  0]LogHMD: Can't find Oculus library dev build: is proper Runtime installed? Version: 0.7.0.0
[2015.09.26-20.36.52:638][  0]LogHMD: SteamVR failed to initialize.  Err: 110
[2015.09.26-20.36.52:822][  0]LogAIModule: Creating AISystem for world NewWorld
[2015.09.26-20.36.52:827][  0]LogInit: XAudio2 using 'Speakers (Conexant 20672 SmartAudio HD)' : 2 channels at 44.1 kHz using 16 bits per sample (channel mask 0x3)
[2015.09.26-20.36.52:854][  0]LogInit: FAudioDevice initialized.
[2015.09.26-20.36.52:923][  0]LogDerivedDataCache: Saved boot cache 0.07s 41MB C:/Users/Will/AppData/Local/UnrealEngine/4.9/DerivedDataCache/Boot.ddc.
[2015.09.26-20.36.52:933][  0]LogInit: Texture streaming: Enabled
[2015.09.26-20.36.52:942][  0]LogAnalytics: Creating configured Analytics provider AnalyticsET
[2015.09.26-20.36.52:942][  0]LogAnalytics: [UEEditor.Rocket.Release] APIServer = http://et2.epicgames.com/ET2/. AppVersion = 4.9.1-2689999+++depot+UE4-Releases+4.9
[2015.09.26-20.36.52:942][  0]LogAnalytics: [UEEditor.Rocket.Release] SetUserId 1877b4af47d0a1b1c511458d4cf4b387|723ff2effdca4465b525b133c47388d1|9fd92084-8da0-4b00-92ec-a7999ca0b261
[2015.09.26-20.36.52:942][  0]LogAnalytics: [UEEditor.Rocket.Release] AnalyticsET::StartSession
[2015.09.26-20.36.52:966][  0]LogInit: Transaction tracking system initialized
[2015.09.26-20.36.53:007][  0]BlueprintLog: New page: Editor Load
[2015.09.26-20.36.53:121][  0]LocalizationService: Info Localization service is disabled
[2015.09.26-20.36.53:473][  0]LogConsoleResponse:Display: 
[2015.09.26-20.36.53:685][  0]LogCook:Display: Done creating registry. It took  0.00s.
[2015.09.26-20.36.53:765][  0]LogFileCache: Scanning file cache for directory 'C:/Users/Will/Documents/mqp/pipermqp/prodenv/ThePiedPiper/Content/' took 0.02s
[2015.09.26-20.36.53:765][  0]SourceControl: Info Source control is disabled
[2015.09.26-20.36.53:765][  0]Cmd: MAP LOAD FILE="../../../../../../Users/Will/Documents/mqp/pipermqp/prodenv/ThePiedPiper/Content/FirstPersonBP/Maps/FirstPersonExampleMap.umap" TEMPLATE=0 SHOWPROGRESS=1 FEATURELEVEL=3
[2015.09.26-20.36.53:765][  0]LogEditorServer:Warning: Can't find file '../../../../../../Users/Will/Documents/mqp/pipermqp/prodenv/ThePiedPiper/Content/FirstPersonBP/Maps/FirstPersonExampleMap.umap'
[2015.09.26-20.36.53:765][  0]Cmd: MAP CHECKDEP NOCLEARLOG
[2015.09.26-20.36.53:813][  0]MapCheck: Info Map check complete: 0 Error(s), 0 Warning(s), took 47.003ms to complete.
[2015.09.26-20.36.53:813][  0]LogFileHelpers: Loading map 'FirstPersonExampleMap' took 0.047
[2015.09.26-20.36.53:927][  0]LogCollectionManager: Loaded 0 collections in 0.002401 seconds
[2015.09.26-20.36.53:960][  0]LogContentBrowser: Native class hierarchy populated in 0.0077 seconds. Added 1867 classes and 333 folders.
[2015.09.26-20.36.53:973][  0]LogFileCache: Scanning file cache for directory 'C:/Users/Will/Documents/mqp/pipermqp/prodenv/ThePiedPiper/Saved/Collections/' took 0.03s
[2015.09.26-20.36.53:973][  0]LogFileCache: Scanning file cache for directory 'C:/Users/Will/Documents/mqp/pipermqp/prodenv/ThePiedPiper/Content/Developers/Will/Collections/' took 0.01s
[2015.09.26-20.36.53:973][  0]LogFileCache: Scanning file cache for directory 'C:/Users/Will/Documents/mqp/pipermqp/prodenv/ThePiedPiper/Content/Collections/' took 0.01s
[2015.09.26-20.36.53:973][  0]LogCollectionManager: Rebuilt the GUID cache for 0 collections in 0.000003 seconds
[2015.09.26-20.36.53:983][  0]LogContentBrowser: Native class hierarchy updated for 'WidgetCarousel' in 0.0005 seconds. Added 0 classes and 0 folders.
[2015.09.26-20.36.54:042][  0]LogContentBrowser: Native class hierarchy updated for 'AddContentDialog' in 0.0004 seconds. Added 0 classes and 0 folders.
[2015.09.26-20.36.54:048][  0]LogContentBrowser: Native class hierarchy updated for 'SceneOutliner' in 0.0005 seconds. Added 1 classes and 2 folders.
[2015.09.26-20.36.54:089][  0]LogCrashTracker: Crashtracker disabled due to settings.
[2015.09.26-20.36.54:095][  0]LogUObjectGlobals:Warning: Failed to find object 'Class None.'
[2015.09.26-20.36.54:151][  0]LogLoad: Full Startup: 6.98 seconds (BP compile: 0.01 seconds)
[2015.09.26-20.36.54:231][  0]LogContentStreaming: Texture pool size now 400 MB
[2015.09.26-20.36.54:453][  0]LogRenderer: Reallocating scene render targets to support 1208x548 (Frame:2).
[2015.09.26-20.36.54:777][  3]LogAssetRegistry: Asset discovery search completed in 2.6605 seconds
[2015.09.26-20.36.54:778][  3]LogCollectionManager: Rebuilt the object cache for 0 collections in 0.000003 seconds (found 0 objects)
[2015.09.26-20.36.54:778][  3]LogCollectionManager: Fixed up redirectors for 0 collections in 0.000083 seconds (updated 0 objects)
[2015.09.26-20.37.18:058][327]LogAIModule: Creating AISystem for world GrayboxLevel
[2015.09.26-20.37.18:201][327]Cmd: MAP LOAD FILE="../../../../../../Users/Will/Documents/mqp/pipermqp/prodenv/ThePiedPiper/Content/GrayboxLevel.umap" TEMPLATE=0 SHOWPROGRESS=1 FEATURELEVEL=3
[2015.09.26-20.37.18:201][327]LightingResults: New page: Lighting Build
[2015.09.26-20.37.18:204][327]LogContentBrowser: Native class hierarchy updated for 'StatsViewer' in 0.0004 seconds. Added 5 classes and 0 folders.
[2015.09.26-20.37.18:220][327]LoadErrors: New page: Loading map: GrayboxLevel.umap
[2015.09.26-20.37.18:220][327]MapCheck: New page: Map Check
[2015.09.26-20.37.18:220][327]LightingResults: New page: Lighting Build
[2015.09.26-20.37.18:242][327]LogParticles: Destroying 0 GPU particle simulations for FXSystem 0x0000000021126160
[2015.09.26-20.37.18:910][327]LogEditorServer: Finished looking for orphan Actors (0.000 secs)
[2015.09.26-20.37.18:939][327]Cmd: MAP CHECKDEP NOCLEARLOG
[2015.09.26-20.37.18:986][327]MapCheck: Info Map check complete: 0 Error(s), 0 Warning(s), took 46.305ms to complete.
[2015.09.26-20.37.18:986][327]LogFileHelpers: Loading map 'GrayboxLevel' took 0.786
[2015.09.26-20.37.19:039][328]Cmd: UpdateLandscapeEditorData -warnings
[2015.09.26-20.37.19:057][328]Cmd: UpdateLandscapeEditorData
[2015.09.26-20.37.31:952][948]LogPlayLevel: PlayLevel: No blueprints needed recompiling
[2015.09.26-20.37.31:952][948]PIE: New page: PIE session: GrayboxLevel (Sep 26, 2015, 12:37:31 PM)
[2015.09.26-20.37.31:952][948]LogPlayLevel: Creating play world package: /Game/UEDPIE_0_GrayboxLevel
[2015.09.26-20.37.32:215][948]LogPlayLevel: PIE: StaticDuplicateObject took: (0.263181s)
[2015.09.26-20.37.32:218][948]LogAIModule: Creating AISystem for world GrayboxLevel
[2015.09.26-20.37.32:218][948]LogPlayLevel: PIE: World Init took: (0.002234s)
[2015.09.26-20.37.32:218][948]LogPlayLevel: PIE: Created PIE world by copying editor world from /Game/GrayboxLevel.GrayboxLevel to /Game/UEDPIE_0_GrayboxLevel.GrayboxLevel (0.265741s)
[2015.09.26-20.37.32:248][948]LogInit: XAudio2 using 'Speakers (Conexant 20672 SmartAudio HD)' : 2 channels at 44.1 kHz using 16 bits per sample (channel mask 0x3)
[2015.09.26-20.37.32:254][948]LogInit: FAudioDevice initialized.
[2015.09.26-20.37.32:379][948]LogLinker:Warning: Asset '../../../../../../Users/Will/Documents/mqp/pipermqp/prodenv/ThePiedPiper/Content/FirstPersonBP/Blueprints/FirstPersonProjectile.uasset' has been saved with empty engine version. The asset will be loaded but may be incompatible.
[2015.09.26-20.37.32:382][948]LogLinker:Warning: Asset '../../../../../../Users/Will/Documents/mqp/pipermqp/prodenv/ThePiedPiper/Content/FirstPerson/Meshes/FirstPersonProjectileMesh.uasset' has been saved with empty engine version. The asset will be loaded but may be incompatible.
[2015.09.26-20.37.32:506][948]LogLinker:Warning: Asset '../../../../../../Users/Will/Documents/mqp/pipermqp/prodenv/ThePiedPiper/Content/FirstPersonBP/Blueprints/FirstPersonHUD.uasset' has been saved with empty engine version. The asset will be loaded but may be incompatible.
[2015.09.26-20.37.32:616][948]LogWorld: Game class is 'FirstPersonGameMode_C'
[2015.09.26-20.37.32:850][948]LogWorld: Bringing World /Game/UEDPIE_0_GrayboxLevel.GrayboxLevel up for play (max tick rate 60) at 2015.09.26-16.37.32
[2015.09.26-20.37.32:850][948]LogActor:Warning: GameSession /Game/UEDPIE_0_GrayboxLevel.GrayboxLevel:PersistentLevel.GameSession_0 has natively added scene component(s), but none of them were set as the actor's RootComponent - picking one arbitrarily
[2015.09.26-20.37.32:850][948]LogActor:Warning: GameNetworkManager /Game/UEDPIE_0_GrayboxLevel.GrayboxLevel:PersistentLevel.GameNetworkManager_0 has natively added scene component(s), but none of them were set as the actor's RootComponent - picking one arbitrarily
[2015.09.26-20.37.32:854][948]LogWorld: Bringing up level for play took: 0.236779
[2015.09.26-20.37.32:860][948]PIE: Info Play in editor start time for /Game/UEDPIE_0_GrayboxLevel 0.114
[2015.09.26-20.38.30:311][300]LogParticles: Destroying 0 GPU particle simulations for FXSystem 0x00000000386893A0
[2015.09.26-20.38.33:302][412]Cmd: QUIT_EDITOR
[2015.09.26-20.38.33:712][412]LogExit: Preparing to exit.
[2015.09.26-20.38.34:220][412]LogExit: Editor shut down
[2015.09.26-20.38.34:220][412]LogExit: Transaction tracking system shut down
[2015.09.26-20.38.34:221][412]LogParticles: Destroying 0 GPU particle simulations for FXSystem 0x000000001177F880
[2015.09.26-20.38.34:223][412]LogParticles: Destroying 0 GPU particle simulations for FXSystem 0x00000000118989A0
[2015.09.26-20.38.34:415][412]LogExit: Object subsystem successfully closed.
[2015.09.26-20.38.34:439][412]LogD3D11RHI: Shutdown
[2015.09.26-20.38.34:439][412]LogD3D11RHI: CleanupD3DDevice
[2015.09.26-20.38.34:511][412]LogD3D11RHI: ~FD3D11DynamicRHI
[2015.09.26-20.38.34:538][412]LogModuleManager: Shutting down and abandoning module StatsViewer (197)
[2015.09.26-20.38.34:538][412]LogModuleManager: Shutting down and abandoning module CrashTracker (196)
[2015.09.26-20.38.34:539][412]LogModuleManager: Shutting down and abandoning module SceneOutliner (195)
[2015.09.26-20.38.34:539][412]LogModuleManager: Shutting down and abandoning module SuperSearch (194)
[2015.09.26-20.38.34:539][412]LogModuleManager: Shutting down and abandoning module WidgetCarousel (193)
[2015.09.26-20.38.34:539][412]LogModuleManager: Shutting down and abandoning module AddContentDialog (192)
[2015.09.26-20.38.34:541][412]LogModuleManager: Shutting down and abandoning module EditorWidgets (191)
[2015.09.26-20.38.34:541][412]LogModuleManager: Shutting down and abandoning module CollectionManager (190)
[2015.09.26-20.38.34:541][412]LogModuleManager: Shutting down and abandoning module FoliageEdit (189)
[2015.09.26-20.38.34:541][412]LogModuleManager: Shutting down and abandoning module LandscapeEditor (188)
[2015.09.26-20.38.34:541][412]LogModuleManager: Shutting down and abandoning module ActorPickerMode (187)
[2015.09.26-20.38.34:541][412]LogModuleManager: Shutting down and abandoning module GeometryMode (186)
[2015.09.26-20.38.34:541][412]LogModuleManager: Shutting down and abandoning module TextureAlignMode (185)
[2015.09.26-20.38.34:541][412]LogModuleManager: Shutting down and abandoning module BspMode (184)
[2015.09.26-20.38.34:563][412]LogModuleManager: Shutting down and abandoning module PlacementMode (183)
[2015.09.26-20.38.34:563][412]LogModuleManager: Shutting down and abandoning module AutomationWorker (182)
[2015.09.26-20.38.34:563][412]LogModuleManager: Shutting down and abandoning module CharacterAI (181)
[2015.09.26-20.38.34:563][412]LogModuleManager: Shutting down and abandoning module SmartSnapping (180)
[2015.09.26-20.38.34:563][412]LogModuleManager: Shutting down and abandoning module ViewportSnapping (179)
[2015.09.26-20.38.34:563][412]LogModuleManager: Shutting down and abandoning module LogVisualizer (178)
[2015.09.26-20.38.34:563][412]LogModuleManager: Shutting down and abandoning module GameProjectGeneration (177)
[2015.09.26-20.38.34:563][412]LogModuleManager: Shutting down and abandoning module IntroTutorials (176)
[2015.09.26-20.38.34:564][412]LogModuleManager: Shutting down and abandoning module EditorLiveStreaming (175)
[2015.09.26-20.38.34:564][412]LogModuleManager: Shutting down and abandoning module IOSPlatformEditor (174)
[2015.09.26-20.38.34:564][412]LogModuleManager: Shutting down and abandoning module HTML5PlatformEditor (173)
[2015.09.26-20.38.34:564][412]LogModuleManager: Shutting down and abandoning module AndroidDeviceDetection (172)
[2015.09.26-20.38.35:188][412]LogModuleManager: Shutting down and abandoning module AndroidPlatformEditor (171)
[2015.09.26-20.38.35:188][412]LogModuleManager: Shutting down and abandoning module IOSRuntimeSettings (170)
[2015.09.26-20.38.35:188][412]LogModuleManager: Shutting down and abandoning module AndroidRuntimeSettings (169)
[2015.09.26-20.38.35:188][412]LogModuleManager: Shutting down and abandoning module MergeActors (168)
[2015.09.26-20.38.35:188][412]LogModuleManager: Shutting down and abandoning module SizeMap (167)
[2015.09.26-20.38.35:188][412]LogModuleManager: Shutting down and abandoning module TreeMap (166)
[2015.09.26-20.38.35:188][412]LogModuleManager: Shutting down and abandoning module ReferenceViewer (165)
[2015.09.26-20.38.35:188][412]LogModuleManager: Shutting down and abandoning module LocalizationService (164)
[2015.09.26-20.38.35:188][412]LogModuleManager: Shutting down and abandoning module LocalizationDashboard (163)
[2015.09.26-20.38.35:188][412]LogModuleManager: Shutting down and abandoning module HardwareTargeting (162)
[2015.09.26-20.38.35:188][412]LogModuleManager: Shutting down and abandoning module DeviceProfileEditor (161)
[2015.09.26-20.38.35:188][412]LogModuleManager: Shutting down and abandoning module UndoHistory (160)
[2015.09.26-20.38.35:188][412]LogModuleManager: Shutting down and abandoning module GameplayTagsEditor (159)
[2015.09.26-20.38.35:188][412]LogModuleManager: Shutting down and abandoning module UserFeedback (158)
[2015.09.26-20.38.35:188][412]LogModuleManager: Shutting down and abandoning module XmlParser (157)
[2015.09.26-20.38.35:188][412]LogModuleManager: Shutting down and abandoning module Blutility (156)
[2015.09.26-20.38.35:188][412]LogModuleManager: Shutting down and abandoning module ProjectTargetPlatformEditor (155)
[2015.09.26-20.38.35:188][412]LogModuleManager: Shutting down and abandoning module ProjectSettingsViewer (154)
[2015.09.26-20.38.35:188][412]LogModuleManager: Shutting down and abandoning module InputBindingEditor (153)
[2015.09.26-20.38.35:188][412]LogModuleManager: Shutting down and abandoning module EditorSettingsViewer (152)
[2015.09.26-20.38.35:188][412]LogModuleManager: Shutting down and abandoning module SettingsEditor (151)
[2015.09.26-20.38.35:188][412]LogModuleManager: Shutting down and abandoning module ProjectLauncher (150)
[2015.09.26-20.38.35:188][412]LogModuleManager: Shutting down and abandoning module SessionFrontend (149)
[2015.09.26-20.38.35:188][412]LogModuleManager: Shutting down and abandoning module ProfilerClient (148)
[2015.09.26-20.38.35:188][412]LogModuleManager: Shutting down and abandoning module TargetDeviceServices (147)
[2015.09.26-20.38.35:188][412]LogModuleManager: Shutting down and abandoning module DeviceManager (146)
[2015.09.26-20.38.35:189][412]LogModuleManager: Shutting down and abandoning module AutomationController (145)
[2015.09.26-20.38.35:189][412]LogModuleManager: Shutting down and abandoning module AutomationWindow (144)
[2015.09.26-20.38.35:189][412]LogModuleManager: Shutting down and abandoning module Layers (143)
[2015.09.26-20.38.35:189][412]LogModuleManager: Shutting down and abandoning module ComponentVisualizers (142)
[2015.09.26-20.38.35:189][412]LogModuleManager: Shutting down and abandoning module DetailCustomizations (141)
[2015.09.26-20.38.35:189][412]LogModuleManager: Shutting down and abandoning module PackagesDialog (140)
[2015.09.26-20.38.35:189][412]LogModuleManager: Shutting down and abandoning module Persona (139)
[2015.09.26-20.38.35:189][412]LogModuleManager: Shutting down and abandoning module Kismet (138)
[2015.09.26-20.38.35:189][412]LogModuleManager: Shutting down and abandoning module GraphEditor (137)
[2015.09.26-20.38.35:189][412]LogModuleManager: Shutting down and abandoning module ClassViewer (136)
[2015.09.26-20.38.35:189][412]LogModuleManager: Shutting down and abandoning module Toolbox (135)
[2015.09.26-20.38.35:189][412]LogModuleManager: Shutting down and abandoning module ModuleUI (134)
[2015.09.26-20.38.35:189][412]LogModuleManager: Shutting down and abandoning module MovieSceneTools (133)
[2015.09.26-20.38.35:189][412]LogModuleManager: Shutting down and abandoning module OutputLog (132)
[2015.09.26-20.38.35:189][412]LogModuleManager: Shutting down and abandoning module GammaUI (131)
[2015.09.26-20.38.35:189][412]LogModuleManager: Shutting down and abandoning module Documentation (130)
[2015.09.26-20.38.35:189][412]LogModuleManager: Shutting down and abandoning module GameLiveStreaming (129)
[2015.09.26-20.38.35:189][412]LogModuleManager: Shutting down and abandoning module StreamingPauseRendering (128)
[2015.09.26-20.38.35:189][412]LogModuleManager: Shutting down and abandoning module AnalyticsET (127)
[2015.09.26-20.38.35:189][412]LogModuleManager: Shutting down and abandoning module Analytics (126)
[2015.09.26-20.38.35:189][412]LogModuleManager: Shutting down and abandoning module AITestSuite (125)
[2015.09.26-20.38.35:189][412]LogModuleManager: Shutting down and abandoning module GameplayDebugger (124)
[2015.09.26-20.38.35:189][412]LogModuleManager: Shutting down and abandoning module AIModule (123)
[2015.09.26-20.38.35:189][412]LogModuleManager: Shutting down and abandoning module ProfilerService (122)
[2015.09.26-20.38.35:408][412]LogModuleManager: Shutting down and abandoning module TaskGraph (121)
[2015.09.26-20.38.35:408][412]LogModuleManager: Shutting down and abandoning module SlateRemote (120)
[2015.09.26-20.38.35:408][412]LogModuleManager: Shutting down and abandoning module SteamVRController (119)
[2015.09.26-20.38.35:408][412]LogModuleManager: Shutting down and abandoning module SteamVR (118)
[2015.09.26-20.38.35:408][412]LogModuleManager: Shutting down and abandoning module ProceduralMeshComponent (117)
[2015.09.26-20.38.35:408][412]LogModuleManager: Shutting down and abandoning module OculusRift (116)
[2015.09.26-20.38.35:408][412]LogModuleManager: Shutting down and abandoning module OculusLibrary (115)
[2015.09.26-20.38.35:408][412]LogModuleManager: Shutting down and abandoning module LeapMotionController (114)
[2015.09.26-20.38.35:416][412]LogModuleManager: Shutting down and abandoning module CustomMeshComponent (113)
[2015.09.26-20.38.35:416][412]LogModuleManager: Shutting down and abandoning module CableComponent (112)
[2015.09.26-20.38.35:416][412]LogModuleManager: Shutting down and abandoning module ArchVisCharacter (111)
[2015.09.26-20.38.35:416][412]LogModuleManager: Shutting down and abandoning module MessagingDebugger (110)
[2015.09.26-20.38.35:416][412]LogModuleManager: Shutting down and abandoning module MediaPlayerEditor (109)
[2015.09.26-20.38.35:416][412]LogModuleManager: Shutting down and abandoning module HTML5Networking (108)
[2015.09.26-20.38.35:416][412]LogModuleManager: Shutting down and abandoning module SpeedTreeImporter (107)
[2015.09.26-20.38.35:417][412]LogModuleManager: Shutting down and abandoning module PluginBrowser (106)
[2015.09.26-20.38.35:417][412]LogModuleManager: Shutting down and abandoning module EpicSurvey (105)
[2015.09.26-20.38.35:417][412]LogModuleManager: Shutting down and abandoning module DesktopPlatform (104)
[2015.09.26-20.38.35:417][412]LogModuleManager: Shutting down and abandoning module VisualStudioSourceCodeAccess (103)
[2015.09.26-20.38.35:417][412]LogModuleManager: Shutting down and abandoning module UObjectPlugin (102)
[2015.09.26-20.38.35:417][412]LogModuleManager: Shutting down and abandoning module SubversionSourceControl (101)
[2015.09.26-20.38.35:417][412]LogModuleManager: Shutting down and abandoning module PerforceSourceControl (100)
[2015.09.26-20.38.35:417][412]LogModuleManager: Shutting down and abandoning module SourceControl (99)
[2015.09.26-20.38.35:417][412]LogModuleManager: Shutting down and abandoning module GitSourceControl (98)
[2015.09.26-20.38.35:417][412]LogModuleManager: Shutting down and abandoning module LightPropagationVolumeEditor (97)
[2015.09.26-20.38.35:417][412]LogModuleManager: Shutting down and abandoning module PaperTiledImporter (96)
[2015.09.26-20.38.35:417][412]LogModuleManager: Shutting down and abandoning module PaperSpriteSheetImporter (95)
[2015.09.26-20.38.35:417][412]LogModuleManager: Shutting down and abandoning module MeshPaint (94)
[2015.09.26-20.38.35:417][412]LogModuleManager: Shutting down and abandoning module SlateReflector (93)
[2015.09.26-20.38.35:417][412]LogModuleManager: Shutting down and abandoning module HotReload (92)
[2015.09.26-20.38.35:417][412]LogModuleManager: Shutting down and abandoning module MainFrame (91)
[2015.09.26-20.38.35:417][412]LogModuleManager: Shutting down and abandoning module LevelEditor (90)
[2015.09.26-20.38.35:418][412]LogModuleManager: Shutting down and abandoning module DirectoryWatcher (89)
[2015.09.26-20.38.35:419][412]LogModuleManager: Shutting down and abandoning module AssetRegistry (88)
[2015.09.26-20.38.35:545][412]LogModuleManager: Shutting down and abandoning module ContentBrowser (87)
[2015.09.26-20.38.35:545][412]LogModuleManager: Shutting down and abandoning module Paper2DEditor (86)
[2015.09.26-20.38.35:545][412]LogModuleManager: Shutting down and abandoning module UdpMessaging (85)
[2015.09.26-20.38.35:645][412]LogModuleManager: Shutting down and abandoning module LightPropagationVolumeRuntime (84)
[2015.09.26-20.38.35:645][412]LogModuleManager: Shutting down and abandoning module Paper2D (83)
[2015.09.26-20.38.35:645][412]LogModuleManager: Shutting down and abandoning module WindowsMoviePlayer (82)
[2015.09.26-20.38.35:666][412]LogModuleManager: Shutting down and abandoning module Media (81)
[2015.09.26-20.38.35:666][412]LogModuleManager: Shutting down and abandoning module WmfMedia (80)
[2015.09.26-20.38.35:667][412]LogModuleManager: Shutting down and abandoning module OnlineBlueprintSupport (79)
[2015.09.26-20.38.35:667][412]LogModuleManager: Shutting down and abandoning module GameplayTasksEditor (78)
[2015.09.26-20.38.35:667][412]LogModuleManager: Shutting down and abandoning module PropertyEditor (77)
[2015.09.26-20.38.35:667][412]LogModuleManager: Shutting down and abandoning module BehaviorTreeEditor (76)
[2015.09.26-20.38.35:667][412]LogModuleManager: Shutting down and abandoning module FunctionalTesting (75)
[2015.09.26-20.38.35:667][412]LogModuleManager: Shutting down and abandoning module CollisionAnalyzer (74)
[2015.09.26-20.38.35:668][412]LogModuleManager: Shutting down and abandoning module WorkspaceMenuStructure (73)
[2015.09.26-20.38.35:668][412]LogModuleManager: Shutting down and abandoning module MessageLog (72)
[2015.09.26-20.38.35:668][412]LogModuleManager: Shutting down and abandoning module Sequencer (71)
[2015.09.26-20.38.35:668][412]LogModuleManager: Shutting down and abandoning module AssetTools (70)
[2015.09.26-20.38.35:668][412]LogModuleManager: Shutting down and abandoning module UMGEditor (69)
[2015.09.26-20.38.35:668][412]LogModuleManager: Shutting down and abandoning module UMG (68)
[2015.09.26-20.38.35:669][412]LogModuleManager: Shutting down and abandoning module Slate (67)
[2015.09.26-20.38.35:669][412]LogModuleManager: Shutting down and abandoning module EditorStyle (66)
[2015.09.26-20.38.35:678][412]LogModuleManager: Shutting down and abandoning module SessionServices (65)
[2015.09.26-20.38.35:678][412]LogModuleManager: Shutting down and abandoning module SourceCodeAccess (64)
[2015.09.26-20.38.35:678][412]LogModuleManager: Shutting down and abandoning module HeadMountedDisplay (63)
[2015.09.26-20.38.35:678][412]LogModuleManager: Shutting down and abandoning module XAudio2 (62)
[2015.09.26-20.38.35:678][412]LogModuleManager: Shutting down and abandoning module Networking (60)
[2015.09.26-20.38.35:678][412]LogModuleManager: Shutting down and abandoning module Core (59)
[2015.09.26-20.38.35:678][412]LogModuleManager: Shutting down and abandoning module KismetCompiler (58)
[2015.09.26-20.38.35:678][412]LogModuleManager: Shutting down and abandoning module PhysXFormats (57)
[2015.09.26-20.38.35:678][412]LogModuleManager: Shutting down and abandoning module MeshUtilities (56)
[2015.09.26-20.38.35:679][412]LogModuleManager: Shutting down and abandoning module CookingStats (55)
[2015.09.26-20.38.35:692][412]LogModuleManager: Shutting down and abandoning module DerivedDataCache (54)
[2015.09.26-20.38.36:056][412]LogDerivedDataCache: Shutdown
[2015.09.26-20.38.36:056][412]LogModuleManager: Shutting down and abandoning module ShaderFormatOpenGL (53)
[2015.09.26-20.38.36:056][412]LogModuleManager: Shutting down and abandoning module ShaderFormatD3D (52)
[2015.09.26-20.38.36:056][412]LogModuleManager: Shutting down and abandoning module MetalShaderFormat (51)
[2015.09.26-20.38.36:056][412]LogModuleManager: Shutting down and abandoning module TextureFormatUncompressed (50)
[2015.09.26-20.38.36:056][412]LogModuleManager: Shutting down and abandoning module TextureFormatPVR (49)
[2015.09.26-20.38.36:056][412]LogModuleManager: Shutting down and abandoning module TextureFormatIntelISPCTexComp (48)
[2015.09.26-20.38.36:056][412]LogModuleManager: Shutting down and abandoning module TextureFormatDXT (47)
[2015.09.26-20.38.36:056][412]LogModuleManager: Shutting down and abandoning module ImageWrapper (46)
[2015.09.26-20.38.36:056][412]LogModuleManager: Shutting down and abandoning module TextureFormatASTC (45)
[2015.09.26-20.38.36:056][412]LogModuleManager: Shutting down and abandoning module TextureFormatAndroid (44)
[2015.09.26-20.38.36:056][412]LogModuleManager: Shutting down and abandoning module AudioFormatOpus (43)
[2015.09.26-20.38.36:056][412]LogModuleManager: Shutting down and abandoning module AudioFormatOgg (42)
[2015.09.26-20.38.36:056][412]LogModuleManager: Shutting down and abandoning module AudioFormatADPCM (41)
[2015.09.26-20.38.36:056][412]LogModuleManager: Shutting down and abandoning module LinuxTargetPlatform (40)
[2015.09.26-20.38.36:056][412]LogModuleManager: Shutting down and abandoning module LinuxServerTargetPlatform (39)
[2015.09.26-20.38.36:056][412]LogModuleManager: Shutting down and abandoning module LinuxNoEditorTargetPlatform (38)
[2015.09.26-20.38.36:056][412]LogModuleManager: Shutting down and abandoning module Messaging (37)
[2015.09.26-20.38.36:056][412]LogModuleManager: Shutting down and abandoning module IOSTargetPlatform (36)
[2015.09.26-20.38.36:056][412]LogModuleManager: Shutting down and abandoning module HTML5TargetPlatform (35)
[2015.09.26-20.38.36:056][412]LogModuleManager: Shutting down and abandoning module Android_PVRTCTargetPlatform (34)
[2015.09.26-20.38.36:056][412]LogModuleManager: Shutting down and abandoning module Android_ETC2TargetPlatform (33)
[2015.09.26-20.38.36:056][412]LogModuleManager: Shutting down and abandoning module Android_ETC1TargetPlatform (32)
[2015.09.26-20.38.36:056][412]LogModuleManager: Shutting down and abandoning module Android_DXTTargetPlatform (31)
[2015.09.26-20.38.36:056][412]LogModuleManager: Shutting down and abandoning module Android_ATCTargetPlatform (30)
[2015.09.26-20.38.36:080][412]LogModuleManager: Shutting down and abandoning module Android_ASTCTargetPlatform (29)
[2015.09.26-20.38.36:080][412]LogModuleManager: Shutting down and abandoning module AndroidTargetPlatform (28)
[2015.09.26-20.38.36:080][412]LogModuleManager: Shutting down and abandoning module WindowsTargetPlatform (27)
[2015.09.26-20.38.36:080][412]LogModuleManager: Shutting down and abandoning module WindowsServerTargetPlatform (26)
[2015.09.26-20.38.36:080][412]LogModuleManager: Shutting down and abandoning module WindowsNoEditorTargetPlatform (25)
[2015.09.26-20.38.36:080][412]LogModuleManager: Shutting down and abandoning module WindowsClientTargetPlatform (24)
[2015.09.26-20.38.36:081][412]LogModuleManager: Shutting down and abandoning module AllDesktopTargetPlatform (23)
[2015.09.26-20.38.36:081][412]LogModuleManager: Shutting down and abandoning module TargetPlatform (22)
[2015.09.26-20.38.36:081][412]LogModuleManager: Shutting down and abandoning module InputCore (21)
[2015.09.26-20.38.36:081][412]LogModuleManager: Shutting down and abandoning module Settings (20)
[2015.09.26-20.38.36:081][412]LogModuleManager: Shutting down and abandoning module OnlineSubsystem (18)
[2015.09.26-20.38.36:081][412]LogModuleManager: Shutting down and abandoning module HTTP (17)
[2015.09.26-20.38.37:081][412]LogModuleManager: Shutting down and abandoning module XMPP (16)
[2015.09.26-20.38.37:081][412]LogModuleManager: Shutting down and abandoning module ExampleDeviceProfileSelector (15)
[2015.09.26-20.38.37:081][412]LogModuleManager: Shutting down and abandoning module TextureCompressor (14)
[2015.09.26-20.38.37:081][412]LogModuleManager: Shutting down and abandoning module ShaderCore (13)
[2015.09.26-20.38.37:081][412]LogModuleManager: Shutting down and abandoning module Landscape (12)
[2015.09.26-20.38.37:081][412]LogModuleManager: Shutting down and abandoning module SlateRHIRenderer (11)
[2015.09.26-20.38.37:082][412]LogModuleManager: Shutting down and abandoning module OpenGLDrv (10)
[2015.09.26-20.38.37:082][412]LogModuleManager: Shutting down and abandoning module D3D11RHI (9)
[2015.09.26-20.38.37:082][412]LogModuleManager: Shutting down and abandoning module AnimGraphRuntime (8)
[2015.09.26-20.38.37:082][412]LogModuleManager: Shutting down and abandoning module Renderer (7)
[2015.09.26-20.38.37:082][412]LogModuleManager: Shutting down and abandoning module Engine (6)
[2015.09.26-20.38.37:082][412]LogModuleManager: Shutting down and abandoning module CoreUObject (5)
[2015.09.26-20.38.37:082][412]LogModuleManager: Shutting down and abandoning module NetworkFile (4)
[2015.09.26-20.38.37:082][412]LogModuleManager: Shutting down and abandoning module StreamingFile (3)
[2015.09.26-20.38.37:082][412]LogModuleManager: Shutting down and abandoning module SandboxFile (2)
[2015.09.26-20.38.37:082][412]LogModuleManager: Shutting down and abandoning module PakFile (1)
[2015.09.26-20.38.37:083][412]LogExit: Exiting.
[2015.09.26-20.38.37:095][412]Log file closed, 09/26/15 16:38:37
