[2015.09.29-23.01.38:133][  0]Log file open, 09/29/15 19:01:38
[2015.09.29-23.01.38:133][  0]LogInit:Display: Running engine for game: ThePiedPiper
[2015.09.29-23.01.38:133][  0]LogInit:Display: RandInit(1076070781) SRandInit(1076070782).
[2015.09.29-23.01.38:133][  0]LogTaskGraph: Started task graph with 4 named threads and 7 total threads.
[2015.09.29-23.01.38:133][  0]LogStats: Stats thread started at 0.344095
[2015.09.29-23.01.38:133][  0]LogInit: Version: 4.9.1-2689999+++depot+UE4-Releases+4.9
[2015.09.29-23.01.38:133][  0]LogInit: API Version: 2672455
[2015.09.29-23.01.38:133][  0]LogInit: Compiled (64-bit): Sep 14 2015 04:12:03
[2015.09.29-23.01.38:133][  0]LogInit: Compiled with Visual C++: 18.00.21005.01
[2015.09.29-23.01.38:133][  0]LogInit: Build Configuration: Development
[2015.09.29-23.01.38:133][  0]LogInit: Branch Name: ++depot+UE4-Releases+4.9
[2015.09.29-23.01.38:133][  0]LogInit: Command line:  
[2015.09.29-23.01.38:133][  0]LogInit: Base directory: B:/Program Files/Epic Games/4.9/Engine/Binaries/Win64/
[2015.09.29-23.01.38:133][  0]LogInit: Rocket: 1
[2015.09.29-23.01.38:323][  0]LogInit: Using libcurl 7.41.0
[2015.09.29-23.01.38:323][  0]LogInit:  - built for x86_64-pc-win32
[2015.09.29-23.01.38:323][  0]LogInit:  - supports SSL with WinSSL
[2015.09.29-23.01.38:323][  0]LogInit:  - other features:
[2015.09.29-23.01.38:323][  0]LogInit:      CURL_VERSION_SSL
[2015.09.29-23.01.38:323][  0]LogInit:      CURL_VERSION_IPV6
[2015.09.29-23.01.38:323][  0]LogInit:      CURL_VERSION_ASYNCHDNS
[2015.09.29-23.01.38:323][  0]LogInit:      CURL_VERSION_LARGEFILE
[2015.09.29-23.01.38:323][  0]LogInit:      CURL_VERSION_IDN
[2015.09.29-23.01.38:323][  0]LogInit:  CurlRequestOptions (configurable via config and command line):
[2015.09.29-23.01.38:323][  0]LogInit:  - bVerifyPeer = true  - Libcurl will verify peer certificate
[2015.09.29-23.01.38:323][  0]LogInit:  - bUseHttpProxy = false  - Libcurl will NOT use HTTP proxy
[2015.09.29-23.01.38:323][  0]LogInit:  - bDontReuseConnections = false  - Libcurl will reuse connections
[2015.09.29-23.01.38:323][  0]LogInit:  - CertBundlePath = nullptr  - Libcurl will use whatever was configured at build time.
[2015.09.29-23.01.38:650][  0]LogInit: Presizing for 0 objects not considered by GC, pre-allocating 0 bytes.
[2015.09.29-23.01.38:657][  0]LogInit: Object subsystem initialized
[2015.09.29-23.01.38:658][  0]LogInit: Selected Device Profile: [Windows]
[2015.09.29-23.01.38:658][  0]LogInit: Applying CVar settings loaded from the selected device profile: [Windows]
[2015.09.29-23.01.38:683][  0]LogInit: Computer: GIGGA-PLEASE
[2015.09.29-23.01.38:683][  0]LogInit: User: Derek
[2015.09.29-23.01.38:683][  0]LogInit: CPU Page size=4096, Cores=4
[2015.09.29-23.01.38:683][  0]LogInit: High frequency timer resolution =3.421329 MHz
[2015.09.29-23.01.38:683][  0]LogMemory: Memory total: Physical=16.0GB (16GB approx)
[2015.09.29-23.01.38:684][  0]LogMemory: Platform Memory Stats for Windows
[2015.09.29-23.01.38:684][  0]LogMemory: Process Physical Memory: 54.29 MB used, 54.29 MB peak
[2015.09.29-23.01.38:684][  0]LogMemory: Process Virtual Memory: 57.30 MB used, 57.30 MB peak
[2015.09.29-23.01.38:684][  0]LogMemory: Physical Memory: 4188.84 MB used, 16345.78 MB total
[2015.09.29-23.01.38:684][  0]LogMemory: Virtual Memory: 366.80 MB used, 134217728.00 MB total
[2015.09.29-23.01.40:052][  0]LogTextLocalizationManager: No specific translations for ('en-US') exist, so ('en') translations will be used.
[2015.09.29-23.01.40:856][  0]LogD3D11RHI: Found D3D11 adapter 0: NVIDIA GeForce GTX 690 (Feature Level 11_0)
[2015.09.29-23.01.40:856][  0]LogD3D11RHI: Adapter has 1989MB of dedicated video memory, 0MB of dedicated system memory, and 8172MB of shared system memory, 1 output[s]
[2015.09.29-23.01.40:892][  0]LogD3D11RHI: Found D3D11 adapter 1: NVIDIA GeForce GTX 690 (Feature Level 11_0)
[2015.09.29-23.01.40:892][  0]LogD3D11RHI: Adapter has 1989MB of dedicated video memory, 0MB of dedicated system memory, and 8172MB of shared system memory, 1 output[s]
[2015.09.29-23.01.40:893][  0]LogD3D11RHI: Found D3D11 adapter 2: Microsoft Basic Render Driver (Feature Level 11_0)
[2015.09.29-23.01.40:893][  0]LogD3D11RHI: Adapter has 0MB of dedicated video memory, 0MB of dedicated system memory, and 8172MB of shared system memory, 0 output[s]
[2015.09.29-23.01.40:893][  0]LogD3D11RHI: Chosen D3D11 Adapter Id = 0
[2015.09.29-23.01.40:897][  0]LogD3D11RHI: !Direct3DDevice
[2015.09.29-23.01.40:897][  0]LogRHI: Texture pool is 1361 MB (70% of 1945 MB)
[2015.09.29-23.01.40:917][  0]LogD3D11RHI: Async texture creation enabled
[2015.09.29-23.01.40:932][  0]LogShaderCompilers: Guid format shader working directory is 15 characters bigger than the processId version (../../../../../../MQP/pipermqp/prodenv/ThePiedPiper/Intermediate/Shaders/WorkingDirectory/5456/).
[2015.09.29-23.01.40:932][  0]LogShaderCompilers: Cleaned the shader compiler working directory '../../../../../../MQP/pipermqp/prodenv/ThePiedPiper/Intermediate/Shaders/tmp/7A6A59F7418252FF3FC0AB9A979A0723/'.
[2015.09.29-23.01.40:932][  0]LogShaderCompilers:Display: Using Local Shader Compiler.
[2015.09.29-23.01.43:102][  0]LogTemp:Display: Loaded TP AllDesktopTargetPlatform
[2015.09.29-23.01.43:310][  0]LogTemp:Display: Loaded TP WindowsClientTargetPlatform
[2015.09.29-23.01.43:496][  0]LogTemp:Display: Loaded TP WindowsNoEditorTargetPlatform
[2015.09.29-23.01.43:701][  0]LogTemp:Display: Loaded TP WindowsServerTargetPlatform
[2015.09.29-23.01.43:850][  0]LogTemp:Display: Loaded TP WindowsTargetPlatform
[2015.09.29-23.01.43:999][  0]LogTemp:Display: Loaded TP AndroidTargetPlatform
[2015.09.29-23.01.44:165][  0]LogTemp:Display: Loaded TP Android_ASTCTargetPlatform
[2015.09.29-23.01.44:317][  0]LogTemp:Display: Loaded TP Android_ATCTargetPlatform
[2015.09.29-23.01.44:462][  0]LogTemp:Display: Loaded TP Android_DXTTargetPlatform
[2015.09.29-23.01.44:613][  0]LogTemp:Display: Loaded TP Android_ETC1TargetPlatform
[2015.09.29-23.01.44:758][  0]LogTemp:Display: Loaded TP Android_ETC2TargetPlatform
[2015.09.29-23.01.44:899][  0]LogTemp:Display: Loaded TP Android_PVRTCTargetPlatform
[2015.09.29-23.01.45:051][  0]LogTemp:Display: Loaded TP HTML5TargetPlatform
[2015.09.29-23.01.45:513][  0]LogTemp:Display: Loaded TP IOSTargetPlatform
[2015.09.29-23.01.45:665][  0]LogTemp:Display: Loaded TP LinuxNoEditorTargetPlatform
[2015.09.29-23.01.45:831][  0]LogTemp:Display: Loaded TP LinuxServerTargetPlatform
[2015.09.29-23.01.45:978][  0]LogTemp:Display: Loaded TP LinuxTargetPlatform
[2015.09.29-23.01.45:978][  0]LogTargetPlatformManager:Display: Building Assets For Windows
[2015.09.29-23.01.48:822][  0]LogDerivedDataCache:Display: Max Cache Size: 512 MB
[2015.09.29-23.01.48:965][  0]LogDerivedDataCache: Loaded boot cache 0.14s 41MB C:/Users/Derek/AppData/Local/UnrealEngine/4.9/DerivedDataCache/Boot.ddc.
[2015.09.29-23.01.48:965][  0]LogDerivedDataCache:Display: Loaded Boot cache: C:/Users/Derek/AppData/Local/UnrealEngine/4.9/DerivedDataCache/Boot.ddc
[2015.09.29-23.01.48:965][  0]LogDerivedDataCache: FDerivedDataBackendGraph:  Pak pak cache file ../../../../../../MQP/pipermqp/prodenv/ThePiedPiper/DerivedDataCache/DDC.ddp not found, will not use a pak cache.
[2015.09.29-23.01.48:965][  0]LogDerivedDataCache: Unable to find inner node Pak for hierarchical cache Hierarchy.
[2015.09.29-23.01.48:965][  0]LogDerivedDataCache: FDerivedDataBackendGraph:  CompressedPak pak cache file ../../../../../../MQP/pipermqp/prodenv/ThePiedPiper/DerivedDataCache/Compressed.ddp not found, will not use a pak cache.
[2015.09.29-23.01.48:965][  0]LogDerivedDataCache: Unable to find inner node CompressedPak for hierarchical cache Hierarchy.
[2015.09.29-23.01.49:166][  0]LogDerivedDataCache:Display: Pak cache opened for reading ../../../Engine/DerivedDataCache/Compressed.ddp.
[2015.09.29-23.01.49:180][  0]LogDerivedDataCache: Using Local data cache path C:/Users/Derek/AppData/Local/UnrealEngine/Common/DerivedDataCache: Writable
[2015.09.29-23.01.54:335][  0]LogInit: Selected Device Profile: [Windows]
[2015.09.29-23.01.54:338][  0]LogContentStreaming: Texture pool size is 0.000000MB
[2015.09.29-23.01.54:769][  0]LogMeshUtilities: No automatic mesh reduction module available
[2015.09.29-23.01.54:769][  0]LogMeshUtilities: No automatic mesh merging module available
[2015.09.29-23.01.56:065][  0]LogInit: WinSock: version 1.1 (2.2), MaxSocks=32767, MaxUdp=65467
[2015.09.29-23.02.16:500][  0]UdpMessaging: Initializing bridge on interface 0.0.0.0:0 to multicast group 230.0.0.1:6666.
[2015.09.29-23.02.17:782][  0]LogAssetRegistry: FAssetRegistry took 0.0108 seconds to start up
[2015.09.29-23.02.20:292][  0]SourceControl: Info Source control is disabled
[2015.09.29-23.02.20:301][  0]SourceControl: Info Source control is disabled
[2015.09.29-23.02.20:495][  0]SourceControl: Info Source control is disabled
[2015.09.29-23.02.20:833][  0]SourceControl: Info Source control is disabled
[2015.09.29-23.02.23:298][  0]LogLinker:Warning: Asset '../../../Engine/Plugins/Runtime/LeapMotionController/Content/LM_PassthroughMaterial.uasset' has been saved with empty engine version. The asset will be loaded but may be incompatible.
[2015.09.29-23.02.24:425][  0]LogObj: 28361 objects as part of root set at end of initial load.
[2015.09.29-23.02.24:426][  0]LogUObjectAllocator: 6038872 out of 0 bytes used by permanent object pool.
[2015.09.29-23.02.24:989][  0]LogEngine: Initializing Engine...
[2015.09.29-23.02.24:991][  0]LogHMD: Can't find Oculus library dev build: is proper Runtime installed? Version: 0.7.0.0
[2015.09.29-23.02.25:184][  0]LogHMD: SteamVR failed to initialize.  Err: 110
[2015.09.29-23.02.25:448][  0]LogAIModule: Creating AISystem for world NewWorld
[2015.09.29-23.02.25:468][  0]LogInit: XAudio2 using 'Speakers (Realtek High Definition Audio)' : 2 channels at 48 kHz using 32 bits per sample (channel mask 0x3)
[2015.09.29-23.02.25:482][  0]LogInit: FAudioDevice initialized.
[2015.09.29-23.02.25:498][  0]LogDerivedDataCache: Saved boot cache 0.02s 41MB C:/Users/Derek/AppData/Local/UnrealEngine/4.9/DerivedDataCache/Boot.ddc.
[2015.09.29-23.02.25:501][  0]LogInit: Texture streaming: Enabled
[2015.09.29-23.02.25:791][  0]LogAnalytics: Creating configured Analytics provider AnalyticsET
[2015.09.29-23.02.25:791][  0]LogAnalytics: [UEEditor.Rocket.Release] APIServer = http://et2.epicgames.com/ET2/. AppVersion = 4.9.1-2689999+++depot+UE4-Releases+4.9
[2015.09.29-23.02.25:791][  0]LogAnalytics: [UEEditor.Rocket.Release] SetUserId 2e0b8d304743f53d768c7bab698458a2|13f52eff42b64b1c9a021f523ba7dda1|718aabc6-46db-472f-9c76-f171a9468605
[2015.09.29-23.02.25:792][  0]LogAnalytics: [UEEditor.Rocket.Release] AnalyticsET::StartSession
[2015.09.29-23.02.25:970][  0]LogWindowsTextInputMethodSystem:Display: IME system now deactivated.
[2015.09.29-23.02.25:970][  0]LogWindowsTextInputMethodSystem:Display: IME system now deactivated.
[2015.09.29-23.02.25:992][  0]LogInit: Transaction tracking system initialized
[2015.09.29-23.02.27:175][  0]BlueprintLog: New page: Editor Load
[2015.09.29-23.02.31:399][  0]LocalizationService: Info Localization service is disabled
[2015.09.29-23.02.33:852][  0]LogConsoleResponse:Display: 
[2015.09.29-23.02.35:357][  0]LogCook:Display: Done creating registry. It took  0.00s.
[2015.09.29-23.02.35:564][  0]LogFileCache: Scanning file cache for directory 'B:/MQP/pipermqp/prodenv/ThePiedPiper/Content/' took 0.01s
[2015.09.29-23.02.37:492][  0]SourceControl: Info Source control is disabled
[2015.09.29-23.02.37:492][  0]Cmd: MAP LOAD FILE="../../../../../../MQP/pipermqp/prodenv/ThePiedPiper/Content/FirstPersonBP/Maps/FirstPersonExampleMap.umap" TEMPLATE=0 SHOWPROGRESS=1 FEATURELEVEL=3
[2015.09.29-23.02.37:492][  0]LogEditorServer:Warning: Can't find file '../../../../../../MQP/pipermqp/prodenv/ThePiedPiper/Content/FirstPersonBP/Maps/FirstPersonExampleMap.umap'
[2015.09.29-23.02.37:492][  0]Cmd: MAP CHECKDEP NOCLEARLOG
[2015.09.29-23.02.37:535][  0]MapCheck: Info Map check complete: 0 Error(s), 0 Warning(s), took 42.519ms to complete.
[2015.09.29-23.02.37:535][  0]LogFileHelpers: Loading map 'FirstPersonExampleMap' took 0.043
[2015.09.29-23.02.37:945][  0]LogCollectionManager: Loaded 0 collections in 0.001151 seconds
[2015.09.29-23.02.38:010][  0]LogFileCache: Scanning file cache for directory 'B:/MQP/pipermqp/prodenv/ThePiedPiper/Saved/Collections/' took 0.01s
[2015.09.29-23.02.38:010][  0]LogFileCache: Scanning file cache for directory 'B:/MQP/pipermqp/prodenv/ThePiedPiper/Content/Developers/Derek/Collections/' took 0.01s
[2015.09.29-23.02.38:010][  0]LogFileCache: Scanning file cache for directory 'B:/MQP/pipermqp/prodenv/ThePiedPiper/Content/Collections/' took 0.01s
[2015.09.29-23.02.38:010][  0]LogContentBrowser: Native class hierarchy populated in 0.0063 seconds. Added 1867 classes and 333 folders.
[2015.09.29-23.02.38:014][  0]LogCollectionManager: Rebuilt the GUID cache for 0 collections in 0.000006 seconds
[2015.09.29-23.02.38:019][  0]LogContentBrowser: Native class hierarchy updated for 'WidgetCarousel' in 0.0003 seconds. Added 0 classes and 0 folders.
[2015.09.29-23.02.38:942][  0]LogContentBrowser: Native class hierarchy updated for 'AddContentDialog' in 0.0003 seconds. Added 0 classes and 0 folders.
[2015.09.29-23.02.39:157][  0]LogContentBrowser: Native class hierarchy updated for 'SceneOutliner' in 0.0003 seconds. Added 1 classes and 2 folders.
[2015.09.29-23.02.39:427][  0]LogCrashTracker: Crashtracker disabled due to settings.
[2015.09.29-23.02.39:432][  0]LogUObjectGlobals:Warning: Failed to find object 'Class None.'
[2015.09.29-23.02.39:454][  0]LogLoad: Full Startup: 63.36 seconds (BP compile: 0.10 seconds)
[2015.09.29-23.02.39:612][  0]LogContentStreaming: Texture pool size now 1000 MB
[2015.09.29-23.02.39:747][  0]LogRenderer: Reallocating scene render targets to support 1208x576 (Frame:2).
[2015.09.29-23.02.39:888][  2]LogAssetRegistry: Asset discovery search completed in 22.1174 seconds
[2015.09.29-23.02.39:888][  2]LogCollectionManager: Rebuilt the object cache for 0 collections in 0.000001 seconds (found 0 objects)
[2015.09.29-23.02.39:888][  2]LogCollectionManager: Fixed up redirectors for 0 collections in 0.000040 seconds (updated 0 objects)
[2015.09.29-23.03.50:735][720]LogWindowsTextInputMethodSystem:Display: IME system now deactivated.
[2015.09.29-23.03.50:736][720]LogWindowsTextInputMethodSystem:Display: IME system now deactivated.
[2015.09.29-23.03.50:986][721]Cmd: QUIT_EDITOR
[2015.09.29-23.03.51:215][721]LogExit: Preparing to exit.
[2015.09.29-23.03.51:617][721]LogExit: Editor shut down
[2015.09.29-23.03.51:618][721]LogParticles: Destroying 0 GPU particle simulations for FXSystem 0x00000024F0802160
[2015.09.29-23.03.51:618][721]LogExit: Transaction tracking system shut down
[2015.09.29-23.03.51:619][721]LogParticles: Destroying 0 GPU particle simulations for FXSystem 0x00000024ED403D80
[2015.09.29-23.03.51:720][721]LogExit: Object subsystem successfully closed.
[2015.09.29-23.03.51:737][721]LogD3D11RHI: Shutdown
[2015.09.29-23.03.51:737][721]LogD3D11RHI: CleanupD3DDevice
[2015.09.29-23.03.51:781][721]LogD3D11RHI: ~FD3D11DynamicRHI
[2015.09.29-23.03.51:800][721]LogModuleManager: Shutting down and abandoning module CrashTracker (196)
[2015.09.29-23.03.51:800][721]LogModuleManager: Shutting down and abandoning module SceneOutliner (195)
[2015.09.29-23.03.51:800][721]LogModuleManager: Shutting down and abandoning module SuperSearch (194)
[2015.09.29-23.03.51:800][721]LogModuleManager: Shutting down and abandoning module WidgetCarousel (193)
[2015.09.29-23.03.51:800][721]LogModuleManager: Shutting down and abandoning module AddContentDialog (192)
[2015.09.29-23.03.51:801][721]LogModuleManager: Shutting down and abandoning module EditorWidgets (191)
[2015.09.29-23.03.51:801][721]LogModuleManager: Shutting down and abandoning module CollectionManager (190)
[2015.09.29-23.03.51:801][721]LogModuleManager: Shutting down and abandoning module FoliageEdit (189)
[2015.09.29-23.03.51:801][721]LogModuleManager: Shutting down and abandoning module LandscapeEditor (188)
[2015.09.29-23.03.51:801][721]LogModuleManager: Shutting down and abandoning module ActorPickerMode (187)
[2015.09.29-23.03.51:801][721]LogModuleManager: Shutting down and abandoning module GeometryMode (186)
[2015.09.29-23.03.51:801][721]LogModuleManager: Shutting down and abandoning module TextureAlignMode (185)
[2015.09.29-23.03.51:801][721]LogModuleManager: Shutting down and abandoning module BspMode (184)
[2015.09.29-23.03.51:801][721]LogModuleManager: Shutting down and abandoning module PlacementMode (183)
[2015.09.29-23.03.51:801][721]LogModuleManager: Shutting down and abandoning module AutomationWorker (182)
[2015.09.29-23.03.51:801][721]LogModuleManager: Shutting down and abandoning module CharacterAI (181)
[2015.09.29-23.03.51:801][721]LogModuleManager: Shutting down and abandoning module SmartSnapping (180)
[2015.09.29-23.03.51:801][721]LogModuleManager: Shutting down and abandoning module ViewportSnapping (179)
[2015.09.29-23.03.51:801][721]LogModuleManager: Shutting down and abandoning module LogVisualizer (178)
[2015.09.29-23.03.51:801][721]LogModuleManager: Shutting down and abandoning module GameProjectGeneration (177)
[2015.09.29-23.03.51:801][721]LogModuleManager: Shutting down and abandoning module IntroTutorials (176)
[2015.09.29-23.03.51:801][721]LogModuleManager: Shutting down and abandoning module EditorLiveStreaming (175)
[2015.09.29-23.03.51:801][721]LogModuleManager: Shutting down and abandoning module IOSPlatformEditor (174)
[2015.09.29-23.03.51:801][721]LogModuleManager: Shutting down and abandoning module HTML5PlatformEditor (173)
[2015.09.29-23.03.51:801][721]LogModuleManager: Shutting down and abandoning module AndroidDeviceDetection (172)
[2015.09.29-23.03.51:803][721]LogModuleManager: Shutting down and abandoning module AndroidPlatformEditor (171)
[2015.09.29-23.03.51:803][721]LogModuleManager: Shutting down and abandoning module IOSRuntimeSettings (170)
[2015.09.29-23.03.51:803][721]LogModuleManager: Shutting down and abandoning module AndroidRuntimeSettings (169)
[2015.09.29-23.03.51:803][721]LogModuleManager: Shutting down and abandoning module MergeActors (168)
[2015.09.29-23.03.51:803][721]LogModuleManager: Shutting down and abandoning module SizeMap (167)
[2015.09.29-23.03.51:803][721]LogModuleManager: Shutting down and abandoning module TreeMap (166)
[2015.09.29-23.03.51:803][721]LogModuleManager: Shutting down and abandoning module ReferenceViewer (165)
[2015.09.29-23.03.51:803][721]LogModuleManager: Shutting down and abandoning module LocalizationService (164)
[2015.09.29-23.03.51:803][721]LogModuleManager: Shutting down and abandoning module LocalizationDashboard (163)
[2015.09.29-23.03.51:803][721]LogModuleManager: Shutting down and abandoning module HardwareTargeting (162)
[2015.09.29-23.03.51:803][721]LogModuleManager: Shutting down and abandoning module DeviceProfileEditor (161)
[2015.09.29-23.03.51:803][721]LogModuleManager: Shutting down and abandoning module UndoHistory (160)
[2015.09.29-23.03.51:803][721]LogModuleManager: Shutting down and abandoning module GameplayTagsEditor (159)
[2015.09.29-23.03.51:803][721]LogModuleManager: Shutting down and abandoning module UserFeedback (158)
[2015.09.29-23.03.51:803][721]LogModuleManager: Shutting down and abandoning module XmlParser (157)
[2015.09.29-23.03.51:804][721]LogModuleManager: Shutting down and abandoning module Blutility (156)
[2015.09.29-23.03.51:804][721]LogModuleManager: Shutting down and abandoning module ProjectTargetPlatformEditor (155)
[2015.09.29-23.03.51:804][721]LogModuleManager: Shutting down and abandoning module ProjectSettingsViewer (154)
[2015.09.29-23.03.51:804][721]LogModuleManager: Shutting down and abandoning module InputBindingEditor (153)
[2015.09.29-23.03.51:804][721]LogModuleManager: Shutting down and abandoning module EditorSettingsViewer (152)
[2015.09.29-23.03.51:804][721]LogModuleManager: Shutting down and abandoning module SettingsEditor (151)
[2015.09.29-23.03.51:804][721]LogModuleManager: Shutting down and abandoning module ProjectLauncher (150)
[2015.09.29-23.03.51:804][721]LogModuleManager: Shutting down and abandoning module SessionFrontend (149)
[2015.09.29-23.03.51:804][721]LogModuleManager: Shutting down and abandoning module ProfilerClient (148)
[2015.09.29-23.03.51:804][721]LogModuleManager: Shutting down and abandoning module TargetDeviceServices (147)
[2015.09.29-23.03.51:804][721]LogModuleManager: Shutting down and abandoning module DeviceManager (146)
[2015.09.29-23.03.51:804][721]LogModuleManager: Shutting down and abandoning module AutomationController (145)
[2015.09.29-23.03.51:804][721]LogModuleManager: Shutting down and abandoning module AutomationWindow (144)
[2015.09.29-23.03.51:804][721]LogModuleManager: Shutting down and abandoning module Layers (143)
[2015.09.29-23.03.51:804][721]LogModuleManager: Shutting down and abandoning module ComponentVisualizers (142)
[2015.09.29-23.03.51:804][721]LogModuleManager: Shutting down and abandoning module DetailCustomizations (141)
[2015.09.29-23.03.51:804][721]LogModuleManager: Shutting down and abandoning module PackagesDialog (140)
[2015.09.29-23.03.51:804][721]LogModuleManager: Shutting down and abandoning module Persona (139)
[2015.09.29-23.03.51:804][721]LogModuleManager: Shutting down and abandoning module Kismet (138)
[2015.09.29-23.03.51:804][721]LogModuleManager: Shutting down and abandoning module GraphEditor (137)
[2015.09.29-23.03.51:804][721]LogModuleManager: Shutting down and abandoning module ClassViewer (136)
[2015.09.29-23.03.51:804][721]LogModuleManager: Shutting down and abandoning module Toolbox (135)
[2015.09.29-23.03.51:804][721]LogModuleManager: Shutting down and abandoning module ModuleUI (134)
[2015.09.29-23.03.51:804][721]LogModuleManager: Shutting down and abandoning module MovieSceneTools (133)
[2015.09.29-23.03.51:804][721]LogModuleManager: Shutting down and abandoning module OutputLog (132)
[2015.09.29-23.03.51:804][721]LogModuleManager: Shutting down and abandoning module GammaUI (131)
[2015.09.29-23.03.51:804][721]LogModuleManager: Shutting down and abandoning module Documentation (130)
[2015.09.29-23.03.51:804][721]LogModuleManager: Shutting down and abandoning module GameLiveStreaming (129)
[2015.09.29-23.03.51:805][721]LogModuleManager: Shutting down and abandoning module StreamingPauseRendering (128)
[2015.09.29-23.03.51:805][721]LogModuleManager: Shutting down and abandoning module AnalyticsET (127)
[2015.09.29-23.03.51:805][721]LogModuleManager: Shutting down and abandoning module Analytics (126)
[2015.09.29-23.03.51:805][721]LogModuleManager: Shutting down and abandoning module AITestSuite (125)
[2015.09.29-23.03.51:805][721]LogModuleManager: Shutting down and abandoning module GameplayDebugger (124)
[2015.09.29-23.03.51:805][721]LogModuleManager: Shutting down and abandoning module AIModule (123)
[2015.09.29-23.03.51:805][721]LogModuleManager: Shutting down and abandoning module ProfilerService (122)
[2015.09.29-23.03.52:037][721]LogModuleManager: Shutting down and abandoning module TaskGraph (121)
[2015.09.29-23.03.52:037][721]LogModuleManager: Shutting down and abandoning module SlateRemote (120)
[2015.09.29-23.03.52:037][721]LogModuleManager: Shutting down and abandoning module SteamVRController (119)
[2015.09.29-23.03.52:037][721]LogModuleManager: Shutting down and abandoning module SteamVR (118)
[2015.09.29-23.03.52:037][721]LogModuleManager: Shutting down and abandoning module ProceduralMeshComponent (117)
[2015.09.29-23.03.52:037][721]LogModuleManager: Shutting down and abandoning module OculusRift (116)
[2015.09.29-23.03.52:037][721]LogModuleManager: Shutting down and abandoning module OculusLibrary (115)
[2015.09.29-23.03.52:037][721]LogModuleManager: Shutting down and abandoning module LeapMotionController (114)
[2015.09.29-23.03.52:055][721]LogModuleManager: Shutting down and abandoning module CustomMeshComponent (113)
[2015.09.29-23.03.52:055][721]LogModuleManager: Shutting down and abandoning module CableComponent (112)
[2015.09.29-23.03.52:055][721]LogModuleManager: Shutting down and abandoning module ArchVisCharacter (111)
[2015.09.29-23.03.52:055][721]LogModuleManager: Shutting down and abandoning module MessagingDebugger (110)
[2015.09.29-23.03.52:055][721]LogModuleManager: Shutting down and abandoning module MediaPlayerEditor (109)
[2015.09.29-23.03.52:055][721]LogModuleManager: Shutting down and abandoning module HTML5Networking (108)
[2015.09.29-23.03.52:055][721]LogModuleManager: Shutting down and abandoning module SpeedTreeImporter (107)
[2015.09.29-23.03.52:055][721]LogModuleManager: Shutting down and abandoning module PluginBrowser (106)
[2015.09.29-23.03.52:055][721]LogModuleManager: Shutting down and abandoning module EpicSurvey (105)
[2015.09.29-23.03.52:056][721]LogModuleManager: Shutting down and abandoning module DesktopPlatform (104)
[2015.09.29-23.03.52:056][721]LogModuleManager: Shutting down and abandoning module VisualStudioSourceCodeAccess (103)
[2015.09.29-23.03.52:056][721]LogModuleManager: Shutting down and abandoning module UObjectPlugin (102)
[2015.09.29-23.03.52:056][721]LogModuleManager: Shutting down and abandoning module SubversionSourceControl (101)
[2015.09.29-23.03.52:056][721]LogModuleManager: Shutting down and abandoning module PerforceSourceControl (100)
[2015.09.29-23.03.52:056][721]LogModuleManager: Shutting down and abandoning module SourceControl (99)
[2015.09.29-23.03.52:056][721]LogModuleManager: Shutting down and abandoning module GitSourceControl (98)
[2015.09.29-23.03.52:056][721]LogModuleManager: Shutting down and abandoning module LightPropagationVolumeEditor (97)
[2015.09.29-23.03.52:056][721]LogModuleManager: Shutting down and abandoning module PaperTiledImporter (96)
[2015.09.29-23.03.52:056][721]LogModuleManager: Shutting down and abandoning module PaperSpriteSheetImporter (95)
[2015.09.29-23.03.52:056][721]LogModuleManager: Shutting down and abandoning module MeshPaint (94)
[2015.09.29-23.03.52:056][721]LogModuleManager: Shutting down and abandoning module SlateReflector (93)
[2015.09.29-23.03.52:056][721]LogModuleManager: Shutting down and abandoning module HotReload (92)
[2015.09.29-23.03.52:056][721]LogModuleManager: Shutting down and abandoning module MainFrame (91)
[2015.09.29-23.03.52:056][721]LogModuleManager: Shutting down and abandoning module LevelEditor (90)
[2015.09.29-23.03.52:057][721]LogModuleManager: Shutting down and abandoning module DirectoryWatcher (89)
[2015.09.29-23.03.52:057][721]LogModuleManager: Shutting down and abandoning module AssetRegistry (88)
[2015.09.29-23.03.52:142][721]LogModuleManager: Shutting down and abandoning module ContentBrowser (87)
[2015.09.29-23.03.52:142][721]LogModuleManager: Shutting down and abandoning module Paper2DEditor (86)
[2015.09.29-23.03.52:143][721]LogModuleManager: Shutting down and abandoning module UdpMessaging (85)
[2015.09.29-23.03.52:243][721]LogModuleManager: Shutting down and abandoning module LightPropagationVolumeRuntime (84)
[2015.09.29-23.03.52:243][721]LogModuleManager: Shutting down and abandoning module Paper2D (83)
[2015.09.29-23.03.52:243][721]LogModuleManager: Shutting down and abandoning module WindowsMoviePlayer (82)
[2015.09.29-23.03.52:245][721]LogModuleManager: Shutting down and abandoning module Media (81)
[2015.09.29-23.03.52:245][721]LogModuleManager: Shutting down and abandoning module WmfMedia (80)
[2015.09.29-23.03.52:245][721]LogModuleManager: Shutting down and abandoning module OnlineBlueprintSupport (79)
[2015.09.29-23.03.52:245][721]LogModuleManager: Shutting down and abandoning module GameplayTasksEditor (78)
[2015.09.29-23.03.52:245][721]LogModuleManager: Shutting down and abandoning module PropertyEditor (77)
[2015.09.29-23.03.52:245][721]LogModuleManager: Shutting down and abandoning module BehaviorTreeEditor (76)
[2015.09.29-23.03.52:245][721]LogModuleManager: Shutting down and abandoning module FunctionalTesting (75)
[2015.09.29-23.03.52:245][721]LogModuleManager: Shutting down and abandoning module CollisionAnalyzer (74)
[2015.09.29-23.03.52:245][721]LogModuleManager: Shutting down and abandoning module WorkspaceMenuStructure (73)
[2015.09.29-23.03.52:245][721]LogModuleManager: Shutting down and abandoning module MessageLog (72)
[2015.09.29-23.03.52:245][721]LogModuleManager: Shutting down and abandoning module Sequencer (71)
[2015.09.29-23.03.52:245][721]LogModuleManager: Shutting down and abandoning module AssetTools (70)
[2015.09.29-23.03.52:246][721]LogModuleManager: Shutting down and abandoning module UMGEditor (69)
[2015.09.29-23.03.52:246][721]LogModuleManager: Shutting down and abandoning module UMG (68)
[2015.09.29-23.03.52:246][721]LogModuleManager: Shutting down and abandoning module Slate (67)
[2015.09.29-23.03.52:246][721]LogModuleManager: Shutting down and abandoning module EditorStyle (66)
[2015.09.29-23.03.52:247][721]LogModuleManager: Shutting down and abandoning module SessionServices (65)
[2015.09.29-23.03.52:247][721]LogModuleManager: Shutting down and abandoning module SourceCodeAccess (64)
[2015.09.29-23.03.52:247][721]LogModuleManager: Shutting down and abandoning module HeadMountedDisplay (63)
[2015.09.29-23.03.52:247][721]LogModuleManager: Shutting down and abandoning module XAudio2 (62)
[2015.09.29-23.03.52:247][721]LogModuleManager: Shutting down and abandoning module Networking (60)
[2015.09.29-23.03.52:247][721]LogModuleManager: Shutting down and abandoning module Core (59)
[2015.09.29-23.03.52:247][721]LogModuleManager: Shutting down and abandoning module KismetCompiler (58)
[2015.09.29-23.03.52:247][721]LogModuleManager: Shutting down and abandoning module PhysXFormats (57)
[2015.09.29-23.03.52:247][721]LogModuleManager: Shutting down and abandoning module MeshUtilities (56)
[2015.09.29-23.03.52:247][721]LogModuleManager: Shutting down and abandoning module CookingStats (55)
[2015.09.29-23.03.52:247][721]LogModuleManager: Shutting down and abandoning module DerivedDataCache (54)
[2015.09.29-23.03.52:281][721]LogDerivedDataCache: Shutdown
[2015.09.29-23.03.52:281][721]LogModuleManager: Shutting down and abandoning module ShaderFormatOpenGL (53)
[2015.09.29-23.03.52:281][721]LogModuleManager: Shutting down and abandoning module ShaderFormatD3D (52)
[2015.09.29-23.03.52:281][721]LogModuleManager: Shutting down and abandoning module MetalShaderFormat (51)
[2015.09.29-23.03.52:281][721]LogModuleManager: Shutting down and abandoning module TextureFormatUncompressed (50)
[2015.09.29-23.03.52:281][721]LogModuleManager: Shutting down and abandoning module TextureFormatPVR (49)
[2015.09.29-23.03.52:281][721]LogModuleManager: Shutting down and abandoning module TextureFormatIntelISPCTexComp (48)
[2015.09.29-23.03.52:281][721]LogModuleManager: Shutting down and abandoning module TextureFormatDXT (47)
[2015.09.29-23.03.52:281][721]LogModuleManager: Shutting down and abandoning module ImageWrapper (46)
[2015.09.29-23.03.52:281][721]LogModuleManager: Shutting down and abandoning module TextureFormatASTC (45)
[2015.09.29-23.03.52:281][721]LogModuleManager: Shutting down and abandoning module TextureFormatAndroid (44)
[2015.09.29-23.03.52:281][721]LogModuleManager: Shutting down and abandoning module AudioFormatOpus (43)
[2015.09.29-23.03.52:281][721]LogModuleManager: Shutting down and abandoning module AudioFormatOgg (42)
[2015.09.29-23.03.52:281][721]LogModuleManager: Shutting down and abandoning module AudioFormatADPCM (41)
[2015.09.29-23.03.52:281][721]LogModuleManager: Shutting down and abandoning module LinuxTargetPlatform (40)
[2015.09.29-23.03.52:282][721]LogModuleManager: Shutting down and abandoning module LinuxServerTargetPlatform (39)
[2015.09.29-23.03.52:282][721]LogModuleManager: Shutting down and abandoning module LinuxNoEditorTargetPlatform (38)
[2015.09.29-23.03.52:282][721]LogModuleManager: Shutting down and abandoning module Messaging (37)
[2015.09.29-23.03.52:282][721]LogModuleManager: Shutting down and abandoning module IOSTargetPlatform (36)
[2015.09.29-23.03.52:282][721]LogModuleManager: Shutting down and abandoning module HTML5TargetPlatform (35)
[2015.09.29-23.03.52:282][721]LogModuleManager: Shutting down and abandoning module Android_PVRTCTargetPlatform (34)
[2015.09.29-23.03.52:282][721]LogModuleManager: Shutting down and abandoning module Android_ETC2TargetPlatform (33)
[2015.09.29-23.03.52:282][721]LogModuleManager: Shutting down and abandoning module Android_ETC1TargetPlatform (32)
[2015.09.29-23.03.52:282][721]LogModuleManager: Shutting down and abandoning module Android_DXTTargetPlatform (31)
[2015.09.29-23.03.52:282][721]LogModuleManager: Shutting down and abandoning module Android_ATCTargetPlatform (30)
[2015.09.29-23.03.52:282][721]LogModuleManager: Shutting down and abandoning module Android_ASTCTargetPlatform (29)
[2015.09.29-23.03.52:282][721]LogModuleManager: Shutting down and abandoning module AndroidTargetPlatform (28)
[2015.09.29-23.03.52:282][721]LogModuleManager: Shutting down and abandoning module WindowsTargetPlatform (27)
[2015.09.29-23.03.52:282][721]LogModuleManager: Shutting down and abandoning module WindowsServerTargetPlatform (26)
[2015.09.29-23.03.52:282][721]LogModuleManager: Shutting down and abandoning module WindowsNoEditorTargetPlatform (25)
[2015.09.29-23.03.52:282][721]LogModuleManager: Shutting down and abandoning module WindowsClientTargetPlatform (24)
[2015.09.29-23.03.52:282][721]LogModuleManager: Shutting down and abandoning module AllDesktopTargetPlatform (23)
[2015.09.29-23.03.52:282][721]LogModuleManager: Shutting down and abandoning module TargetPlatform (22)
[2015.09.29-23.03.52:282][721]LogModuleManager: Shutting down and abandoning module InputCore (21)
[2015.09.29-23.03.52:282][721]LogModuleManager: Shutting down and abandoning module Settings (20)
[2015.09.29-23.03.52:282][721]LogModuleManager: Shutting down and abandoning module OnlineSubsystem (18)
[2015.09.29-23.03.52:282][721]LogModuleManager: Shutting down and abandoning module HTTP (17)
[2015.09.29-23.03.53:283][721]LogModuleManager: Shutting down and abandoning module XMPP (16)
[2015.09.29-23.03.53:283][721]LogModuleManager: Shutting down and abandoning module ExampleDeviceProfileSelector (15)
[2015.09.29-23.03.53:283][721]LogModuleManager: Shutting down and abandoning module TextureCompressor (14)
[2015.09.29-23.03.53:283][721]LogModuleManager: Shutting down and abandoning module ShaderCore (13)
[2015.09.29-23.03.53:283][721]LogModuleManager: Shutting down and abandoning module Landscape (12)
[2015.09.29-23.03.53:283][721]LogModuleManager: Shutting down and abandoning module SlateRHIRenderer (11)
[2015.09.29-23.03.53:284][721]LogModuleManager: Shutting down and abandoning module OpenGLDrv (10)
[2015.09.29-23.03.53:284][721]LogModuleManager: Shutting down and abandoning module D3D11RHI (9)
[2015.09.29-23.03.53:284][721]LogModuleManager: Shutting down and abandoning module AnimGraphRuntime (8)
[2015.09.29-23.03.53:284][721]LogModuleManager: Shutting down and abandoning module Renderer (7)
[2015.09.29-23.03.53:284][721]LogModuleManager: Shutting down and abandoning module Engine (6)
[2015.09.29-23.03.53:284][721]LogModuleManager: Shutting down and abandoning module CoreUObject (5)
[2015.09.29-23.03.53:284][721]LogModuleManager: Shutting down and abandoning module NetworkFile (4)
[2015.09.29-23.03.53:284][721]LogModuleManager: Shutting down and abandoning module StreamingFile (3)
[2015.09.29-23.03.53:284][721]LogModuleManager: Shutting down and abandoning module SandboxFile (2)
[2015.09.29-23.03.53:284][721]LogModuleManager: Shutting down and abandoning module PakFile (1)
[2015.09.29-23.03.53:284][721]LogExit: Exiting.
[2015.09.29-23.03.53:316][721]Log file closed, 09/29/15 19:03:53
