[2015.10.06-05.02.22:951][  0]Log file open, 10/06/15 01:02:22
[2015.10.06-05.02.22:951][  0]LogInit:Display: Running engine for game: ThePiedPiper
[2015.10.06-05.02.22:951][  0]LogInit:Display: RandInit(1542059731) SRandInit(1542059732).
[2015.10.06-05.02.22:951][  0]LogTaskGraph: Started task graph with 4 named threads and 7 total threads.
[2015.10.06-05.02.22:951][  0]LogStats: Stats thread started at 0.065867
[2015.10.06-05.02.22:951][  0]LogInit: Version: 4.9.1-2689999+++depot+UE4-Releases+4.9
[2015.10.06-05.02.22:951][  0]LogInit: API Version: 2672455
[2015.10.06-05.02.22:951][  0]LogInit: Compiled (64-bit): Sep 14 2015 04:12:03
[2015.10.06-05.02.22:951][  0]LogInit: Compiled with Visual C++: 18.00.21005.01
[2015.10.06-05.02.22:951][  0]LogInit: Build Configuration: Development
[2015.10.06-05.02.22:951][  0]LogInit: Branch Name: ++depot+UE4-Releases+4.9
[2015.10.06-05.02.22:951][  0]LogInit: Command line: 
[2015.10.06-05.02.22:951][  0]LogInit: Base directory: H:/Program Files/Epic Games/4.9/Engine/Binaries/Win64/
[2015.10.06-05.02.22:951][  0]LogInit: Rocket: 1
[2015.10.06-05.02.22:956][  0]LogInit: Using libcurl 7.41.0
[2015.10.06-05.02.22:956][  0]LogInit:  - built for x86_64-pc-win32
[2015.10.06-05.02.22:956][  0]LogInit:  - supports SSL with WinSSL
[2015.10.06-05.02.22:956][  0]LogInit:  - other features:
[2015.10.06-05.02.22:956][  0]LogInit:      CURL_VERSION_SSL
[2015.10.06-05.02.22:956][  0]LogInit:      CURL_VERSION_IPV6
[2015.10.06-05.02.22:956][  0]LogInit:      CURL_VERSION_ASYNCHDNS
[2015.10.06-05.02.22:956][  0]LogInit:      CURL_VERSION_LARGEFILE
[2015.10.06-05.02.22:956][  0]LogInit:      CURL_VERSION_IDN
[2015.10.06-05.02.22:956][  0]LogInit:  CurlRequestOptions (configurable via config and command line):
[2015.10.06-05.02.22:956][  0]LogInit:  - bVerifyPeer = true  - Libcurl will verify peer certificate
[2015.10.06-05.02.22:956][  0]LogInit:  - bUseHttpProxy = false  - Libcurl will NOT use HTTP proxy
[2015.10.06-05.02.22:956][  0]LogInit:  - bDontReuseConnections = false  - Libcurl will reuse connections
[2015.10.06-05.02.22:956][  0]LogInit:  - CertBundlePath = nullptr  - Libcurl will use whatever was configured at build time.
[2015.10.06-05.02.22:960][  0]LogInit: Presizing for 0 objects not considered by GC, pre-allocating 0 bytes.
[2015.10.06-05.02.22:965][  0]LogInit: Object subsystem initialized
[2015.10.06-05.02.22:967][  0]LogInit: Selected Device Profile: [Windows]
[2015.10.06-05.02.22:967][  0]LogInit: Applying CVar settings loaded from the selected device profile: [Windows]
[2015.10.06-05.02.22:973][  0]LogInit: Computer: BAE
[2015.10.06-05.02.22:973][  0]LogInit: User: Jeff
[2015.10.06-05.02.22:973][  0]LogInit: CPU Page size=4096, Cores=4
[2015.10.06-05.02.22:973][  0]LogInit: High frequency timer resolution =3.903986 MHz
[2015.10.06-05.02.22:973][  0]LogMemory: Memory total: Physical=23.9GB (24GB approx)
[2015.10.06-05.02.22:973][  0]LogMemory: Platform Memory Stats for Windows
[2015.10.06-05.02.22:973][  0]LogMemory: Process Physical Memory: 54.03 MB used, 54.03 MB peak
[2015.10.06-05.02.22:973][  0]LogMemory: Process Virtual Memory: 55.39 MB used, 55.39 MB peak
[2015.10.06-05.02.22:973][  0]LogMemory: Physical Memory: 8486.57 MB used, 24516.47 MB total
[2015.10.06-05.02.22:973][  0]LogMemory: Virtual Memory: 365.35 MB used, 134217728.00 MB total
[2015.10.06-05.02.22:998][  0]LogTextLocalizationManager: No specific translations for ('en-US') exist, so ('en') translations will be used.
[2015.10.06-05.02.23:549][  0]LogD3D11RHI: Found D3D11 adapter 0: NVIDIA GeForce GTX 970 (Feature Level 11_0)
[2015.10.06-05.02.23:549][  0]LogD3D11RHI: Adapter has 4008MB of dedicated video memory, 0MB of dedicated system memory, and 12258MB of shared system memory, 2 output[s]
[2015.10.06-05.02.23:550][  0]LogD3D11RHI: Found D3D11 adapter 1: Microsoft Basic Render Driver (Feature Level 11_0)
[2015.10.06-05.02.23:550][  0]LogD3D11RHI: Adapter has 0MB of dedicated video memory, 0MB of dedicated system memory, and 12258MB of shared system memory, 0 output[s]
[2015.10.06-05.02.23:550][  0]LogD3D11RHI: Chosen D3D11 Adapter Id = 0
[2015.10.06-05.02.23:554][  0]LogD3D11RHI: !Direct3DDevice
[2015.10.06-05.02.23:554][  0]LogRHI: Texture pool is 1361 MB (70% of 1945 MB)
[2015.10.06-05.02.23:565][  0]LogD3D11RHI: Async texture creation enabled
[2015.10.06-05.02.23:580][  0]LogShaderCompilers: Guid format shader working directory is 15 characters bigger than the processId version (../../../../../../GitHub/pipermqp/prodenv/ThePiedPiper/Intermediate/Shaders/WorkingDirectory/6044/).
[2015.10.06-05.02.23:580][  0]LogShaderCompilers: Cleaned the shader compiler working directory '../../../../../../GitHub/pipermqp/prodenv/ThePiedPiper/Intermediate/Shaders/tmp/DD8567DB47FD9FB71C7DB8BAA107876E/'.
[2015.10.06-05.02.23:580][  0]LogShaderCompilers:Display: Using Local Shader Compiler.
[2015.10.06-05.02.24:294][  0]LogTemp:Display: Loaded TP AllDesktopTargetPlatform
[2015.10.06-05.02.24:297][  0]LogTemp:Display: Loaded TP WindowsClientTargetPlatform
[2015.10.06-05.02.24:300][  0]LogTemp:Display: Loaded TP WindowsNoEditorTargetPlatform
[2015.10.06-05.02.24:303][  0]LogTemp:Display: Loaded TP WindowsServerTargetPlatform
[2015.10.06-05.02.24:306][  0]LogTemp:Display: Loaded TP WindowsTargetPlatform
[2015.10.06-05.02.24:308][  0]LogTemp:Display: Loaded TP AndroidTargetPlatform
[2015.10.06-05.02.24:310][  0]LogTemp:Display: Loaded TP Android_ASTCTargetPlatform
[2015.10.06-05.02.24:312][  0]LogTemp:Display: Loaded TP Android_ATCTargetPlatform
[2015.10.06-05.02.24:315][  0]LogTemp:Display: Loaded TP Android_DXTTargetPlatform
[2015.10.06-05.02.24:317][  0]LogTemp:Display: Loaded TP Android_ETC1TargetPlatform
[2015.10.06-05.02.24:319][  0]LogTemp:Display: Loaded TP Android_ETC2TargetPlatform
[2015.10.06-05.02.24:321][  0]LogTemp:Display: Loaded TP Android_PVRTCTargetPlatform
[2015.10.06-05.02.24:322][  0]LogTemp:Display: Loaded TP HTML5TargetPlatform
[2015.10.06-05.02.24:337][  0]LogTemp:Display: Loaded TP IOSTargetPlatform
[2015.10.06-05.02.24:339][  0]LogTemp:Display: Loaded TP LinuxNoEditorTargetPlatform
[2015.10.06-05.02.24:342][  0]LogTemp:Display: Loaded TP LinuxServerTargetPlatform
[2015.10.06-05.02.24:345][  0]LogTemp:Display: Loaded TP LinuxTargetPlatform
[2015.10.06-05.02.24:345][  0]LogTargetPlatformManager:Display: Building Assets For Windows
[2015.10.06-05.02.24:390][  0]LogDerivedDataCache:Display: Max Cache Size: 512 MB
[2015.10.06-05.02.24:425][  0]LogDerivedDataCache: Loaded boot cache 0.03s 41MB C:/Users/Jeff/AppData/Local/UnrealEngine/4.9/DerivedDataCache/Boot.ddc.
[2015.10.06-05.02.24:425][  0]LogDerivedDataCache:Display: Loaded Boot cache: C:/Users/Jeff/AppData/Local/UnrealEngine/4.9/DerivedDataCache/Boot.ddc
[2015.10.06-05.02.24:425][  0]LogDerivedDataCache: FDerivedDataBackendGraph:  Pak pak cache file ../../../../../../GitHub/pipermqp/prodenv/ThePiedPiper/DerivedDataCache/DDC.ddp not found, will not use a pak cache.
[2015.10.06-05.02.24:425][  0]LogDerivedDataCache: Unable to find inner node Pak for hierarchical cache Hierarchy.
[2015.10.06-05.02.24:425][  0]LogDerivedDataCache: FDerivedDataBackendGraph:  CompressedPak pak cache file ../../../../../../GitHub/pipermqp/prodenv/ThePiedPiper/DerivedDataCache/Compressed.ddp not found, will not use a pak cache.
[2015.10.06-05.02.24:425][  0]LogDerivedDataCache: Unable to find inner node CompressedPak for hierarchical cache Hierarchy.
[2015.10.06-05.02.24:525][  0]LogDerivedDataCache:Display: Pak cache opened for reading ../../../Engine/DerivedDataCache/Compressed.ddp.
[2015.10.06-05.02.24:537][  0]LogDerivedDataCache: Using Local data cache path C:/Users/Jeff/AppData/Local/UnrealEngine/Common/DerivedDataCache: Writable
[2015.10.06-05.02.24:654][  0]LogInit: Selected Device Profile: [Windows]
[2015.10.06-05.02.24:656][  0]LogContentStreaming: Texture pool size is 0.000000MB
[2015.10.06-05.02.24:735][  0]LogMeshUtilities: No automatic mesh reduction module available
[2015.10.06-05.02.24:735][  0]LogMeshUtilities: No automatic mesh merging module available
[2015.10.06-05.02.24:896][  0]LogInit: WinSock: version 1.1 (2.2), MaxSocks=32767, MaxUdp=65467
[2015.10.06-05.02.25:360][  0]UdpMessaging: Initializing bridge on interface 0.0.0.0:0 to multicast group 230.0.0.1:6666.
[2015.10.06-05.02.25:456][  0]LogAssetRegistry: FAssetRegistry took 0.0107 seconds to start up
[2015.10.06-05.02.25:564][  0]SourceControl: Info Source control is disabled
[2015.10.06-05.02.25:727][  0]LogLinker:Warning: Asset '../../../Engine/Plugins/Runtime/LeapMotionController/Content/LM_PassthroughMaterial.uasset' has been saved with empty engine version. The asset will be loaded but may be incompatible.
[2015.10.06-05.02.25:770][  0]LogObj: 28361 objects as part of root set at end of initial load.
[2015.10.06-05.02.25:770][  0]LogUObjectAllocator: 6038864 out of 0 bytes used by permanent object pool.
[2015.10.06-05.02.25:813][  0]LogEngine: Initializing Engine...
[2015.10.06-05.02.25:814][  0]LogHMD: Can't find Oculus library dev build: is proper Runtime installed? Version: 0.7.0.0
[2015.10.06-05.02.25:819][  0]LogHMD: SteamVR failed to initialize.  Err: 108
[2015.10.06-05.02.25:907][  0]LogAIModule: Creating AISystem for world NewWorld
[2015.10.06-05.02.25:912][  0]LogInit: XAudio2 using 'Speakers (ASTRO Gaming USB MixAmp)' : 2 channels at 44.1 kHz using 16 bits per sample (channel mask 0x3)
[2015.10.06-05.02.25:918][  0]LogInit: FAudioDevice initialized.
[2015.10.06-05.02.25:936][  0]LogDerivedDataCache: Saved boot cache 0.02s 41MB C:/Users/Jeff/AppData/Local/UnrealEngine/4.9/DerivedDataCache/Boot.ddc.
[2015.10.06-05.02.25:941][  0]LogInit: Texture streaming: Enabled
[2015.10.06-05.02.25:944][  0]LogAnalytics: Creating configured Analytics provider AnalyticsET
[2015.10.06-05.02.25:944][  0]LogAnalytics: [UEEditor.Rocket.Release] APIServer = http://et2.epicgames.com/ET2/. AppVersion = 4.9.1-2689999+++depot+UE4-Releases+4.9
[2015.10.06-05.02.25:944][  0]LogAnalytics: [UEEditor.Rocket.Release] SetUserId 273aaf39449f8fada2c1538daad7ab65|0221e6425d4c49ff85f47cde75a6cd00|d6b3f0e4-a65b-4aee-aa1a-d77f97d8b005
[2015.10.06-05.02.25:944][  0]LogAnalytics: [UEEditor.Rocket.Release] AnalyticsET::StartSession
[2015.10.06-05.02.25:966][  0]LogInit: Transaction tracking system initialized
[2015.10.06-05.02.25:981][  0]BlueprintLog: New page: Editor Load
[2015.10.06-05.02.26:025][  0]LocalizationService: Info Localization service is disabled
[2015.10.06-05.02.26:060][  0]LogLinker:Warning: Can't find file '/Game/FirstPersonBP/FirstPersonOverview'
[2015.10.06-05.02.26:060][  0]LogLinker:Warning: Can't find file '/Game/FirstPersonBP/FirstPersonOverview'
[2015.10.06-05.02.26:060][  0]LogUObjectGlobals:Warning: Failed to find object 'Class /Game/FirstPersonBP/FirstPersonOverview.FirstPersonOverview_C'
[2015.10.06-05.02.26:071][  0]LogConsoleResponse:Display: 
[2015.10.06-05.02.26:155][  0]LogCook:Display: Done creating registry. It took  0.00s.
[2015.10.06-05.02.26:208][  0]LogFileCache: Scanning file cache for directory 'H:/GitHub/pipermqp/prodenv/ThePiedPiper/Content/' took 0.01s
[2015.10.06-05.02.26:208][  0]Cmd: MAP LOAD FILE="../../../../../../GitHub/pipermqp/prodenv/ThePiedPiper/Content/FirstPersonBP/Maps/FirstPersonExampleMap.umap" TEMPLATE=0 SHOWPROGRESS=1 FEATURELEVEL=3
[2015.10.06-05.02.26:208][  0]LogEditorServer:Warning: Can't find file '../../../../../../GitHub/pipermqp/prodenv/ThePiedPiper/Content/FirstPersonBP/Maps/FirstPersonExampleMap.umap'
[2015.10.06-05.02.26:209][  0]Cmd: MAP CHECKDEP NOCLEARLOG
[2015.10.06-05.02.26:237][  0]MapCheck: Info Map check complete: 0 Error(s), 0 Warning(s), took 28.339ms to complete.
[2015.10.06-05.02.26:237][  0]LogFileHelpers: Loading map 'FirstPersonExampleMap' took 0.029
[2015.10.06-05.02.26:348][  0]LogCollectionManager: Loaded 0 collections in 0.000876 seconds
[2015.10.06-05.02.26:387][  0]LogFileCache: Scanning file cache for directory 'H:/GitHub/pipermqp/prodenv/ThePiedPiper/Saved/Collections/' took 0.01s
[2015.10.06-05.02.26:387][  0]LogFileCache: Scanning file cache for directory 'H:/GitHub/pipermqp/prodenv/ThePiedPiper/Content/Developers/Jeff/Collections/' took 0.01s
[2015.10.06-05.02.26:387][  0]LogFileCache: Scanning file cache for directory 'H:/GitHub/pipermqp/prodenv/ThePiedPiper/Content/Collections/' took 0.01s
[2015.10.06-05.02.26:387][  0]LogContentBrowser: Native class hierarchy populated in 0.0075 seconds. Added 1867 classes and 333 folders.
[2015.10.06-05.02.26:393][  0]LogCollectionManager: Rebuilt the GUID cache for 0 collections in 0.000002 seconds
[2015.10.06-05.02.26:396][  0]LogContentBrowser: Native class hierarchy updated for 'WidgetCarousel' in 0.0002 seconds. Added 0 classes and 0 folders.
[2015.10.06-05.02.26:421][  0]LogContentBrowser: Native class hierarchy updated for 'AddContentDialog' in 0.0002 seconds. Added 0 classes and 0 folders.
[2015.10.06-05.02.26:423][  0]LogContentBrowser: Native class hierarchy updated for 'SceneOutliner' in 0.0002 seconds. Added 1 classes and 2 folders.
[2015.10.06-05.02.26:438][  0]LogCrashTracker: Crashtracker disabled due to settings.
[2015.10.06-05.02.26:442][  0]LogUObjectGlobals:Warning: Failed to find object 'Class None.'
[2015.10.06-05.02.26:464][  0]LogLoad: Full Startup: 3.89 seconds (BP compile: 0.00 seconds)
[2015.10.06-05.02.26:512][  0]SourceControl: Info On branch art
[2015.10.06-05.02.26:512][  0]SourceControl: Info Your branch is up-to-date with 'origin/art'.
[2015.10.06-05.02.26:512][  0]SourceControl: Info Changes not staged for commit:
[2015.10.06-05.02.26:512][  0]SourceControl: Info   (use "git add <file>..." to update what will be committed)
[2015.10.06-05.02.26:512][  0]SourceControl: Info   (use "git checkout -- <file>..." to discard changes in working directory)
[2015.10.06-05.02.26:512][  0]SourceControl: Info 	modified:   prodenv/ThePiedPiper/Intermediate/CachedAssetRegistry.bin
[2015.10.06-05.02.26:512][  0]SourceControl: Info 	modified:   prodenv/ThePiedPiper/Saved/AutoScreenshot.png
[2015.10.06-05.02.26:512][  0]SourceControl: Info 	modified:   prodenv/ThePiedPiper/Saved/Config/Windows/Editor.ini
[2015.10.06-05.02.26:512][  0]SourceControl: Info 	modified:   prodenv/ThePiedPiper/Saved/Config/Windows/EditorPerProjectUserSettings.ini
[2015.10.06-05.02.26:512][  0]SourceControl: Info 	modified:   prodenv/ThePiedPiper/Saved/Config/Windows/Engine.ini
[2015.10.06-05.02.26:512][  0]SourceControl: Info 	modified:   prodenv/ThePiedPiper/Saved/Logs/ThePiedPiper.log
[2015.10.06-05.02.26:512][  0]SourceControl: Info Untracked files:
[2015.10.06-05.02.26:512][  0]SourceControl: Info   (use "git add <file>..." to include in what will be committed)
[2015.10.06-05.02.26:512][  0]SourceControl: Info 	prodenv/ThePiedPiper/Saved/Logs/ThePiedPiper-backup-2015.10.05-04.16.51.log
[2015.10.06-05.02.26:512][  0]SourceControl: Info 	prodenv/ThePiedPiper/Saved/Logs/ThePiedPiper-backup-2015.10.06-00.50.16.log
[2015.10.06-05.02.26:512][  0]SourceControl: Info 	prodenv/ThePiedPiper/Saved/Logs/ThePiedPiper-backup-2015.10.06-00.57.44.log
[2015.10.06-05.02.26:512][  0]SourceControl: Info 	prodenv/ThePiedPiper/Saved/Logs/ThePiedPiper-backup-2015.10.06-01.01.52.log
[2015.10.06-05.02.26:512][  0]SourceControl: Info 	prodenv/ThePiedPiper/Saved/Logs/ThePiedPiper-backup-2015.10.06-01.02.22.log
[2015.10.06-05.02.26:512][  0]SourceControl: Info 	prodenv/ThePiedPiper/Saved/Logs/ThePiedPiper_2.log
[2015.10.06-05.02.26:512][  0]SourceControl: Info 	prodenv/ThePiedPiper/Saved/Logs/UE4CC-Windows-0249F7564D59ED77C3C3E9807C253297/
[2015.10.06-05.02.26:512][  0]SourceControl: Info 	prodenv/ThePiedPiper/Saved/Logs/UE4CC-Windows-13825445417435CF3B5C658A3A30B634/
[2015.10.06-05.02.26:512][  0]SourceControl: Info 	prodenv/ThePiedPiper/Saved/Logs/UE4CC-Windows-6945CBDE443202B968369A9F53590618/
[2015.10.06-05.02.26:512][  0]SourceControl: Info 	prodenv/ThePiedPiper/ThePiedPiper - Shortcut.lnk
[2015.10.06-05.02.26:512][  0]SourceControl: Info no changes added to commit (use "git add" and/or "git commit -a")
[2015.10.06-05.02.26:513][  0]LogContentStreaming: Texture pool size now 1000 MB
[2015.10.06-05.02.26:618][  0]LogRenderer: Reallocating scene render targets to support 1056x580 (Frame:2).
[2015.10.06-05.02.26:671][  1]LogAssetRegistry: Asset discovery search completed in 1.2259 seconds
[2015.10.06-05.02.26:671][  1]LogCollectionManager: Rebuilt the object cache for 0 collections in 0.000001 seconds (found 0 objects)
[2015.10.06-05.02.26:671][  1]LogCollectionManager: Fixed up redirectors for 0 collections in 0.000017 seconds (updated 0 objects)
[2015.10.06-05.02.30:942][494]LogLinker:Warning: Asset '../../../../../../GitHub/pipermqp/prodenv/ThePiedPiper/Content/FirstPersonBP/Blueprints/FirstPersonProjectile.uasset' has been saved with empty engine version. The asset will be loaded but may be incompatible.
[2015.10.06-05.02.30:943][494]LogLinker:Warning: Asset '../../../../../../GitHub/pipermqp/prodenv/ThePiedPiper/Content/FirstPerson/Meshes/FirstPersonProjectileMesh.uasset' has been saved with empty engine version. The asset will be loaded but may be incompatible.
[2015.10.06-05.02.31:439][494]LogAIModule: Creating AISystem for world GrayboxLevel
[2015.10.06-05.02.31:485][494]Cmd: MAP LOAD FILE="../../../../../../GitHub/pipermqp/prodenv/ThePiedPiper/Content/GrayboxLevel.umap" TEMPLATE=0 SHOWPROGRESS=1 FEATURELEVEL=3
[2015.10.06-05.02.31:485][494]LightingResults: New page: Lighting Build
[2015.10.06-05.02.31:486][494]LogContentBrowser: Native class hierarchy updated for 'StatsViewer' in 0.0002 seconds. Added 5 classes and 0 folders.
[2015.10.06-05.02.31:504][494]LoadErrors: New page: Loading map: GrayboxLevel.umap
[2015.10.06-05.02.31:504][494]MapCheck: New page: Map Check
[2015.10.06-05.02.31:504][494]LightingResults: New page: Lighting Build
[2015.10.06-05.02.31:516][494]LogParticles: Destroying 0 GPU particle simulations for FXSystem 0x000000524D5C2160
[2015.10.06-05.02.31:568][494]LogEditorServer: Finished looking for orphan Actors (0.000 secs)
[2015.10.06-05.02.31:600][494]Cmd: MAP CHECKDEP NOCLEARLOG
[2015.10.06-05.02.31:639][494]MapCheck: Info Map check complete: 0 Error(s), 0 Warning(s), took 39.391ms to complete.
[2015.10.06-05.02.31:640][494]LogFileHelpers: Loading map 'GrayboxLevel' took 0.156
[2015.10.06-05.02.31:688][495]Cmd: UpdateLandscapeEditorData -warnings
[2015.10.06-05.02.31:689][495]Cmd: UpdateLandscapeEditorData
[2015.10.06-05.02.52:643][295]LogFactory: FactoryCreateBinary: Texture with ReimportTextureFactory (0 0 C:/Users/Jeff/Desktop/Pied Piper/Environment/Child_Rig.jpg)
[2015.10.06-05.02.52:650][295]LogTexture:Display: Building textures: Child_Rig (BGRA8)
[2015.10.06-05.03.09:589][936]LogFactory: FactoryCreateBinary: StaticMesh with FbxFactory (0 0 ../../../../../../Pied Piper MQP/Local Pied Piper/Children/A_Child_Mannequin_Walk.fbx)
[2015.10.06-05.03.09:598][936]LogFbx: Loading FBX Scene from ../../../../../../Pied Piper MQP/Local Pied Piper/Children/A_Child_Mannequin_Walk.fbx
[2015.10.06-05.03.09:751][936]LogCrashTracker: 


[2015.10.06-05.03.09:751][936]LogCrashTracker: 


[2015.10.06-05.03.09:751][936]LogWindows: === Critical error: ===
Fatal error!



[2015.10.06-05.03.09:844][936]LogExit: Executing StaticShutdownAfterError
[2015.10.06-05.03.09:847][936]LogPhysics:Warning: PHYSX: ..\..\PhysX\src\NpScene.cpp (2946) 8 : PxScene::unlockWrite() called without matching call to PxScene::lockWrite(), behaviour will be undefined.
[2015.10.06-05.03.09:847][936]LogPhysics:Warning: PHYSX: ..\..\PhysX\src\NpScene.cpp (2946) 8 : PxScene::unlockWrite() called without matching call to PxScene::lockWrite(), behaviour will be undefined.
[2015.10.06-05.03.09:847][936]LogWindows: FPlatformMisc::RequestExit(1)
[2015.10.06-05.03.09:847][936]Log file closed, 10/06/15 01:03:09
