[2015.09.26-20.29.56:809][  0]Log file open, 09/26/15 16:29:56
[2015.09.26-20.29.56:809][  0]LogInit:Display: Running engine for game: ThePiedPiper
[2015.09.26-20.29.56:809][  0]LogInit:Display: RandInit(-756342785) SRandInit(-756342784).
[2015.09.26-20.29.56:809][  0]LogTaskGraph: Started task graph with 4 named threads and 5 total threads.
[2015.09.26-20.29.56:809][  0]LogStats: Stats thread started at 0.154042
[2015.09.26-20.29.56:809][  0]LogInit: Version: 4.9.1-2689999+++depot+UE4-Releases+4.9
[2015.09.26-20.29.56:809][  0]LogInit: API Version: 2672455
[2015.09.26-20.29.56:809][  0]LogInit: Compiled (64-bit): Sep 14 2015 04:12:03
[2015.09.26-20.29.56:809][  0]LogInit: Compiled with Visual C++: 18.00.21005.01
[2015.09.26-20.29.56:809][  0]LogInit: Build Configuration: Development
[2015.09.26-20.29.56:809][  0]LogInit: Branch Name: ++depot+UE4-Releases+4.9
[2015.09.26-20.29.56:809][  0]LogInit: Command line:  
[2015.09.26-20.29.56:809][  0]LogInit: Base directory: C:/Program Files/Epic Games/4.9/Engine/Binaries/Win64/
[2015.09.26-20.29.56:809][  0]LogInit: Rocket: 1
[2015.09.26-20.29.56:877][  0]LogInit: Using libcurl 7.41.0
[2015.09.26-20.29.56:877][  0]LogInit:  - built for x86_64-pc-win32
[2015.09.26-20.29.56:877][  0]LogInit:  - supports SSL with WinSSL
[2015.09.26-20.29.56:877][  0]LogInit:  - other features:
[2015.09.26-20.29.56:877][  0]LogInit:      CURL_VERSION_SSL
[2015.09.26-20.29.56:877][  0]LogInit:      CURL_VERSION_IPV6
[2015.09.26-20.29.56:877][  0]LogInit:      CURL_VERSION_ASYNCHDNS
[2015.09.26-20.29.56:877][  0]LogInit:      CURL_VERSION_LARGEFILE
[2015.09.26-20.29.56:877][  0]LogInit:      CURL_VERSION_IDN
[2015.09.26-20.29.56:877][  0]LogInit:  CurlRequestOptions (configurable via config and command line):
[2015.09.26-20.29.56:877][  0]LogInit:  - bVerifyPeer = true  - Libcurl will verify peer certificate
[2015.09.26-20.29.56:877][  0]LogInit:  - bUseHttpProxy = false  - Libcurl will NOT use HTTP proxy
[2015.09.26-20.29.56:877][  0]LogInit:  - bDontReuseConnections = false  - Libcurl will reuse connections
[2015.09.26-20.29.56:877][  0]LogInit:  - CertBundlePath = nullptr  - Libcurl will use whatever was configured at build time.
[2015.09.26-20.29.57:084][  0]LogInit: Presizing for 0 objects not considered by GC, pre-allocating 0 bytes.
[2015.09.26-20.29.57:094][  0]LogInit: Object subsystem initialized
[2015.09.26-20.29.57:096][  0]LogInit: Selected Device Profile: [Windows]
[2015.09.26-20.29.57:096][  0]LogInit: Applying CVar settings loaded from the selected device profile: [Windows]
[2015.09.26-20.29.57:146][  0]LogInit: Computer: WILL-THINK
[2015.09.26-20.29.57:146][  0]LogInit: User: Will
[2015.09.26-20.29.57:146][  0]LogInit: CPU Page size=4096, Cores=2
[2015.09.26-20.29.57:146][  0]LogInit: High frequency timer resolution =2.725683 MHz
[2015.09.26-20.29.57:146][  0]LogMemory: Memory total: Physical=3.9GB (4GB approx)
[2015.09.26-20.29.57:146][  0]LogMemory: Platform Memory Stats for Windows
[2015.09.26-20.29.57:146][  0]LogMemory: Process Physical Memory: 54.72 MB used, 54.72 MB peak
[2015.09.26-20.29.57:146][  0]LogMemory: Process Virtual Memory: 59.24 MB used, 59.24 MB peak
[2015.09.26-20.29.57:146][  0]LogMemory: Physical Memory: 3687.08 MB used, 3979.23 MB total
[2015.09.26-20.29.57:146][  0]LogMemory: Virtual Memory: 340.09 MB used, 8388608.00 MB total
[2015.09.26-20.29.57:453][  0]LogTextLocalizationManager: No specific translations for ('en-US') exist, so ('en') translations will be used.
[2015.09.26-20.30.01:226][  0]LogD3D11RHI: Found D3D11 adapter 0: Intel(R) HD Graphics 3000 (Feature Level 11_0)
[2015.09.26-20.30.01:226][  0]LogD3D11RHI: Adapter has 1998MB of dedicated video memory, 0MB of dedicated system memory, and 1733MB of shared system memory, 1 output[s]
[2015.09.26-20.30.01:241][  0]LogD3D11RHI: Found D3D11 adapter 1: NVIDIA Quadro 2000M  (Feature Level 11_0)
[2015.09.26-20.30.01:241][  0]LogD3D11RHI: Adapter has 1998MB of dedicated video memory, 0MB of dedicated system memory, and 1733MB of shared system memory, 0 output[s]
[2015.09.26-20.30.01:241][  0]LogD3D11RHI: Chosen D3D11 Adapter Id = 0
[2015.09.26-20.30.01:248][  0]LogD3D11RHI: !Direct3DDevice
[2015.09.26-20.30.01:249][  0]LogRHI: Texture pool is 1361 MB (70% of 1945 MB)
[2015.09.26-20.30.01:260][  0]LogD3D11RHI: Async texture creation enabled
[2015.09.26-20.30.01:270][  0]LogShaderCompilers: Guid format shader working directory is 15 characters bigger than the processId version (../../../../../../Users/Will/Documents/mqp/pipermqp/prodenv/ThePiedPiper/Intermediate/Shaders/WorkingDirectory/6936/).
[2015.09.26-20.30.01:270][  0]LogShaderCompilers: Cleaned the shader compiler working directory '../../../../../../Users/Will/Documents/mqp/pipermqp/prodenv/ThePiedPiper/Intermediate/Shaders/tmp/CC2B770D450034C71BB4028BE3D6DBEF/'.
[2015.09.26-20.30.01:270][  0]LogShaderCompilers:Display: Using Local Shader Compiler.
[2015.09.26-20.30.13:107][  0]LogTemp:Display: Loaded TP AllDesktopTargetPlatform
[2015.09.26-20.30.13:114][  0]LogTemp:Display: Loaded TP WindowsClientTargetPlatform
[2015.09.26-20.30.13:120][  0]LogTemp:Display: Loaded TP WindowsNoEditorTargetPlatform
[2015.09.26-20.30.13:126][  0]LogTemp:Display: Loaded TP WindowsServerTargetPlatform
[2015.09.26-20.30.13:133][  0]LogTemp:Display: Loaded TP WindowsTargetPlatform
[2015.09.26-20.30.13:138][  0]LogTemp:Display: Loaded TP AndroidTargetPlatform
[2015.09.26-20.30.13:144][  0]LogTemp:Display: Loaded TP Android_ASTCTargetPlatform
[2015.09.26-20.30.13:165][  0]LogTemp:Display: Loaded TP Android_ATCTargetPlatform
[2015.09.26-20.30.13:175][  0]LogTemp:Display: Loaded TP Android_DXTTargetPlatform
[2015.09.26-20.30.13:184][  0]LogTemp:Display: Loaded TP Android_ETC1TargetPlatform
[2015.09.26-20.30.13:191][  0]LogTemp:Display: Loaded TP Android_ETC2TargetPlatform
[2015.09.26-20.30.13:202][  0]LogTemp:Display: Loaded TP Android_PVRTCTargetPlatform
[2015.09.26-20.30.13:203][  0]LogTemp:Display: Loaded TP HTML5TargetPlatform
[2015.09.26-20.30.13:252][  0]LogTemp:Display: Loaded TP IOSTargetPlatform
[2015.09.26-20.30.13:267][  0]LogTemp:Display: Loaded TP LinuxNoEditorTargetPlatform
[2015.09.26-20.30.13:275][  0]LogTemp:Display: Loaded TP LinuxServerTargetPlatform
[2015.09.26-20.30.13:284][  0]LogTemp:Display: Loaded TP LinuxTargetPlatform
[2015.09.26-20.30.13:284][  0]LogTargetPlatformManager:Display: Building Assets For Windows
[2015.09.26-20.30.13:852][  0]LogDerivedDataCache:Display: Max Cache Size: 512 MB
[2015.09.26-20.30.15:181][  0]LogDerivedDataCache: Loaded boot cache 1.33s 41MB C:/Users/Will/AppData/Local/UnrealEngine/4.9/DerivedDataCache/Boot.ddc.
[2015.09.26-20.30.15:181][  0]LogDerivedDataCache:Display: Loaded Boot cache: C:/Users/Will/AppData/Local/UnrealEngine/4.9/DerivedDataCache/Boot.ddc
[2015.09.26-20.30.15:181][  0]LogDerivedDataCache: FDerivedDataBackendGraph:  Pak pak cache file ../../../../../../Users/Will/Documents/mqp/pipermqp/prodenv/ThePiedPiper/DerivedDataCache/DDC.ddp not found, will not use a pak cache.
[2015.09.26-20.30.15:181][  0]LogDerivedDataCache: Unable to find inner node Pak for hierarchical cache Hierarchy.
[2015.09.26-20.30.15:181][  0]LogDerivedDataCache: FDerivedDataBackendGraph:  CompressedPak pak cache file ../../../../../../Users/Will/Documents/mqp/pipermqp/prodenv/ThePiedPiper/DerivedDataCache/Compressed.ddp not found, will not use a pak cache.
[2015.09.26-20.30.15:181][  0]LogDerivedDataCache: Unable to find inner node CompressedPak for hierarchical cache Hierarchy.
[2015.09.26-20.30.15:440][  0]LogDerivedDataCache:Display: Pak cache opened for reading ../../../Engine/DerivedDataCache/Compressed.ddp.
[2015.09.26-20.30.15:451][  0]LogDerivedDataCache: Using Local data cache path C:/Users/Will/AppData/Local/UnrealEngine/Common/DerivedDataCache: Writable
[2015.09.26-20.30.19:288][  0]LogInit: Selected Device Profile: [Windows]
[2015.09.26-20.30.19:288][  0]LogContentStreaming: Texture pool size is 0.000000MB
[2015.09.26-20.30.19:377][  0]LogMeshUtilities: No automatic mesh reduction module available
[2015.09.26-20.30.19:377][  0]LogMeshUtilities: No automatic mesh merging module available
[2015.09.26-20.30.20:067][  0]LogInit: WinSock: version 1.1 (2.2), MaxSocks=32767, MaxUdp=65467
[2015.09.26-20.30.27:905][  0]UdpMessaging: Initializing bridge on interface 0.0.0.0:0 to multicast group 230.0.0.1:6666.
[2015.09.26-20.30.28:624][  0]LogAssetRegistry: FAssetRegistry took 0.0105 seconds to start up
[2015.09.26-20.30.29:778][  0]SourceControl: Info Source control is disabled
[2015.09.26-20.30.31:170][  0]SourceControl: Info Source control is disabled
[2015.09.26-20.30.31:228][  0]SourceControl: Info Source control is disabled
[2015.09.26-20.30.31:333][  0]SourceControl: Info Source control is disabled
[2015.09.26-20.30.32:379][  0]LogLinker:Warning: Asset '../../../Engine/Plugins/Runtime/LeapMotionController/Content/LM_PassthroughMaterial.uasset' has been saved with empty engine version. The asset will be loaded but may be incompatible.
[2015.09.26-20.30.32:550][  0]LogObj: 28361 objects as part of root set at end of initial load.
[2015.09.26-20.30.32:550][  0]LogUObjectAllocator: 6038872 out of 0 bytes used by permanent object pool.
[2015.09.26-20.30.32:627][  0]LogEngine: Initializing Engine...
[2015.09.26-20.30.32:630][  0]LogHMD: Can't find Oculus library dev build: is proper Runtime installed? Version: 0.7.0.0
[2015.09.26-20.30.32:630][  0]LogHMD: SteamVR failed to initialize.  Err: 110
[2015.09.26-20.30.32:837][  0]LogAIModule: Creating AISystem for world NewWorld
[2015.09.26-20.30.32:931][  0]LogInit: XAudio2 using 'Speakers (Conexant 20672 SmartAudio HD)' : 2 channels at 44.1 kHz using 16 bits per sample (channel mask 0x3)
[2015.09.26-20.30.32:998][  0]LogInit: FAudioDevice initialized.
[2015.09.26-20.30.33:124][  0]LogDerivedDataCache: Saved boot cache 0.13s 41MB C:/Users/Will/AppData/Local/UnrealEngine/4.9/DerivedDataCache/Boot.ddc.
[2015.09.26-20.30.33:136][  0]LogInit: Texture streaming: Enabled
[2015.09.26-20.30.33:143][  0]LogAnalytics: Creating configured Analytics provider AnalyticsET
[2015.09.26-20.30.33:143][  0]LogAnalytics: [UEEditor.Rocket.Release] APIServer = http://et2.epicgames.com/ET2/. AppVersion = 4.9.1-2689999+++depot+UE4-Releases+4.9
[2015.09.26-20.30.33:143][  0]LogAnalytics: [UEEditor.Rocket.Release] SetUserId 1877b4af47d0a1b1c511458d4cf4b387|723ff2effdca4465b525b133c47388d1|9fd92084-8da0-4b00-92ec-a7999ca0b261
[2015.09.26-20.30.33:143][  0]LogAnalytics: [UEEditor.Rocket.Release] AnalyticsET::StartSession
[2015.09.26-20.30.34:932][  0]LogInit: Transaction tracking system initialized
[2015.09.26-20.30.36:601][  0]BlueprintLog: New page: Editor Load
[2015.09.26-20.30.37:646][  0]LocalizationService: Info Localization service is disabled
[2015.09.26-20.30.38:215][  0]LogConsoleResponse:Display: 
[2015.09.26-20.30.38:985][  0]LogCook:Display: Done creating registry. It took  0.00s.
[2015.09.26-20.30.39:583][  0]LogFileCache: Scanning file cache for directory 'C:/Users/Will/Documents/mqp/pipermqp/prodenv/ThePiedPiper/Content/' took 0.01s
[2015.09.26-20.30.39:589][  0]SourceControl: Info Source control is disabled
[2015.09.26-20.30.39:589][  0]Cmd: MAP LOAD FILE="../../../../../../Users/Will/Documents/mqp/pipermqp/prodenv/ThePiedPiper/Content/FirstPersonBP/Maps/FirstPersonExampleMap.umap" TEMPLATE=0 SHOWPROGRESS=1 FEATURELEVEL=3
[2015.09.26-20.30.39:589][  0]LogEditorServer:Warning: Can't find file '../../../../../../Users/Will/Documents/mqp/pipermqp/prodenv/ThePiedPiper/Content/FirstPersonBP/Maps/FirstPersonExampleMap.umap'
[2015.09.26-20.30.39:589][  0]Cmd: MAP CHECKDEP NOCLEARLOG
[2015.09.26-20.30.39:628][  0]MapCheck: Info Map check complete: 0 Error(s), 0 Warning(s), took 39.496ms to complete.
[2015.09.26-20.30.39:629][  0]LogFileHelpers: Loading map 'FirstPersonExampleMap' took 0.040
[2015.09.26-20.30.39:732][  0]LogCollectionManager: Loaded 0 collections in 0.002060 seconds
[2015.09.26-20.30.39:770][  0]LogFileCache: Scanning file cache for directory 'C:/Users/Will/Documents/mqp/pipermqp/prodenv/ThePiedPiper/Saved/Collections/' took 0.01s
[2015.09.26-20.30.39:770][  0]LogFileCache: Scanning file cache for directory 'C:/Users/Will/Documents/mqp/pipermqp/prodenv/ThePiedPiper/Content/Developers/Will/Collections/' took 0.01s
[2015.09.26-20.30.39:770][  0]LogFileCache: Scanning file cache for directory 'C:/Users/Will/Documents/mqp/pipermqp/prodenv/ThePiedPiper/Content/Collections/' took 0.01s
[2015.09.26-20.30.39:770][  0]LogContentBrowser: Native class hierarchy populated in 0.0078 seconds. Added 1867 classes and 333 folders.
[2015.09.26-20.30.39:776][  0]LogCollectionManager: Rebuilt the GUID cache for 0 collections in 0.000002 seconds
[2015.09.26-20.30.39:783][  0]LogContentBrowser: Native class hierarchy updated for 'WidgetCarousel' in 0.0005 seconds. Added 0 classes and 0 folders.
[2015.09.26-20.30.46:123][  0]LogContentBrowser: Native class hierarchy updated for 'AddContentDialog' in 0.0003 seconds. Added 0 classes and 0 folders.
[2015.09.26-20.30.46:127][  0]LogContentBrowser: Native class hierarchy updated for 'SceneOutliner' in 0.0003 seconds. Added 1 classes and 2 folders.
[2015.09.26-20.30.46:489][  0]LogCrashTracker: Crashtracker disabled due to settings.
[2015.09.26-20.30.46:492][  0]LogUObjectGlobals:Warning: Failed to find object 'Class None.'
[2015.09.26-20.30.46:517][  0]LogLoad: Full Startup: 51.68 seconds (BP compile: 0.04 seconds)
[2015.09.26-20.30.46:636][  0]LogContentStreaming: Texture pool size now 400 MB
[2015.09.26-20.30.46:768][  0]LogRenderer: Reallocating scene render targets to support 1208x568 (Frame:2).
[2015.09.26-20.30.47:217][  4]LogAssetRegistry: Asset discovery search completed in 18.6025 seconds
[2015.09.26-20.30.47:217][  4]LogCollectionManager: Rebuilt the object cache for 0 collections in 0.000001 seconds (found 0 objects)
[2015.09.26-20.30.47:217][  4]LogCollectionManager: Fixed up redirectors for 0 collections in 0.000037 seconds (updated 0 objects)
[2015.09.26-20.33.16:808][689]Cmd: QUIT_EDITOR
[2015.09.26-20.33.17:385][689]LogExit: Preparing to exit.
[2015.09.26-20.33.18:591][689]LogExit: Editor shut down
[2015.09.26-20.33.18:698][689]LogParticles: Destroying 0 GPU particle simulations for FXSystem 0x000000001E51E160
[2015.09.26-20.33.18:698][689]LogExit: Transaction tracking system shut down
[2015.09.26-20.33.18:699][689]LogParticles: Destroying 0 GPU particle simulations for FXSystem 0x000000001D633880
[2015.09.26-20.33.20:717][689]LogExit: Object subsystem successfully closed.
[2015.09.26-20.33.21:020][689]LogD3D11RHI: Shutdown
[2015.09.26-20.33.21:020][689]LogD3D11RHI: CleanupD3DDevice
[2015.09.26-20.33.21:140][689]LogD3D11RHI: ~FD3D11DynamicRHI
[2015.09.26-20.33.22:213][689]LogModuleManager: Shutting down and abandoning module CrashTracker (196)
[2015.09.26-20.33.22:213][689]LogModuleManager: Shutting down and abandoning module SceneOutliner (195)
[2015.09.26-20.33.22:222][689]LogModuleManager: Shutting down and abandoning module SuperSearch (194)
[2015.09.26-20.33.22:222][689]LogModuleManager: Shutting down and abandoning module WidgetCarousel (193)
[2015.09.26-20.33.22:222][689]LogModuleManager: Shutting down and abandoning module AddContentDialog (192)
[2015.09.26-20.33.22:238][689]LogModuleManager: Shutting down and abandoning module EditorWidgets (191)
[2015.09.26-20.33.22:238][689]LogModuleManager: Shutting down and abandoning module CollectionManager (190)
[2015.09.26-20.33.22:243][689]LogModuleManager: Shutting down and abandoning module FoliageEdit (189)
[2015.09.26-20.33.22:251][689]LogModuleManager: Shutting down and abandoning module LandscapeEditor (188)
[2015.09.26-20.33.22:389][689]LogModuleManager: Shutting down and abandoning module ActorPickerMode (187)
[2015.09.26-20.33.22:389][689]LogModuleManager: Shutting down and abandoning module GeometryMode (186)
[2015.09.26-20.33.22:389][689]LogModuleManager: Shutting down and abandoning module TextureAlignMode (185)
[2015.09.26-20.33.22:389][689]LogModuleManager: Shutting down and abandoning module BspMode (184)
[2015.09.26-20.33.22:389][689]LogModuleManager: Shutting down and abandoning module PlacementMode (183)
[2015.09.26-20.33.22:389][689]LogModuleManager: Shutting down and abandoning module AutomationWorker (182)
[2015.09.26-20.33.22:390][689]LogModuleManager: Shutting down and abandoning module CharacterAI (181)
[2015.09.26-20.33.22:390][689]LogModuleManager: Shutting down and abandoning module SmartSnapping (180)
[2015.09.26-20.33.22:390][689]LogModuleManager: Shutting down and abandoning module ViewportSnapping (179)
[2015.09.26-20.33.22:390][689]LogModuleManager: Shutting down and abandoning module LogVisualizer (178)
[2015.09.26-20.33.22:415][689]LogModuleManager: Shutting down and abandoning module GameProjectGeneration (177)
[2015.09.26-20.33.22:441][689]LogModuleManager: Shutting down and abandoning module IntroTutorials (176)
[2015.09.26-20.33.22:478][689]LogModuleManager: Shutting down and abandoning module EditorLiveStreaming (175)
[2015.09.26-20.33.22:478][689]LogModuleManager: Shutting down and abandoning module IOSPlatformEditor (174)
[2015.09.26-20.33.22:478][689]LogModuleManager: Shutting down and abandoning module HTML5PlatformEditor (173)
[2015.09.26-20.33.22:478][689]LogModuleManager: Shutting down and abandoning module AndroidDeviceDetection (172)
[2015.09.26-20.33.22:813][689]LogModuleManager: Shutting down and abandoning module AndroidPlatformEditor (171)
[2015.09.26-20.33.22:813][689]LogModuleManager: Shutting down and abandoning module IOSRuntimeSettings (170)
[2015.09.26-20.33.22:813][689]LogModuleManager: Shutting down and abandoning module AndroidRuntimeSettings (169)
[2015.09.26-20.33.22:813][689]LogModuleManager: Shutting down and abandoning module MergeActors (168)
[2015.09.26-20.33.22:859][689]LogModuleManager: Shutting down and abandoning module SizeMap (167)
[2015.09.26-20.33.22:859][689]LogModuleManager: Shutting down and abandoning module TreeMap (166)
[2015.09.26-20.33.22:859][689]LogModuleManager: Shutting down and abandoning module ReferenceViewer (165)
[2015.09.26-20.33.22:876][689]LogModuleManager: Shutting down and abandoning module LocalizationService (164)
[2015.09.26-20.33.22:890][689]LogModuleManager: Shutting down and abandoning module LocalizationDashboard (163)
[2015.09.26-20.33.22:902][689]LogModuleManager: Shutting down and abandoning module HardwareTargeting (162)
[2015.09.26-20.33.22:902][689]LogModuleManager: Shutting down and abandoning module DeviceProfileEditor (161)
[2015.09.26-20.33.22:902][689]LogModuleManager: Shutting down and abandoning module UndoHistory (160)
[2015.09.26-20.33.22:902][689]LogModuleManager: Shutting down and abandoning module GameplayTagsEditor (159)
[2015.09.26-20.33.22:902][689]LogModuleManager: Shutting down and abandoning module UserFeedback (158)
[2015.09.26-20.33.22:902][689]LogModuleManager: Shutting down and abandoning module XmlParser (157)
[2015.09.26-20.33.22:902][689]LogModuleManager: Shutting down and abandoning module Blutility (156)
[2015.09.26-20.33.22:902][689]LogModuleManager: Shutting down and abandoning module ProjectTargetPlatformEditor (155)
[2015.09.26-20.33.22:917][689]LogModuleManager: Shutting down and abandoning module ProjectSettingsViewer (154)
[2015.09.26-20.33.22:917][689]LogModuleManager: Shutting down and abandoning module InputBindingEditor (153)
[2015.09.26-20.33.22:918][689]LogModuleManager: Shutting down and abandoning module EditorSettingsViewer (152)
[2015.09.26-20.33.22:918][689]LogModuleManager: Shutting down and abandoning module SettingsEditor (151)
[2015.09.26-20.33.22:918][689]LogModuleManager: Shutting down and abandoning module ProjectLauncher (150)
[2015.09.26-20.33.22:918][689]LogModuleManager: Shutting down and abandoning module SessionFrontend (149)
[2015.09.26-20.33.22:918][689]LogModuleManager: Shutting down and abandoning module ProfilerClient (148)
[2015.09.26-20.33.22:930][689]LogModuleManager: Shutting down and abandoning module TargetDeviceServices (147)
[2015.09.26-20.33.22:930][689]LogModuleManager: Shutting down and abandoning module DeviceManager (146)
[2015.09.26-20.33.22:930][689]LogModuleManager: Shutting down and abandoning module AutomationController (145)
[2015.09.26-20.33.22:930][689]LogModuleManager: Shutting down and abandoning module AutomationWindow (144)
[2015.09.26-20.33.22:951][689]LogModuleManager: Shutting down and abandoning module Layers (143)
[2015.09.26-20.33.22:960][689]LogModuleManager: Shutting down and abandoning module ComponentVisualizers (142)
[2015.09.26-20.33.22:960][689]LogModuleManager: Shutting down and abandoning module DetailCustomizations (141)
[2015.09.26-20.33.22:986][689]LogModuleManager: Shutting down and abandoning module PackagesDialog (140)
[2015.09.26-20.33.22:987][689]LogModuleManager: Shutting down and abandoning module Persona (139)
[2015.09.26-20.33.23:010][689]LogModuleManager: Shutting down and abandoning module Kismet (138)
[2015.09.26-20.33.23:026][689]LogModuleManager: Shutting down and abandoning module GraphEditor (137)
[2015.09.26-20.33.23:068][689]LogModuleManager: Shutting down and abandoning module ClassViewer (136)
[2015.09.26-20.33.23:068][689]LogModuleManager: Shutting down and abandoning module Toolbox (135)
[2015.09.26-20.33.23:068][689]LogModuleManager: Shutting down and abandoning module ModuleUI (134)
[2015.09.26-20.33.23:077][689]LogModuleManager: Shutting down and abandoning module MovieSceneTools (133)
[2015.09.26-20.33.23:086][689]LogModuleManager: Shutting down and abandoning module OutputLog (132)
[2015.09.26-20.33.23:090][689]LogModuleManager: Shutting down and abandoning module GammaUI (131)
[2015.09.26-20.33.23:102][689]LogModuleManager: Shutting down and abandoning module Documentation (130)
[2015.09.26-20.33.23:102][689]LogModuleManager: Shutting down and abandoning module GameLiveStreaming (129)
[2015.09.26-20.33.23:113][689]LogModuleManager: Shutting down and abandoning module StreamingPauseRendering (128)
[2015.09.26-20.33.23:127][689]LogModuleManager: Shutting down and abandoning module AnalyticsET (127)
[2015.09.26-20.33.23:127][689]LogModuleManager: Shutting down and abandoning module Analytics (126)
[2015.09.26-20.33.23:127][689]LogModuleManager: Shutting down and abandoning module AITestSuite (125)
[2015.09.26-20.33.23:144][689]LogModuleManager: Shutting down and abandoning module GameplayDebugger (124)
[2015.09.26-20.33.23:144][689]LogModuleManager: Shutting down and abandoning module AIModule (123)
[2015.09.26-20.33.23:150][689]LogModuleManager: Shutting down and abandoning module ProfilerService (122)
[2015.09.26-20.33.23:325][689]LogModuleManager: Shutting down and abandoning module TaskGraph (121)
[2015.09.26-20.33.23:346][689]LogModuleManager: Shutting down and abandoning module SlateRemote (120)
[2015.09.26-20.33.23:346][689]LogModuleManager: Shutting down and abandoning module SteamVRController (119)
[2015.09.26-20.33.23:346][689]LogModuleManager: Shutting down and abandoning module SteamVR (118)
[2015.09.26-20.33.23:346][689]LogModuleManager: Shutting down and abandoning module ProceduralMeshComponent (117)
[2015.09.26-20.33.23:346][689]LogModuleManager: Shutting down and abandoning module OculusRift (116)
[2015.09.26-20.33.23:346][689]LogModuleManager: Shutting down and abandoning module OculusLibrary (115)
[2015.09.26-20.33.23:346][689]LogModuleManager: Shutting down and abandoning module LeapMotionController (114)
[2015.09.26-20.33.23:410][689]LogModuleManager: Shutting down and abandoning module CustomMeshComponent (113)
[2015.09.26-20.33.23:433][689]LogModuleManager: Shutting down and abandoning module CableComponent (112)
[2015.09.26-20.33.23:433][689]LogModuleManager: Shutting down and abandoning module ArchVisCharacter (111)
[2015.09.26-20.33.23:433][689]LogModuleManager: Shutting down and abandoning module MessagingDebugger (110)
[2015.09.26-20.33.23:460][689]LogModuleManager: Shutting down and abandoning module MediaPlayerEditor (109)
[2015.09.26-20.33.23:484][689]LogModuleManager: Shutting down and abandoning module HTML5Networking (108)
[2015.09.26-20.33.23:484][689]LogModuleManager: Shutting down and abandoning module SpeedTreeImporter (107)
[2015.09.26-20.33.23:485][689]LogModuleManager: Shutting down and abandoning module PluginBrowser (106)
[2015.09.26-20.33.23:503][689]LogModuleManager: Shutting down and abandoning module EpicSurvey (105)
[2015.09.26-20.33.23:503][689]LogModuleManager: Shutting down and abandoning module DesktopPlatform (104)
[2015.09.26-20.33.23:526][689]LogModuleManager: Shutting down and abandoning module VisualStudioSourceCodeAccess (103)
[2015.09.26-20.33.23:536][689]LogModuleManager: Shutting down and abandoning module UObjectPlugin (102)
[2015.09.26-20.33.23:536][689]LogModuleManager: Shutting down and abandoning module SubversionSourceControl (101)
[2015.09.26-20.33.23:560][689]LogModuleManager: Shutting down and abandoning module PerforceSourceControl (100)
[2015.09.26-20.33.23:582][689]LogModuleManager: Shutting down and abandoning module SourceControl (99)
[2015.09.26-20.33.23:600][689]LogModuleManager: Shutting down and abandoning module GitSourceControl (98)
[2015.09.26-20.33.23:615][689]LogModuleManager: Shutting down and abandoning module LightPropagationVolumeEditor (97)
[2015.09.26-20.33.23:616][689]LogModuleManager: Shutting down and abandoning module PaperTiledImporter (96)
[2015.09.26-20.33.23:619][689]LogModuleManager: Shutting down and abandoning module PaperSpriteSheetImporter (95)
[2015.09.26-20.33.23:619][689]LogModuleManager: Shutting down and abandoning module MeshPaint (94)
[2015.09.26-20.33.23:629][689]LogModuleManager: Shutting down and abandoning module SlateReflector (93)
[2015.09.26-20.33.23:652][689]LogModuleManager: Shutting down and abandoning module HotReload (92)
[2015.09.26-20.33.23:652][689]LogModuleManager: Shutting down and abandoning module MainFrame (91)
[2015.09.26-20.33.23:652][689]LogModuleManager: Shutting down and abandoning module LevelEditor (90)
[2015.09.26-20.33.23:670][689]LogModuleManager: Shutting down and abandoning module DirectoryWatcher (89)
[2015.09.26-20.33.23:672][689]LogModuleManager: Shutting down and abandoning module AssetRegistry (88)
[2015.09.26-20.33.23:813][689]LogModuleManager: Shutting down and abandoning module ContentBrowser (87)
[2015.09.26-20.33.23:813][689]LogModuleManager: Shutting down and abandoning module Paper2DEditor (86)
[2015.09.26-20.33.23:865][689]LogModuleManager: Shutting down and abandoning module UdpMessaging (85)
[2015.09.26-20.33.23:965][689]LogModuleManager: Shutting down and abandoning module LightPropagationVolumeRuntime (84)
[2015.09.26-20.33.23:965][689]LogModuleManager: Shutting down and abandoning module Paper2D (83)
[2015.09.26-20.33.24:039][689]LogModuleManager: Shutting down and abandoning module WindowsMoviePlayer (82)
[2015.09.26-20.33.24:066][689]LogModuleManager: Shutting down and abandoning module Media (81)
[2015.09.26-20.33.24:066][689]LogModuleManager: Shutting down and abandoning module WmfMedia (80)
[2015.09.26-20.33.24:106][689]LogModuleManager: Shutting down and abandoning module OnlineBlueprintSupport (79)
[2015.09.26-20.33.24:106][689]LogModuleManager: Shutting down and abandoning module GameplayTasksEditor (78)
[2015.09.26-20.33.24:106][689]LogModuleManager: Shutting down and abandoning module PropertyEditor (77)
[2015.09.26-20.33.24:130][689]LogModuleManager: Shutting down and abandoning module BehaviorTreeEditor (76)
[2015.09.26-20.33.24:165][689]LogModuleManager: Shutting down and abandoning module FunctionalTesting (75)
[2015.09.26-20.33.24:165][689]LogModuleManager: Shutting down and abandoning module CollisionAnalyzer (74)
[2015.09.26-20.33.24:184][689]LogModuleManager: Shutting down and abandoning module WorkspaceMenuStructure (73)
[2015.09.26-20.33.24:184][689]LogModuleManager: Shutting down and abandoning module MessageLog (72)
[2015.09.26-20.33.24:184][689]LogModuleManager: Shutting down and abandoning module Sequencer (71)
[2015.09.26-20.33.24:207][689]LogModuleManager: Shutting down and abandoning module AssetTools (70)
[2015.09.26-20.33.24:237][689]LogModuleManager: Shutting down and abandoning module UMGEditor (69)
[2015.09.26-20.33.24:289][689]LogModuleManager: Shutting down and abandoning module UMG (68)
[2015.09.26-20.33.24:299][689]LogModuleManager: Shutting down and abandoning module Slate (67)
[2015.09.26-20.33.24:299][689]LogModuleManager: Shutting down and abandoning module EditorStyle (66)
[2015.09.26-20.33.24:303][689]LogModuleManager: Shutting down and abandoning module SessionServices (65)
[2015.09.26-20.33.24:303][689]LogModuleManager: Shutting down and abandoning module SourceCodeAccess (64)
[2015.09.26-20.33.24:303][689]LogModuleManager: Shutting down and abandoning module HeadMountedDisplay (63)
[2015.09.26-20.33.24:303][689]LogModuleManager: Shutting down and abandoning module XAudio2 (62)
[2015.09.26-20.33.24:303][689]LogModuleManager: Shutting down and abandoning module Networking (60)
[2015.09.26-20.33.24:303][689]LogModuleManager: Shutting down and abandoning module Core (59)
[2015.09.26-20.33.24:303][689]LogModuleManager: Shutting down and abandoning module KismetCompiler (58)
[2015.09.26-20.33.24:303][689]LogModuleManager: Shutting down and abandoning module PhysXFormats (57)
[2015.09.26-20.33.24:303][689]LogModuleManager: Shutting down and abandoning module MeshUtilities (56)
[2015.09.26-20.33.24:326][689]LogModuleManager: Shutting down and abandoning module CookingStats (55)
[2015.09.26-20.33.24:327][689]LogModuleManager: Shutting down and abandoning module DerivedDataCache (54)
[2015.09.26-20.33.24:364][689]LogDerivedDataCache: Shutdown
[2015.09.26-20.33.24:364][689]LogModuleManager: Shutting down and abandoning module ShaderFormatOpenGL (53)
[2015.09.26-20.33.24:418][689]LogModuleManager: Shutting down and abandoning module ShaderFormatD3D (52)
[2015.09.26-20.33.24:448][689]LogModuleManager: Shutting down and abandoning module MetalShaderFormat (51)
[2015.09.26-20.33.24:472][689]LogModuleManager: Shutting down and abandoning module TextureFormatUncompressed (50)
[2015.09.26-20.33.24:472][689]LogModuleManager: Shutting down and abandoning module TextureFormatPVR (49)
[2015.09.26-20.33.24:509][689]LogModuleManager: Shutting down and abandoning module TextureFormatIntelISPCTexComp (48)
[2015.09.26-20.33.24:578][689]LogModuleManager: Shutting down and abandoning module TextureFormatDXT (47)
[2015.09.26-20.33.24:602][689]LogModuleManager: Shutting down and abandoning module ImageWrapper (46)
[2015.09.26-20.33.24:602][689]LogModuleManager: Shutting down and abandoning module TextureFormatASTC (45)
[2015.09.26-20.33.24:602][689]LogModuleManager: Shutting down and abandoning module TextureFormatAndroid (44)
[2015.09.26-20.33.24:602][689]LogModuleManager: Shutting down and abandoning module AudioFormatOpus (43)
[2015.09.26-20.33.24:624][689]LogModuleManager: Shutting down and abandoning module AudioFormatOgg (42)
[2015.09.26-20.33.24:645][689]LogModuleManager: Shutting down and abandoning module AudioFormatADPCM (41)
[2015.09.26-20.33.24:665][689]LogModuleManager: Shutting down and abandoning module LinuxTargetPlatform (40)
[2015.09.26-20.33.24:665][689]LogModuleManager: Shutting down and abandoning module LinuxServerTargetPlatform (39)
[2015.09.26-20.33.24:684][689]LogModuleManager: Shutting down and abandoning module LinuxNoEditorTargetPlatform (38)
[2015.09.26-20.33.24:701][689]LogModuleManager: Shutting down and abandoning module Messaging (37)
[2015.09.26-20.33.24:701][689]LogModuleManager: Shutting down and abandoning module IOSTargetPlatform (36)
[2015.09.26-20.33.24:701][689]LogModuleManager: Shutting down and abandoning module HTML5TargetPlatform (35)
[2015.09.26-20.33.24:701][689]LogModuleManager: Shutting down and abandoning module Android_PVRTCTargetPlatform (34)
[2015.09.26-20.33.24:719][689]LogModuleManager: Shutting down and abandoning module Android_ETC2TargetPlatform (33)
[2015.09.26-20.33.24:741][689]LogModuleManager: Shutting down and abandoning module Android_ETC1TargetPlatform (32)
[2015.09.26-20.33.24:759][689]LogModuleManager: Shutting down and abandoning module Android_DXTTargetPlatform (31)
[2015.09.26-20.33.24:775][689]LogModuleManager: Shutting down and abandoning module Android_ATCTargetPlatform (30)
[2015.09.26-20.33.24:798][689]LogModuleManager: Shutting down and abandoning module Android_ASTCTargetPlatform (29)
[2015.09.26-20.33.24:818][689]LogModuleManager: Shutting down and abandoning module AndroidTargetPlatform (28)
[2015.09.26-20.33.24:839][689]LogModuleManager: Shutting down and abandoning module WindowsTargetPlatform (27)
[2015.09.26-20.33.24:839][689]LogModuleManager: Shutting down and abandoning module WindowsServerTargetPlatform (26)
[2015.09.26-20.33.24:856][689]LogModuleManager: Shutting down and abandoning module WindowsNoEditorTargetPlatform (25)
[2015.09.26-20.33.24:887][689]LogModuleManager: Shutting down and abandoning module WindowsClientTargetPlatform (24)
[2015.09.26-20.33.24:907][689]LogModuleManager: Shutting down and abandoning module AllDesktopTargetPlatform (23)
[2015.09.26-20.33.24:929][689]LogModuleManager: Shutting down and abandoning module TargetPlatform (22)
[2015.09.26-20.33.24:929][689]LogModuleManager: Shutting down and abandoning module InputCore (21)
[2015.09.26-20.33.24:929][689]LogModuleManager: Shutting down and abandoning module Settings (20)
[2015.09.26-20.33.24:929][689]LogModuleManager: Shutting down and abandoning module OnlineSubsystem (18)
[2015.09.26-20.33.24:929][689]LogModuleManager: Shutting down and abandoning module HTTP (17)
[2015.09.26-20.33.26:930][689]LogModuleManager: Shutting down and abandoning module XMPP (16)
[2015.09.26-20.33.27:069][689]LogModuleManager: Shutting down and abandoning module ExampleDeviceProfileSelector (15)
[2015.09.26-20.33.27:069][689]LogModuleManager: Shutting down and abandoning module TextureCompressor (14)
[2015.09.26-20.33.27:110][689]LogModuleManager: Shutting down and abandoning module ShaderCore (13)
[2015.09.26-20.33.27:110][689]LogModuleManager: Shutting down and abandoning module Landscape (12)
[2015.09.26-20.33.27:110][689]LogModuleManager: Shutting down and abandoning module SlateRHIRenderer (11)
[2015.09.26-20.33.27:152][689]LogModuleManager: Shutting down and abandoning module OpenGLDrv (10)
[2015.09.26-20.33.27:165][689]LogModuleManager: Shutting down and abandoning module D3D11RHI (9)
[2015.09.26-20.33.27:165][689]LogModuleManager: Shutting down and abandoning module AnimGraphRuntime (8)
[2015.09.26-20.33.27:175][689]LogModuleManager: Shutting down and abandoning module Renderer (7)
[2015.09.26-20.33.27:175][689]LogModuleManager: Shutting down and abandoning module Engine (6)
[2015.09.26-20.33.27:175][689]LogModuleManager: Shutting down and abandoning module CoreUObject (5)
[2015.09.26-20.33.27:175][689]LogModuleManager: Shutting down and abandoning module NetworkFile (4)
[2015.09.26-20.33.27:387][689]LogModuleManager: Shutting down and abandoning module StreamingFile (3)
[2015.09.26-20.33.27:587][689]LogModuleManager: Shutting down and abandoning module SandboxFile (2)
[2015.09.26-20.33.28:004][689]LogModuleManager: Shutting down and abandoning module PakFile (1)
[2015.09.26-20.33.28:502][689]LogExit: Exiting.
[2015.09.26-20.33.28:610][689]Log file closed, 09/26/15 16:33:28
