[2015.10.09-03.40.04:617][  0]Log file open, 10/08/15 23:40:04
[2015.10.09-03.40.04:617][  0]LogInit:Display: Running engine for game: ThePiedPiper
[2015.10.09-03.40.04:617][  0]LogInit:Display: RandInit(2058563641) SRandInit(2058563641).
[2015.10.09-03.40.04:617][  0]LogTaskGraph: Started task graph with 4 named threads and 7 total threads.
[2015.10.09-03.40.04:617][  0]LogStats: Stats thread started at 0.064454
[2015.10.09-03.40.04:617][  0]LogInit: Version: 4.9.1-2689999+++depot+UE4-Releases+4.9
[2015.10.09-03.40.04:617][  0]LogInit: API Version: 2672455
[2015.10.09-03.40.04:617][  0]LogInit: Compiled (64-bit): Sep 14 2015 04:12:03
[2015.10.09-03.40.04:617][  0]LogInit: Compiled with Visual C++: 18.00.21005.01
[2015.10.09-03.40.04:617][  0]LogInit: Build Configuration: Development
[2015.10.09-03.40.04:617][  0]LogInit: Branch Name: ++depot+UE4-Releases+4.9
[2015.10.09-03.40.04:617][  0]LogInit: Command line:  
[2015.10.09-03.40.04:617][  0]LogInit: Base directory: H:/Program Files/Epic Games/4.9/Engine/Binaries/Win64/
[2015.10.09-03.40.04:617][  0]LogInit: Rocket: 1
[2015.10.09-03.40.04:623][  0]LogInit: Using libcurl 7.41.0
[2015.10.09-03.40.04:623][  0]LogInit:  - built for x86_64-pc-win32
[2015.10.09-03.40.04:623][  0]LogInit:  - supports SSL with WinSSL
[2015.10.09-03.40.04:623][  0]LogInit:  - other features:
[2015.10.09-03.40.04:623][  0]LogInit:      CURL_VERSION_SSL
[2015.10.09-03.40.04:623][  0]LogInit:      CURL_VERSION_IPV6
[2015.10.09-03.40.04:623][  0]LogInit:      CURL_VERSION_ASYNCHDNS
[2015.10.09-03.40.04:623][  0]LogInit:      CURL_VERSION_LARGEFILE
[2015.10.09-03.40.04:623][  0]LogInit:      CURL_VERSION_IDN
[2015.10.09-03.40.04:623][  0]LogInit:  CurlRequestOptions (configurable via config and command line):
[2015.10.09-03.40.04:623][  0]LogInit:  - bVerifyPeer = true  - Libcurl will verify peer certificate
[2015.10.09-03.40.04:623][  0]LogInit:  - bUseHttpProxy = false  - Libcurl will NOT use HTTP proxy
[2015.10.09-03.40.04:623][  0]LogInit:  - bDontReuseConnections = false  - Libcurl will reuse connections
[2015.10.09-03.40.04:623][  0]LogInit:  - CertBundlePath = nullptr  - Libcurl will use whatever was configured at build time.
[2015.10.09-03.40.04:627][  0]LogInit: Presizing for 0 objects not considered by GC, pre-allocating 0 bytes.
[2015.10.09-03.40.04:632][  0]LogInit: Object subsystem initialized
[2015.10.09-03.40.04:633][  0]LogInit: Selected Device Profile: [Windows]
[2015.10.09-03.40.04:633][  0]LogInit: Applying CVar settings loaded from the selected device profile: [Windows]
[2015.10.09-03.40.04:639][  0]LogInit: Computer: BAE
[2015.10.09-03.40.04:639][  0]LogInit: User: Jeff
[2015.10.09-03.40.04:639][  0]LogInit: CPU Page size=4096, Cores=4
[2015.10.09-03.40.04:639][  0]LogInit: High frequency timer resolution =3.903986 MHz
[2015.10.09-03.40.04:639][  0]LogMemory: Memory total: Physical=23.9GB (24GB approx)
[2015.10.09-03.40.04:639][  0]LogMemory: Platform Memory Stats for Windows
[2015.10.09-03.40.04:639][  0]LogMemory: Process Physical Memory: 54.62 MB used, 54.62 MB peak
[2015.10.09-03.40.04:639][  0]LogMemory: Process Virtual Memory: 55.53 MB used, 55.53 MB peak
[2015.10.09-03.40.04:639][  0]LogMemory: Physical Memory: 5748.39 MB used, 24516.47 MB total
[2015.10.09-03.40.04:639][  0]LogMemory: Virtual Memory: 365.35 MB used, 134217728.00 MB total
[2015.10.09-03.40.04:665][  0]LogTextLocalizationManager: No specific translations for ('en-US') exist, so ('en') translations will be used.
[2015.10.09-03.40.05:184][  0]LogD3D11RHI: Found D3D11 adapter 0: NVIDIA GeForce GTX 970 (Feature Level 11_0)
[2015.10.09-03.40.05:184][  0]LogD3D11RHI: Adapter has 4008MB of dedicated video memory, 0MB of dedicated system memory, and 12258MB of shared system memory, 2 output[s]
[2015.10.09-03.40.05:184][  0]LogD3D11RHI: Found D3D11 adapter 1: Microsoft Basic Render Driver (Feature Level 11_0)
[2015.10.09-03.40.05:184][  0]LogD3D11RHI: Adapter has 0MB of dedicated video memory, 0MB of dedicated system memory, and 12258MB of shared system memory, 0 output[s]
[2015.10.09-03.40.05:184][  0]LogD3D11RHI: Chosen D3D11 Adapter Id = 0
[2015.10.09-03.40.05:188][  0]LogD3D11RHI: !Direct3DDevice
[2015.10.09-03.40.05:188][  0]LogRHI: Texture pool is 1361 MB (70% of 1945 MB)
[2015.10.09-03.40.05:198][  0]LogD3D11RHI: Async texture creation enabled
[2015.10.09-03.40.05:214][  0]LogShaderCompilers: Guid format shader working directory is 14 characters bigger than the processId version (../../../../../../GitHub/pipermqp/prodenv/ThePiedPiper/Intermediate/Shaders/WorkingDirectory/13352/).
[2015.10.09-03.40.05:214][  0]LogShaderCompilers: Cleaned the shader compiler working directory '../../../../../../GitHub/pipermqp/prodenv/ThePiedPiper/Intermediate/Shaders/tmp/4F999C9546FC2591A3EAEBA28F5ABBC6/'.
[2015.10.09-03.40.05:214][  0]LogShaderCompilers:Display: Using Local Shader Compiler.
[2015.10.09-03.40.05:904][  0]LogTemp:Display: Loaded TP AllDesktopTargetPlatform
[2015.10.09-03.40.05:907][  0]LogTemp:Display: Loaded TP WindowsClientTargetPlatform
[2015.10.09-03.40.05:910][  0]LogTemp:Display: Loaded TP WindowsNoEditorTargetPlatform
[2015.10.09-03.40.05:913][  0]LogTemp:Display: Loaded TP WindowsServerTargetPlatform
[2015.10.09-03.40.05:916][  0]LogTemp:Display: Loaded TP WindowsTargetPlatform
[2015.10.09-03.40.05:918][  0]LogTemp:Display: Loaded TP AndroidTargetPlatform
[2015.10.09-03.40.05:920][  0]LogTemp:Display: Loaded TP Android_ASTCTargetPlatform
[2015.10.09-03.40.05:922][  0]LogTemp:Display: Loaded TP Android_ATCTargetPlatform
[2015.10.09-03.40.05:924][  0]LogTemp:Display: Loaded TP Android_DXTTargetPlatform
[2015.10.09-03.40.05:926][  0]LogTemp:Display: Loaded TP Android_ETC1TargetPlatform
[2015.10.09-03.40.05:928][  0]LogTemp:Display: Loaded TP Android_ETC2TargetPlatform
[2015.10.09-03.40.05:930][  0]LogTemp:Display: Loaded TP Android_PVRTCTargetPlatform
[2015.10.09-03.40.05:931][  0]LogTemp:Display: Loaded TP HTML5TargetPlatform
[2015.10.09-03.40.05:946][  0]LogTemp:Display: Loaded TP IOSTargetPlatform
[2015.10.09-03.40.05:948][  0]LogTemp:Display: Loaded TP LinuxNoEditorTargetPlatform
[2015.10.09-03.40.05:950][  0]LogTemp:Display: Loaded TP LinuxServerTargetPlatform
[2015.10.09-03.40.05:953][  0]LogTemp:Display: Loaded TP LinuxTargetPlatform
[2015.10.09-03.40.05:953][  0]LogTargetPlatformManager:Display: Building Assets For Windows
[2015.10.09-03.40.05:996][  0]LogDerivedDataCache:Display: Max Cache Size: 512 MB
[2015.10.09-03.40.06:032][  0]LogDerivedDataCache: Loaded boot cache 0.04s 41MB C:/Users/Jeff/AppData/Local/UnrealEngine/4.9/DerivedDataCache/Boot.ddc.
[2015.10.09-03.40.06:032][  0]LogDerivedDataCache:Display: Loaded Boot cache: C:/Users/Jeff/AppData/Local/UnrealEngine/4.9/DerivedDataCache/Boot.ddc
[2015.10.09-03.40.06:033][  0]LogDerivedDataCache: FDerivedDataBackendGraph:  Pak pak cache file ../../../../../../GitHub/pipermqp/prodenv/ThePiedPiper/DerivedDataCache/DDC.ddp not found, will not use a pak cache.
[2015.10.09-03.40.06:033][  0]LogDerivedDataCache: Unable to find inner node Pak for hierarchical cache Hierarchy.
[2015.10.09-03.40.06:033][  0]LogDerivedDataCache: FDerivedDataBackendGraph:  CompressedPak pak cache file ../../../../../../GitHub/pipermqp/prodenv/ThePiedPiper/DerivedDataCache/Compressed.ddp not found, will not use a pak cache.
[2015.10.09-03.40.06:033][  0]LogDerivedDataCache: Unable to find inner node CompressedPak for hierarchical cache Hierarchy.
[2015.10.09-03.40.06:130][  0]LogDerivedDataCache:Display: Pak cache opened for reading ../../../Engine/DerivedDataCache/Compressed.ddp.
[2015.10.09-03.40.06:142][  0]LogDerivedDataCache: Using Local data cache path C:/Users/Jeff/AppData/Local/UnrealEngine/Common/DerivedDataCache: Writable
[2015.10.09-03.40.06:253][  0]LogInit: Selected Device Profile: [Windows]
[2015.10.09-03.40.06:255][  0]LogContentStreaming: Texture pool size is 0.000000MB
[2015.10.09-03.40.06:331][  0]LogMeshUtilities: No automatic mesh reduction module available
[2015.10.09-03.40.06:331][  0]LogMeshUtilities: No automatic mesh merging module available
[2015.10.09-03.40.06:481][  0]LogInit: WinSock: version 1.1 (2.2), MaxSocks=32767, MaxUdp=65467
[2015.10.09-03.40.06:931][  0]UdpMessaging: Initializing bridge on interface 0.0.0.0:0 to multicast group 230.0.0.1:6666.
[2015.10.09-03.40.07:056][  0]LogAssetRegistry: FAssetRegistry took 0.0103 seconds to start up
[2015.10.09-03.40.07:164][  0]SourceControl: Info Source control is disabled
[2015.10.09-03.40.07:171][  0]SourceControl: Info Source control is disabled
[2015.10.09-03.40.07:176][  0]SourceControl: Info Source control is disabled
[2015.10.09-03.40.07:181][  0]SourceControl: Info Source control is disabled
[2015.10.09-03.40.07:250][  0]LogLinker:Warning: Asset '../../../Engine/Plugins/Runtime/LeapMotionController/Content/LM_PassthroughMaterial.uasset' has been saved with empty engine version. The asset will be loaded but may be incompatible.
[2015.10.09-03.40.07:288][  0]LogObj: 28361 objects as part of root set at end of initial load.
[2015.10.09-03.40.07:288][  0]LogUObjectAllocator: 6038872 out of 0 bytes used by permanent object pool.
[2015.10.09-03.40.07:330][  0]LogEngine: Initializing Engine...
[2015.10.09-03.40.07:331][  0]LogHMD: Can't find Oculus library dev build: is proper Runtime installed? Version: 0.7.0.0
[2015.10.09-03.40.07:333][  0]LogHMD: SteamVR failed to initialize.  Err: 108
[2015.10.09-03.40.07:414][  0]LogAIModule: Creating AISystem for world NewWorld
[2015.10.09-03.40.07:418][  0]LogInit: XAudio2 using 'Speakers (Realtek High Definition Audio)' : 2 channels at 48 kHz using 32 bits per sample (channel mask 0x3)
[2015.10.09-03.40.07:435][  0]LogInit: FAudioDevice initialized.
[2015.10.09-03.40.07:452][  0]LogDerivedDataCache: Saved boot cache 0.02s 41MB C:/Users/Jeff/AppData/Local/UnrealEngine/4.9/DerivedDataCache/Boot.ddc.
[2015.10.09-03.40.07:456][  0]LogInit: Texture streaming: Enabled
[2015.10.09-03.40.07:458][  0]LogAnalytics: Creating configured Analytics provider AnalyticsET
[2015.10.09-03.40.07:458][  0]LogAnalytics: [UEEditor.Rocket.Release] APIServer = http://et2.epicgames.com/ET2/. AppVersion = 4.9.1-2689999+++depot+UE4-Releases+4.9
[2015.10.09-03.40.07:458][  0]LogAnalytics: [UEEditor.Rocket.Release] SetUserId 273aaf39449f8fada2c1538daad7ab65|0221e6425d4c49ff85f47cde75a6cd00|d6b3f0e4-a65b-4aee-aa1a-d77f97d8b005
[2015.10.09-03.40.07:458][  0]LogAnalytics: [UEEditor.Rocket.Release] AnalyticsET::StartSession
[2015.10.09-03.40.07:466][  0]LogWindowsTextInputMethodSystem:Display: IME system now deactivated.
[2015.10.09-03.40.07:466][  0]LogWindowsTextInputMethodSystem:Display: IME system now deactivated.
[2015.10.09-03.40.07:479][  0]LogInit: Transaction tracking system initialized
[2015.10.09-03.40.07:494][  0]BlueprintLog: New page: Editor Load
[2015.10.09-03.40.07:534][  0]LocalizationService: Info Localization service is disabled
[2015.10.09-03.40.07:577][  0]LogConsoleResponse:Display: 
[2015.10.09-03.40.07:650][  0]LogCook:Display: Done creating registry. It took  0.00s.
[2015.10.09-03.40.07:677][  0]LogFileCache: Scanning file cache for directory 'H:/GitHub/pipermqp/prodenv/ThePiedPiper/Content/' took 0.01s
[2015.10.09-03.40.07:677][  0]SourceControl: Info Source control is disabled
[2015.10.09-03.40.07:677][  0]Cmd: MAP LOAD FILE="../../../../../../GitHub/pipermqp/prodenv/ThePiedPiper/Content/FirstPersonBP/Maps/FirstPersonExampleMap.umap" TEMPLATE=0 SHOWPROGRESS=1 FEATURELEVEL=3
[2015.10.09-03.40.07:677][  0]LogEditorServer:Warning: Can't find file '../../../../../../GitHub/pipermqp/prodenv/ThePiedPiper/Content/FirstPersonBP/Maps/FirstPersonExampleMap.umap'
[2015.10.09-03.40.07:677][  0]Cmd: MAP CHECKDEP NOCLEARLOG
[2015.10.09-03.40.07:704][  0]MapCheck: Info Map check complete: 0 Error(s), 0 Warning(s), took 26.81ms to complete.
[2015.10.09-03.40.07:704][  0]LogFileHelpers: Loading map 'FirstPersonExampleMap' took 0.027
[2015.10.09-03.40.07:793][  0]LogCollectionManager: Loaded 0 collections in 0.000912 seconds
[2015.10.09-03.40.07:831][  0]LogFileCache: Scanning file cache for directory 'H:/GitHub/pipermqp/prodenv/ThePiedPiper/Saved/Collections/' took 0.01s
[2015.10.09-03.40.07:831][  0]LogFileCache: Scanning file cache for directory 'H:/GitHub/pipermqp/prodenv/ThePiedPiper/Content/Developers/Jeff/Collections/' took 0.01s
[2015.10.09-03.40.07:831][  0]LogFileCache: Scanning file cache for directory 'H:/GitHub/pipermqp/prodenv/ThePiedPiper/Content/Collections/' took 0.01s
[2015.10.09-03.40.07:831][  0]LogContentBrowser: Native class hierarchy populated in 0.0050 seconds. Added 1867 classes and 333 folders.
[2015.10.09-03.40.07:836][  0]LogCollectionManager: Rebuilt the GUID cache for 0 collections in 0.000002 seconds
[2015.10.09-03.40.07:839][  0]LogContentBrowser: Native class hierarchy updated for 'WidgetCarousel' in 0.0002 seconds. Added 0 classes and 0 folders.
[2015.10.09-03.40.07:863][  0]LogContentBrowser: Native class hierarchy updated for 'AddContentDialog' in 0.0002 seconds. Added 0 classes and 0 folders.
[2015.10.09-03.40.07:865][  0]LogContentBrowser: Native class hierarchy updated for 'SceneOutliner' in 0.0002 seconds. Added 1 classes and 2 folders.
[2015.10.09-03.40.07:879][  0]LogCrashTracker: Crashtracker disabled due to settings.
[2015.10.09-03.40.07:883][  0]LogUObjectGlobals:Warning: Failed to find object 'Class None.'
[2015.10.09-03.40.07:905][  0]LogLoad: Full Startup: 3.68 seconds (BP compile: 0.00 seconds)
[2015.10.09-03.40.07:944][  0]LogContentStreaming: Texture pool size now 1000 MB
[2015.10.09-03.40.08:040][  0]LogRenderer: Reallocating scene render targets to support 1056x580 (Frame:2).
[2015.10.09-03.40.08:102][  1]LogAssetRegistry: Asset discovery search completed in 1.0565 seconds
[2015.10.09-03.40.08:102][  1]LogCollectionManager: Rebuilt the object cache for 0 collections in 0.000001 seconds (found 0 objects)
[2015.10.09-03.40.08:102][  1]LogCollectionManager: Fixed up redirectors for 0 collections in 0.000017 seconds (updated 0 objects)
[2015.10.09-03.40.11:799][424]LogLinker:Warning: Asset '../../../../../../GitHub/pipermqp/prodenv/ThePiedPiper/Content/FirstPersonBP/Blueprints/FirstPersonProjectile.uasset' has been saved with empty engine version. The asset will be loaded but may be incompatible.
[2015.10.09-03.40.11:800][424]LogLinker:Warning: Asset '../../../../../../GitHub/pipermqp/prodenv/ThePiedPiper/Content/FirstPerson/Meshes/FirstPersonProjectileMesh.uasset' has been saved with empty engine version. The asset will be loaded but may be incompatible.
[2015.10.09-03.40.12:306][424]LogAIModule: Creating AISystem for world GrayboxLevel
[2015.10.09-03.40.12:347][424]Cmd: MAP LOAD FILE="../../../../../../GitHub/pipermqp/prodenv/ThePiedPiper/Content/GrayboxLevel.umap" TEMPLATE=0 SHOWPROGRESS=1 FEATURELEVEL=3
[2015.10.09-03.40.12:347][424]LightingResults: New page: Lighting Build
[2015.10.09-03.40.12:348][424]LogContentBrowser: Native class hierarchy updated for 'StatsViewer' in 0.0002 seconds. Added 5 classes and 0 folders.
[2015.10.09-03.40.12:361][424]LoadErrors: New page: Loading map: GrayboxLevel.umap
[2015.10.09-03.40.12:361][424]MapCheck: New page: Map Check
[2015.10.09-03.40.12:361][424]LightingResults: New page: Lighting Build
[2015.10.09-03.40.12:369][424]LogParticles: Destroying 0 GPU particle simulations for FXSystem 0x00000096C9576160
[2015.10.09-03.40.12:441][424]LogEditorServer: Finished looking for orphan Actors (0.000 secs)
[2015.10.09-03.40.12:471][424]Cmd: MAP CHECKDEP NOCLEARLOG
[2015.10.09-03.40.12:508][424]MapCheck: Info Map check complete: 0 Error(s), 0 Warning(s), took 36.751ms to complete.
[2015.10.09-03.40.12:508][424]LogFileHelpers: Loading map 'GrayboxLevel' took 0.162
[2015.10.09-03.40.12:557][425]Cmd: UpdateLandscapeEditorData -warnings
[2015.10.09-03.40.12:559][425]Cmd: UpdateLandscapeEditorData
[2015.10.09-03.40.27:867][261]LogEditorViewport: Clicking on Actor (LMB): StaticMeshActor (SM_Roof27)
[2015.10.09-03.40.59:757][ 23]LogEditorViewport: Clicking on Actor (LMB): BP_Sky_Sphere_C (Sky Sphere)
[2015.10.09-03.41.05:414][697]LogEditorViewport: Clicking on Actor (LMB): StaticMeshActor (SM_Roof30)
[2015.10.09-03.41.31:077][723]LogEditorViewport: Clicking on Actor (LMB): StaticMeshActor (Floor_400x400)
[2015.10.09-03.41.37:359][473]LogEditorViewport: Clicking on Actor (LMB): StaticMeshActor (SM_Roof36)
[2015.10.09-03.42.45:580][567]LogEditorViewport: Clicking on Actor (LMB): StaticMeshActor (SM_Roof38)
[2015.10.09-03.42.51:140][229]LogEditorViewport: Clicking on Actor (LMB): BP_Sky_Sphere_C (Sky Sphere)
[2015.10.09-03.42.54:110][570]LogEditorViewport: Clicking on Actor (LMB): StaticMeshActor (SM_Roof38)
[2015.10.09-03.42.55:841][773]LogEditorViewport: Clicking on Actor (LMB): Landscape (Landscape1)
[2015.10.09-03.42.58:666][109]LogEditorViewport: Clicking on Actor (LMB): StaticMeshActor (SM_Roof38)
[2015.10.09-03.43.00:988][379]LogEditorViewport: Clicking on Actor (LMB): BP_Sky_Sphere_C (Sky Sphere)
[2015.10.09-03.43.02:745][580]Cmd: OBJ SAVEPACKAGE PACKAGE="/Game/GrayboxLevel" FILE="../../../../../../GitHub/pipermqp/prodenv/ThePiedPiper/Content/GrayboxLevel.umap" SILENT=true AUTOSAVING=false KEEPDIRTY=false
[2015.10.09-03.43.03:201][580]LogSavePackage: Save=438.475189ms
[2015.10.09-03.43.03:201][580]LogSavePackage: Moving '../../../../../../GitHub/pipermqp/prodenv/ThePiedPiper/Saved/GrayboxLevel276587984B904FB0DE70B39AE69D2264.tmp' to '../../../../../../GitHub/pipermqp/prodenv/ThePiedPiper/Content/GrayboxLevel.umap'
[2015.10.09-03.43.03:203][580]LogSavePackage: Total save time: 447.654527ms
[2015.10.09-03.43.03:203][580]LogSavePackage:Warning: Finished SavePackage ../../../../../../GitHub/pipermqp/prodenv/ThePiedPiper/Content/GrayboxLevel.umap
[2015.10.09-03.43.03:235][580]LogFileHelpers: Saving map 'GrayboxLevel' took 0.529
[2015.10.09-03.43.03:951][665]LogEditorViewport: Clicking on Actor (LMB): StaticMeshActor (SM_Roof38)
[2015.10.09-03.43.05:458][842]LogEditorViewport: Clicking on Actor (LMB): StaticMeshActor (Floor_400x400)
[2015.10.09-03.43.08:240][169]LogEditorViewport: Clicking on Actor (LMB): StaticMeshActor (SM_Roof36)
[2015.10.09-03.43.59:971][284]LogEditorViewport: Clicking on Actor (LMB): LightmassImportanceVolume (LightmassImportanceVolume)
[2015.10.09-03.44.24:578][233]LogEditorViewport: Clicking on Actor (LMB): StaticMeshActor (SM_Roof39)
[2015.10.09-03.44.44:050][539]LogEditorViewport: Clicking on Actor (LMB): Landscape (Landscape1)
[2015.10.09-03.44.46:650][848]LogEditorViewport: Clicking on Actor (LMB): LightmassImportanceVolume (LightmassImportanceVolume)
[2015.10.09-03.44.53:107][621]LogEditorViewport: Clicking on Actor (LMB): StaticMeshActor (SM_Roof35)
[2015.10.09-03.44.53:864][708]LogEditorViewport: Clicking on Actor (LMB): StaticMeshActor (SM_Roof37)
[2015.10.09-03.45.06:858][238]LogEditorViewport: Clicking on Actor (LMB): StaticMeshActor (SM_Roof42)
[2015.10.09-03.45.13:752][ 58]LogEditorViewport: Clicking on Actor (LMB): Landscape (Landscape1)
[2015.10.09-03.45.14:080][ 87]Cmd: OBJ SAVEPACKAGE PACKAGE="/Game/GrayboxLevel" FILE="../../../../../../GitHub/pipermqp/prodenv/ThePiedPiper/Content/GrayboxLevel.umap" SILENT=true AUTOSAVING=false KEEPDIRTY=false
[2015.10.09-03.45.14:533][ 87]LogSavePackage: Save=442.635559ms
[2015.10.09-03.45.14:533][ 87]LogSavePackage: Moving '../../../../../../GitHub/pipermqp/prodenv/ThePiedPiper/Saved/GrayboxLevel6C7599EE410A0A3EB216D0855118F4E0.tmp' to '../../../../../../GitHub/pipermqp/prodenv/ThePiedPiper/Content/GrayboxLevel.umap'
[2015.10.09-03.45.14:535][ 87]LogSavePackage: Total save time: 445.879672ms
[2015.10.09-03.45.14:535][ 87]LogSavePackage:Warning: Finished SavePackage ../../../../../../GitHub/pipermqp/prodenv/ThePiedPiper/Content/GrayboxLevel.umap
[2015.10.09-03.45.14:565][ 87]LogFileHelpers: Saving map 'GrayboxLevel' took 0.523
[2015.10.09-03.45.17:833][477]LogEditorViewport: Clicking on Actor (LMB): StaticMeshActor (SM_Roof42)
[2015.10.09-03.45.19:019][615]LogEditorViewport: Clicking on Actor (LMB): StaticMeshActor (SM_Roof42)
[2015.10.09-03.45.22:885][ 77]LogEditorViewport: Clicking on Actor (LMB): NavMeshBoundsVolume (NavMeshBoundsVolume)
[2015.10.09-03.45.23:904][187]Cmd: OBJ SAVEPACKAGE PACKAGE="/Game/GrayboxLevel" FILE="../../../../../../GitHub/pipermqp/prodenv/ThePiedPiper/Content/GrayboxLevel.umap" SILENT=true AUTOSAVING=false KEEPDIRTY=false
[2015.10.09-03.45.24:370][187]LogSavePackage: Save=455.594604ms
[2015.10.09-03.45.24:370][187]LogSavePackage: Moving '../../../../../../GitHub/pipermqp/prodenv/ThePiedPiper/Saved/GrayboxLevel306C7E92488E8A063C4AAFAA20AD7BF3.tmp' to '../../../../../../GitHub/pipermqp/prodenv/ThePiedPiper/Content/GrayboxLevel.umap'
[2015.10.09-03.45.24:372][187]LogSavePackage: Total save time: 458.857946ms
[2015.10.09-03.45.24:372][187]LogSavePackage:Warning: Finished SavePackage ../../../../../../GitHub/pipermqp/prodenv/ThePiedPiper/Content/GrayboxLevel.umap
[2015.10.09-03.45.24:400][187]LogFileHelpers: Saving map 'GrayboxLevel' took 0.534
[2015.10.09-03.45.42:911][404]LogEditorViewport: Clicking on Actor (LMB): Landscape (Landscape1)
[2015.10.09-03.45.43:534][476]LogEditorViewport: Clicking on Actor (LMB): Landscape (Landscape1)
[2015.10.09-03.45.54:867][819]LogWindowsTextInputMethodSystem:Display: IME system now deactivated.
[2015.10.09-03.45.54:867][819]LogWindowsTextInputMethodSystem:Display: IME system now deactivated.
[2015.10.09-03.45.55:088][820]Cmd: QUIT_EDITOR
[2015.10.09-03.45.55:292][820]LogExit: Preparing to exit.
[2015.10.09-03.45.56:138][820]LogExit: Editor shut down
[2015.10.09-03.45.56:138][820]LogExit: Transaction tracking system shut down
[2015.10.09-03.45.56:139][820]LogParticles: Destroying 0 GPU particle simulations for FXSystem 0x00000096B9B8F600
[2015.10.09-03.45.56:139][820]LogParticles: Destroying 0 GPU particle simulations for FXSystem 0x00000096E4EE0540
[2015.10.09-03.45.56:139][820]LogParticles: Destroying 0 GPU particle simulations for FXSystem 0x00000096E4EE0400
[2015.10.09-03.45.56:140][820]LogParticles: Destroying 0 GPU particle simulations for FXSystem 0x00000096E8BB07C0
[2015.10.09-03.45.56:143][820]LogParticles: Destroying 0 GPU particle simulations for FXSystem 0x00000096B9E7A2A0
[2015.10.09-03.45.56:240][820]LogExit: Object subsystem successfully closed.
[2015.10.09-03.45.56:256][820]LogD3D11RHI: Shutdown
[2015.10.09-03.45.56:256][820]LogD3D11RHI: CleanupD3DDevice
[2015.10.09-03.45.56:294][820]LogD3D11RHI: ~FD3D11DynamicRHI
[2015.10.09-03.45.56:303][820]LogModuleManager: Shutting down and abandoning module StatsViewer (197)
[2015.10.09-03.45.56:303][820]LogModuleManager: Shutting down and abandoning module CrashTracker (196)
[2015.10.09-03.45.56:303][820]LogModuleManager: Shutting down and abandoning module SceneOutliner (195)
[2015.10.09-03.45.56:303][820]LogModuleManager: Shutting down and abandoning module SuperSearch (194)
[2015.10.09-03.45.56:303][820]LogModuleManager: Shutting down and abandoning module WidgetCarousel (193)
[2015.10.09-03.45.56:303][820]LogModuleManager: Shutting down and abandoning module AddContentDialog (192)
[2015.10.09-03.45.56:305][820]LogModuleManager: Shutting down and abandoning module EditorWidgets (191)
[2015.10.09-03.45.56:305][820]LogModuleManager: Shutting down and abandoning module CollectionManager (190)
[2015.10.09-03.45.56:305][820]LogModuleManager: Shutting down and abandoning module FoliageEdit (189)
[2015.10.09-03.45.56:305][820]LogModuleManager: Shutting down and abandoning module LandscapeEditor (188)
[2015.10.09-03.45.56:305][820]LogModuleManager: Shutting down and abandoning module ActorPickerMode (187)
[2015.10.09-03.45.56:305][820]LogModuleManager: Shutting down and abandoning module GeometryMode (186)
[2015.10.09-03.45.56:305][820]LogModuleManager: Shutting down and abandoning module TextureAlignMode (185)
[2015.10.09-03.45.56:305][820]LogModuleManager: Shutting down and abandoning module BspMode (184)
[2015.10.09-03.45.56:305][820]LogModuleManager: Shutting down and abandoning module PlacementMode (183)
[2015.10.09-03.45.56:305][820]LogModuleManager: Shutting down and abandoning module AutomationWorker (182)
[2015.10.09-03.45.56:305][820]LogModuleManager: Shutting down and abandoning module CharacterAI (181)
[2015.10.09-03.45.56:305][820]LogModuleManager: Shutting down and abandoning module SmartSnapping (180)
[2015.10.09-03.45.56:305][820]LogModuleManager: Shutting down and abandoning module ViewportSnapping (179)
[2015.10.09-03.45.56:305][820]LogModuleManager: Shutting down and abandoning module LogVisualizer (178)
[2015.10.09-03.45.56:305][820]LogModuleManager: Shutting down and abandoning module GameProjectGeneration (177)
[2015.10.09-03.45.56:306][820]LogModuleManager: Shutting down and abandoning module IntroTutorials (176)
[2015.10.09-03.45.56:306][820]LogModuleManager: Shutting down and abandoning module EditorLiveStreaming (175)
[2015.10.09-03.45.56:306][820]LogModuleManager: Shutting down and abandoning module IOSPlatformEditor (174)
[2015.10.09-03.45.56:306][820]LogModuleManager: Shutting down and abandoning module HTML5PlatformEditor (173)
[2015.10.09-03.45.56:306][820]LogModuleManager: Shutting down and abandoning module AndroidDeviceDetection (172)
[2015.10.09-03.45.56:688][820]LogModuleManager: Shutting down and abandoning module AndroidPlatformEditor (171)
[2015.10.09-03.45.56:688][820]LogModuleManager: Shutting down and abandoning module IOSRuntimeSettings (170)
[2015.10.09-03.45.56:688][820]LogModuleManager: Shutting down and abandoning module AndroidRuntimeSettings (169)
[2015.10.09-03.45.56:688][820]LogModuleManager: Shutting down and abandoning module MergeActors (168)
[2015.10.09-03.45.56:688][820]LogModuleManager: Shutting down and abandoning module SizeMap (167)
[2015.10.09-03.45.56:688][820]LogModuleManager: Shutting down and abandoning module TreeMap (166)
[2015.10.09-03.45.56:688][820]LogModuleManager: Shutting down and abandoning module ReferenceViewer (165)
[2015.10.09-03.45.56:688][820]LogModuleManager: Shutting down and abandoning module LocalizationService (164)
[2015.10.09-03.45.56:688][820]LogModuleManager: Shutting down and abandoning module LocalizationDashboard (163)
[2015.10.09-03.45.56:688][820]LogModuleManager: Shutting down and abandoning module HardwareTargeting (162)
[2015.10.09-03.45.56:688][820]LogModuleManager: Shutting down and abandoning module DeviceProfileEditor (161)
[2015.10.09-03.45.56:688][820]LogModuleManager: Shutting down and abandoning module UndoHistory (160)
[2015.10.09-03.45.56:688][820]LogModuleManager: Shutting down and abandoning module GameplayTagsEditor (159)
[2015.10.09-03.45.56:688][820]LogModuleManager: Shutting down and abandoning module UserFeedback (158)
[2015.10.09-03.45.56:688][820]LogModuleManager: Shutting down and abandoning module XmlParser (157)
[2015.10.09-03.45.56:688][820]LogModuleManager: Shutting down and abandoning module Blutility (156)
[2015.10.09-03.45.56:688][820]LogModuleManager: Shutting down and abandoning module ProjectTargetPlatformEditor (155)
[2015.10.09-03.45.56:688][820]LogModuleManager: Shutting down and abandoning module ProjectSettingsViewer (154)
[2015.10.09-03.45.56:688][820]LogModuleManager: Shutting down and abandoning module InputBindingEditor (153)
[2015.10.09-03.45.56:688][820]LogModuleManager: Shutting down and abandoning module EditorSettingsViewer (152)
[2015.10.09-03.45.56:688][820]LogModuleManager: Shutting down and abandoning module SettingsEditor (151)
[2015.10.09-03.45.56:688][820]LogModuleManager: Shutting down and abandoning module ProjectLauncher (150)
[2015.10.09-03.45.56:688][820]LogModuleManager: Shutting down and abandoning module SessionFrontend (149)
[2015.10.09-03.45.56:688][820]LogModuleManager: Shutting down and abandoning module ProfilerClient (148)
[2015.10.09-03.45.56:688][820]LogModuleManager: Shutting down and abandoning module TargetDeviceServices (147)
[2015.10.09-03.45.56:688][820]LogModuleManager: Shutting down and abandoning module DeviceManager (146)
[2015.10.09-03.45.56:688][820]LogModuleManager: Shutting down and abandoning module AutomationController (145)
[2015.10.09-03.45.56:688][820]LogModuleManager: Shutting down and abandoning module AutomationWindow (144)
[2015.10.09-03.45.56:688][820]LogModuleManager: Shutting down and abandoning module Layers (143)
[2015.10.09-03.45.56:688][820]LogModuleManager: Shutting down and abandoning module ComponentVisualizers (142)
[2015.10.09-03.45.56:688][820]LogModuleManager: Shutting down and abandoning module DetailCustomizations (141)
[2015.10.09-03.45.56:688][820]LogModuleManager: Shutting down and abandoning module PackagesDialog (140)
[2015.10.09-03.45.56:688][820]LogModuleManager: Shutting down and abandoning module Persona (139)
[2015.10.09-03.45.56:688][820]LogModuleManager: Shutting down and abandoning module Kismet (138)
[2015.10.09-03.45.56:688][820]LogModuleManager: Shutting down and abandoning module GraphEditor (137)
[2015.10.09-03.45.56:689][820]LogModuleManager: Shutting down and abandoning module ClassViewer (136)
[2015.10.09-03.45.56:689][820]LogModuleManager: Shutting down and abandoning module Toolbox (135)
[2015.10.09-03.45.56:689][820]LogModuleManager: Shutting down and abandoning module ModuleUI (134)
[2015.10.09-03.45.56:689][820]LogModuleManager: Shutting down and abandoning module MovieSceneTools (133)
[2015.10.09-03.45.56:689][820]LogModuleManager: Shutting down and abandoning module OutputLog (132)
[2015.10.09-03.45.56:689][820]LogModuleManager: Shutting down and abandoning module GammaUI (131)
[2015.10.09-03.45.56:689][820]LogModuleManager: Shutting down and abandoning module Documentation (130)
[2015.10.09-03.45.56:689][820]LogModuleManager: Shutting down and abandoning module GameLiveStreaming (129)
[2015.10.09-03.45.56:689][820]LogModuleManager: Shutting down and abandoning module StreamingPauseRendering (128)
[2015.10.09-03.45.56:689][820]LogModuleManager: Shutting down and abandoning module AnalyticsET (127)
[2015.10.09-03.45.56:689][820]LogModuleManager: Shutting down and abandoning module Analytics (126)
[2015.10.09-03.45.56:689][820]LogModuleManager: Shutting down and abandoning module AITestSuite (125)
[2015.10.09-03.45.56:689][820]LogModuleManager: Shutting down and abandoning module GameplayDebugger (124)
[2015.10.09-03.45.56:689][820]LogModuleManager: Shutting down and abandoning module AIModule (123)
[2015.10.09-03.45.56:689][820]LogModuleManager: Shutting down and abandoning module ProfilerService (122)
[2015.10.09-03.45.56:923][820]LogModuleManager: Shutting down and abandoning module TaskGraph (121)
[2015.10.09-03.45.56:923][820]LogModuleManager: Shutting down and abandoning module SlateRemote (120)
[2015.10.09-03.45.56:923][820]LogModuleManager: Shutting down and abandoning module SteamVRController (119)
[2015.10.09-03.45.56:923][820]LogModuleManager: Shutting down and abandoning module SteamVR (118)
[2015.10.09-03.45.56:923][820]LogModuleManager: Shutting down and abandoning module ProceduralMeshComponent (117)
[2015.10.09-03.45.56:923][820]LogModuleManager: Shutting down and abandoning module OculusRift (116)
[2015.10.09-03.45.56:923][820]LogModuleManager: Shutting down and abandoning module OculusLibrary (115)
[2015.10.09-03.45.56:923][820]LogModuleManager: Shutting down and abandoning module LeapMotionController (114)
[2015.10.09-03.45.56:952][820]LogModuleManager: Shutting down and abandoning module CustomMeshComponent (113)
[2015.10.09-03.45.56:952][820]LogModuleManager: Shutting down and abandoning module CableComponent (112)
[2015.10.09-03.45.56:952][820]LogModuleManager: Shutting down and abandoning module ArchVisCharacter (111)
[2015.10.09-03.45.56:952][820]LogModuleManager: Shutting down and abandoning module MessagingDebugger (110)
[2015.10.09-03.45.56:952][820]LogModuleManager: Shutting down and abandoning module MediaPlayerEditor (109)
[2015.10.09-03.45.56:952][820]LogModuleManager: Shutting down and abandoning module HTML5Networking (108)
[2015.10.09-03.45.56:952][820]LogModuleManager: Shutting down and abandoning module SpeedTreeImporter (107)
[2015.10.09-03.45.56:952][820]LogModuleManager: Shutting down and abandoning module PluginBrowser (106)
[2015.10.09-03.45.56:952][820]LogModuleManager: Shutting down and abandoning module EpicSurvey (105)
[2015.10.09-03.45.56:952][820]LogModuleManager: Shutting down and abandoning module DesktopPlatform (104)
[2015.10.09-03.45.56:952][820]LogModuleManager: Shutting down and abandoning module VisualStudioSourceCodeAccess (103)
[2015.10.09-03.45.56:952][820]LogModuleManager: Shutting down and abandoning module UObjectPlugin (102)
[2015.10.09-03.45.56:952][820]LogModuleManager: Shutting down and abandoning module SubversionSourceControl (101)
[2015.10.09-03.45.56:952][820]LogModuleManager: Shutting down and abandoning module PerforceSourceControl (100)
[2015.10.09-03.45.56:952][820]LogModuleManager: Shutting down and abandoning module SourceControl (99)
[2015.10.09-03.45.56:952][820]LogModuleManager: Shutting down and abandoning module GitSourceControl (98)
[2015.10.09-03.45.56:952][820]LogModuleManager: Shutting down and abandoning module LightPropagationVolumeEditor (97)
[2015.10.09-03.45.56:952][820]LogModuleManager: Shutting down and abandoning module PaperTiledImporter (96)
[2015.10.09-03.45.56:952][820]LogModuleManager: Shutting down and abandoning module PaperSpriteSheetImporter (95)
[2015.10.09-03.45.56:952][820]LogModuleManager: Shutting down and abandoning module MeshPaint (94)
[2015.10.09-03.45.56:952][820]LogModuleManager: Shutting down and abandoning module SlateReflector (93)
[2015.10.09-03.45.56:952][820]LogModuleManager: Shutting down and abandoning module HotReload (92)
[2015.10.09-03.45.56:952][820]LogModuleManager: Shutting down and abandoning module MainFrame (91)
[2015.10.09-03.45.56:952][820]LogModuleManager: Shutting down and abandoning module LevelEditor (90)
[2015.10.09-03.45.56:954][820]LogModuleManager: Shutting down and abandoning module DirectoryWatcher (89)
[2015.10.09-03.45.56:956][820]LogModuleManager: Shutting down and abandoning module AssetRegistry (88)
[2015.10.09-03.45.57:062][820]LogModuleManager: Shutting down and abandoning module ContentBrowser (87)
[2015.10.09-03.45.57:063][820]LogModuleManager: Shutting down and abandoning module Paper2DEditor (86)
[2015.10.09-03.45.57:063][820]LogModuleManager: Shutting down and abandoning module UdpMessaging (85)
[2015.10.09-03.45.57:164][820]LogModuleManager: Shutting down and abandoning module LightPropagationVolumeRuntime (84)
[2015.10.09-03.45.57:164][820]LogModuleManager: Shutting down and abandoning module Paper2D (83)
[2015.10.09-03.45.57:164][820]LogModuleManager: Shutting down and abandoning module WindowsMoviePlayer (82)
[2015.10.09-03.45.57:167][820]LogModuleManager: Shutting down and abandoning module Media (81)
[2015.10.09-03.45.57:167][820]LogModuleManager: Shutting down and abandoning module WmfMedia (80)
[2015.10.09-03.45.57:167][820]LogModuleManager: Shutting down and abandoning module OnlineBlueprintSupport (79)
[2015.10.09-03.45.57:167][820]LogModuleManager: Shutting down and abandoning module GameplayTasksEditor (78)
[2015.10.09-03.45.57:167][820]LogModuleManager: Shutting down and abandoning module PropertyEditor (77)
[2015.10.09-03.45.57:167][820]LogModuleManager: Shutting down and abandoning module BehaviorTreeEditor (76)
[2015.10.09-03.45.57:167][820]LogModuleManager: Shutting down and abandoning module FunctionalTesting (75)
[2015.10.09-03.45.57:167][820]LogModuleManager: Shutting down and abandoning module CollisionAnalyzer (74)
[2015.10.09-03.45.57:167][820]LogModuleManager: Shutting down and abandoning module WorkspaceMenuStructure (73)
[2015.10.09-03.45.57:167][820]LogModuleManager: Shutting down and abandoning module MessageLog (72)
[2015.10.09-03.45.57:167][820]LogModuleManager: Shutting down and abandoning module Sequencer (71)
[2015.10.09-03.45.57:167][820]LogModuleManager: Shutting down and abandoning module AssetTools (70)
[2015.10.09-03.45.57:167][820]LogModuleManager: Shutting down and abandoning module UMGEditor (69)
[2015.10.09-03.45.57:167][820]LogModuleManager: Shutting down and abandoning module UMG (68)
[2015.10.09-03.45.57:167][820]LogModuleManager: Shutting down and abandoning module Slate (67)
[2015.10.09-03.45.57:167][820]LogModuleManager: Shutting down and abandoning module EditorStyle (66)
[2015.10.09-03.45.57:169][820]LogModuleManager: Shutting down and abandoning module SessionServices (65)
[2015.10.09-03.45.57:169][820]LogModuleManager: Shutting down and abandoning module SourceCodeAccess (64)
[2015.10.09-03.45.57:169][820]LogModuleManager: Shutting down and abandoning module HeadMountedDisplay (63)
[2015.10.09-03.45.57:169][820]LogModuleManager: Shutting down and abandoning module XAudio2 (62)
[2015.10.09-03.45.57:169][820]LogModuleManager: Shutting down and abandoning module Networking (60)
[2015.10.09-03.45.57:169][820]LogModuleManager: Shutting down and abandoning module Core (59)
[2015.10.09-03.45.57:169][820]LogModuleManager: Shutting down and abandoning module KismetCompiler (58)
[2015.10.09-03.45.57:169][820]LogModuleManager: Shutting down and abandoning module PhysXFormats (57)
[2015.10.09-03.45.57:169][820]LogModuleManager: Shutting down and abandoning module MeshUtilities (56)
[2015.10.09-03.45.57:169][820]LogModuleManager: Shutting down and abandoning module CookingStats (55)
[2015.10.09-03.45.57:173][820]LogModuleManager: Shutting down and abandoning module DerivedDataCache (54)
[2015.10.09-03.45.57:184][820]LogDerivedDataCache: Shutdown
[2015.10.09-03.45.57:184][820]LogModuleManager: Shutting down and abandoning module ShaderFormatOpenGL (53)
[2015.10.09-03.45.57:184][820]LogModuleManager: Shutting down and abandoning module ShaderFormatD3D (52)
[2015.10.09-03.45.57:184][820]LogModuleManager: Shutting down and abandoning module MetalShaderFormat (51)
[2015.10.09-03.45.57:184][820]LogModuleManager: Shutting down and abandoning module TextureFormatUncompressed (50)
[2015.10.09-03.45.57:184][820]LogModuleManager: Shutting down and abandoning module TextureFormatPVR (49)
[2015.10.09-03.45.57:184][820]LogModuleManager: Shutting down and abandoning module TextureFormatIntelISPCTexComp (48)
[2015.10.09-03.45.57:184][820]LogModuleManager: Shutting down and abandoning module TextureFormatDXT (47)
[2015.10.09-03.45.57:184][820]LogModuleManager: Shutting down and abandoning module ImageWrapper (46)
[2015.10.09-03.45.57:184][820]LogModuleManager: Shutting down and abandoning module TextureFormatASTC (45)
[2015.10.09-03.45.57:184][820]LogModuleManager: Shutting down and abandoning module TextureFormatAndroid (44)
[2015.10.09-03.45.57:184][820]LogModuleManager: Shutting down and abandoning module AudioFormatOpus (43)
[2015.10.09-03.45.57:184][820]LogModuleManager: Shutting down and abandoning module AudioFormatOgg (42)
[2015.10.09-03.45.57:184][820]LogModuleManager: Shutting down and abandoning module AudioFormatADPCM (41)
[2015.10.09-03.45.57:184][820]LogModuleManager: Shutting down and abandoning module LinuxTargetPlatform (40)
[2015.10.09-03.45.57:184][820]LogModuleManager: Shutting down and abandoning module LinuxServerTargetPlatform (39)
[2015.10.09-03.45.57:184][820]LogModuleManager: Shutting down and abandoning module LinuxNoEditorTargetPlatform (38)
[2015.10.09-03.45.57:184][820]LogModuleManager: Shutting down and abandoning module Messaging (37)
[2015.10.09-03.45.57:184][820]LogModuleManager: Shutting down and abandoning module IOSTargetPlatform (36)
[2015.10.09-03.45.57:184][820]LogModuleManager: Shutting down and abandoning module HTML5TargetPlatform (35)
[2015.10.09-03.45.57:184][820]LogModuleManager: Shutting down and abandoning module Android_PVRTCTargetPlatform (34)
[2015.10.09-03.45.57:184][820]LogModuleManager: Shutting down and abandoning module Android_ETC2TargetPlatform (33)
[2015.10.09-03.45.57:184][820]LogModuleManager: Shutting down and abandoning module Android_ETC1TargetPlatform (32)
[2015.10.09-03.45.57:184][820]LogModuleManager: Shutting down and abandoning module Android_DXTTargetPlatform (31)
[2015.10.09-03.45.57:184][820]LogModuleManager: Shutting down and abandoning module Android_ATCTargetPlatform (30)
[2015.10.09-03.45.57:184][820]LogModuleManager: Shutting down and abandoning module Android_ASTCTargetPlatform (29)
[2015.10.09-03.45.57:184][820]LogModuleManager: Shutting down and abandoning module AndroidTargetPlatform (28)
[2015.10.09-03.45.57:184][820]LogModuleManager: Shutting down and abandoning module WindowsTargetPlatform (27)
[2015.10.09-03.45.57:184][820]LogModuleManager: Shutting down and abandoning module WindowsServerTargetPlatform (26)
[2015.10.09-03.45.57:184][820]LogModuleManager: Shutting down and abandoning module WindowsNoEditorTargetPlatform (25)
[2015.10.09-03.45.57:184][820]LogModuleManager: Shutting down and abandoning module WindowsClientTargetPlatform (24)
[2015.10.09-03.45.57:184][820]LogModuleManager: Shutting down and abandoning module AllDesktopTargetPlatform (23)
[2015.10.09-03.45.57:184][820]LogModuleManager: Shutting down and abandoning module TargetPlatform (22)
[2015.10.09-03.45.57:184][820]LogModuleManager: Shutting down and abandoning module InputCore (21)
[2015.10.09-03.45.57:184][820]LogModuleManager: Shutting down and abandoning module Settings (20)
[2015.10.09-03.45.57:184][820]LogModuleManager: Shutting down and abandoning module OnlineSubsystem (18)
[2015.10.09-03.45.57:184][820]LogModuleManager: Shutting down and abandoning module HTTP (17)
[2015.10.09-03.45.59:189][820]LogModuleManager: Shutting down and abandoning module XMPP (16)
[2015.10.09-03.45.59:189][820]LogModuleManager: Shutting down and abandoning module ExampleDeviceProfileSelector (15)
[2015.10.09-03.45.59:189][820]LogModuleManager: Shutting down and abandoning module TextureCompressor (14)
[2015.10.09-03.45.59:189][820]LogModuleManager: Shutting down and abandoning module ShaderCore (13)
[2015.10.09-03.45.59:189][820]LogModuleManager: Shutting down and abandoning module Landscape (12)
[2015.10.09-03.45.59:189][820]LogModuleManager: Shutting down and abandoning module SlateRHIRenderer (11)
[2015.10.09-03.45.59:192][820]LogModuleManager: Shutting down and abandoning module OpenGLDrv (10)
[2015.10.09-03.45.59:192][820]LogModuleManager: Shutting down and abandoning module D3D11RHI (9)
[2015.10.09-03.45.59:192][820]LogModuleManager: Shutting down and abandoning module AnimGraphRuntime (8)
[2015.10.09-03.45.59:192][820]LogModuleManager: Shutting down and abandoning module Renderer (7)
[2015.10.09-03.45.59:192][820]LogModuleManager: Shutting down and abandoning module Engine (6)
[2015.10.09-03.45.59:192][820]LogModuleManager: Shutting down and abandoning module CoreUObject (5)
[2015.10.09-03.45.59:192][820]LogModuleManager: Shutting down and abandoning module NetworkFile (4)
[2015.10.09-03.45.59:192][820]LogModuleManager: Shutting down and abandoning module StreamingFile (3)
[2015.10.09-03.45.59:192][820]LogModuleManager: Shutting down and abandoning module SandboxFile (2)
[2015.10.09-03.45.59:192][820]LogModuleManager: Shutting down and abandoning module PakFile (1)
[2015.10.09-03.45.59:192][820]LogExit: Exiting.
[2015.10.09-03.45.59:195][820]Log file closed, 10/08/15 23:45:59
