[2015.10.06-04.57.44:870][  0]Log file open, 10/06/15 00:57:44
[2015.10.06-04.57.44:870][  0]LogInit:Display: Running engine for game: ThePiedPiper
[2015.10.06-04.57.44:870][  0]LogInit:Display: RandInit(456452602) SRandInit(456452603).
[2015.10.06-04.57.44:870][  0]LogTaskGraph: Started task graph with 4 named threads and 7 total threads.
[2015.10.06-04.57.44:870][  0]LogStats: Stats thread started at 0.063867
[2015.10.06-04.57.44:870][  0]LogInit: Version: 4.9.1-2689999+++depot+UE4-Releases+4.9
[2015.10.06-04.57.44:870][  0]LogInit: API Version: 2672455
[2015.10.06-04.57.44:870][  0]LogInit: Compiled (64-bit): Sep 14 2015 04:12:03
[2015.10.06-04.57.44:870][  0]LogInit: Compiled with Visual C++: 18.00.21005.01
[2015.10.06-04.57.44:870][  0]LogInit: Build Configuration: Development
[2015.10.06-04.57.44:870][  0]LogInit: Branch Name: ++depot+UE4-Releases+4.9
[2015.10.06-04.57.44:870][  0]LogInit: Command line:  
[2015.10.06-04.57.44:870][  0]LogInit: Base directory: H:/Program Files/Epic Games/4.9/Engine/Binaries/Win64/
[2015.10.06-04.57.44:870][  0]LogInit: Rocket: 1
[2015.10.06-04.57.44:876][  0]LogInit: Using libcurl 7.41.0
[2015.10.06-04.57.44:876][  0]LogInit:  - built for x86_64-pc-win32
[2015.10.06-04.57.44:876][  0]LogInit:  - supports SSL with WinSSL
[2015.10.06-04.57.44:876][  0]LogInit:  - other features:
[2015.10.06-04.57.44:876][  0]LogInit:      CURL_VERSION_SSL
[2015.10.06-04.57.44:876][  0]LogInit:      CURL_VERSION_IPV6
[2015.10.06-04.57.44:876][  0]LogInit:      CURL_VERSION_ASYNCHDNS
[2015.10.06-04.57.44:876][  0]LogInit:      CURL_VERSION_LARGEFILE
[2015.10.06-04.57.44:876][  0]LogInit:      CURL_VERSION_IDN
[2015.10.06-04.57.44:876][  0]LogInit:  CurlRequestOptions (configurable via config and command line):
[2015.10.06-04.57.44:876][  0]LogInit:  - bVerifyPeer = true  - Libcurl will verify peer certificate
[2015.10.06-04.57.44:876][  0]LogInit:  - bUseHttpProxy = false  - Libcurl will NOT use HTTP proxy
[2015.10.06-04.57.44:876][  0]LogInit:  - bDontReuseConnections = false  - Libcurl will reuse connections
[2015.10.06-04.57.44:876][  0]LogInit:  - CertBundlePath = nullptr  - Libcurl will use whatever was configured at build time.
[2015.10.06-04.57.44:880][  0]LogInit: Presizing for 0 objects not considered by GC, pre-allocating 0 bytes.
[2015.10.06-04.57.44:884][  0]LogInit: Object subsystem initialized
[2015.10.06-04.57.44:885][  0]LogInit: Selected Device Profile: [Windows]
[2015.10.06-04.57.44:885][  0]LogInit: Applying CVar settings loaded from the selected device profile: [Windows]
[2015.10.06-04.57.44:891][  0]LogInit: Computer: BAE
[2015.10.06-04.57.44:891][  0]LogInit: User: Jeff
[2015.10.06-04.57.44:891][  0]LogInit: CPU Page size=4096, Cores=4
[2015.10.06-04.57.44:891][  0]LogInit: High frequency timer resolution =3.903986 MHz
[2015.10.06-04.57.44:891][  0]LogMemory: Memory total: Physical=23.9GB (24GB approx)
[2015.10.06-04.57.44:891][  0]LogMemory: Platform Memory Stats for Windows
[2015.10.06-04.57.44:891][  0]LogMemory: Process Physical Memory: 53.94 MB used, 53.94 MB peak
[2015.10.06-04.57.44:891][  0]LogMemory: Process Virtual Memory: 55.32 MB used, 55.32 MB peak
[2015.10.06-04.57.44:891][  0]LogMemory: Physical Memory: 7540.52 MB used, 24516.47 MB total
[2015.10.06-04.57.44:891][  0]LogMemory: Virtual Memory: 364.35 MB used, 134217728.00 MB total
[2015.10.06-04.57.44:916][  0]LogTextLocalizationManager: No specific translations for ('en-US') exist, so ('en') translations will be used.
[2015.10.06-04.57.45:430][  0]LogD3D11RHI: Found D3D11 adapter 0: NVIDIA GeForce GTX 970 (Feature Level 11_0)
[2015.10.06-04.57.45:430][  0]LogD3D11RHI: Adapter has 4008MB of dedicated video memory, 0MB of dedicated system memory, and 12258MB of shared system memory, 2 output[s]
[2015.10.06-04.57.45:431][  0]LogD3D11RHI: Found D3D11 adapter 1: Microsoft Basic Render Driver (Feature Level 11_0)
[2015.10.06-04.57.45:431][  0]LogD3D11RHI: Adapter has 0MB of dedicated video memory, 0MB of dedicated system memory, and 12258MB of shared system memory, 0 output[s]
[2015.10.06-04.57.45:431][  0]LogD3D11RHI: Chosen D3D11 Adapter Id = 0
[2015.10.06-04.57.45:436][  0]LogD3D11RHI: !Direct3DDevice
[2015.10.06-04.57.45:436][  0]LogRHI: Texture pool is 1361 MB (70% of 1945 MB)
[2015.10.06-04.57.45:446][  0]LogD3D11RHI: Async texture creation enabled
[2015.10.06-04.57.45:461][  0]LogShaderCompilers: Guid format shader working directory is 14 characters bigger than the processId version (../../../../../../GitHub/pipermqp/prodenv/ThePiedPiper/Intermediate/Shaders/WorkingDirectory/13232/).
[2015.10.06-04.57.45:461][  0]LogShaderCompilers: Cleaned the shader compiler working directory '../../../../../../GitHub/pipermqp/prodenv/ThePiedPiper/Intermediate/Shaders/tmp/F0287EE54A4552BD630F96871ED4D8D8/'.
[2015.10.06-04.57.45:462][  0]LogShaderCompilers:Display: Using Local Shader Compiler.
[2015.10.06-04.57.46:154][  0]LogTemp:Display: Loaded TP AllDesktopTargetPlatform
[2015.10.06-04.57.46:157][  0]LogTemp:Display: Loaded TP WindowsClientTargetPlatform
[2015.10.06-04.57.46:160][  0]LogTemp:Display: Loaded TP WindowsNoEditorTargetPlatform
[2015.10.06-04.57.46:162][  0]LogTemp:Display: Loaded TP WindowsServerTargetPlatform
[2015.10.06-04.57.46:165][  0]LogTemp:Display: Loaded TP WindowsTargetPlatform
[2015.10.06-04.57.46:167][  0]LogTemp:Display: Loaded TP AndroidTargetPlatform
[2015.10.06-04.57.46:169][  0]LogTemp:Display: Loaded TP Android_ASTCTargetPlatform
[2015.10.06-04.57.46:171][  0]LogTemp:Display: Loaded TP Android_ATCTargetPlatform
[2015.10.06-04.57.46:173][  0]LogTemp:Display: Loaded TP Android_DXTTargetPlatform
[2015.10.06-04.57.46:175][  0]LogTemp:Display: Loaded TP Android_ETC1TargetPlatform
[2015.10.06-04.57.46:177][  0]LogTemp:Display: Loaded TP Android_ETC2TargetPlatform
[2015.10.06-04.57.46:179][  0]LogTemp:Display: Loaded TP Android_PVRTCTargetPlatform
[2015.10.06-04.57.46:179][  0]LogTemp:Display: Loaded TP HTML5TargetPlatform
[2015.10.06-04.57.46:194][  0]LogTemp:Display: Loaded TP IOSTargetPlatform
[2015.10.06-04.57.46:196][  0]LogTemp:Display: Loaded TP LinuxNoEditorTargetPlatform
[2015.10.06-04.57.46:198][  0]LogTemp:Display: Loaded TP LinuxServerTargetPlatform
[2015.10.06-04.57.46:200][  0]LogTemp:Display: Loaded TP LinuxTargetPlatform
[2015.10.06-04.57.46:200][  0]LogTargetPlatformManager:Display: Building Assets For Windows
[2015.10.06-04.57.46:246][  0]LogDerivedDataCache:Display: Max Cache Size: 512 MB
[2015.10.06-04.57.46:278][  0]LogDerivedDataCache: Loaded boot cache 0.03s 41MB C:/Users/Jeff/AppData/Local/UnrealEngine/4.9/DerivedDataCache/Boot.ddc.
[2015.10.06-04.57.46:278][  0]LogDerivedDataCache:Display: Loaded Boot cache: C:/Users/Jeff/AppData/Local/UnrealEngine/4.9/DerivedDataCache/Boot.ddc
[2015.10.06-04.57.46:278][  0]LogDerivedDataCache: FDerivedDataBackendGraph:  Pak pak cache file ../../../../../../GitHub/pipermqp/prodenv/ThePiedPiper/DerivedDataCache/DDC.ddp not found, will not use a pak cache.
[2015.10.06-04.57.46:278][  0]LogDerivedDataCache: Unable to find inner node Pak for hierarchical cache Hierarchy.
[2015.10.06-04.57.46:278][  0]LogDerivedDataCache: FDerivedDataBackendGraph:  CompressedPak pak cache file ../../../../../../GitHub/pipermqp/prodenv/ThePiedPiper/DerivedDataCache/Compressed.ddp not found, will not use a pak cache.
[2015.10.06-04.57.46:278][  0]LogDerivedDataCache: Unable to find inner node CompressedPak for hierarchical cache Hierarchy.
[2015.10.06-04.57.46:376][  0]LogDerivedDataCache:Display: Pak cache opened for reading ../../../Engine/DerivedDataCache/Compressed.ddp.
[2015.10.06-04.57.46:388][  0]LogDerivedDataCache: Using Local data cache path C:/Users/Jeff/AppData/Local/UnrealEngine/Common/DerivedDataCache: Writable
[2015.10.06-04.57.46:499][  0]LogInit: Selected Device Profile: [Windows]
[2015.10.06-04.57.46:500][  0]LogContentStreaming: Texture pool size is 0.000000MB
[2015.10.06-04.57.46:577][  0]LogMeshUtilities: No automatic mesh reduction module available
[2015.10.06-04.57.46:577][  0]LogMeshUtilities: No automatic mesh merging module available
[2015.10.06-04.57.46:729][  0]LogInit: WinSock: version 1.1 (2.2), MaxSocks=32767, MaxUdp=65467
[2015.10.06-04.57.47:177][  0]UdpMessaging: Initializing bridge on interface 0.0.0.0:0 to multicast group 230.0.0.1:6666.
[2015.10.06-04.57.47:298][  0]LogAssetRegistry: FAssetRegistry took 0.0114 seconds to start up
[2015.10.06-04.57.47:392][  0]SourceControl: Info Source control is disabled
[2015.10.06-04.57.47:538][  0]LogLinker:Warning: Asset '../../../Engine/Plugins/Runtime/LeapMotionController/Content/LM_PassthroughMaterial.uasset' has been saved with empty engine version. The asset will be loaded but may be incompatible.
[2015.10.06-04.57.47:577][  0]LogObj: 28361 objects as part of root set at end of initial load.
[2015.10.06-04.57.47:577][  0]LogUObjectAllocator: 6038872 out of 0 bytes used by permanent object pool.
[2015.10.06-04.57.47:618][  0]LogEngine: Initializing Engine...
[2015.10.06-04.57.47:620][  0]LogHMD: Can't find Oculus library dev build: is proper Runtime installed? Version: 0.7.0.0
[2015.10.06-04.57.47:622][  0]LogHMD: SteamVR failed to initialize.  Err: 108
[2015.10.06-04.57.47:704][  0]LogAIModule: Creating AISystem for world NewWorld
[2015.10.06-04.57.47:709][  0]LogInit: XAudio2 using 'Speakers (ASTRO Gaming USB MixAmp)' : 2 channels at 44.1 kHz using 16 bits per sample (channel mask 0x3)
[2015.10.06-04.57.47:714][  0]LogInit: FAudioDevice initialized.
[2015.10.06-04.57.47:731][  0]LogDerivedDataCache: Saved boot cache 0.02s 41MB C:/Users/Jeff/AppData/Local/UnrealEngine/4.9/DerivedDataCache/Boot.ddc.
[2015.10.06-04.57.47:735][  0]LogInit: Texture streaming: Enabled
[2015.10.06-04.57.47:738][  0]LogAnalytics: Creating configured Analytics provider AnalyticsET
[2015.10.06-04.57.47:738][  0]LogAnalytics: [UEEditor.Rocket.Release] APIServer = http://et2.epicgames.com/ET2/. AppVersion = 4.9.1-2689999+++depot+UE4-Releases+4.9
[2015.10.06-04.57.47:738][  0]LogAnalytics: [UEEditor.Rocket.Release] SetUserId 273aaf39449f8fada2c1538daad7ab65|0221e6425d4c49ff85f47cde75a6cd00|d6b3f0e4-a65b-4aee-aa1a-d77f97d8b005
[2015.10.06-04.57.47:738][  0]LogAnalytics: [UEEditor.Rocket.Release] AnalyticsET::StartSession
[2015.10.06-04.57.47:760][  0]LogInit: Transaction tracking system initialized
[2015.10.06-04.57.47:773][  0]BlueprintLog: New page: Editor Load
[2015.10.06-04.57.47:812][  0]LocalizationService: Info Localization service is disabled
[2015.10.06-04.57.47:844][  0]LogLinker:Warning: Can't find file '/Game/FirstPersonBP/FirstPersonOverview'
[2015.10.06-04.57.47:844][  0]LogLinker:Warning: Can't find file '/Game/FirstPersonBP/FirstPersonOverview'
[2015.10.06-04.57.47:844][  0]LogUObjectGlobals:Warning: Failed to find object 'Class /Game/FirstPersonBP/FirstPersonOverview.FirstPersonOverview_C'
[2015.10.06-04.57.47:854][  0]LogConsoleResponse:Display: 
[2015.10.06-04.57.47:932][  0]LogCook:Display: Done creating registry. It took  0.00s.
[2015.10.06-04.57.47:979][  0]LogFileCache: Scanning file cache for directory 'H:/GitHub/pipermqp/prodenv/ThePiedPiper/Content/' took 0.01s
[2015.10.06-04.57.47:979][  0]Cmd: MAP LOAD FILE="../../../../../../GitHub/pipermqp/prodenv/ThePiedPiper/Content/FirstPersonBP/Maps/FirstPersonExampleMap.umap" TEMPLATE=0 SHOWPROGRESS=1 FEATURELEVEL=3
[2015.10.06-04.57.47:979][  0]LogEditorServer:Warning: Can't find file '../../../../../../GitHub/pipermqp/prodenv/ThePiedPiper/Content/FirstPersonBP/Maps/FirstPersonExampleMap.umap'
[2015.10.06-04.57.47:979][  0]Cmd: MAP CHECKDEP NOCLEARLOG
[2015.10.06-04.57.48:003][  0]MapCheck: Info Map check complete: 0 Error(s), 0 Warning(s), took 23.705ms to complete.
[2015.10.06-04.57.48:003][  0]LogFileHelpers: Loading map 'FirstPersonExampleMap' took 0.024
[2015.10.06-04.57.48:112][  0]LogCollectionManager: Loaded 0 collections in 0.000860 seconds
[2015.10.06-04.57.48:151][  0]LogFileCache: Scanning file cache for directory 'H:/GitHub/pipermqp/prodenv/ThePiedPiper/Saved/Collections/' took 0.01s
[2015.10.06-04.57.48:151][  0]LogFileCache: Scanning file cache for directory 'H:/GitHub/pipermqp/prodenv/ThePiedPiper/Content/Developers/Jeff/Collections/' took 0.01s
[2015.10.06-04.57.48:151][  0]LogFileCache: Scanning file cache for directory 'H:/GitHub/pipermqp/prodenv/ThePiedPiper/Content/Collections/' took 0.01s
[2015.10.06-04.57.48:151][  0]LogContentBrowser: Native class hierarchy populated in 0.0050 seconds. Added 1867 classes and 333 folders.
[2015.10.06-04.57.48:156][  0]LogCollectionManager: Rebuilt the GUID cache for 0 collections in 0.000002 seconds
[2015.10.06-04.57.48:159][  0]LogContentBrowser: Native class hierarchy updated for 'WidgetCarousel' in 0.0002 seconds. Added 0 classes and 0 folders.
[2015.10.06-04.57.48:183][  0]LogContentBrowser: Native class hierarchy updated for 'AddContentDialog' in 0.0002 seconds. Added 0 classes and 0 folders.
[2015.10.06-04.57.48:185][  0]LogContentBrowser: Native class hierarchy updated for 'SceneOutliner' in 0.0002 seconds. Added 1 classes and 2 folders.
[2015.10.06-04.57.48:199][  0]LogCrashTracker: Crashtracker disabled due to settings.
[2015.10.06-04.57.48:203][  0]LogUObjectGlobals:Warning: Failed to find object 'Class None.'
[2015.10.06-04.57.48:224][  0]LogLoad: Full Startup: 3.72 seconds (BP compile: 0.00 seconds)
[2015.10.06-04.57.48:266][  0]SourceControl: Info On branch art
[2015.10.06-04.57.48:266][  0]SourceControl: Info Your branch is up-to-date with 'origin/art'.
[2015.10.06-04.57.48:267][  0]SourceControl: Info Changes not staged for commit:
[2015.10.06-04.57.48:267][  0]SourceControl: Info   (use "git add <file>..." to update what will be committed)
[2015.10.06-04.57.48:267][  0]SourceControl: Info   (use "git checkout -- <file>..." to discard changes in working directory)
[2015.10.06-04.57.48:267][  0]SourceControl: Info 	modified:   prodenv/ThePiedPiper/Intermediate/CachedAssetRegistry.bin
[2015.10.06-04.57.48:267][  0]SourceControl: Info 	modified:   prodenv/ThePiedPiper/Saved/AutoScreenshot.png
[2015.10.06-04.57.48:267][  0]SourceControl: Info 	modified:   prodenv/ThePiedPiper/Saved/Config/Windows/Editor.ini
[2015.10.06-04.57.48:267][  0]SourceControl: Info 	modified:   prodenv/ThePiedPiper/Saved/Config/Windows/EditorPerProjectUserSettings.ini
[2015.10.06-04.57.48:267][  0]SourceControl: Info 	modified:   prodenv/ThePiedPiper/Saved/Config/Windows/Engine.ini
[2015.10.06-04.57.48:267][  0]SourceControl: Info 	modified:   prodenv/ThePiedPiper/Saved/Logs/ThePiedPiper.log
[2015.10.06-04.57.48:267][  0]SourceControl: Info Untracked files:
[2015.10.06-04.57.48:267][  0]SourceControl: Info   (use "git add <file>..." to include in what will be committed)
[2015.10.06-04.57.48:267][  0]SourceControl: Info 	prodenv/ThePiedPiper/Saved/Logs/ThePiedPiper-backup-2015.10.05-04.16.51.log
[2015.10.06-04.57.48:267][  0]SourceControl: Info 	prodenv/ThePiedPiper/Saved/Logs/ThePiedPiper-backup-2015.10.06-00.50.16.log
[2015.10.06-04.57.48:267][  0]SourceControl: Info 	prodenv/ThePiedPiper/Saved/Logs/ThePiedPiper-backup-2015.10.06-00.57.44.log
[2015.10.06-04.57.48:267][  0]SourceControl: Info 	prodenv/ThePiedPiper/Saved/Logs/UE4CC-Windows-0249F7564D59ED77C3C3E9807C253297/
[2015.10.06-04.57.48:267][  0]SourceControl: Info 	prodenv/ThePiedPiper/ThePiedPiper - Shortcut.lnk
[2015.10.06-04.57.48:267][  0]SourceControl: Info no changes added to commit (use "git add" and/or "git commit -a")
[2015.10.06-04.57.48:267][  0]LogContentStreaming: Texture pool size now 1000 MB
[2015.10.06-04.57.48:366][  0]LogRenderer: Reallocating scene render targets to support 1056x580 (Frame:2).
[2015.10.06-04.57.48:417][  1]LogAssetRegistry: Asset discovery search completed in 1.1299 seconds
[2015.10.06-04.57.48:417][  1]LogCollectionManager: Rebuilt the object cache for 0 collections in 0.000001 seconds (found 0 objects)
[2015.10.06-04.57.48:417][  1]LogCollectionManager: Fixed up redirectors for 0 collections in 0.000016 seconds (updated 0 objects)
[2015.10.06-04.57.59:124][880]LogWindowsTextInputMethodSystem:Display: IME system now deactivated.
[2015.10.06-04.57.59:330][881]Cmd: QUIT_EDITOR
[2015.10.06-04.57.59:534][881]LogExit: Preparing to exit.
[2015.10.06-04.58.00:283][881]LogExit: Editor shut down
[2015.10.06-04.58.00:283][881]LogParticles: Destroying 0 GPU particle simulations for FXSystem 0x000000266C0AE160
[2015.10.06-04.58.00:284][881]LogExit: Transaction tracking system shut down
[2015.10.06-04.58.00:284][881]LogParticles: Destroying 0 GPU particle simulations for FXSystem 0x000000265BD96660
[2015.10.06-04.58.00:284][881]LogParticles: Destroying 0 GPU particle simulations for FXSystem 0x000000265C9B53A0
[2015.10.06-04.58.00:372][881]LogExit: Object subsystem successfully closed.
[2015.10.06-04.58.00:390][881]LogD3D11RHI: Shutdown
[2015.10.06-04.58.00:391][881]LogD3D11RHI: CleanupD3DDevice
[2015.10.06-04.58.00:410][881]LogD3D11RHI: ~FD3D11DynamicRHI
[2015.10.06-04.58.00:419][881]LogModuleManager: Shutting down and abandoning module CrashTracker (196)
[2015.10.06-04.58.00:419][881]LogModuleManager: Shutting down and abandoning module SceneOutliner (195)
[2015.10.06-04.58.00:419][881]LogModuleManager: Shutting down and abandoning module SuperSearch (194)
[2015.10.06-04.58.00:419][881]LogModuleManager: Shutting down and abandoning module WidgetCarousel (193)
[2015.10.06-04.58.00:419][881]LogModuleManager: Shutting down and abandoning module AddContentDialog (192)
[2015.10.06-04.58.00:419][881]LogModuleManager: Shutting down and abandoning module EditorWidgets (191)
[2015.10.06-04.58.00:419][881]LogModuleManager: Shutting down and abandoning module CollectionManager (190)
[2015.10.06-04.58.00:420][881]LogModuleManager: Shutting down and abandoning module FoliageEdit (189)
[2015.10.06-04.58.00:420][881]LogModuleManager: Shutting down and abandoning module LandscapeEditor (188)
[2015.10.06-04.58.00:420][881]LogModuleManager: Shutting down and abandoning module ActorPickerMode (187)
[2015.10.06-04.58.00:420][881]LogModuleManager: Shutting down and abandoning module GeometryMode (186)
[2015.10.06-04.58.00:420][881]LogModuleManager: Shutting down and abandoning module TextureAlignMode (185)
[2015.10.06-04.58.00:420][881]LogModuleManager: Shutting down and abandoning module BspMode (184)
[2015.10.06-04.58.00:420][881]LogModuleManager: Shutting down and abandoning module PlacementMode (183)
[2015.10.06-04.58.00:420][881]LogModuleManager: Shutting down and abandoning module AutomationWorker (182)
[2015.10.06-04.58.00:420][881]LogModuleManager: Shutting down and abandoning module CharacterAI (181)
[2015.10.06-04.58.00:420][881]LogModuleManager: Shutting down and abandoning module SmartSnapping (180)
[2015.10.06-04.58.00:420][881]LogModuleManager: Shutting down and abandoning module ViewportSnapping (179)
[2015.10.06-04.58.00:420][881]LogModuleManager: Shutting down and abandoning module LogVisualizer (178)
[2015.10.06-04.58.00:420][881]LogModuleManager: Shutting down and abandoning module GameProjectGeneration (177)
[2015.10.06-04.58.00:420][881]LogModuleManager: Shutting down and abandoning module IntroTutorials (176)
[2015.10.06-04.58.00:420][881]LogModuleManager: Shutting down and abandoning module EditorLiveStreaming (175)
[2015.10.06-04.58.00:420][881]LogModuleManager: Shutting down and abandoning module IOSPlatformEditor (174)
[2015.10.06-04.58.00:420][881]LogModuleManager: Shutting down and abandoning module HTML5PlatformEditor (173)
[2015.10.06-04.58.00:420][881]LogModuleManager: Shutting down and abandoning module AndroidDeviceDetection (172)
[2015.10.06-04.58.00:834][881]LogModuleManager: Shutting down and abandoning module AndroidPlatformEditor (171)
[2015.10.06-04.58.00:834][881]LogModuleManager: Shutting down and abandoning module IOSRuntimeSettings (170)
[2015.10.06-04.58.00:834][881]LogModuleManager: Shutting down and abandoning module AndroidRuntimeSettings (169)
[2015.10.06-04.58.00:834][881]LogModuleManager: Shutting down and abandoning module MergeActors (168)
[2015.10.06-04.58.00:834][881]LogModuleManager: Shutting down and abandoning module SizeMap (167)
[2015.10.06-04.58.00:834][881]LogModuleManager: Shutting down and abandoning module TreeMap (166)
[2015.10.06-04.58.00:834][881]LogModuleManager: Shutting down and abandoning module ReferenceViewer (165)
[2015.10.06-04.58.00:834][881]LogModuleManager: Shutting down and abandoning module LocalizationService (164)
[2015.10.06-04.58.00:834][881]LogModuleManager: Shutting down and abandoning module LocalizationDashboard (163)
[2015.10.06-04.58.00:834][881]LogModuleManager: Shutting down and abandoning module HardwareTargeting (162)
[2015.10.06-04.58.00:834][881]LogModuleManager: Shutting down and abandoning module DeviceProfileEditor (161)
[2015.10.06-04.58.00:834][881]LogModuleManager: Shutting down and abandoning module UndoHistory (160)
[2015.10.06-04.58.00:834][881]LogModuleManager: Shutting down and abandoning module GameplayTagsEditor (159)
[2015.10.06-04.58.00:834][881]LogModuleManager: Shutting down and abandoning module UserFeedback (158)
[2015.10.06-04.58.00:834][881]LogModuleManager: Shutting down and abandoning module XmlParser (157)
[2015.10.06-04.58.00:834][881]LogModuleManager: Shutting down and abandoning module Blutility (156)
[2015.10.06-04.58.00:834][881]LogModuleManager: Shutting down and abandoning module ProjectTargetPlatformEditor (155)
[2015.10.06-04.58.00:834][881]LogModuleManager: Shutting down and abandoning module ProjectSettingsViewer (154)
[2015.10.06-04.58.00:834][881]LogModuleManager: Shutting down and abandoning module InputBindingEditor (153)
[2015.10.06-04.58.00:834][881]LogModuleManager: Shutting down and abandoning module EditorSettingsViewer (152)
[2015.10.06-04.58.00:834][881]LogModuleManager: Shutting down and abandoning module SettingsEditor (151)
[2015.10.06-04.58.00:834][881]LogModuleManager: Shutting down and abandoning module ProjectLauncher (150)
[2015.10.06-04.58.00:834][881]LogModuleManager: Shutting down and abandoning module SessionFrontend (149)
[2015.10.06-04.58.00:834][881]LogModuleManager: Shutting down and abandoning module ProfilerClient (148)
[2015.10.06-04.58.00:834][881]LogModuleManager: Shutting down and abandoning module TargetDeviceServices (147)
[2015.10.06-04.58.00:834][881]LogModuleManager: Shutting down and abandoning module DeviceManager (146)
[2015.10.06-04.58.00:834][881]LogModuleManager: Shutting down and abandoning module AutomationController (145)
[2015.10.06-04.58.00:834][881]LogModuleManager: Shutting down and abandoning module AutomationWindow (144)
[2015.10.06-04.58.00:834][881]LogModuleManager: Shutting down and abandoning module Layers (143)
[2015.10.06-04.58.00:834][881]LogModuleManager: Shutting down and abandoning module ComponentVisualizers (142)
[2015.10.06-04.58.00:834][881]LogModuleManager: Shutting down and abandoning module DetailCustomizations (141)
[2015.10.06-04.58.00:834][881]LogModuleManager: Shutting down and abandoning module PackagesDialog (140)
[2015.10.06-04.58.00:834][881]LogModuleManager: Shutting down and abandoning module Persona (139)
[2015.10.06-04.58.00:834][881]LogModuleManager: Shutting down and abandoning module Kismet (138)
[2015.10.06-04.58.00:834][881]LogModuleManager: Shutting down and abandoning module GraphEditor (137)
[2015.10.06-04.58.00:834][881]LogModuleManager: Shutting down and abandoning module ClassViewer (136)
[2015.10.06-04.58.00:834][881]LogModuleManager: Shutting down and abandoning module Toolbox (135)
[2015.10.06-04.58.00:834][881]LogModuleManager: Shutting down and abandoning module ModuleUI (134)
[2015.10.06-04.58.00:834][881]LogModuleManager: Shutting down and abandoning module MovieSceneTools (133)
[2015.10.06-04.58.00:834][881]LogModuleManager: Shutting down and abandoning module OutputLog (132)
[2015.10.06-04.58.00:834][881]LogModuleManager: Shutting down and abandoning module GammaUI (131)
[2015.10.06-04.58.00:835][881]LogModuleManager: Shutting down and abandoning module Documentation (130)
[2015.10.06-04.58.00:835][881]LogModuleManager: Shutting down and abandoning module GameLiveStreaming (129)
[2015.10.06-04.58.00:835][881]LogModuleManager: Shutting down and abandoning module StreamingPauseRendering (128)
[2015.10.06-04.58.00:835][881]LogModuleManager: Shutting down and abandoning module AnalyticsET (127)
[2015.10.06-04.58.00:835][881]LogModuleManager: Shutting down and abandoning module Analytics (126)
[2015.10.06-04.58.00:835][881]LogModuleManager: Shutting down and abandoning module AITestSuite (125)
[2015.10.06-04.58.00:835][881]LogModuleManager: Shutting down and abandoning module GameplayDebugger (124)
[2015.10.06-04.58.00:835][881]LogModuleManager: Shutting down and abandoning module AIModule (123)
[2015.10.06-04.58.00:835][881]LogModuleManager: Shutting down and abandoning module ProfilerService (122)
[2015.10.06-04.58.00:839][881]LogModuleManager: Shutting down and abandoning module TaskGraph (121)
[2015.10.06-04.58.00:839][881]LogModuleManager: Shutting down and abandoning module SlateRemote (120)
[2015.10.06-04.58.00:839][881]LogModuleManager: Shutting down and abandoning module SteamVRController (119)
[2015.10.06-04.58.00:839][881]LogModuleManager: Shutting down and abandoning module SteamVR (118)
[2015.10.06-04.58.00:839][881]LogModuleManager: Shutting down and abandoning module ProceduralMeshComponent (117)
[2015.10.06-04.58.00:839][881]LogModuleManager: Shutting down and abandoning module OculusRift (116)
[2015.10.06-04.58.00:839][881]LogModuleManager: Shutting down and abandoning module OculusLibrary (115)
[2015.10.06-04.58.00:839][881]LogModuleManager: Shutting down and abandoning module LeapMotionController (114)
[2015.10.06-04.58.00:855][881]LogModuleManager: Shutting down and abandoning module CustomMeshComponent (113)
[2015.10.06-04.58.00:855][881]LogModuleManager: Shutting down and abandoning module CableComponent (112)
[2015.10.06-04.58.00:855][881]LogModuleManager: Shutting down and abandoning module ArchVisCharacter (111)
[2015.10.06-04.58.00:855][881]LogModuleManager: Shutting down and abandoning module MessagingDebugger (110)
[2015.10.06-04.58.00:855][881]LogModuleManager: Shutting down and abandoning module MediaPlayerEditor (109)
[2015.10.06-04.58.00:855][881]LogModuleManager: Shutting down and abandoning module HTML5Networking (108)
[2015.10.06-04.58.00:855][881]LogModuleManager: Shutting down and abandoning module SpeedTreeImporter (107)
[2015.10.06-04.58.00:855][881]LogModuleManager: Shutting down and abandoning module PluginBrowser (106)
[2015.10.06-04.58.00:855][881]LogModuleManager: Shutting down and abandoning module EpicSurvey (105)
[2015.10.06-04.58.00:855][881]LogModuleManager: Shutting down and abandoning module DesktopPlatform (104)
[2015.10.06-04.58.00:855][881]LogModuleManager: Shutting down and abandoning module VisualStudioSourceCodeAccess (103)
[2015.10.06-04.58.00:855][881]LogModuleManager: Shutting down and abandoning module UObjectPlugin (102)
[2015.10.06-04.58.00:855][881]LogModuleManager: Shutting down and abandoning module SubversionSourceControl (101)
[2015.10.06-04.58.00:855][881]LogModuleManager: Shutting down and abandoning module PerforceSourceControl (100)
[2015.10.06-04.58.00:855][881]LogModuleManager: Shutting down and abandoning module SourceControl (99)
[2015.10.06-04.58.00:855][881]LogModuleManager: Shutting down and abandoning module GitSourceControl (98)
[2015.10.06-04.58.00:855][881]LogModuleManager: Shutting down and abandoning module LightPropagationVolumeEditor (97)
[2015.10.06-04.58.00:855][881]LogModuleManager: Shutting down and abandoning module PaperTiledImporter (96)
[2015.10.06-04.58.00:855][881]LogModuleManager: Shutting down and abandoning module PaperSpriteSheetImporter (95)
[2015.10.06-04.58.00:855][881]LogModuleManager: Shutting down and abandoning module MeshPaint (94)
[2015.10.06-04.58.00:855][881]LogModuleManager: Shutting down and abandoning module SlateReflector (93)
[2015.10.06-04.58.00:855][881]LogModuleManager: Shutting down and abandoning module HotReload (92)
[2015.10.06-04.58.00:855][881]LogModuleManager: Shutting down and abandoning module MainFrame (91)
[2015.10.06-04.58.00:855][881]LogModuleManager: Shutting down and abandoning module LevelEditor (90)
[2015.10.06-04.58.00:856][881]LogModuleManager: Shutting down and abandoning module DirectoryWatcher (89)
[2015.10.06-04.58.00:856][881]LogModuleManager: Shutting down and abandoning module AssetRegistry (88)
[2015.10.06-04.58.00:980][881]LogModuleManager: Shutting down and abandoning module ContentBrowser (87)
[2015.10.06-04.58.00:981][881]LogModuleManager: Shutting down and abandoning module Paper2DEditor (86)
[2015.10.06-04.58.00:981][881]LogModuleManager: Shutting down and abandoning module UdpMessaging (85)
[2015.10.06-04.58.01:082][881]LogModuleManager: Shutting down and abandoning module LightPropagationVolumeRuntime (84)
[2015.10.06-04.58.01:082][881]LogModuleManager: Shutting down and abandoning module Paper2D (83)
[2015.10.06-04.58.01:082][881]LogModuleManager: Shutting down and abandoning module WindowsMoviePlayer (82)
[2015.10.06-04.58.01:085][881]LogModuleManager: Shutting down and abandoning module Media (81)
[2015.10.06-04.58.01:085][881]LogModuleManager: Shutting down and abandoning module WmfMedia (80)
[2015.10.06-04.58.01:086][881]LogModuleManager: Shutting down and abandoning module OnlineBlueprintSupport (79)
[2015.10.06-04.58.01:086][881]LogModuleManager: Shutting down and abandoning module GameplayTasksEditor (78)
[2015.10.06-04.58.01:086][881]LogModuleManager: Shutting down and abandoning module PropertyEditor (77)
[2015.10.06-04.58.01:086][881]LogModuleManager: Shutting down and abandoning module BehaviorTreeEditor (76)
[2015.10.06-04.58.01:086][881]LogModuleManager: Shutting down and abandoning module FunctionalTesting (75)
[2015.10.06-04.58.01:086][881]LogModuleManager: Shutting down and abandoning module CollisionAnalyzer (74)
[2015.10.06-04.58.01:086][881]LogModuleManager: Shutting down and abandoning module WorkspaceMenuStructure (73)
[2015.10.06-04.58.01:086][881]LogModuleManager: Shutting down and abandoning module MessageLog (72)
[2015.10.06-04.58.01:086][881]LogModuleManager: Shutting down and abandoning module Sequencer (71)
[2015.10.06-04.58.01:086][881]LogModuleManager: Shutting down and abandoning module AssetTools (70)
[2015.10.06-04.58.01:086][881]LogModuleManager: Shutting down and abandoning module UMGEditor (69)
[2015.10.06-04.58.01:086][881]LogModuleManager: Shutting down and abandoning module UMG (68)
[2015.10.06-04.58.01:086][881]LogModuleManager: Shutting down and abandoning module Slate (67)
[2015.10.06-04.58.01:086][881]LogModuleManager: Shutting down and abandoning module EditorStyle (66)
[2015.10.06-04.58.01:089][881]LogModuleManager: Shutting down and abandoning module SessionServices (65)
[2015.10.06-04.58.01:089][881]LogModuleManager: Shutting down and abandoning module SourceCodeAccess (64)
[2015.10.06-04.58.01:089][881]LogModuleManager: Shutting down and abandoning module HeadMountedDisplay (63)
[2015.10.06-04.58.01:089][881]LogModuleManager: Shutting down and abandoning module XAudio2 (62)
[2015.10.06-04.58.01:089][881]LogModuleManager: Shutting down and abandoning module Networking (60)
[2015.10.06-04.58.01:089][881]LogModuleManager: Shutting down and abandoning module Core (59)
[2015.10.06-04.58.01:089][881]LogModuleManager: Shutting down and abandoning module KismetCompiler (58)
[2015.10.06-04.58.01:089][881]LogModuleManager: Shutting down and abandoning module PhysXFormats (57)
[2015.10.06-04.58.01:089][881]LogModuleManager: Shutting down and abandoning module MeshUtilities (56)
[2015.10.06-04.58.01:089][881]LogModuleManager: Shutting down and abandoning module CookingStats (55)
[2015.10.06-04.58.01:090][881]LogModuleManager: Shutting down and abandoning module DerivedDataCache (54)
[2015.10.06-04.58.01:393][881]LogDerivedDataCache: Shutdown
[2015.10.06-04.58.01:394][881]LogModuleManager: Shutting down and abandoning module ShaderFormatOpenGL (53)
[2015.10.06-04.58.01:394][881]LogModuleManager: Shutting down and abandoning module ShaderFormatD3D (52)
[2015.10.06-04.58.01:394][881]LogModuleManager: Shutting down and abandoning module MetalShaderFormat (51)
[2015.10.06-04.58.01:394][881]LogModuleManager: Shutting down and abandoning module TextureFormatUncompressed (50)
[2015.10.06-04.58.01:394][881]LogModuleManager: Shutting down and abandoning module TextureFormatPVR (49)
[2015.10.06-04.58.01:394][881]LogModuleManager: Shutting down and abandoning module TextureFormatIntelISPCTexComp (48)
[2015.10.06-04.58.01:394][881]LogModuleManager: Shutting down and abandoning module TextureFormatDXT (47)
[2015.10.06-04.58.01:394][881]LogModuleManager: Shutting down and abandoning module ImageWrapper (46)
[2015.10.06-04.58.01:394][881]LogModuleManager: Shutting down and abandoning module TextureFormatASTC (45)
[2015.10.06-04.58.01:394][881]LogModuleManager: Shutting down and abandoning module TextureFormatAndroid (44)
[2015.10.06-04.58.01:394][881]LogModuleManager: Shutting down and abandoning module AudioFormatOpus (43)
[2015.10.06-04.58.01:394][881]LogModuleManager: Shutting down and abandoning module AudioFormatOgg (42)
[2015.10.06-04.58.01:394][881]LogModuleManager: Shutting down and abandoning module AudioFormatADPCM (41)
[2015.10.06-04.58.01:394][881]LogModuleManager: Shutting down and abandoning module LinuxTargetPlatform (40)
[2015.10.06-04.58.01:394][881]LogModuleManager: Shutting down and abandoning module LinuxServerTargetPlatform (39)
[2015.10.06-04.58.01:394][881]LogModuleManager: Shutting down and abandoning module LinuxNoEditorTargetPlatform (38)
[2015.10.06-04.58.01:394][881]LogModuleManager: Shutting down and abandoning module Messaging (37)
[2015.10.06-04.58.01:394][881]LogModuleManager: Shutting down and abandoning module IOSTargetPlatform (36)
[2015.10.06-04.58.01:394][881]LogModuleManager: Shutting down and abandoning module HTML5TargetPlatform (35)
[2015.10.06-04.58.01:394][881]LogModuleManager: Shutting down and abandoning module Android_PVRTCTargetPlatform (34)
[2015.10.06-04.58.01:394][881]LogModuleManager: Shutting down and abandoning module Android_ETC2TargetPlatform (33)
[2015.10.06-04.58.01:394][881]LogModuleManager: Shutting down and abandoning module Android_ETC1TargetPlatform (32)
[2015.10.06-04.58.01:394][881]LogModuleManager: Shutting down and abandoning module Android_DXTTargetPlatform (31)
[2015.10.06-04.58.01:394][881]LogModuleManager: Shutting down and abandoning module Android_ATCTargetPlatform (30)
[2015.10.06-04.58.01:394][881]LogModuleManager: Shutting down and abandoning module Android_ASTCTargetPlatform (29)
[2015.10.06-04.58.01:394][881]LogModuleManager: Shutting down and abandoning module AndroidTargetPlatform (28)
[2015.10.06-04.58.01:395][881]LogModuleManager: Shutting down and abandoning module WindowsTargetPlatform (27)
[2015.10.06-04.58.01:395][881]LogModuleManager: Shutting down and abandoning module WindowsServerTargetPlatform (26)
[2015.10.06-04.58.01:395][881]LogModuleManager: Shutting down and abandoning module WindowsNoEditorTargetPlatform (25)
[2015.10.06-04.58.01:395][881]LogModuleManager: Shutting down and abandoning module WindowsClientTargetPlatform (24)
[2015.10.06-04.58.01:395][881]LogModuleManager: Shutting down and abandoning module AllDesktopTargetPlatform (23)
[2015.10.06-04.58.01:395][881]LogModuleManager: Shutting down and abandoning module TargetPlatform (22)
[2015.10.06-04.58.01:395][881]LogModuleManager: Shutting down and abandoning module InputCore (21)
[2015.10.06-04.58.01:395][881]LogModuleManager: Shutting down and abandoning module Settings (20)
[2015.10.06-04.58.01:395][881]LogModuleManager: Shutting down and abandoning module OnlineSubsystem (18)
[2015.10.06-04.58.01:395][881]LogModuleManager: Shutting down and abandoning module HTTP (17)
[2015.10.06-04.58.03:398][881]LogModuleManager: Shutting down and abandoning module XMPP (16)
[2015.10.06-04.58.03:398][881]LogModuleManager: Shutting down and abandoning module ExampleDeviceProfileSelector (15)
[2015.10.06-04.58.03:398][881]LogModuleManager: Shutting down and abandoning module TextureCompressor (14)
[2015.10.06-04.58.03:398][881]LogModuleManager: Shutting down and abandoning module ShaderCore (13)
[2015.10.06-04.58.03:398][881]LogModuleManager: Shutting down and abandoning module Landscape (12)
[2015.10.06-04.58.03:398][881]LogModuleManager: Shutting down and abandoning module SlateRHIRenderer (11)
[2015.10.06-04.58.03:398][881]LogModuleManager: Shutting down and abandoning module OpenGLDrv (10)
[2015.10.06-04.58.03:398][881]LogModuleManager: Shutting down and abandoning module D3D11RHI (9)
[2015.10.06-04.58.03:398][881]LogModuleManager: Shutting down and abandoning module AnimGraphRuntime (8)
[2015.10.06-04.58.03:398][881]LogModuleManager: Shutting down and abandoning module Renderer (7)
[2015.10.06-04.58.03:398][881]LogModuleManager: Shutting down and abandoning module Engine (6)
[2015.10.06-04.58.03:398][881]LogModuleManager: Shutting down and abandoning module CoreUObject (5)
[2015.10.06-04.58.03:398][881]LogModuleManager: Shutting down and abandoning module NetworkFile (4)
[2015.10.06-04.58.03:398][881]LogModuleManager: Shutting down and abandoning module StreamingFile (3)
[2015.10.06-04.58.03:398][881]LogModuleManager: Shutting down and abandoning module SandboxFile (2)
[2015.10.06-04.58.03:398][881]LogModuleManager: Shutting down and abandoning module PakFile (1)
[2015.10.06-04.58.03:399][881]LogExit: Exiting.
[2015.10.06-04.58.03:399][881]Log file closed, 10/06/15 00:58:03
