[2015.09.26-20.20.52:109][  0]Log file open, 09/26/15 16:20:52
[2015.09.26-20.20.52:109][  0]LogInit:Display: Running engine for game: ThePiedPiper
[2015.09.26-20.20.52:109][  0]LogInit:Display: RandInit(-2082026747) SRandInit(-2082026746).
[2015.09.26-20.20.52:109][  0]LogTaskGraph: Started task graph with 4 named threads and 5 total threads.
[2015.09.26-20.20.52:109][  0]LogStats: Stats thread started at 4.130803
[2015.09.26-20.20.52:109][  0]LogInit: Version: 4.9.1-2689999+++depot+UE4-Releases+4.9
[2015.09.26-20.20.52:109][  0]LogInit: API Version: 2672455
[2015.09.26-20.20.52:109][  0]LogInit: Compiled (64-bit): Sep 14 2015 04:12:03
[2015.09.26-20.20.52:109][  0]LogInit: Compiled with Visual C++: 18.00.21005.01
[2015.09.26-20.20.52:110][  0]LogInit: Build Configuration: Development
[2015.09.26-20.20.52:110][  0]LogInit: Branch Name: ++depot+UE4-Releases+4.9
[2015.09.26-20.20.52:110][  0]LogInit: Command line:  
[2015.09.26-20.20.52:110][  0]LogInit: Base directory: C:/Program Files/Epic Games/4.9/Engine/Binaries/Win64/
[2015.09.26-20.20.52:110][  0]LogInit: Rocket: 1
[2015.09.26-20.20.52:228][  0]LogInit: Using libcurl 7.41.0
[2015.09.26-20.20.52:228][  0]LogInit:  - built for x86_64-pc-win32
[2015.09.26-20.20.52:228][  0]LogInit:  - supports SSL with WinSSL
[2015.09.26-20.20.52:228][  0]LogInit:  - other features:
[2015.09.26-20.20.52:228][  0]LogInit:      CURL_VERSION_SSL
[2015.09.26-20.20.52:228][  0]LogInit:      CURL_VERSION_IPV6
[2015.09.26-20.20.52:228][  0]LogInit:      CURL_VERSION_ASYNCHDNS
[2015.09.26-20.20.52:228][  0]LogInit:      CURL_VERSION_LARGEFILE
[2015.09.26-20.20.52:228][  0]LogInit:      CURL_VERSION_IDN
[2015.09.26-20.20.52:228][  0]LogInit:  CurlRequestOptions (configurable via config and command line):
[2015.09.26-20.20.52:228][  0]LogInit:  - bVerifyPeer = true  - Libcurl will verify peer certificate
[2015.09.26-20.20.52:228][  0]LogInit:  - bUseHttpProxy = false  - Libcurl will NOT use HTTP proxy
[2015.09.26-20.20.52:228][  0]LogInit:  - bDontReuseConnections = false  - Libcurl will reuse connections
[2015.09.26-20.20.52:228][  0]LogInit:  - CertBundlePath = nullptr  - Libcurl will use whatever was configured at build time.
[2015.09.26-20.20.52:513][  0]LogInit: Presizing for 0 objects not considered by GC, pre-allocating 0 bytes.
[2015.09.26-20.20.52:720][  0]LogInit: Object subsystem initialized
[2015.09.26-20.20.53:033][  0]LogInit: Selected Device Profile: [Windows]
[2015.09.26-20.20.53:033][  0]LogInit: Applying CVar settings loaded from the selected device profile: [Windows]
[2015.09.26-20.20.53:287][  0]LogInit: Computer: BENJAMIN
[2015.09.26-20.20.53:287][  0]LogInit: User: Benjamin
[2015.09.26-20.20.53:287][  0]LogInit: CPU Page size=4096, Cores=2
[2015.09.26-20.20.53:287][  0]LogInit: High frequency timer resolution =2.533320 MHz
[2015.09.26-20.20.53:296][  0]LogMemory: Memory total: Physical=7.9GB (8GB approx)
[2015.09.26-20.20.53:323][  0]LogMemory: Platform Memory Stats for Windows
[2015.09.26-20.20.53:323][  0]LogMemory: Process Physical Memory: 52.49 MB used, 52.49 MB peak
[2015.09.26-20.20.53:323][  0]LogMemory: Process Virtual Memory: 56.83 MB used, 56.83 MB peak
[2015.09.26-20.20.53:323][  0]LogMemory: Physical Memory: 5037.93 MB used, 8057.77 MB total
[2015.09.26-20.20.53:323][  0]LogMemory: Virtual Memory: 344.02 MB used, 8388608.00 MB total
[2015.09.26-20.20.54:537][  0]LogTextLocalizationManager: No specific translations for ('en-US') exist, so ('en') translations will be used.
[2015.09.26-20.20.56:340][  0]LogD3D11RHI: Found D3D11 adapter 0: Intel(R) HD Graphics 4000 (Feature Level 11_0)
[2015.09.26-20.20.56:340][  0]LogD3D11RHI: Adapter has 32MB of dedicated video memory, 0MB of dedicated system memory, and 1760MB of shared system memory, 1 output[s]
[2015.09.26-20.20.56:342][  0]LogD3D11RHI: Found D3D11 adapter 1: Microsoft Basic Render Driver (Feature Level 11_0)
[2015.09.26-20.20.56:342][  0]LogD3D11RHI: Adapter has 0MB of dedicated video memory, 0MB of dedicated system memory, and 256MB of shared system memory, 0 output[s]
[2015.09.26-20.20.56:342][  0]LogD3D11RHI: Chosen D3D11 Adapter Id = 0
[2015.09.26-20.20.56:380][  0]LogD3D11RHI: !Direct3DDevice
[2015.09.26-20.20.56:381][  0]LogRHI: Texture pool is 638 MB (70% of 912 MB)
[2015.09.26-20.20.56:383][  0]LogD3D11RHI: Async texture creation enabled
[2015.09.26-20.20.56:884][  0]LogShaderCompilers: Guid format shader working directory is 14 characters bigger than the processId version (../../../../../../Users/Benjamin/Documents/Unreal Projects/pipermqp/prodenv/ThePiedPiper/Intermediate/Shaders/WorkingDirectory/10500/).
[2015.09.26-20.20.56:884][  0]LogShaderCompilers: Cleaned the shader compiler working directory '../../../../../../Users/Benjamin/Documents/Unreal Projects/pipermqp/prodenv/ThePiedPiper/Intermediate/Shaders/tmp/51FB7FD24D5B53C3DED7B08ADCC94CAF/'.
[2015.09.26-20.20.56:894][  0]LogShaderCompilers:Display: Using Local Shader Compiler.
[2015.09.26-20.21.08:514][  0]LogTemp:Display: Loaded TP AllDesktopTargetPlatform
[2015.09.26-20.21.08:525][  0]LogTemp:Display: Loaded TP WindowsClientTargetPlatform
[2015.09.26-20.21.08:533][  0]LogTemp:Display: Loaded TP WindowsNoEditorTargetPlatform
[2015.09.26-20.21.08:540][  0]LogTemp:Display: Loaded TP WindowsServerTargetPlatform
[2015.09.26-20.21.08:565][  0]LogTemp:Display: Loaded TP WindowsTargetPlatform
[2015.09.26-20.21.08:571][  0]LogTemp:Display: Loaded TP AndroidTargetPlatform
[2015.09.26-20.21.08:577][  0]LogTemp:Display: Loaded TP Android_ASTCTargetPlatform
[2015.09.26-20.21.08:583][  0]LogTemp:Display: Loaded TP Android_ATCTargetPlatform
[2015.09.26-20.21.08:589][  0]LogTemp:Display: Loaded TP Android_DXTTargetPlatform
[2015.09.26-20.21.08:595][  0]LogTemp:Display: Loaded TP Android_ETC1TargetPlatform
[2015.09.26-20.21.08:601][  0]LogTemp:Display: Loaded TP Android_ETC2TargetPlatform
[2015.09.26-20.21.08:647][  0]LogTemp:Display: Loaded TP Android_PVRTCTargetPlatform
[2015.09.26-20.21.08:708][  0]LogTemp:Display: Loaded TP HTML5TargetPlatform
[2015.09.26-20.21.08:846][  0]LogTemp:Display: Loaded TP IOSTargetPlatform
[2015.09.26-20.21.08:885][  0]LogTemp:Display: Loaded TP LinuxNoEditorTargetPlatform
[2015.09.26-20.21.08:898][  0]LogTemp:Display: Loaded TP LinuxServerTargetPlatform
[2015.09.26-20.21.08:923][  0]LogTemp:Display: Loaded TP LinuxTargetPlatform
[2015.09.26-20.21.08:923][  0]LogTargetPlatformManager:Display: Building Assets For Windows
[2015.09.26-20.21.10:015][  0]LogDerivedDataCache:Display: Max Cache Size: 512 MB
[2015.09.26-20.21.10:589][  0]LogDerivedDataCache: Loaded boot cache 0.56s 41MB C:/Users/Benjamin/AppData/Local/UnrealEngine/4.9/DerivedDataCache/Boot.ddc.
[2015.09.26-20.21.10:589][  0]LogDerivedDataCache:Display: Loaded Boot cache: C:/Users/Benjamin/AppData/Local/UnrealEngine/4.9/DerivedDataCache/Boot.ddc
[2015.09.26-20.21.10:589][  0]LogDerivedDataCache: FDerivedDataBackendGraph:  Pak pak cache file ../../../../../../Users/Benjamin/Documents/Unreal Projects/pipermqp/prodenv/ThePiedPiper/DerivedDataCache/DDC.ddp not found, will not use a pak cache.
[2015.09.26-20.21.10:589][  0]LogDerivedDataCache: Unable to find inner node Pak for hierarchical cache Hierarchy.
[2015.09.26-20.21.10:589][  0]LogDerivedDataCache: FDerivedDataBackendGraph:  CompressedPak pak cache file ../../../../../../Users/Benjamin/Documents/Unreal Projects/pipermqp/prodenv/ThePiedPiper/DerivedDataCache/Compressed.ddp not found, will not use a pak cache.
[2015.09.26-20.21.10:589][  0]LogDerivedDataCache: Unable to find inner node CompressedPak for hierarchical cache Hierarchy.
[2015.09.26-20.21.10:921][  0]LogDerivedDataCache:Display: Pak cache opened for reading ../../../Engine/DerivedDataCache/Compressed.ddp.
[2015.09.26-20.21.10:953][  0]LogDerivedDataCache: Using Local data cache path C:/Users/Benjamin/AppData/Local/UnrealEngine/Common/DerivedDataCache: Writable
[2015.09.26-20.21.19:269][  0]LogInit: Selected Device Profile: [Windows]
[2015.09.26-20.21.19:461][  0]LogContentStreaming: Texture pool size is 0.000000MB
[2015.09.26-20.21.21:322][  0]LogMeshUtilities: No automatic mesh reduction module available
[2015.09.26-20.21.21:322][  0]LogMeshUtilities: No automatic mesh merging module available
[2015.09.26-20.21.26:323][  0]LogInit: WinSock: version 1.1 (2.2), MaxSocks=32767, MaxUdp=65467
[2015.09.26-20.21.38:723][  0]UdpMessaging: Initializing bridge on interface 0.0.0.0:0 to multicast group 230.0.0.1:6666.
[2015.09.26-20.21.39:498][  0]LogAssetRegistry: FAssetRegistry took 0.0110 seconds to start up
[2015.09.26-20.21.43:295][  0]SourceControl: Info Source control is disabled
[2015.09.26-20.21.43:309][  0]SourceControl: Info Source control is disabled
[2015.09.26-20.21.43:671][  0]SourceControl: Info Source control is disabled
[2015.09.26-20.21.43:820][  0]SourceControl: Info Source control is disabled
[2015.09.26-20.21.46:638][  0]LogLinker:Warning: Asset '../../../Engine/Plugins/Runtime/LeapMotionController/Content/LM_PassthroughMaterial.uasset' has been saved with empty engine version. The asset will be loaded but may be incompatible.
[2015.09.26-20.21.47:739][  0]LogObj: 28361 objects as part of root set at end of initial load.
[2015.09.26-20.21.47:739][  0]LogUObjectAllocator: 6038872 out of 0 bytes used by permanent object pool.
[2015.09.26-20.21.49:782][  0]LogAutomationTest:Warning: Smoke tests took > 1s to run: 1.27s
[2015.09.26-20.21.50:177][  0]LogEngine: Initializing Engine...
[2015.09.26-20.21.50:272][  0]LogHMD: Can't find Oculus library dev build: is proper Runtime installed? Version: 0.7.0.0
[2015.09.26-20.21.50:479][  0]LogHMD: SteamVR failed to initialize.  Err: 110
[2015.09.26-20.21.52:120][  0]LogAIModule: Creating AISystem for world NewWorld
[2015.09.26-20.21.53:292][  0]LogInit: XAudio2 using 'Speakers (Conexant SmartAudio HD)' : 2 channels at 48 kHz using 32 bits per sample (channel mask 0x3)
[2015.09.26-20.21.53:548][  0]LogInit: FAudioDevice initialized.
[2015.09.26-20.21.53:570][  0]LogDerivedDataCache: Saved boot cache 0.02s 41MB C:/Users/Benjamin/AppData/Local/UnrealEngine/4.9/DerivedDataCache/Boot.ddc.
[2015.09.26-20.21.53:614][  0]LogInit: Texture streaming: Enabled
[2015.09.26-20.21.53:989][  0]LogAnalytics: Creating configured Analytics provider AnalyticsET
[2015.09.26-20.21.53:990][  0]LogAnalytics: [UEEditor.Rocket.Release] APIServer = http://et2.epicgames.com/ET2/. AppVersion = 4.9.1-2689999+++depot+UE4-Releases+4.9
[2015.09.26-20.21.53:990][  0]LogAnalytics: [UEEditor.Rocket.Release] SetUserId 24b4e69c437533fcf9007e836b25c91a|81d70dd035554f60bc1c4ff508821cee|6ef1385a-77e7-4f28-b35b-fd2fe71be865
[2015.09.26-20.21.54:006][  0]LogAnalytics: [UEEditor.Rocket.Release] AnalyticsET::StartSession
[2015.09.26-20.21.55:954][  0]LogInit: Transaction tracking system initialized
[2015.09.26-20.21.59:315][  0]BlueprintLog: New page: Editor Load
[2015.09.26-20.22.05:751][  0]LocalizationService: Info Localization service is disabled
[2015.09.26-20.22.08:478][  0]LogUObjectGlobals:Warning: Failed to find object 'Class /Engine/Tutorial/Basics/FeaturePacks.FeaturePacks_C'
[2015.09.26-20.22.08:478][  0]LogLinker:Warning: Can't find file '/Game/FlyingBP/FlyingOverview'
[2015.09.26-20.22.08:478][  0]LogLinker:Warning: Can't find file '/Game/FlyingBP/FlyingOverview'
[2015.09.26-20.22.08:478][  0]LogUObjectGlobals:Warning: Failed to find object 'Class /Game/FlyingBP/FlyingOverview.FlyingOverview_C'
[2015.09.26-20.22.10:686][  0]LogConsoleResponse:Display: 
[2015.09.26-20.22.13:378][  0]LogFileCache: Scanning file cache for directory 'C:/Users/Benjamin/Documents/Unreal Projects/pipermqp/prodenv/ThePiedPiper/Content/' took 0.01s
[2015.09.26-20.22.13:378][  0]LogCook:Display: Done creating registry. It took  0.00s.
[2015.09.26-20.22.15:927][  0]SourceControl: Info Source control is disabled
[2015.09.26-20.22.16:169][  0]Cmd: MAP LOAD FILE="../../../../../../Users/Benjamin/Documents/Unreal Projects/pipermqp/prodenv/ThePiedPiper/Content/FirstPersonBP/Maps/FirstPersonExampleMap.umap" TEMPLATE=0 SHOWPROGRESS=1 FEATURELEVEL=3
[2015.09.26-20.22.16:169][  0]LogEditorServer:Warning: Can't find file '../../../../../../Users/Benjamin/Documents/Unreal Projects/pipermqp/prodenv/ThePiedPiper/Content/FirstPersonBP/Maps/FirstPersonExampleMap.umap'
[2015.09.26-20.22.16:248][  0]Cmd: MAP CHECKDEP NOCLEARLOG
[2015.09.26-20.22.16:561][  0]MapCheck: Info Map check complete: 0 Error(s), 0 Warning(s), took 313.024ms to complete.
[2015.09.26-20.22.16:574][  0]LogFileHelpers: Loading map 'FirstPersonExampleMap' took 0.506
[2015.09.26-20.22.20:226][  0]LogCollectionManager: Loaded 0 collections in 0.002284 seconds
[2015.09.26-20.22.20:316][  0]LogFileCache: Scanning file cache for directory 'C:/Users/Benjamin/Documents/Unreal Projects/pipermqp/prodenv/ThePiedPiper/Saved/Collections/' took 0.01s
[2015.09.26-20.22.20:316][  0]LogFileCache: Scanning file cache for directory 'C:/Users/Benjamin/Documents/Unreal Projects/pipermqp/prodenv/ThePiedPiper/Content/Developers/Benjamin/Collections/' took 0.01s
[2015.09.26-20.22.20:316][  0]LogFileCache: Scanning file cache for directory 'C:/Users/Benjamin/Documents/Unreal Projects/pipermqp/prodenv/ThePiedPiper/Content/Collections/' took 0.01s
[2015.09.26-20.22.20:316][  0]LogContentBrowser: Native class hierarchy populated in 0.0097 seconds. Added 1867 classes and 333 folders.
[2015.09.26-20.22.20:332][  0]LogCollectionManager: Rebuilt the GUID cache for 0 collections in 0.000008 seconds
[2015.09.26-20.22.20:377][  0]LogContentBrowser: Native class hierarchy updated for 'WidgetCarousel' in 0.0003 seconds. Added 0 classes and 0 folders.
[2015.09.26-20.22.24:969][  0]LogContentBrowser: Native class hierarchy updated for 'AddContentDialog' in 0.0004 seconds. Added 0 classes and 0 folders.
[2015.09.26-20.22.25:135][  0]LogContentBrowser: Native class hierarchy updated for 'SceneOutliner' in 0.0004 seconds. Added 1 classes and 2 folders.
[2015.09.26-20.22.25:963][  0]LogCrashTracker: Crashtracker disabled due to settings.
[2015.09.26-20.22.26:188][  0]LogUObjectGlobals:Warning: Failed to find object 'Class None.'
[2015.09.26-20.22.26:238][  0]LogLoad: Full Startup: 102.05 seconds (BP compile: 0.67 seconds)
[2015.09.26-20.22.28:339][  0]LogContentStreaming: Texture pool size now 400 MB
[2015.09.26-20.22.29:486][  0]LogRenderer: Reallocating scene render targets to support 764x352 (Frame:2).
[2015.09.26-20.22.31:579][  5]LogAssetRegistry: Asset discovery search completed in 52.0932 seconds
[2015.09.26-20.22.31:579][  5]LogCollectionManager: Rebuilt the object cache for 0 collections in 0.000001 seconds (found 0 objects)
[2015.09.26-20.22.31:580][  5]LogCollectionManager: Fixed up redirectors for 0 collections in 0.000053 seconds (updated 0 objects)
[2015.09.26-20.22.53:939][237]LogPlayLevel: PlayLevel: No blueprints needed recompiling
[2015.09.26-20.22.54:109][237]PIE: New page: PIE session: Untitled_0 (Sep 26, 2015, 12:22:53 PM)
[2015.09.26-20.22.54:150][237]LogPlayLevel: Creating play world package: /Temp/UEDPIE_0_Untitled_0
[2015.09.26-20.22.54:266][237]LogPlayLevel: PIE: StaticDuplicateObject took: (0.115741s)
[2015.09.26-20.22.54:266][237]LogAIModule: Creating AISystem for world NewWorld
[2015.09.26-20.22.54:267][237]LogPlayLevel: PIE: World Init took: (0.000895s)
[2015.09.26-20.22.54:267][237]LogPlayLevel: PIE: Created PIE world by copying editor world from /Temp/Untitled_0.NewWorld to /Temp/UEDPIE_0_Untitled_0.NewWorld (0.117527s)
[2015.09.26-20.22.55:053][237]LogInit: XAudio2 using 'Speakers (Conexant SmartAudio HD)' : 2 channels at 48 kHz using 32 bits per sample (channel mask 0x3)
[2015.09.26-20.22.55:062][237]LogInit: FAudioDevice initialized.
[2015.09.26-20.22.56:087][237]LogLinker:Warning: Asset '../../../../../../Users/Benjamin/Documents/Unreal Projects/pipermqp/prodenv/ThePiedPiper/Content/FirstPersonBP/Blueprints/FirstPersonProjectile.uasset' has been saved with empty engine version. The asset will be loaded but may be incompatible.
[2015.09.26-20.22.56:135][237]LogLinker:Warning: Asset '../../../../../../Users/Benjamin/Documents/Unreal Projects/pipermqp/prodenv/ThePiedPiper/Content/FirstPerson/Meshes/FirstPersonProjectileMesh.uasset' has been saved with empty engine version. The asset will be loaded but may be incompatible.
[2015.09.26-20.22.56:561][237]LogLinker:Warning: Asset '../../../../../../Users/Benjamin/Documents/Unreal Projects/pipermqp/prodenv/ThePiedPiper/Content/FirstPersonBP/Blueprints/FirstPersonHUD.uasset' has been saved with empty engine version. The asset will be loaded but may be incompatible.
[2015.09.26-20.22.57:501][237]LogWorld: Game class is 'FirstPersonGameMode_C'
[2015.09.26-20.22.57:655][237]LogWorld: Bringing World /Temp/UEDPIE_0_Untitled_0.NewWorld up for play (max tick rate 60) at 2015.09.26-16.22.57
[2015.09.26-20.22.57:655][237]LogActor:Warning: GameSession /Temp/UEDPIE_0_Untitled_0.NewWorld:PersistentLevel.GameSession_0 has natively added scene component(s), but none of them were set as the actor's RootComponent - picking one arbitrarily
[2015.09.26-20.22.57:666][237]LogActor:Warning: GameNetworkManager /Temp/UEDPIE_0_Untitled_0.NewWorld:PersistentLevel.GameNetworkManager_0 has natively added scene component(s), but none of them were set as the actor's RootComponent - picking one arbitrarily
[2015.09.26-20.22.57:666][237]LogWorld: Bringing up level for play took: 0.011910
[2015.09.26-20.22.58:373][237]PIE: Info Play in editor start time for /Temp/UEDPIE_0_Untitled_0 4.224
[2015.09.26-20.23.06:118][573]LogParticles: Destroying 0 GPU particle simulations for FXSystem 0x000000B24800D580
[2015.09.26-20.24.03:916][925]LogWindowsTextInputMethodSystem:Display: IME system now deactivated.
[2015.09.26-20.24.04:541][926]Cmd: QUIT_EDITOR
[2015.09.26-20.24.05:002][926]LogExit: Preparing to exit.
[2015.09.26-20.24.06:246][926]LogExit: Editor shut down
[2015.09.26-20.24.06:247][926]LogParticles: Destroying 0 GPU particle simulations for FXSystem 0x000000B2419AA160
[2015.09.26-20.24.06:247][926]LogExit: Transaction tracking system shut down
[2015.09.26-20.24.06:248][926]LogParticles: Destroying 0 GPU particle simulations for FXSystem 0x000000B23008FB00
[2015.09.26-20.24.06:842][926]LogExit: Object subsystem successfully closed.
[2015.09.26-20.24.06:972][926]LogD3D11RHI: Shutdown
[2015.09.26-20.24.06:972][926]LogD3D11RHI: CleanupD3DDevice
[2015.09.26-20.24.07:009][926]LogD3D11RHI: ~FD3D11DynamicRHI
[2015.09.26-20.24.07:089][926]LogModuleManager: Shutting down and abandoning module CrashTracker (196)
[2015.09.26-20.24.07:089][926]LogModuleManager: Shutting down and abandoning module SceneOutliner (195)
[2015.09.26-20.24.07:089][926]LogModuleManager: Shutting down and abandoning module SuperSearch (194)
[2015.09.26-20.24.07:089][926]LogModuleManager: Shutting down and abandoning module WidgetCarousel (193)
[2015.09.26-20.24.07:089][926]LogModuleManager: Shutting down and abandoning module AddContentDialog (192)
[2015.09.26-20.24.07:105][926]LogModuleManager: Shutting down and abandoning module EditorWidgets (191)
[2015.09.26-20.24.07:105][926]LogModuleManager: Shutting down and abandoning module CollectionManager (190)
[2015.09.26-20.24.07:105][926]LogModuleManager: Shutting down and abandoning module FoliageEdit (189)
[2015.09.26-20.24.07:105][926]LogModuleManager: Shutting down and abandoning module LandscapeEditor (188)
[2015.09.26-20.24.07:139][926]LogModuleManager: Shutting down and abandoning module ActorPickerMode (187)
[2015.09.26-20.24.07:139][926]LogModuleManager: Shutting down and abandoning module GeometryMode (186)
[2015.09.26-20.24.07:139][926]LogModuleManager: Shutting down and abandoning module TextureAlignMode (185)
[2015.09.26-20.24.07:139][926]LogModuleManager: Shutting down and abandoning module BspMode (184)
[2015.09.26-20.24.07:139][926]LogModuleManager: Shutting down and abandoning module PlacementMode (183)
[2015.09.26-20.24.07:139][926]LogModuleManager: Shutting down and abandoning module AutomationWorker (182)
[2015.09.26-20.24.07:139][926]LogModuleManager: Shutting down and abandoning module CharacterAI (181)
[2015.09.26-20.24.07:139][926]LogModuleManager: Shutting down and abandoning module SmartSnapping (180)
[2015.09.26-20.24.07:139][926]LogModuleManager: Shutting down and abandoning module ViewportSnapping (179)
[2015.09.26-20.24.07:139][926]LogModuleManager: Shutting down and abandoning module LogVisualizer (178)
[2015.09.26-20.24.07:140][926]LogModuleManager: Shutting down and abandoning module GameProjectGeneration (177)
[2015.09.26-20.24.07:140][926]LogModuleManager: Shutting down and abandoning module IntroTutorials (176)
[2015.09.26-20.24.07:140][926]LogModuleManager: Shutting down and abandoning module EditorLiveStreaming (175)
[2015.09.26-20.24.07:140][926]LogModuleManager: Shutting down and abandoning module IOSPlatformEditor (174)
[2015.09.26-20.24.07:140][926]LogModuleManager: Shutting down and abandoning module HTML5PlatformEditor (173)
[2015.09.26-20.24.07:140][926]LogModuleManager: Shutting down and abandoning module AndroidDeviceDetection (172)
[2015.09.26-20.24.07:183][926]LogModuleManager: Shutting down and abandoning module AndroidPlatformEditor (171)
[2015.09.26-20.24.07:183][926]LogModuleManager: Shutting down and abandoning module IOSRuntimeSettings (170)
[2015.09.26-20.24.07:183][926]LogModuleManager: Shutting down and abandoning module AndroidRuntimeSettings (169)
[2015.09.26-20.24.07:183][926]LogModuleManager: Shutting down and abandoning module MergeActors (168)
[2015.09.26-20.24.07:183][926]LogModuleManager: Shutting down and abandoning module SizeMap (167)
[2015.09.26-20.24.07:183][926]LogModuleManager: Shutting down and abandoning module TreeMap (166)
[2015.09.26-20.24.07:183][926]LogModuleManager: Shutting down and abandoning module ReferenceViewer (165)
[2015.09.26-20.24.07:183][926]LogModuleManager: Shutting down and abandoning module LocalizationService (164)
[2015.09.26-20.24.07:183][926]LogModuleManager: Shutting down and abandoning module LocalizationDashboard (163)
[2015.09.26-20.24.07:183][926]LogModuleManager: Shutting down and abandoning module HardwareTargeting (162)
[2015.09.26-20.24.07:183][926]LogModuleManager: Shutting down and abandoning module DeviceProfileEditor (161)
[2015.09.26-20.24.07:183][926]LogModuleManager: Shutting down and abandoning module UndoHistory (160)
[2015.09.26-20.24.07:183][926]LogModuleManager: Shutting down and abandoning module GameplayTagsEditor (159)
[2015.09.26-20.24.07:183][926]LogModuleManager: Shutting down and abandoning module UserFeedback (158)
[2015.09.26-20.24.07:183][926]LogModuleManager: Shutting down and abandoning module XmlParser (157)
[2015.09.26-20.24.07:183][926]LogModuleManager: Shutting down and abandoning module Blutility (156)
[2015.09.26-20.24.07:183][926]LogModuleManager: Shutting down and abandoning module ProjectTargetPlatformEditor (155)
[2015.09.26-20.24.07:183][926]LogModuleManager: Shutting down and abandoning module ProjectSettingsViewer (154)
[2015.09.26-20.24.07:183][926]LogModuleManager: Shutting down and abandoning module InputBindingEditor (153)
[2015.09.26-20.24.07:183][926]LogModuleManager: Shutting down and abandoning module EditorSettingsViewer (152)
[2015.09.26-20.24.07:184][926]LogModuleManager: Shutting down and abandoning module SettingsEditor (151)
[2015.09.26-20.24.07:184][926]LogModuleManager: Shutting down and abandoning module ProjectLauncher (150)
[2015.09.26-20.24.07:184][926]LogModuleManager: Shutting down and abandoning module SessionFrontend (149)
[2015.09.26-20.24.07:184][926]LogModuleManager: Shutting down and abandoning module ProfilerClient (148)
[2015.09.26-20.24.07:184][926]LogModuleManager: Shutting down and abandoning module TargetDeviceServices (147)
[2015.09.26-20.24.07:184][926]LogModuleManager: Shutting down and abandoning module DeviceManager (146)
[2015.09.26-20.24.07:184][926]LogModuleManager: Shutting down and abandoning module AutomationController (145)
[2015.09.26-20.24.07:184][926]LogModuleManager: Shutting down and abandoning module AutomationWindow (144)
[2015.09.26-20.24.07:184][926]LogModuleManager: Shutting down and abandoning module Layers (143)
[2015.09.26-20.24.07:184][926]LogModuleManager: Shutting down and abandoning module ComponentVisualizers (142)
[2015.09.26-20.24.07:184][926]LogModuleManager: Shutting down and abandoning module DetailCustomizations (141)
[2015.09.26-20.24.07:184][926]LogModuleManager: Shutting down and abandoning module PackagesDialog (140)
[2015.09.26-20.24.07:184][926]LogModuleManager: Shutting down and abandoning module Persona (139)
[2015.09.26-20.24.07:188][926]LogModuleManager: Shutting down and abandoning module Kismet (138)
[2015.09.26-20.24.07:224][926]LogModuleManager: Shutting down and abandoning module GraphEditor (137)
[2015.09.26-20.24.07:244][926]LogModuleManager: Shutting down and abandoning module ClassViewer (136)
[2015.09.26-20.24.07:244][926]LogModuleManager: Shutting down and abandoning module Toolbox (135)
[2015.09.26-20.24.07:244][926]LogModuleManager: Shutting down and abandoning module ModuleUI (134)
[2015.09.26-20.24.07:244][926]LogModuleManager: Shutting down and abandoning module MovieSceneTools (133)
[2015.09.26-20.24.07:244][926]LogModuleManager: Shutting down and abandoning module OutputLog (132)
[2015.09.26-20.24.07:244][926]LogModuleManager: Shutting down and abandoning module GammaUI (131)
[2015.09.26-20.24.07:244][926]LogModuleManager: Shutting down and abandoning module Documentation (130)
[2015.09.26-20.24.07:244][926]LogModuleManager: Shutting down and abandoning module GameLiveStreaming (129)
[2015.09.26-20.24.07:244][926]LogModuleManager: Shutting down and abandoning module StreamingPauseRendering (128)
[2015.09.26-20.24.07:244][926]LogModuleManager: Shutting down and abandoning module AnalyticsET (127)
[2015.09.26-20.24.07:244][926]LogModuleManager: Shutting down and abandoning module Analytics (126)
[2015.09.26-20.24.07:244][926]LogModuleManager: Shutting down and abandoning module AITestSuite (125)
[2015.09.26-20.24.07:244][926]LogModuleManager: Shutting down and abandoning module GameplayDebugger (124)
[2015.09.26-20.24.07:244][926]LogModuleManager: Shutting down and abandoning module AIModule (123)
[2015.09.26-20.24.07:244][926]LogModuleManager: Shutting down and abandoning module ProfilerService (122)
[2015.09.26-20.24.07:293][926]LogModuleManager: Shutting down and abandoning module TaskGraph (121)
[2015.09.26-20.24.07:293][926]LogModuleManager: Shutting down and abandoning module SlateRemote (120)
[2015.09.26-20.24.07:293][926]LogModuleManager: Shutting down and abandoning module SteamVRController (119)
[2015.09.26-20.24.07:293][926]LogModuleManager: Shutting down and abandoning module SteamVR (118)
[2015.09.26-20.24.07:293][926]LogModuleManager: Shutting down and abandoning module ProceduralMeshComponent (117)
[2015.09.26-20.24.07:293][926]LogModuleManager: Shutting down and abandoning module OculusRift (116)
[2015.09.26-20.24.07:293][926]LogModuleManager: Shutting down and abandoning module OculusLibrary (115)
[2015.09.26-20.24.07:293][926]LogModuleManager: Shutting down and abandoning module LeapMotionController (114)
[2015.09.26-20.24.07:341][926]LogModuleManager: Shutting down and abandoning module CustomMeshComponent (113)
[2015.09.26-20.24.07:341][926]LogModuleManager: Shutting down and abandoning module CableComponent (112)
[2015.09.26-20.24.07:341][926]LogModuleManager: Shutting down and abandoning module ArchVisCharacter (111)
[2015.09.26-20.24.07:341][926]LogModuleManager: Shutting down and abandoning module MessagingDebugger (110)
[2015.09.26-20.24.07:341][926]LogModuleManager: Shutting down and abandoning module MediaPlayerEditor (109)
[2015.09.26-20.24.07:341][926]LogModuleManager: Shutting down and abandoning module HTML5Networking (108)
[2015.09.26-20.24.07:341][926]LogModuleManager: Shutting down and abandoning module SpeedTreeImporter (107)
[2015.09.26-20.24.07:341][926]LogModuleManager: Shutting down and abandoning module PluginBrowser (106)
[2015.09.26-20.24.07:341][926]LogModuleManager: Shutting down and abandoning module EpicSurvey (105)
[2015.09.26-20.24.07:341][926]LogModuleManager: Shutting down and abandoning module DesktopPlatform (104)
[2015.09.26-20.24.07:341][926]LogModuleManager: Shutting down and abandoning module VisualStudioSourceCodeAccess (103)
[2015.09.26-20.24.07:341][926]LogModuleManager: Shutting down and abandoning module UObjectPlugin (102)
[2015.09.26-20.24.07:341][926]LogModuleManager: Shutting down and abandoning module SubversionSourceControl (101)
[2015.09.26-20.24.07:341][926]LogModuleManager: Shutting down and abandoning module PerforceSourceControl (100)
[2015.09.26-20.24.07:341][926]LogModuleManager: Shutting down and abandoning module SourceControl (99)
[2015.09.26-20.24.07:341][926]LogModuleManager: Shutting down and abandoning module GitSourceControl (98)
[2015.09.26-20.24.07:341][926]LogModuleManager: Shutting down and abandoning module LightPropagationVolumeEditor (97)
[2015.09.26-20.24.07:341][926]LogModuleManager: Shutting down and abandoning module PaperTiledImporter (96)
[2015.09.26-20.24.07:341][926]LogModuleManager: Shutting down and abandoning module PaperSpriteSheetImporter (95)
[2015.09.26-20.24.07:341][926]LogModuleManager: Shutting down and abandoning module MeshPaint (94)
[2015.09.26-20.24.07:341][926]LogModuleManager: Shutting down and abandoning module SlateReflector (93)
[2015.09.26-20.24.07:341][926]LogModuleManager: Shutting down and abandoning module HotReload (92)
[2015.09.26-20.24.07:342][926]LogModuleManager: Shutting down and abandoning module MainFrame (91)
[2015.09.26-20.24.07:342][926]LogModuleManager: Shutting down and abandoning module LevelEditor (90)
[2015.09.26-20.24.07:343][926]LogModuleManager: Shutting down and abandoning module DirectoryWatcher (89)
[2015.09.26-20.24.07:344][926]LogModuleManager: Shutting down and abandoning module AssetRegistry (88)
[2015.09.26-20.24.07:410][926]LogModuleManager: Shutting down and abandoning module ContentBrowser (87)
[2015.09.26-20.24.07:411][926]LogModuleManager: Shutting down and abandoning module Paper2DEditor (86)
[2015.09.26-20.24.07:411][926]LogModuleManager: Shutting down and abandoning module UdpMessaging (85)
[2015.09.26-20.24.07:513][926]LogModuleManager: Shutting down and abandoning module LightPropagationVolumeRuntime (84)
[2015.09.26-20.24.07:513][926]LogModuleManager: Shutting down and abandoning module Paper2D (83)
[2015.09.26-20.24.07:513][926]LogModuleManager: Shutting down and abandoning module WindowsMoviePlayer (82)
[2015.09.26-20.24.07:516][926]LogModuleManager: Shutting down and abandoning module Media (81)
[2015.09.26-20.24.07:516][926]LogModuleManager: Shutting down and abandoning module WmfMedia (80)
[2015.09.26-20.24.07:516][926]LogModuleManager: Shutting down and abandoning module OnlineBlueprintSupport (79)
[2015.09.26-20.24.07:516][926]LogModuleManager: Shutting down and abandoning module GameplayTasksEditor (78)
[2015.09.26-20.24.07:516][926]LogModuleManager: Shutting down and abandoning module PropertyEditor (77)
[2015.09.26-20.24.07:516][926]LogModuleManager: Shutting down and abandoning module BehaviorTreeEditor (76)
[2015.09.26-20.24.07:516][926]LogModuleManager: Shutting down and abandoning module FunctionalTesting (75)
[2015.09.26-20.24.07:516][926]LogModuleManager: Shutting down and abandoning module CollisionAnalyzer (74)
[2015.09.26-20.24.07:516][926]LogModuleManager: Shutting down and abandoning module WorkspaceMenuStructure (73)
[2015.09.26-20.24.07:516][926]LogModuleManager: Shutting down and abandoning module MessageLog (72)
[2015.09.26-20.24.07:516][926]LogModuleManager: Shutting down and abandoning module Sequencer (71)
[2015.09.26-20.24.07:516][926]LogModuleManager: Shutting down and abandoning module AssetTools (70)
[2015.09.26-20.24.07:516][926]LogModuleManager: Shutting down and abandoning module UMGEditor (69)
[2015.09.26-20.24.07:516][926]LogModuleManager: Shutting down and abandoning module UMG (68)
[2015.09.26-20.24.07:540][926]LogModuleManager: Shutting down and abandoning module Slate (67)
[2015.09.26-20.24.07:540][926]LogModuleManager: Shutting down and abandoning module EditorStyle (66)
[2015.09.26-20.24.07:543][926]LogModuleManager: Shutting down and abandoning module SessionServices (65)
[2015.09.26-20.24.07:543][926]LogModuleManager: Shutting down and abandoning module SourceCodeAccess (64)
[2015.09.26-20.24.07:543][926]LogModuleManager: Shutting down and abandoning module HeadMountedDisplay (63)
[2015.09.26-20.24.07:543][926]LogModuleManager: Shutting down and abandoning module XAudio2 (62)
[2015.09.26-20.24.07:543][926]LogModuleManager: Shutting down and abandoning module Networking (60)
[2015.09.26-20.24.07:543][926]LogModuleManager: Shutting down and abandoning module Core (59)
[2015.09.26-20.24.07:543][926]LogModuleManager: Shutting down and abandoning module KismetCompiler (58)
[2015.09.26-20.24.07:543][926]LogModuleManager: Shutting down and abandoning module PhysXFormats (57)
[2015.09.26-20.24.07:543][926]LogModuleManager: Shutting down and abandoning module MeshUtilities (56)
[2015.09.26-20.24.07:543][926]LogModuleManager: Shutting down and abandoning module CookingStats (55)
[2015.09.26-20.24.07:543][926]LogModuleManager: Shutting down and abandoning module DerivedDataCache (54)
[2015.09.26-20.24.07:616][926]LogDerivedDataCache: Shutdown
[2015.09.26-20.24.07:616][926]LogModuleManager: Shutting down and abandoning module ShaderFormatOpenGL (53)
[2015.09.26-20.24.07:616][926]LogModuleManager: Shutting down and abandoning module ShaderFormatD3D (52)
[2015.09.26-20.24.07:616][926]LogModuleManager: Shutting down and abandoning module MetalShaderFormat (51)
[2015.09.26-20.24.07:616][926]LogModuleManager: Shutting down and abandoning module TextureFormatUncompressed (50)
[2015.09.26-20.24.07:616][926]LogModuleManager: Shutting down and abandoning module TextureFormatPVR (49)
[2015.09.26-20.24.07:616][926]LogModuleManager: Shutting down and abandoning module TextureFormatIntelISPCTexComp (48)
[2015.09.26-20.24.07:616][926]LogModuleManager: Shutting down and abandoning module TextureFormatDXT (47)
[2015.09.26-20.24.07:616][926]LogModuleManager: Shutting down and abandoning module ImageWrapper (46)
[2015.09.26-20.24.07:616][926]LogModuleManager: Shutting down and abandoning module TextureFormatASTC (45)
[2015.09.26-20.24.07:616][926]LogModuleManager: Shutting down and abandoning module TextureFormatAndroid (44)
[2015.09.26-20.24.07:616][926]LogModuleManager: Shutting down and abandoning module AudioFormatOpus (43)
[2015.09.26-20.24.07:616][926]LogModuleManager: Shutting down and abandoning module AudioFormatOgg (42)
[2015.09.26-20.24.07:616][926]LogModuleManager: Shutting down and abandoning module AudioFormatADPCM (41)
[2015.09.26-20.24.07:616][926]LogModuleManager: Shutting down and abandoning module LinuxTargetPlatform (40)
[2015.09.26-20.24.07:616][926]LogModuleManager: Shutting down and abandoning module LinuxServerTargetPlatform (39)
[2015.09.26-20.24.07:616][926]LogModuleManager: Shutting down and abandoning module LinuxNoEditorTargetPlatform (38)
[2015.09.26-20.24.07:616][926]LogModuleManager: Shutting down and abandoning module Messaging (37)
[2015.09.26-20.24.07:616][926]LogModuleManager: Shutting down and abandoning module IOSTargetPlatform (36)
[2015.09.26-20.24.07:616][926]LogModuleManager: Shutting down and abandoning module HTML5TargetPlatform (35)
[2015.09.26-20.24.07:616][926]LogModuleManager: Shutting down and abandoning module Android_PVRTCTargetPlatform (34)
[2015.09.26-20.24.07:616][926]LogModuleManager: Shutting down and abandoning module Android_ETC2TargetPlatform (33)
[2015.09.26-20.24.07:616][926]LogModuleManager: Shutting down and abandoning module Android_ETC1TargetPlatform (32)
[2015.09.26-20.24.07:616][926]LogModuleManager: Shutting down and abandoning module Android_DXTTargetPlatform (31)
[2015.09.26-20.24.07:616][926]LogModuleManager: Shutting down and abandoning module Android_ATCTargetPlatform (30)
[2015.09.26-20.24.07:616][926]LogModuleManager: Shutting down and abandoning module Android_ASTCTargetPlatform (29)
[2015.09.26-20.24.07:616][926]LogModuleManager: Shutting down and abandoning module AndroidTargetPlatform (28)
[2015.09.26-20.24.07:616][926]LogModuleManager: Shutting down and abandoning module WindowsTargetPlatform (27)
[2015.09.26-20.24.07:616][926]LogModuleManager: Shutting down and abandoning module WindowsServerTargetPlatform (26)
[2015.09.26-20.24.07:616][926]LogModuleManager: Shutting down and abandoning module WindowsNoEditorTargetPlatform (25)
[2015.09.26-20.24.07:616][926]LogModuleManager: Shutting down and abandoning module WindowsClientTargetPlatform (24)
[2015.09.26-20.24.07:616][926]LogModuleManager: Shutting down and abandoning module AllDesktopTargetPlatform (23)
[2015.09.26-20.24.07:616][926]LogModuleManager: Shutting down and abandoning module TargetPlatform (22)
[2015.09.26-20.24.07:616][926]LogModuleManager: Shutting down and abandoning module InputCore (21)
[2015.09.26-20.24.07:616][926]LogModuleManager: Shutting down and abandoning module Settings (20)
[2015.09.26-20.24.07:616][926]LogModuleManager: Shutting down and abandoning module OnlineSubsystem (18)
[2015.09.26-20.24.07:616][926]LogModuleManager: Shutting down and abandoning module HTTP (17)
[2015.09.26-20.24.08:618][926]LogModuleManager: Shutting down and abandoning module XMPP (16)
[2015.09.26-20.24.08:618][926]LogModuleManager: Shutting down and abandoning module ExampleDeviceProfileSelector (15)
[2015.09.26-20.24.08:618][926]LogModuleManager: Shutting down and abandoning module TextureCompressor (14)
[2015.09.26-20.24.08:618][926]LogModuleManager: Shutting down and abandoning module ShaderCore (13)
[2015.09.26-20.24.08:618][926]LogModuleManager: Shutting down and abandoning module Landscape (12)
[2015.09.26-20.24.08:618][926]LogModuleManager: Shutting down and abandoning module SlateRHIRenderer (11)
[2015.09.26-20.24.08:659][926]LogModuleManager: Shutting down and abandoning module OpenGLDrv (10)
[2015.09.26-20.24.08:659][926]LogModuleManager: Shutting down and abandoning module D3D11RHI (9)
[2015.09.26-20.24.08:659][926]LogModuleManager: Shutting down and abandoning module AnimGraphRuntime (8)
[2015.09.26-20.24.08:659][926]LogModuleManager: Shutting down and abandoning module Renderer (7)
[2015.09.26-20.24.08:659][926]LogModuleManager: Shutting down and abandoning module Engine (6)
[2015.09.26-20.24.08:659][926]LogModuleManager: Shutting down and abandoning module CoreUObject (5)
[2015.09.26-20.24.08:659][926]LogModuleManager: Shutting down and abandoning module NetworkFile (4)
[2015.09.26-20.24.08:659][926]LogModuleManager: Shutting down and abandoning module StreamingFile (3)
[2015.09.26-20.24.08:659][926]LogModuleManager: Shutting down and abandoning module SandboxFile (2)
[2015.09.26-20.24.08:660][926]LogModuleManager: Shutting down and abandoning module PakFile (1)
[2015.09.26-20.24.08:689][926]LogExit: Exiting.
[2015.09.26-20.24.08:713][926]Log file closed, 09/26/15 16:24:08
