[2015.10.06-20.40.05:083][  0]Log file open, 10/06/15 16:40:05
[2015.10.06-20.40.05:083][  0]LogInit:Display: Running engine for game: ThePiedPiper
[2015.10.06-20.40.05:083][  0]LogInit:Display: RandInit(385354120) SRandInit(385354120).
[2015.10.06-20.40.05:083][  0]LogTaskGraph: Started task graph with 4 named threads and 5 total threads.
[2015.10.06-20.40.05:083][  0]LogStats: Stats thread started at 2.720576
[2015.10.06-20.40.05:083][  0]LogInit: Version: 4.9.1-2689999+++depot+UE4-Releases+4.9
[2015.10.06-20.40.05:083][  0]LogInit: API Version: 2672455
[2015.10.06-20.40.05:083][  0]LogInit: Compiled (64-bit): Sep 14 2015 04:12:03
[2015.10.06-20.40.05:083][  0]LogInit: Compiled with Visual C++: 18.00.21005.01
[2015.10.06-20.40.05:083][  0]LogInit: Build Configuration: Development
[2015.10.06-20.40.05:083][  0]LogInit: Branch Name: ++depot+UE4-Releases+4.9
[2015.10.06-20.40.05:083][  0]LogInit: Command line:  
[2015.10.06-20.40.05:083][  0]LogInit: Base directory: C:/Program Files/Epic Games/4.9/Engine/Binaries/Win64/
[2015.10.06-20.40.05:083][  0]LogInit: Rocket: 1
[2015.10.06-20.40.05:251][  0]LogInit: Using libcurl 7.41.0
[2015.10.06-20.40.05:251][  0]LogInit:  - built for x86_64-pc-win32
[2015.10.06-20.40.05:251][  0]LogInit:  - supports SSL with WinSSL
[2015.10.06-20.40.05:251][  0]LogInit:  - other features:
[2015.10.06-20.40.05:269][  0]LogInit:      CURL_VERSION_SSL
[2015.10.06-20.40.05:269][  0]LogInit:      CURL_VERSION_IPV6
[2015.10.06-20.40.05:269][  0]LogInit:      CURL_VERSION_ASYNCHDNS
[2015.10.06-20.40.05:269][  0]LogInit:      CURL_VERSION_LARGEFILE
[2015.10.06-20.40.05:269][  0]LogInit:      CURL_VERSION_IDN
[2015.10.06-20.40.05:272][  0]LogInit:  CurlRequestOptions (configurable via config and command line):
[2015.10.06-20.40.05:272][  0]LogInit:  - bVerifyPeer = true  - Libcurl will verify peer certificate
[2015.10.06-20.40.05:272][  0]LogInit:  - bUseHttpProxy = false  - Libcurl will NOT use HTTP proxy
[2015.10.06-20.40.05:272][  0]LogInit:  - bDontReuseConnections = false  - Libcurl will reuse connections
[2015.10.06-20.40.05:272][  0]LogInit:  - CertBundlePath = nullptr  - Libcurl will use whatever was configured at build time.
[2015.10.06-20.40.05:558][  0]LogInit: Presizing for 0 objects not considered by GC, pre-allocating 0 bytes.
[2015.10.06-20.40.05:674][  0]LogInit: Object subsystem initialized
[2015.10.06-20.40.05:937][  0]LogInit: Selected Device Profile: [Windows]
[2015.10.06-20.40.05:937][  0]LogInit: Applying CVar settings loaded from the selected device profile: [Windows]
[2015.10.06-20.40.06:154][  0]LogInit: Computer: BENJAMIN
[2015.10.06-20.40.06:154][  0]LogInit: User: Benjamin
[2015.10.06-20.40.06:154][  0]LogInit: CPU Page size=4096, Cores=2
[2015.10.06-20.40.06:154][  0]LogInit: High frequency timer resolution =2.533318 MHz
[2015.10.06-20.40.06:154][  0]LogMemory: Memory total: Physical=7.9GB (8GB approx)
[2015.10.06-20.40.06:194][  0]LogMemory: Platform Memory Stats for Windows
[2015.10.06-20.40.06:194][  0]LogMemory: Process Physical Memory: 53.31 MB used, 53.31 MB peak
[2015.10.06-20.40.06:194][  0]LogMemory: Process Virtual Memory: 54.97 MB used, 54.97 MB peak
[2015.10.06-20.40.06:194][  0]LogMemory: Physical Memory: 6547.78 MB used, 8057.77 MB total
[2015.10.06-20.40.06:194][  0]LogMemory: Virtual Memory: 342.08 MB used, 8388608.00 MB total
[2015.10.06-20.40.08:871][  0]LogTextLocalizationManager: No specific translations for ('en-US') exist, so ('en') translations will be used.
[2015.10.06-20.40.12:140][  0]LogD3D11RHI: Found D3D11 adapter 0: Intel(R) HD Graphics 4000 (Feature Level 11_0)
[2015.10.06-20.40.12:147][  0]LogD3D11RHI: Adapter has 32MB of dedicated video memory, 0MB of dedicated system memory, and 1760MB of shared system memory, 1 output[s]
[2015.10.06-20.40.12:149][  0]LogD3D11RHI: Found D3D11 adapter 1: Microsoft Basic Render Driver (Feature Level 11_0)
[2015.10.06-20.40.12:149][  0]LogD3D11RHI: Adapter has 0MB of dedicated video memory, 0MB of dedicated system memory, and 256MB of shared system memory, 0 output[s]
[2015.10.06-20.40.12:149][  0]LogD3D11RHI: Chosen D3D11 Adapter Id = 0
[2015.10.06-20.40.12:179][  0]LogD3D11RHI: !Direct3DDevice
[2015.10.06-20.40.12:179][  0]LogRHI: Texture pool is 638 MB (70% of 912 MB)
[2015.10.06-20.40.12:181][  0]LogD3D11RHI: Async texture creation enabled
[2015.10.06-20.40.12:503][  0]LogShaderCompilers: Guid format shader working directory is 15 characters bigger than the processId version (../../../../../../Users/Benjamin/Documents/Unreal Projects/pipermqp/prodenv/ThePiedPiper/Intermediate/Shaders/WorkingDirectory/6368/).
[2015.10.06-20.40.12:503][  0]LogShaderCompilers: Cleaned the shader compiler working directory '../../../../../../Users/Benjamin/Documents/Unreal Projects/pipermqp/prodenv/ThePiedPiper/Intermediate/Shaders/tmp/E83C80A94AA2C42EC048ACBECD970216/'.
[2015.10.06-20.40.12:504][  0]LogShaderCompilers:Display: Using Local Shader Compiler.
[2015.10.06-20.40.23:090][  0]LogTemp:Display: Loaded TP AllDesktopTargetPlatform
[2015.10.06-20.40.23:216][  0]LogTemp:Display: Loaded TP WindowsClientTargetPlatform
[2015.10.06-20.40.23:242][  0]LogTemp:Display: Loaded TP WindowsNoEditorTargetPlatform
[2015.10.06-20.40.23:325][  0]LogTemp:Display: Loaded TP WindowsServerTargetPlatform
[2015.10.06-20.40.23:432][  0]LogTemp:Display: Loaded TP WindowsTargetPlatform
[2015.10.06-20.40.23:496][  0]LogTemp:Display: Loaded TP AndroidTargetPlatform
[2015.10.06-20.40.23:533][  0]LogTemp:Display: Loaded TP Android_ASTCTargetPlatform
[2015.10.06-20.40.23:587][  0]LogTemp:Display: Loaded TP Android_ATCTargetPlatform
[2015.10.06-20.40.23:648][  0]LogTemp:Display: Loaded TP Android_DXTTargetPlatform
[2015.10.06-20.40.23:707][  0]LogTemp:Display: Loaded TP Android_ETC1TargetPlatform
[2015.10.06-20.40.23:896][  0]LogTemp:Display: Loaded TP Android_ETC2TargetPlatform
[2015.10.06-20.40.24:092][  0]LogTemp:Display: Loaded TP Android_PVRTCTargetPlatform
[2015.10.06-20.40.24:093][  0]LogTemp:Display: Loaded TP HTML5TargetPlatform
[2015.10.06-20.40.24:406][  0]LogTemp:Display: Loaded TP IOSTargetPlatform
[2015.10.06-20.40.24:411][  0]LogTemp:Display: Loaded TP LinuxNoEditorTargetPlatform
[2015.10.06-20.40.24:416][  0]LogTemp:Display: Loaded TP LinuxServerTargetPlatform
[2015.10.06-20.40.24:573][  0]LogTemp:Display: Loaded TP LinuxTargetPlatform
[2015.10.06-20.40.24:573][  0]LogTargetPlatformManager:Display: Building Assets For Windows
[2015.10.06-20.40.28:100][  0]LogDerivedDataCache:Display: Max Cache Size: 512 MB
[2015.10.06-20.40.30:646][  0]LogDerivedDataCache: Loaded boot cache 2.50s 41MB C:/Users/Benjamin/AppData/Local/UnrealEngine/4.9/DerivedDataCache/Boot.ddc.
[2015.10.06-20.40.30:646][  0]LogDerivedDataCache:Display: Loaded Boot cache: C:/Users/Benjamin/AppData/Local/UnrealEngine/4.9/DerivedDataCache/Boot.ddc
[2015.10.06-20.40.30:646][  0]LogDerivedDataCache: FDerivedDataBackendGraph:  Pak pak cache file ../../../../../../Users/Benjamin/Documents/Unreal Projects/pipermqp/prodenv/ThePiedPiper/DerivedDataCache/DDC.ddp not found, will not use a pak cache.
[2015.10.06-20.40.30:646][  0]LogDerivedDataCache: Unable to find inner node Pak for hierarchical cache Hierarchy.
[2015.10.06-20.40.30:646][  0]LogDerivedDataCache: FDerivedDataBackendGraph:  CompressedPak pak cache file ../../../../../../Users/Benjamin/Documents/Unreal Projects/pipermqp/prodenv/ThePiedPiper/DerivedDataCache/Compressed.ddp not found, will not use a pak cache.
[2015.10.06-20.40.30:646][  0]LogDerivedDataCache: Unable to find inner node CompressedPak for hierarchical cache Hierarchy.
[2015.10.06-20.40.31:107][  0]LogDerivedDataCache:Display: Pak cache opened for reading ../../../Engine/DerivedDataCache/Compressed.ddp.
[2015.10.06-20.40.31:119][  0]LogDerivedDataCache: Using Local data cache path C:/Users/Benjamin/AppData/Local/UnrealEngine/Common/DerivedDataCache: Writable
[2015.10.06-20.40.49:304][  0]LogInit: Selected Device Profile: [Windows]
[2015.10.06-20.40.49:552][  0]LogContentStreaming: Texture pool size is 0.000000MB
[2015.10.06-20.40.51:392][  0]LogMeshUtilities: No automatic mesh reduction module available
[2015.10.06-20.40.51:392][  0]LogMeshUtilities: No automatic mesh merging module available
[2015.10.06-20.40.57:232][  0]LogInit: WinSock: version 1.1 (2.2), MaxSocks=32767, MaxUdp=65467
[2015.10.06-20.41.18:082][  0]UdpMessaging: Initializing bridge on interface 0.0.0.0:0 to multicast group 230.0.0.1:6666.
[2015.10.06-20.41.19:114][  0]LogAssetRegistry: FAssetRegistry took 0.0174 seconds to start up
[2015.10.06-20.41.24:049][  0]SourceControl: Info Source control is disabled
[2015.10.06-20.41.30:306][  0]LogLinker:Warning: Asset '../../../Engine/Plugins/Runtime/LeapMotionController/Content/LM_PassthroughMaterial.uasset' has been saved with empty engine version. The asset will be loaded but may be incompatible.
[2015.10.06-20.41.32:338][  0]LogObj: 28361 objects as part of root set at end of initial load.
[2015.10.06-20.41.32:338][  0]LogUObjectAllocator: 6038872 out of 0 bytes used by permanent object pool.
[2015.10.06-20.41.34:970][  0]LogAutomationTest:Warning: Smoke tests took > 1s to run: 1.54s
[2015.10.06-20.41.35:264][  0]LogEngine: Initializing Engine...
[2015.10.06-20.41.35:388][  0]LogHMD: Can't find Oculus library dev build: is proper Runtime installed? Version: 0.7.0.0
[2015.10.06-20.41.35:578][  0]LogHMD: SteamVR failed to initialize.  Err: 110
[2015.10.06-20.41.37:868][  0]LogAIModule: Creating AISystem for world NewWorld
[2015.10.06-20.41.38:541][  0]LogInit: XAudio2 using 'Speakers (Conexant SmartAudio HD)' : 2 channels at 48 kHz using 32 bits per sample (channel mask 0x3)
[2015.10.06-20.41.38:736][  0]LogInit: FAudioDevice initialized.
[2015.10.06-20.41.38:816][  0]LogDerivedDataCache: Saved boot cache 0.08s 41MB C:/Users/Benjamin/AppData/Local/UnrealEngine/4.9/DerivedDataCache/Boot.ddc.
[2015.10.06-20.41.38:819][  0]LogInit: Texture streaming: Enabled
[2015.10.06-20.41.39:029][  0]LogAnalytics: Creating configured Analytics provider AnalyticsET
[2015.10.06-20.41.39:029][  0]LogAnalytics: [UEEditor.Rocket.Release] APIServer = http://et2.epicgames.com/ET2/. AppVersion = 4.9.1-2689999+++depot+UE4-Releases+4.9
[2015.10.06-20.41.39:029][  0]LogAnalytics: [UEEditor.Rocket.Release] SetUserId 24b4e69c437533fcf9007e836b25c91a|81d70dd035554f60bc1c4ff508821cee|6ef1385a-77e7-4f28-b35b-fd2fe71be865
[2015.10.06-20.41.39:043][  0]LogAnalytics: [UEEditor.Rocket.Release] AnalyticsET::StartSession
[2015.10.06-20.41.39:346][  0]LogWindowsTextInputMethodSystem:Display: IME system now deactivated.
[2015.10.06-20.41.41:352][  0]LogInit: Transaction tracking system initialized
[2015.10.06-20.41.43:860][  0]BlueprintLog: New page: Editor Load
[2015.10.06-20.41.52:510][  0]LocalizationService: Info Localization service is disabled
[2015.10.06-20.41.55:452][  0]LogUObjectGlobals:Warning: Failed to find object 'Class /Engine/Tutorial/Basics/FeaturePacks.FeaturePacks_C'
[2015.10.06-20.41.55:453][  0]LogLinker:Warning: Can't find file '/Game/FlyingBP/FlyingOverview'
[2015.10.06-20.41.55:453][  0]LogLinker:Warning: Can't find file '/Game/FlyingBP/FlyingOverview'
[2015.10.06-20.41.55:453][  0]LogUObjectGlobals:Warning: Failed to find object 'Class /Game/FlyingBP/FlyingOverview.FlyingOverview_C'
[2015.10.06-20.41.59:626][  0]LogConsoleResponse:Display: 
[2015.10.06-20.42.05:278][  0]LogFileCache: Scanning file cache for directory 'C:/Users/Benjamin/Documents/Unreal Projects/pipermqp/prodenv/ThePiedPiper/Content/' took 0.16s
[2015.10.06-20.42.05:278][  0]LogCook:Display: Done creating registry. It took  0.00s.
[2015.10.06-20.42.11:785][  0]Cmd: MAP LOAD FILE="../../../../../../Users/Benjamin/Documents/Unreal Projects/pipermqp/prodenv/ThePiedPiper/Content/FirstPersonBP/Maps/FirstPersonExampleMap.umap" TEMPLATE=0 SHOWPROGRESS=1 FEATURELEVEL=3
[2015.10.06-20.42.11:838][  0]LogEditorServer:Warning: Can't find file '../../../../../../Users/Benjamin/Documents/Unreal Projects/pipermqp/prodenv/ThePiedPiper/Content/FirstPersonBP/Maps/FirstPersonExampleMap.umap'
[2015.10.06-20.42.11:843][  0]Cmd: MAP CHECKDEP NOCLEARLOG
[2015.10.06-20.42.12:059][  0]MapCheck: Info Map check complete: 0 Error(s), 0 Warning(s), took 216.347ms to complete.
[2015.10.06-20.42.12:124][  0]LogFileHelpers: Loading map 'FirstPersonExampleMap' took 0.470
[2015.10.06-20.42.17:874][  0]LogCollectionManager: Loaded 0 collections in 0.059776 seconds
[2015.10.06-20.42.19:678][  0]LogFileCache: Scanning file cache for directory 'C:/Users/Benjamin/Documents/Unreal Projects/pipermqp/prodenv/ThePiedPiper/Saved/Collections/' took 0.01s
[2015.10.06-20.42.19:678][  0]LogFileCache: Scanning file cache for directory 'C:/Users/Benjamin/Documents/Unreal Projects/pipermqp/prodenv/ThePiedPiper/Content/Developers/Benjamin/Collections/' took 0.01s
[2015.10.06-20.42.19:678][  0]LogFileCache: Scanning file cache for directory 'C:/Users/Benjamin/Documents/Unreal Projects/pipermqp/prodenv/ThePiedPiper/Content/Collections/' took 0.01s
[2015.10.06-20.42.19:678][  0]LogContentBrowser: Native class hierarchy populated in 0.7679 seconds. Added 1867 classes and 333 folders.
[2015.10.06-20.42.20:355][  0]LogCollectionManager: Rebuilt the GUID cache for 0 collections in 0.000004 seconds
[2015.10.06-20.42.20:600][  0]LogContentBrowser: Native class hierarchy updated for 'WidgetCarousel' in 0.0006 seconds. Added 0 classes and 0 folders.
[2015.10.06-20.42.23:158][  0]LogContentBrowser: Native class hierarchy updated for 'AddContentDialog' in 0.0007 seconds. Added 0 classes and 0 folders.
[2015.10.06-20.42.23:279][  0]LogContentBrowser: Native class hierarchy updated for 'SceneOutliner' in 0.0004 seconds. Added 1 classes and 2 folders.
[2015.10.06-20.42.26:294][  0]LogCrashTracker: Crashtracker disabled due to settings.
[2015.10.06-20.42.26:520][  0]LogUObjectGlobals:Warning: Failed to find object 'Class None.'
[2015.10.06-20.42.26:636][  0]LogLoad: Full Startup: 148.06 seconds (BP compile: 0.85 seconds)
[2015.10.06-20.42.27:552][  0]SourceControl: Info On branch master
[2015.10.06-20.42.27:552][  0]SourceControl: Info Your branch is up-to-date with 'origin/master'.
[2015.10.06-20.42.27:552][  0]SourceControl: Info Changes not staged for commit:
[2015.10.06-20.42.27:552][  0]SourceControl: Info   (use "git add/rm <file>..." to update what will be committed)
[2015.10.06-20.42.27:552][  0]SourceControl: Info   (use "git checkout -- <file>..." to discard changes in working directory)
[2015.10.06-20.42.27:552][  0]SourceControl: Info 	modified:   prodenv/ThePiedPiper/Intermediate/CachedAssetRegistry.bin
[2015.10.06-20.42.27:552][  0]SourceControl: Info 	modified:   prodenv/ThePiedPiper/Intermediate/Config/CoalescedSourceConfigs/Engine.ini
[2015.10.06-20.42.27:552][  0]SourceControl: Info 	modified:   prodenv/ThePiedPiper/Intermediate/Config/CoalescedSourceConfigs/Game.ini
[2015.10.06-20.42.27:552][  0]SourceControl: Info 	modified:   prodenv/ThePiedPiper/Saved/Config/Windows/Editor.ini
[2015.10.06-20.42.27:552][  0]SourceControl: Info 	modified:   prodenv/ThePiedPiper/Saved/Config/Windows/EditorPerProjectUserSettings.ini
[2015.10.06-20.42.27:552][  0]SourceControl: Info 	modified:   prodenv/ThePiedPiper/Saved/Config/Windows/Engine.ini
[2015.10.06-20.42.27:552][  0]SourceControl: Info 	deleted:    prodenv/ThePiedPiper/Saved/Logs/ThePiedPiper-backup-2015.09.30-17.37.07.log
[2015.10.06-20.42.27:552][  0]SourceControl: Info 	deleted:    prodenv/ThePiedPiper/Saved/Logs/ThePiedPiper-backup-2015.09.30-18.31.46.log
[2015.10.06-20.42.27:552][  0]SourceControl: Info 	modified:   prodenv/ThePiedPiper/Saved/Logs/ThePiedPiper.log
[2015.10.06-20.42.27:552][  0]SourceControl: Info Untracked files:
[2015.10.06-20.42.27:552][  0]SourceControl: Info   (use "git add <file>..." to include in what will be committed)
[2015.10.06-20.42.27:552][  0]SourceControl: Info 	prodenv/ThePiedPiper/Content/Blueprints/BP_PP_Child.uasset
[2015.10.06-20.42.27:552][  0]SourceControl: Info 	prodenv/ThePiedPiper/Saved/Autosaves/Game/Blueprints/BP_CH_TargetList_Auto6.uasset
[2015.10.06-20.42.27:552][  0]SourceControl: Info 	prodenv/ThePiedPiper/Saved/Autosaves/Game/Blueprints/BP_CH_TargetList_Auto7.uasset
[2015.10.06-20.42.27:552][  0]SourceControl: Info 	prodenv/ThePiedPiper/Saved/Autosaves/Game/Blueprints/BP_PP_Child_Auto1.uasset
[2015.10.06-20.42.27:552][  0]SourceControl: Info 	prodenv/ThePiedPiper/Saved/Autosaves/Game/Blueprints/BP_PP_Child_Auto4.uasset
[2015.10.06-20.42.27:552][  0]SourceControl: Info 	prodenv/ThePiedPiper/Saved/Autosaves/Game/Blueprints/BP_PP_Child_Auto5.uasset
[2015.10.06-20.42.27:552][  0]SourceControl: Info 	prodenv/ThePiedPiper/Saved/Autosaves/Game/Blueprints/BP_PP_Child_Auto7.uasset
[2015.10.06-20.42.27:552][  0]SourceControl: Info 	prodenv/ThePiedPiper/Saved/Autosaves/Game/FirstPersonBP/
[2015.10.06-20.42.27:552][  0]SourceControl: Info 	prodenv/ThePiedPiper/Saved/Autosaves/Game/GrayboxLevel_Auto5.umap
[2015.10.06-20.42.27:552][  0]SourceControl: Info 	prodenv/ThePiedPiper/Saved/Autosaves/Game/GrayboxLevel_Auto6.umap
[2015.10.06-20.42.27:553][  0]SourceControl: Info 	prodenv/ThePiedPiper/Saved/Autosaves/Game/GrayboxLevel_Auto7.umap
[2015.10.06-20.42.27:553][  0]SourceControl: Info 	prodenv/ThePiedPiper/Saved/Backup/BP_PP_Child_2015-10-04-17-14-02.uasset
[2015.10.06-20.42.27:553][  0]SourceControl: Info 	prodenv/ThePiedPiper/Saved/Backup/BP_PP_Child_2015-10-04-19-50-08.uasset
[2015.10.06-20.42.27:553][  0]SourceControl: Info 	prodenv/ThePiedPiper/Saved/Backup/BP_PP_Child_2015-10-04-21-01-52.uasset
[2015.10.06-20.42.27:553][  0]SourceControl: Info 	prodenv/ThePiedPiper/Saved/Backup/BP_PP_Child_2015-10-04-22-39-27.uasset
[2015.10.06-20.42.27:553][  0]SourceControl: Info 	prodenv/ThePiedPiper/Saved/Backup/BP_PP_Child_2015-10-06-16-31-02.uasset
[2015.10.06-20.42.27:553][  0]SourceControl: Info 	prodenv/ThePiedPiper/Saved/Backup/FirstPersonGameMode_2015-10-04-21-19-50.uasset
[2015.10.06-20.42.27:553][  0]SourceControl: Info 	prodenv/ThePiedPiper/Saved/Backup/FirstPersonGameMode_2015-10-06-16-31-07.uasset
[2015.10.06-20.42.27:553][  0]SourceControl: Info 	prodenv/ThePiedPiper/Saved/Backup/GrayboxLevel_2015-10-04-17-13-57.umap
[2015.10.06-20.42.27:553][  0]SourceControl: Info 	prodenv/ThePiedPiper/Saved/Backup/GrayboxLevel_2015-10-04-17-24-30.umap
[2015.10.06-20.42.27:553][  0]SourceControl: Info 	prodenv/ThePiedPiper/Saved/Backup/GrayboxLevel_2015-10-04-19-27-56.umap
[2015.10.06-20.42.27:553][  0]SourceControl: Info 	prodenv/ThePiedPiper/Saved/Backup/GrayboxLevel_2015-10-04-19-50-07.umap
[2015.10.06-20.42.27:553][  0]SourceControl: Info 	prodenv/ThePiedPiper/Saved/Backup/GrayboxLevel_2015-10-04-21-01-48.umap
[2015.10.06-20.42.27:553][  0]SourceControl: Info 	prodenv/ThePiedPiper/Saved/Backup/GrayboxLevel_2015-10-04-21-19-49.umap
[2015.10.06-20.42.27:553][  0]SourceControl: Info 	prodenv/ThePiedPiper/Saved/Backup/GrayboxLevel_2015-10-04-22-39-23.umap
[2015.10.06-20.42.27:553][  0]SourceControl: Info 	prodenv/ThePiedPiper/Saved/Backup/GrayboxLevel_2015-10-05-16-01-32.umap
[2015.10.06-20.42.27:553][  0]SourceControl: Info 	prodenv/ThePiedPiper/Saved/Logs/ThePiedPiper-backup-2015.10.03-16.28.45.log
[2015.10.06-20.42.27:553][  0]SourceControl: Info 	prodenv/ThePiedPiper/Saved/Logs/ThePiedPiper-backup-2015.10.04-14.25.35.log
[2015.10.06-20.42.27:553][  0]SourceControl: Info 	prodenv/ThePiedPiper/Saved/Logs/ThePiedPiper-backup-2015.10.04-15.44.13.log
[2015.10.06-20.42.27:553][  0]SourceControl: Info 	prodenv/ThePiedPiper/Saved/Logs/ThePiedPiper-backup-2015.10.04-16.13.21.log
[2015.10.06-20.42.27:553][  0]SourceControl: Info 	prodenv/ThePiedPiper/Saved/Logs/ThePiedPiper-backup-2015.10.06-16.40.05.log
[2015.10.06-20.42.27:553][  0]SourceControl: Info 	prodenv/ThePiedPiper/Saved/Logs/ThePiedPiper_2-backup-2015.10.05-14.56.35.log
[2015.10.06-20.42.27:553][  0]SourceControl: Info 	prodenv/ThePiedPiper/Saved/Logs/ThePiedPiper_2.log
[2015.10.06-20.42.27:553][  0]SourceControl: Info 	prodenv/ThePiedPiper/Saved/Logs/ThePiedPiper_3.log
[2015.10.06-20.42.27:553][  0]SourceControl: Info 	prodenv/ThePiedPiper/Saved/Logs/UE4CC-Windows-09CB11DF449755D9E931D9A45EC36477/
[2015.10.06-20.42.27:553][  0]SourceControl: Info 	prodenv/ThePiedPiper/Saved/Logs/UE4CC-Windows-AB9E6AB64052352F5B3C8A931BB62B7E/
[2015.10.06-20.42.27:553][  0]SourceControl: Info no changes added to commit (use "git add" and/or "git commit -a")
[2015.10.06-20.42.27:553][  0]LogContentStreaming: Texture pool size now 400 MB
[2015.10.06-20.42.28:574][  0]LogRenderer: Reallocating scene render targets to support 772x352 (Frame:2).
[2015.10.06-20.42.32:079][  6]LogAssetRegistry: Asset discovery search completed in 72.9767 seconds
[2015.10.06-20.42.32:093][  6]LogCollectionManager: Rebuilt the object cache for 0 collections in 0.000002 seconds (found 0 objects)
[2015.10.06-20.42.32:104][  6]LogCollectionManager: Fixed up redirectors for 0 collections in 0.023985 seconds (updated 0 objects)
[2015.10.06-20.42.36:031][222]LogPlayLevel: PlayLevel: No blueprints needed recompiling
[2015.10.06-20.42.39:228][222]PIE: New page: PIE session: Untitled_0 (Oct 6, 2015, 12:42:36 PM)
[2015.10.06-20.42.39:228][222]LogPlayLevel: Creating play world package: /Temp/UEDPIE_0_Untitled_0
[2015.10.06-20.42.39:229][222]LogPlayLevel: PIE: StaticDuplicateObject took: (0.000812s)
[2015.10.06-20.42.39:230][222]LogAIModule: Creating AISystem for world NewWorld
[2015.10.06-20.42.39:230][222]LogPlayLevel: PIE: World Init took: (0.000960s)
[2015.10.06-20.42.39:230][222]LogPlayLevel: PIE: Created PIE world by copying editor world from /Temp/Untitled_0.NewWorld to /Temp/UEDPIE_0_Untitled_0.NewWorld (0.002034s)
[2015.10.06-20.42.39:260][222]LogInit: XAudio2 using 'Speakers (Conexant SmartAudio HD)' : 2 channels at 48 kHz using 32 bits per sample (channel mask 0x3)
[2015.10.06-20.42.39:299][222]LogInit: FAudioDevice initialized.
[2015.10.06-20.42.41:700][222]LogLinker:Warning: Asset '../../../../../../Users/Benjamin/Documents/Unreal Projects/pipermqp/prodenv/ThePiedPiper/Content/FirstPersonBP/Blueprints/FirstPersonProjectile.uasset' has been saved with empty engine version. The asset will be loaded but may be incompatible.
[2015.10.06-20.42.41:704][222]LogLinker:Warning: Asset '../../../../../../Users/Benjamin/Documents/Unreal Projects/pipermqp/prodenv/ThePiedPiper/Content/FirstPerson/Meshes/FirstPersonProjectileMesh.uasset' has been saved with empty engine version. The asset will be loaded but may be incompatible.
[2015.10.06-20.42.42:348][222]LogLinker:Warning: Asset '../../../../../../Users/Benjamin/Documents/Unreal Projects/pipermqp/prodenv/ThePiedPiper/Content/FirstPersonBP/Blueprints/FirstPersonHUD.uasset' has been saved with empty engine version. The asset will be loaded but may be incompatible.
[2015.10.06-20.42.44:016][222]LogWorld: Game class is 'FirstPersonGameMode_C'
[2015.10.06-20.42.44:105][222]LogWorld: Bringing World /Temp/UEDPIE_0_Untitled_0.NewWorld up for play (max tick rate 60) at 2015.10.06-16.42.44
[2015.10.06-20.42.44:105][222]LogActor:Warning: GameSession /Temp/UEDPIE_0_Untitled_0.NewWorld:PersistentLevel.GameSession_0 has natively added scene component(s), but none of them were set as the actor's RootComponent - picking one arbitrarily
[2015.10.06-20.42.44:105][222]LogActor:Warning: GameNetworkManager /Temp/UEDPIE_0_Untitled_0.NewWorld:PersistentLevel.GameNetworkManager_0 has natively added scene component(s), but none of them were set as the actor's RootComponent - picking one arbitrarily
[2015.10.06-20.42.44:105][222]LogWorld: Bringing up level for play took: 0.001762
[2015.10.06-20.42.44:535][222]PIE: Info Play in editor start time for /Temp/UEDPIE_0_Untitled_0 8.627
[2015.10.06-20.42.52:060][503]LogParticles: Destroying 0 GPU particle simulations for FXSystem 0x000000F39585ED40
[2015.10.06-20.43.01:743][644]LogMaterial: Missing cached shader map for material lambert1, compiling. 
[2015.10.06-20.43.02:794][644]LogMaterial: Missing cached shader map for material JointMover_proxy_geo_body_m2, compiling. 
[2015.10.06-20.43.34:287][644]LogTexture:Display: Building textures: Texture2D_606 (BGRA8)
[2015.10.06-20.43.34:701][644]LogTexture:Display: Building textures: Texture2D_608 (BGRA8)
[2015.10.06-20.43.44:216][644]LogTexture:Display: Building textures: Texture2D_622 (BGRA8)
[2015.10.06-20.43.45:526][644]LogTexture:Display: Building textures: Texture2D_624 (BGRA8)
[2015.10.06-20.43.55:731][644]LogTexture:Display: Building textures: Texture2D_638 (BGRA8)
[2015.10.06-20.43.57:640][644]LogTexture:Display: Building textures: Texture2D_640 (BGRA8)
[2015.10.06-20.44.02:185][644]LogTexture:Display: Building textures: Texture2D_1072 (BGRA8)
[2015.10.06-20.44.03:264][644]LogTexture:Display: Building textures: Texture2D_13 (BGRA8)
[2015.10.06-20.44.06:535][644]LogTexture:Display: Building textures: Texture2D_114 (BGRA8)
[2015.10.06-20.44.06:859][644]LogTexture:Display: Building textures: Texture2D_651 (BGRA8)
[2015.10.06-20.44.07:183][644]LogTexture:Display: Building textures: Texture2D_17 (BGRA8)
[2015.10.06-20.44.07:227][644]LogTexture:Display: Building textures: Texture2D_652 (BGRA8)
[2015.10.06-20.44.08:746][644]LogTexture:Display: Building textures: Texture2D_653 (BGRA8)
[2015.10.06-20.44.10:344][644]LogTexture:Display: Building textures: Texture2D_656 (BGRA8)
[2015.10.06-20.44.10:521][644]LogTexture:Display: Building textures: Texture2D_657 (BGRA8)
[2015.10.06-20.44.10:804][644]LogTexture:Display: Building textures: Texture2D_658 (BGRA8)
[2015.10.06-20.44.10:807][644]LogTexture:Display: Building textures: Texture2D_1079 (BGRA8)
[2015.10.06-20.44.10:857][644]LogTexture:Display: Building textures: Texture2D_1080 (BGRA8)
[2015.10.06-20.44.11:633][644]LogTexture:Display: Building textures: Texture2D_787 (BGRA8)
[2015.10.06-20.44.12:033][644]LogTexture:Display: Building textures: Texture2D_789 (BGRA8)
[2015.10.06-20.44.12:931][644]LogTexture:Display: Building textures: Texture2D_791 (BGRA8)
[2015.10.06-20.44.13:507][644]LogTexture:Display: Building textures: Texture2D_795 (BGRA8)
[2015.10.06-20.44.13:662][644]LogTexture:Display: Building textures: Texture2D_797 (BGRA8)
[2015.10.06-20.44.13:721][644]LogTexture:Display: Building textures: Texture2D_799 (BGRA8)
[2015.10.06-20.44.13:723][644]LogTexture:Display: Building textures: Texture2D_801 (BGRA8)
[2015.10.06-20.44.13:903][644]LogTexture:Display: Building textures: Texture2D_1197 (BGRA8)
[2015.10.06-20.44.13:905][644]LogTexture:Display: Building textures: Texture2D_1198 (BGRA8)
[2015.10.06-20.44.14:194][644]LogTexture:Display: Building textures: Texture2D_771 (BGRA8)
[2015.10.06-20.44.14:484][644]LogTexture:Display: Building textures: Texture2D_773 (BGRA8)
[2015.10.06-20.44.14:517][644]LogTexture:Display: Building textures: Texture2D_775 (BGRA8)
[2015.10.06-20.44.14:836][644]LogTexture:Display: Building textures: Texture2D_779 (BGRA8)
[2015.10.06-20.44.14:931][644]LogTexture:Display: Building textures: Texture2D_781 (BGRA8)
[2015.10.06-20.44.14:998][644]LogTexture:Display: Building textures: Texture2D_783 (BGRA8)
[2015.10.06-20.44.15:123][644]LogTexture:Display: Building textures: Texture2D_785 (BGRA8)
[2015.10.06-20.44.15:522][644]LogTexture:Display: Building textures: Texture2D_1189 (BGRA8)
[2015.10.06-20.44.15:621][644]LogTexture:Display: Building textures: Texture2D_1190 (BGRA8)
[2015.10.06-20.44.15:760][644]LogTexture:Display: Building textures: Texture2D_764 (BGRA8)
[2015.10.06-20.44.15:762][644]LogTexture:Display: Building textures: Texture2D_765 (BGRA8)
[2015.10.06-20.44.15:821][644]LogTexture:Display: Building textures: Texture2D_767 (BGRA8)
[2015.10.06-20.44.16:041][644]LogTexture:Display: Building textures: Texture2D_768 (BGRA8)
[2015.10.06-20.44.16:044][644]LogTexture:Display: Building textures: Texture2D_769 (BGRA8)
[2015.10.06-20.44.16:138][644]LogTexture:Display: Building textures: Texture2D_770 (BGRA8)
[2015.10.06-20.44.16:252][644]LogTexture:Display: Building textures: Texture2D_1181 (BGRA8)
[2015.10.06-20.44.16:255][644]LogTexture:Display: Building textures: Texture2D_1182 (BGRA8)
[2015.10.06-20.44.16:536][644]LogTexture:Display: Building textures: Texture2D_774 (BGRA8)
[2015.10.06-20.44.16:909][644]LogTexture:Display: Building textures: Texture2D_780 (BGRA8)
[2015.10.06-20.44.16:992][644]LogTexture:Display: Building textures: Texture2D_782 (BGRA8)
[2015.10.06-20.44.16:995][644]LogTexture:Display: Building textures: Texture2D_784 (BGRA8)
[2015.10.06-20.44.17:104][644]LogTexture:Display: Building textures: Texture2D_786 (BGRA8)
[2015.10.06-20.44.17:106][644]LogTexture:Display: Building textures: Texture2D_1173 (BGRA8)
[2015.10.06-20.44.17:132][644]LogTexture:Display: Building textures: Texture2D_1174 (BGRA8)
[2015.10.06-20.44.17:308][644]LogTexture:Display: Building textures: Texture2D_790 (BGRA8)
[2015.10.06-20.44.17:555][644]LogTexture:Display: Building textures: Texture2D_796 (BGRA8)
[2015.10.06-20.44.17:620][644]LogTexture:Display: Building textures: Texture2D_798 (BGRA8)
[2015.10.06-20.44.17:655][644]LogTexture:Display: Building textures: Texture2D_800 (BGRA8)
[2015.10.06-20.44.17:656][644]LogTexture:Display: Building textures: Texture2D_802 (BGRA8)
[2015.10.06-20.44.17:683][644]LogTexture:Display: Building textures: Texture2D_1165 (BGRA8)
[2015.10.06-20.44.17:806][644]LogTexture:Display: Building textures: Texture2D_1166 (BGRA8)
[2015.10.06-20.44.18:406][644]LogTexture:Display: Building textures: Texture2D_804 (BGRA8)
[2015.10.06-20.44.20:316][644]LogTexture:Display: Building textures: Texture2D_807 (BGRA8)
[2015.10.06-20.44.20:318][644]LogTexture:Display: Building textures: Texture2D_808 (BGRA8)
[2015.10.06-20.44.20:369][644]LogTexture:Display: Building textures: Texture2D_809 (BGRA8)
[2015.10.06-20.44.20:422][644]LogTexture:Display: Building textures: Texture2D_810 (BGRA8)
[2015.10.06-20.44.20:424][644]LogTexture:Display: Building textures: Texture2D_1149 (BGRA8)
[2015.10.06-20.44.20:456][644]LogTexture:Display: Building textures: Texture2D_1151 (BGRA8)
[2015.10.06-20.44.20:722][644]LogTexture:Display: Building textures: HQ_Lightmap0_1 (AutoDXT)
[2015.10.06-20.44.21:972][644]LogTexture:Display: Building textures: HQ_Lightmap0_10 (AutoDXT)
[2015.10.06-20.44.21:977][644]LogTexture:Display: Building textures: HQ_Lightmap0_100 (AutoDXT)
[2015.10.06-20.44.21:979][644]LogTexture:Display: Building textures: HQ_Lightmap0_101 (AutoDXT)
[2015.10.06-20.44.21:982][644]LogTexture:Display: Building textures: HQ_Lightmap0_102 (AutoDXT)
[2015.10.06-20.44.21:984][644]LogTexture:Display: Building textures: HQ_Lightmap0_103 (AutoDXT)
[2015.10.06-20.44.21:986][644]LogTexture:Display: Building textures: HQ_Lightmap0_104 (AutoDXT)
[2015.10.06-20.44.21:988][644]LogTexture:Display: Building textures: HQ_Lightmap0_105 (AutoDXT)
[2015.10.06-20.44.21:993][644]LogTexture:Display: Building textures: HQ_Lightmap0_106 (AutoDXT)
[2015.10.06-20.44.21:996][644]LogTexture:Display: Building textures: HQ_Lightmap0_107 (AutoDXT)
[2015.10.06-20.44.21:998][644]LogTexture:Display: Building textures: HQ_Lightmap0_108 (AutoDXT)
[2015.10.06-20.44.22:001][644]LogTexture:Display: Building textures: HQ_Lightmap0_109 (AutoDXT)
[2015.10.06-20.44.22:003][644]LogTexture:Display: Building textures: HQ_Lightmap0_11 (AutoDXT)
[2015.10.06-20.44.22:005][644]LogTexture:Display: Building textures: HQ_Lightmap0_110 (AutoDXT)
[2015.10.06-20.44.22:009][644]LogTexture:Display: Building textures: HQ_Lightmap0_111 (AutoDXT)
[2015.10.06-20.44.22:012][644]LogTexture:Display: Building textures: HQ_Lightmap0_112 (AutoDXT)
[2015.10.06-20.44.22:016][644]LogTexture:Display: Building textures: HQ_Lightmap0_113 (AutoDXT)
[2015.10.06-20.44.22:018][644]LogTexture:Display: Building textures: HQ_Lightmap0_114 (AutoDXT)
[2015.10.06-20.44.22:020][644]LogTexture:Display: Building textures: HQ_Lightmap0_115 (AutoDXT)
[2015.10.06-20.44.22:022][644]LogTexture:Display: Building textures: HQ_Lightmap0_116 (AutoDXT)
[2015.10.06-20.44.22:024][644]LogTexture:Display: Building textures: HQ_Lightmap0_117 (AutoDXT)
[2015.10.06-20.44.22:026][644]LogTexture:Display: Building textures: HQ_Lightmap0_118 (AutoDXT)
[2015.10.06-20.44.22:028][644]LogTexture:Display: Building textures: HQ_Lightmap0_119 (AutoDXT)
[2015.10.06-20.44.22:029][644]LogTexture:Display: Building textures: HQ_Lightmap0_12 (AutoDXT)
[2015.10.06-20.44.22:032][644]LogTexture:Display: Building textures: HQ_Lightmap0_13 (AutoDXT)
[2015.10.06-20.44.22:034][644]LogTexture:Display: Building textures: HQ_Lightmap0_14 (AutoDXT)
[2015.10.06-20.44.22:036][644]LogTexture:Display: Building textures: HQ_Lightmap0_15 (AutoDXT)
[2015.10.06-20.44.22:038][644]LogTexture:Display: Building textures: HQ_Lightmap0_16 (AutoDXT)
[2015.10.06-20.44.22:044][644]LogTexture:Display: Building textures: HQ_Lightmap0_17 (AutoDXT)
[2015.10.06-20.44.22:048][644]LogTexture:Display: Building textures: HQ_Lightmap0_18 (AutoDXT)
[2015.10.06-20.44.22:050][644]LogTexture:Display: Building textures: HQ_Lightmap0_19 (AutoDXT)
[2015.10.06-20.44.22:056][644]LogTexture:Display: Building textures: HQ_Lightmap0_2 (AutoDXT)
[2015.10.06-20.44.22:156][644]LogTexture:Display: Building textures: HQ_Lightmap0_20 (AutoDXT)
[2015.10.06-20.44.22:158][644]LogTexture:Display: Building textures: HQ_Lightmap0_21 (AutoDXT)
[2015.10.06-20.44.22:160][644]LogTexture:Display: Building textures: HQ_Lightmap0_22 (AutoDXT)
[2015.10.06-20.44.22:162][644]LogTexture:Display: Building textures: HQ_Lightmap0_23 (AutoDXT)
[2015.10.06-20.44.22:165][644]LogTexture:Display: Building textures: HQ_Lightmap0_24 (AutoDXT)
[2015.10.06-20.44.22:167][644]LogTexture:Display: Building textures: HQ_Lightmap0_25 (AutoDXT)
[2015.10.06-20.44.22:169][644]LogTexture:Display: Building textures: HQ_Lightmap0_26 (AutoDXT)
[2015.10.06-20.44.22:175][644]LogTexture:Display: Building textures: HQ_Lightmap0_27 (AutoDXT)
[2015.10.06-20.44.22:177][644]LogTexture:Display: Building textures: HQ_Lightmap0_28 (AutoDXT)
[2015.10.06-20.44.22:181][644]LogTexture:Display: Building textures: HQ_Lightmap0_29 (AutoDXT)
[2015.10.06-20.44.22:183][644]LogTexture:Display: Building textures: HQ_Lightmap0_3 (AutoDXT)
[2015.10.06-20.44.22:196][644]LogTexture:Display: Building textures: HQ_Lightmap0_30 (AutoDXT)
[2015.10.06-20.44.22:199][644]LogTexture:Display: Building textures: HQ_Lightmap0_31 (AutoDXT)
[2015.10.06-20.44.22:204][644]LogTexture:Display: Building textures: HQ_Lightmap0_32 (AutoDXT)
[2015.10.06-20.44.22:206][644]LogTexture:Display: Building textures: HQ_Lightmap0_33 (AutoDXT)
[2015.10.06-20.44.22:208][644]LogTexture:Display: Building textures: HQ_Lightmap0_34 (AutoDXT)
[2015.10.06-20.44.22:210][644]LogTexture:Display: Building textures: HQ_Lightmap0_35 (AutoDXT)
[2015.10.06-20.44.22:213][644]LogTexture:Display: Building textures: HQ_Lightmap0_36 (AutoDXT)
[2015.10.06-20.44.22:215][644]LogTexture:Display: Building textures: HQ_Lightmap0_37 (AutoDXT)
[2015.10.06-20.44.22:217][644]LogTexture:Display: Building textures: HQ_Lightmap0_38 (AutoDXT)
[2015.10.06-20.44.22:219][644]LogTexture:Display: Building textures: HQ_Lightmap0_39 (AutoDXT)
[2015.10.06-20.44.22:221][644]LogTexture:Display: Building textures: HQ_Lightmap0_4 (AutoDXT)
[2015.10.06-20.44.22:223][644]LogTexture:Display: Building textures: HQ_Lightmap0_40 (AutoDXT)
[2015.10.06-20.44.22:225][644]LogTexture:Display: Building textures: HQ_Lightmap0_41 (AutoDXT)
[2015.10.06-20.44.22:230][644]LogTexture:Display: Building textures: HQ_Lightmap0_42 (AutoDXT)
[2015.10.06-20.44.22:232][644]LogTexture:Display: Building textures: HQ_Lightmap0_43 (AutoDXT)
[2015.10.06-20.44.22:234][644]LogTexture:Display: Building textures: HQ_Lightmap0_44 (AutoDXT)
[2015.10.06-20.44.22:236][644]LogTexture:Display: Building textures: HQ_Lightmap0_45 (AutoDXT)
[2015.10.06-20.44.22:238][644]LogTexture:Display: Building textures: HQ_Lightmap0_46 (AutoDXT)
[2015.10.06-20.44.22:240][644]LogTexture:Display: Building textures: HQ_Lightmap0_47 (AutoDXT)
[2015.10.06-20.44.22:244][644]LogTexture:Display: Building textures: HQ_Lightmap0_48 (AutoDXT)
[2015.10.06-20.44.22:248][644]LogTexture:Display: Building textures: HQ_Lightmap0_49 (AutoDXT)
[2015.10.06-20.44.22:251][644]LogTexture:Display: Building textures: HQ_Lightmap0_5 (AutoDXT)
[2015.10.06-20.44.22:253][644]LogTexture:Display: Building textures: HQ_Lightmap0_50 (AutoDXT)
[2015.10.06-20.44.22:258][644]LogTexture:Display: Building textures: HQ_Lightmap0_51 (AutoDXT)
[2015.10.06-20.44.22:262][644]LogTexture:Display: Building textures: HQ_Lightmap0_52 (AutoDXT)
[2015.10.06-20.44.22:264][644]LogTexture:Display: Building textures: HQ_Lightmap0_53 (AutoDXT)
[2015.10.06-20.44.22:267][644]LogTexture:Display: Building textures: HQ_Lightmap0_54 (AutoDXT)
[2015.10.06-20.44.22:269][644]LogTexture:Display: Building textures: HQ_Lightmap0_55 (AutoDXT)
[2015.10.06-20.44.22:271][644]LogTexture:Display: Building textures: HQ_Lightmap0_56 (AutoDXT)
[2015.10.06-20.44.22:275][644]LogTexture:Display: Building textures: HQ_Lightmap0_57 (AutoDXT)
[2015.10.06-20.44.22:278][644]LogTexture:Display: Building textures: HQ_Lightmap0_58 (AutoDXT)
[2015.10.06-20.44.22:281][644]LogTexture:Display: Building textures: HQ_Lightmap0_59 (AutoDXT)
[2015.10.06-20.44.22:283][644]LogTexture:Display: Building textures: HQ_Lightmap0_6 (AutoDXT)
[2015.10.06-20.44.22:285][644]LogTexture:Display: Building textures: HQ_Lightmap0_60 (AutoDXT)
[2015.10.06-20.44.22:287][644]LogTexture:Display: Building textures: HQ_Lightmap0_61 (AutoDXT)
[2015.10.06-20.44.22:290][644]LogTexture:Display: Building textures: HQ_Lightmap0_62 (AutoDXT)
[2015.10.06-20.44.22:292][644]LogTexture:Display: Building textures: HQ_Lightmap0_63 (AutoDXT)
[2015.10.06-20.44.22:296][644]LogTexture:Display: Building textures: HQ_Lightmap0_64 (AutoDXT)
[2015.10.06-20.44.22:300][644]LogTexture:Display: Building textures: HQ_Lightmap0_65 (AutoDXT)
[2015.10.06-20.44.22:313][644]LogTexture:Display: Building textures: HQ_Lightmap0_66 (AutoDXT)
[2015.10.06-20.44.22:315][644]LogTexture:Display: Building textures: HQ_Lightmap0_67 (AutoDXT)
[2015.10.06-20.44.22:317][644]LogTexture:Display: Building textures: HQ_Lightmap0_68 (AutoDXT)
[2015.10.06-20.44.22:319][644]LogTexture:Display: Building textures: HQ_Lightmap0_69 (AutoDXT)
[2015.10.06-20.44.22:322][644]LogTexture:Display: Building textures: HQ_Lightmap0_7 (AutoDXT)
[2015.10.06-20.44.22:324][644]LogTexture:Display: Building textures: HQ_Lightmap0_70 (AutoDXT)
[2015.10.06-20.44.22:326][644]LogTexture:Display: Building textures: HQ_Lightmap0_71 (AutoDXT)
[2015.10.06-20.44.22:328][644]LogTexture:Display: Building textures: HQ_Lightmap0_72 (AutoDXT)
[2015.10.06-20.44.22:332][644]LogTexture:Display: Building textures: HQ_Lightmap0_73 (AutoDXT)
[2015.10.06-20.44.22:334][644]LogTexture:Display: Building textures: HQ_Lightmap0_74 (AutoDXT)
[2015.10.06-20.44.22:336][644]LogTexture:Display: Building textures: HQ_Lightmap0_75 (AutoDXT)
[2015.10.06-20.44.22:338][644]LogTexture:Display: Building textures: HQ_Lightmap0_76 (AutoDXT)
[2015.10.06-20.44.22:340][644]LogTexture:Display: Building textures: HQ_Lightmap0_77 (AutoDXT)
[2015.10.06-20.44.22:342][644]LogTexture:Display: Building textures: HQ_Lightmap0_78 (AutoDXT)
[2015.10.06-20.44.22:345][644]LogTexture:Display: Building textures: HQ_Lightmap0_79 (AutoDXT)
[2015.10.06-20.44.22:349][644]LogTexture:Display: Building textures: HQ_Lightmap0_8 (AutoDXT)
[2015.10.06-20.44.22:351][644]LogTexture:Display: Building textures: HQ_Lightmap0_80 (AutoDXT)
[2015.10.06-20.44.22:353][644]LogTexture:Display: Building textures: HQ_Lightmap0_81 (AutoDXT)
[2015.10.06-20.44.22:358][644]LogTexture:Display: Building textures: HQ_Lightmap0_82 (AutoDXT)
[2015.10.06-20.44.22:360][644]LogTexture:Display: Building textures: HQ_Lightmap0_83 (AutoDXT)
[2015.10.06-20.44.22:379][644]LogTexture:Display: Building textures: HQ_Lightmap0_84 (AutoDXT)
[2015.10.06-20.44.22:401][644]LogTexture:Display: Building textures: HQ_Lightmap0_85 (AutoDXT)
[2015.10.06-20.44.22:409][644]LogTexture:Display: Building textures: HQ_Lightmap0_86 (AutoDXT)
[2015.10.06-20.44.22:636][644]LogTexture:Display: Building textures: HQ_Lightmap0_87 (AutoDXT)
[2015.10.06-20.44.22:639][644]LogTexture:Display: Building textures: HQ_Lightmap0_88 (AutoDXT)
[2015.10.06-20.44.22:641][644]LogTexture:Display: Building textures: HQ_Lightmap0_89 (AutoDXT)
[2015.10.06-20.44.22:643][644]LogTexture:Display: Building textures: HQ_Lightmap0_9 (AutoDXT)
[2015.10.06-20.44.22:646][644]LogTexture:Display: Building textures: HQ_Lightmap0_90 (AutoDXT)
[2015.10.06-20.44.22:648][644]LogTexture:Display: Building textures: HQ_Lightmap0_91 (AutoDXT)
[2015.10.06-20.44.22:650][644]LogTexture:Display: Building textures: HQ_Lightmap0_92 (AutoDXT)
[2015.10.06-20.44.22:652][644]LogTexture:Display: Building textures: HQ_Lightmap0_93 (AutoDXT)
[2015.10.06-20.44.22:654][644]LogTexture:Display: Building textures: HQ_Lightmap0_94 (AutoDXT)
[2015.10.06-20.44.22:656][644]LogTexture:Display: Building textures: HQ_Lightmap0_95 (AutoDXT)
[2015.10.06-20.44.23:611][644]LogTexture:Display: Building textures: HQ_Lightmap0_96 (AutoDXT)
[2015.10.06-20.44.23:645][644]LogTexture:Display: Building textures: HQ_Lightmap0_97 (AutoDXT)
[2015.10.06-20.44.23:649][644]LogTexture:Display: Building textures: HQ_Lightmap0_98 (AutoDXT)
[2015.10.06-20.44.23:681][644]LogTexture:Display: Building textures: HQ_Lightmap0_99 (AutoDXT)
[2015.10.06-20.44.23:773][644]LogTexture:Display: Building textures: LQ_Lightmap_0_1 (DXT1)
[2015.10.06-20.44.24:249][644]LogTexture:Display: Building textures: LQ_Lightmap_0_10 (DXT1)
[2015.10.06-20.44.24:251][644]LogTexture:Display: Building textures: LQ_Lightmap_0_100 (DXT1)
[2015.10.06-20.44.24:253][644]LogTexture:Display: Building textures: LQ_Lightmap_0_101 (DXT1)
[2015.10.06-20.44.24:254][644]LogTexture:Display: Building textures: LQ_Lightmap_0_102 (DXT1)
[2015.10.06-20.44.24:255][644]LogTexture:Display: Building textures: LQ_Lightmap_0_103 (DXT1)
[2015.10.06-20.44.24:257][644]LogTexture:Display: Building textures: LQ_Lightmap_0_104 (DXT1)
[2015.10.06-20.44.24:258][644]LogTexture:Display: Building textures: LQ_Lightmap_0_105 (DXT1)
[2015.10.06-20.44.24:260][644]LogTexture:Display: Building textures: LQ_Lightmap_0_106 (DXT1)
[2015.10.06-20.44.24:261][644]LogTexture:Display: Building textures: LQ_Lightmap_0_107 (DXT1)
[2015.10.06-20.44.24:263][644]LogTexture:Display: Building textures: LQ_Lightmap_0_108 (DXT1)
[2015.10.06-20.44.24:264][644]LogTexture:Display: Building textures: LQ_Lightmap_0_109 (DXT1)
[2015.10.06-20.44.24:266][644]LogTexture:Display: Building textures: LQ_Lightmap_0_11 (DXT1)
[2015.10.06-20.44.24:267][644]LogTexture:Display: Building textures: LQ_Lightmap_0_110 (DXT1)
[2015.10.06-20.44.24:271][644]LogTexture:Display: Building textures: LQ_Lightmap_0_111 (DXT1)
[2015.10.06-20.44.24:273][644]LogTexture:Display: Building textures: LQ_Lightmap_0_112 (DXT1)
[2015.10.06-20.44.24:275][644]LogTexture:Display: Building textures: LQ_Lightmap_0_113 (DXT1)
[2015.10.06-20.44.24:276][644]LogTexture:Display: Building textures: LQ_Lightmap_0_114 (DXT1)
[2015.10.06-20.44.24:277][644]LogTexture:Display: Building textures: LQ_Lightmap_0_115 (DXT1)
[2015.10.06-20.44.24:279][644]LogTexture:Display: Building textures: LQ_Lightmap_0_116 (DXT1)
[2015.10.06-20.44.24:280][644]LogTexture:Display: Building textures: LQ_Lightmap_0_117 (DXT1)
[2015.10.06-20.44.24:282][644]LogTexture:Display: Building textures: LQ_Lightmap_0_118 (DXT1)
[2015.10.06-20.44.24:283][644]LogTexture:Display: Building textures: LQ_Lightmap_0_119 (DXT1)
[2015.10.06-20.44.24:284][644]LogTexture:Display: Building textures: LQ_Lightmap_0_12 (DXT1)
[2015.10.06-20.44.24:285][644]LogTexture:Display: Building textures: LQ_Lightmap_0_13 (DXT1)
[2015.10.06-20.44.24:286][644]LogTexture:Display: Building textures: LQ_Lightmap_0_14 (DXT1)
[2015.10.06-20.44.24:288][644]LogTexture:Display: Building textures: LQ_Lightmap_0_15 (DXT1)
[2015.10.06-20.44.24:289][644]LogTexture:Display: Building textures: LQ_Lightmap_0_16 (DXT1)
[2015.10.06-20.44.24:291][644]LogTexture:Display: Building textures: LQ_Lightmap_0_17 (DXT1)
[2015.10.06-20.44.24:294][644]LogTexture:Display: Building textures: LQ_Lightmap_0_18 (DXT1)
[2015.10.06-20.44.24:296][644]LogTexture:Display: Building textures: LQ_Lightmap_0_19 (DXT1)
[2015.10.06-20.44.24:301][644]LogTexture:Display: Building textures: LQ_Lightmap_0_2 (DXT1)
[2015.10.06-20.44.24:350][644]LogTexture:Display: Building textures: LQ_Lightmap_0_20 (DXT1)
[2015.10.06-20.44.24:352][644]LogTexture:Display: Building textures: LQ_Lightmap_0_21 (DXT1)
[2015.10.06-20.44.24:354][644]LogTexture:Display: Building textures: LQ_Lightmap_0_22 (DXT1)
[2015.10.06-20.44.24:355][644]LogTexture:Display: Building textures: LQ_Lightmap_0_23 (DXT1)
[2015.10.06-20.44.24:356][644]LogTexture:Display: Building textures: LQ_Lightmap_0_24 (DXT1)
[2015.10.06-20.44.24:358][644]LogTexture:Display: Building textures: LQ_Lightmap_0_25 (DXT1)
[2015.10.06-20.44.24:359][644]LogTexture:Display: Building textures: LQ_Lightmap_0_26 (DXT1)
[2015.10.06-20.44.24:361][644]LogTexture:Display: Building textures: LQ_Lightmap_0_27 (DXT1)
[2015.10.06-20.44.24:362][644]LogTexture:Display: Building textures: LQ_Lightmap_0_28 (DXT1)
[2015.10.06-20.44.24:364][644]LogTexture:Display: Building textures: LQ_Lightmap_0_29 (DXT1)
[2015.10.06-20.44.24:366][644]LogTexture:Display: Building textures: LQ_Lightmap_0_3 (DXT1)
[2015.10.06-20.44.24:373][644]LogTexture:Display: Building textures: LQ_Lightmap_0_30 (DXT1)
[2015.10.06-20.44.24:374][644]LogTexture:Display: Building textures: LQ_Lightmap_0_31 (DXT1)
[2015.10.06-20.44.24:377][644]LogTexture:Display: Building textures: LQ_Lightmap_0_32 (DXT1)
[2015.10.06-20.44.24:378][644]LogTexture:Display: Building textures: LQ_Lightmap_0_33 (DXT1)
[2015.10.06-20.44.24:379][644]LogTexture:Display: Building textures: LQ_Lightmap_0_34 (DXT1)
[2015.10.06-20.44.24:381][644]LogTexture:Display: Building textures: LQ_Lightmap_0_35 (DXT1)
[2015.10.06-20.44.24:382][644]LogTexture:Display: Building textures: LQ_Lightmap_0_36 (DXT1)
[2015.10.06-20.44.24:384][644]LogTexture:Display: Building textures: LQ_Lightmap_0_37 (DXT1)
[2015.10.06-20.44.24:385][644]LogTexture:Display: Building textures: LQ_Lightmap_0_38 (DXT1)
[2015.10.06-20.44.24:387][644]LogTexture:Display: Building textures: LQ_Lightmap_0_39 (DXT1)
[2015.10.06-20.44.24:388][644]LogTexture:Display: Building textures: LQ_Lightmap_0_4 (DXT1)
[2015.10.06-20.44.24:389][644]LogTexture:Display: Building textures: LQ_Lightmap_0_40 (DXT1)
[2015.10.06-20.44.24:391][644]LogTexture:Display: Building textures: LQ_Lightmap_0_41 (DXT1)
[2015.10.06-20.44.24:394][644]LogTexture:Display: Building textures: LQ_Lightmap_0_42 (DXT1)
[2015.10.06-20.44.24:396][644]LogTexture:Display: Building textures: LQ_Lightmap_0_43 (DXT1)
[2015.10.06-20.44.24:397][644]LogTexture:Display: Building textures: LQ_Lightmap_0_44 (DXT1)
[2015.10.06-20.44.24:399][644]LogTexture:Display: Building textures: LQ_Lightmap_0_45 (DXT1)
[2015.10.06-20.44.24:400][644]LogTexture:Display: Building textures: LQ_Lightmap_0_46 (DXT1)
[2015.10.06-20.44.24:402][644]LogTexture:Display: Building textures: LQ_Lightmap_0_47 (DXT1)
[2015.10.06-20.44.24:408][644]LogTexture:Display: Building textures: LQ_Lightmap_0_48 (DXT1)
[2015.10.06-20.44.24:409][644]LogTexture:Display: Building textures: LQ_Lightmap_0_49 (DXT1)
[2015.10.06-20.44.24:415][644]LogTexture:Display: Building textures: LQ_Lightmap_0_5 (DXT1)
[2015.10.06-20.44.24:416][644]LogTexture:Display: Building textures: LQ_Lightmap_0_50 (DXT1)
[2015.10.06-20.44.24:420][644]LogTexture:Display: Building textures: LQ_Lightmap_0_51 (DXT1)
[2015.10.06-20.44.24:421][644]LogTexture:Display: Building textures: LQ_Lightmap_0_52 (DXT1)
[2015.10.06-20.44.24:423][644]LogTexture:Display: Building textures: LQ_Lightmap_0_53 (DXT1)
[2015.10.06-20.44.24:424][644]LogTexture:Display: Building textures: LQ_Lightmap_0_54 (DXT1)
[2015.10.06-20.44.24:429][644]LogTexture:Display: Building textures: LQ_Lightmap_0_55 (DXT1)
[2015.10.06-20.44.24:430][644]LogTexture:Display: Building textures: LQ_Lightmap_0_56 (DXT1)
[2015.10.06-20.44.24:432][644]LogTexture:Display: Building textures: LQ_Lightmap_0_57 (DXT1)
[2015.10.06-20.44.24:433][644]LogTexture:Display: Building textures: LQ_Lightmap_0_58 (DXT1)
[2015.10.06-20.44.24:435][644]LogTexture:Display: Building textures: LQ_Lightmap_0_59 (DXT1)
[2015.10.06-20.44.24:436][644]LogTexture:Display: Building textures: LQ_Lightmap_0_6 (DXT1)
[2015.10.06-20.44.24:438][644]LogTexture:Display: Building textures: LQ_Lightmap_0_60 (DXT1)
[2015.10.06-20.44.24:439][644]LogTexture:Display: Building textures: LQ_Lightmap_0_61 (DXT1)
[2015.10.06-20.44.24:440][644]LogTexture:Display: Building textures: LQ_Lightmap_0_62 (DXT1)
[2015.10.06-20.44.24:442][644]LogTexture:Display: Building textures: LQ_Lightmap_0_63 (DXT1)
[2015.10.06-20.44.24:448][644]LogTexture:Display: Building textures: LQ_Lightmap_0_64 (DXT1)
[2015.10.06-20.44.24:453][644]LogTexture:Display: Building textures: LQ_Lightmap_0_65 (DXT1)
[2015.10.06-20.44.24:460][644]LogTexture:Display: Building textures: LQ_Lightmap_0_66 (DXT1)
[2015.10.06-20.44.24:462][644]LogTexture:Display: Building textures: LQ_Lightmap_0_67 (DXT1)
[2015.10.06-20.44.24:463][644]LogTexture:Display: Building textures: LQ_Lightmap_0_68 (DXT1)
[2015.10.06-20.44.24:465][644]LogTexture:Display: Building textures: LQ_Lightmap_0_69 (DXT1)
[2015.10.06-20.44.24:466][644]LogTexture:Display: Building textures: LQ_Lightmap_0_7 (DXT1)
[2015.10.06-20.44.24:467][644]LogTexture:Display: Building textures: LQ_Lightmap_0_70 (DXT1)
[2015.10.06-20.44.24:469][644]LogTexture:Display: Building textures: LQ_Lightmap_0_71 (DXT1)
[2015.10.06-20.44.24:470][644]LogTexture:Display: Building textures: LQ_Lightmap_0_72 (DXT1)
[2015.10.06-20.44.24:475][644]LogTexture:Display: Building textures: LQ_Lightmap_0_73 (DXT1)
[2015.10.06-20.44.24:476][644]LogTexture:Display: Building textures: LQ_Lightmap_0_74 (DXT1)
[2015.10.06-20.44.24:477][644]LogTexture:Display: Building textures: LQ_Lightmap_0_75 (DXT1)
[2015.10.06-20.44.24:479][644]LogTexture:Display: Building textures: LQ_Lightmap_0_76 (DXT1)
[2015.10.06-20.44.24:480][644]LogTexture:Display: Building textures: LQ_Lightmap_0_77 (DXT1)
[2015.10.06-20.44.24:481][644]LogTexture:Display: Building textures: LQ_Lightmap_0_78 (DXT1)
[2015.10.06-20.44.24:483][644]LogTexture:Display: Building textures: LQ_Lightmap_0_79 (DXT1)
[2015.10.06-20.44.24:487][644]LogTexture:Display: Building textures: LQ_Lightmap_0_8 (DXT1)
[2015.10.06-20.44.24:489][644]LogTexture:Display: Building textures: LQ_Lightmap_0_80 (DXT1)
[2015.10.06-20.44.24:490][644]LogTexture:Display: Building textures: LQ_Lightmap_0_81 (DXT1)
[2015.10.06-20.44.24:494][644]LogTexture:Display: Building textures: LQ_Lightmap_0_82 (DXT1)
[2015.10.06-20.44.24:496][644]LogTexture:Display: Building textures: LQ_Lightmap_0_83 (DXT1)
[2015.10.06-20.44.24:510][644]LogTexture:Display: Building textures: LQ_Lightmap_0_84 (DXT1)
[2015.10.06-20.44.24:528][644]LogTexture:Display: Building textures: LQ_Lightmap_0_85 (DXT1)
[2015.10.06-20.44.24:537][644]LogTexture:Display: Building textures: LQ_Lightmap_0_86 (DXT1)
[2015.10.06-20.44.24:539][644]LogTexture:Display: Building textures: LQ_Lightmap_0_87 (DXT1)
[2015.10.06-20.44.24:540][644]LogTexture:Display: Building textures: LQ_Lightmap_0_88 (DXT1)
[2015.10.06-20.44.24:542][644]LogTexture:Display: Building textures: LQ_Lightmap_0_89 (DXT1)
[2015.10.06-20.44.24:543][644]LogTexture:Display: Building textures: LQ_Lightmap_0_9 (DXT1)
[2015.10.06-20.44.24:545][644]LogTexture:Display: Building textures: LQ_Lightmap_0_90 (DXT1)
[2015.10.06-20.44.24:547][644]LogTexture:Display: Building textures: LQ_Lightmap_0_91 (DXT1)
[2015.10.06-20.44.24:548][644]LogTexture:Display: Building textures: LQ_Lightmap_0_92 (DXT1)
[2015.10.06-20.44.24:550][644]LogTexture:Display: Building textures: LQ_Lightmap_0_93 (DXT1)
[2015.10.06-20.44.24:551][644]LogTexture:Display: Building textures: LQ_Lightmap_0_94 (DXT1)
[2015.10.06-20.44.24:552][644]LogTexture:Display: Building textures: LQ_Lightmap_0_95 (DXT1)
[2015.10.06-20.44.24:566][644]LogTexture:Display: Building textures: LQ_Lightmap_0_96 (DXT1)
[2015.10.06-20.44.24:582][644]LogTexture:Display: Building textures: LQ_Lightmap_0_97 (DXT1)
[2015.10.06-20.44.24:584][644]LogTexture:Display: Building textures: LQ_Lightmap_0_98 (DXT1)
[2015.10.06-20.44.24:627][644]LogTexture:Display: Building textures: LQ_Lightmap_0_99 (DXT1)
[2015.10.06-20.44.26:743][644]LogTexture:Display: Building textures: ShadowMapTexture2D_0 (BGRA8)
[2015.10.06-20.44.26:907][644]LogTexture:Display: Building textures: ShadowMapTexture2D_1 (G8)
[2015.10.06-20.44.26:910][644]LogTexture:Display: Building textures: ShadowMapTexture2D_10 (G8)
[2015.10.06-20.44.26:911][644]LogTexture:Display: Building textures: ShadowMapTexture2D_100 (G8)
[2015.10.06-20.44.26:912][644]LogTexture:Display: Building textures: ShadowMapTexture2D_101 (G8)
[2015.10.06-20.44.26:914][644]LogTexture:Display: Building textures: ShadowMapTexture2D_102 (G8)
[2015.10.06-20.44.26:915][644]LogTexture:Display: Building textures: ShadowMapTexture2D_103 (G8)
[2015.10.06-20.44.26:916][644]LogTexture:Display: Building textures: ShadowMapTexture2D_104 (G8)
[2015.10.06-20.44.26:917][644]LogTexture:Display: Building textures: ShadowMapTexture2D_105 (G8)
[2015.10.06-20.44.26:918][644]LogTexture:Display: Building textures: ShadowMapTexture2D_106 (G8)
[2015.10.06-20.44.26:919][644]LogTexture:Display: Building textures: ShadowMapTexture2D_107 (G8)
[2015.10.06-20.44.26:920][644]LogTexture:Display: Building textures: ShadowMapTexture2D_108 (G8)
[2015.10.06-20.44.26:921][644]LogTexture:Display: Building textures: ShadowMapTexture2D_109 (G8)
[2015.10.06-20.44.26:922][644]LogTexture:Display: Building textures: ShadowMapTexture2D_11 (G8)
[2015.10.06-20.44.26:923][644]LogTexture:Display: Building textures: ShadowMapTexture2D_110 (G8)
[2015.10.06-20.44.26:924][644]LogTexture:Display: Building textures: ShadowMapTexture2D_111 (G8)
[2015.10.06-20.44.26:924][644]LogTexture:Display: Building textures: ShadowMapTexture2D_112 (G8)
[2015.10.06-20.44.26:925][644]LogTexture:Display: Building textures: ShadowMapTexture2D_113 (G8)
[2015.10.06-20.44.26:926][644]LogTexture:Display: Building textures: ShadowMapTexture2D_114 (G8)
[2015.10.06-20.44.26:927][644]LogTexture:Display: Building textures: ShadowMapTexture2D_115 (G8)
[2015.10.06-20.44.26:928][644]LogTexture:Display: Building textures: ShadowMapTexture2D_116 (G8)
[2015.10.06-20.44.26:929][644]LogTexture:Display: Building textures: ShadowMapTexture2D_117 (G8)
[2015.10.06-20.44.26:929][644]LogTexture:Display: Building textures: ShadowMapTexture2D_12 (G8)
[2015.10.06-20.44.26:930][644]LogTexture:Display: Building textures: ShadowMapTexture2D_13 (G8)
[2015.10.06-20.44.26:931][644]LogTexture:Display: Building textures: ShadowMapTexture2D_14 (G8)
[2015.10.06-20.44.26:933][644]LogTexture:Display: Building textures: ShadowMapTexture2D_15 (G8)
[2015.10.06-20.44.26:933][644]LogTexture:Display: Building textures: ShadowMapTexture2D_16 (G8)
[2015.10.06-20.44.26:934][644]LogTexture:Display: Building textures: ShadowMapTexture2D_17 (G8)
[2015.10.06-20.44.26:935][644]LogTexture:Display: Building textures: ShadowMapTexture2D_18 (G8)
[2015.10.06-20.44.26:936][644]LogTexture:Display: Building textures: ShadowMapTexture2D_19 (G8)
[2015.10.06-20.44.26:937][644]LogTexture:Display: Building textures: ShadowMapTexture2D_2 (G8)
[2015.10.06-20.44.26:937][644]LogTexture:Display: Building textures: ShadowMapTexture2D_20 (G8)
[2015.10.06-20.44.26:938][644]LogTexture:Display: Building textures: ShadowMapTexture2D_21 (G8)
[2015.10.06-20.44.26:939][644]LogTexture:Display: Building textures: ShadowMapTexture2D_22 (G8)
[2015.10.06-20.44.26:940][644]LogTexture:Display: Building textures: ShadowMapTexture2D_23 (G8)
[2015.10.06-20.44.26:941][644]LogTexture:Display: Building textures: ShadowMapTexture2D_24 (G8)
[2015.10.06-20.44.26:941][644]LogTexture:Display: Building textures: ShadowMapTexture2D_25 (G8)
[2015.10.06-20.44.26:942][644]LogTexture:Display: Building textures: ShadowMapTexture2D_26 (G8)
[2015.10.06-20.44.26:943][644]LogTexture:Display: Building textures: ShadowMapTexture2D_27 (G8)
[2015.10.06-20.44.26:944][644]LogTexture:Display: Building textures: ShadowMapTexture2D_28 (G8)
[2015.10.06-20.44.26:945][644]LogTexture:Display: Building textures: ShadowMapTexture2D_29 (G8)
[2015.10.06-20.44.26:945][644]LogTexture:Display: Building textures: ShadowMapTexture2D_3 (G8)
[2015.10.06-20.44.26:946][644]LogTexture:Display: Building textures: ShadowMapTexture2D_30 (G8)
[2015.10.06-20.44.26:947][644]LogTexture:Display: Building textures: ShadowMapTexture2D_31 (G8)
[2015.10.06-20.44.26:948][644]LogTexture:Display: Building textures: ShadowMapTexture2D_32 (G8)
[2015.10.06-20.44.26:948][644]LogTexture:Display: Building textures: ShadowMapTexture2D_33 (G8)
[2015.10.06-20.44.26:949][644]LogTexture:Display: Building textures: ShadowMapTexture2D_34 (G8)
[2015.10.06-20.44.26:950][644]LogTexture:Display: Building textures: ShadowMapTexture2D_35 (G8)
[2015.10.06-20.44.26:951][644]LogTexture:Display: Building textures: ShadowMapTexture2D_36 (G8)
[2015.10.06-20.44.26:952][644]LogTexture:Display: Building textures: ShadowMapTexture2D_37 (G8)
[2015.10.06-20.44.26:952][644]LogTexture:Display: Building textures: ShadowMapTexture2D_38 (G8)
[2015.10.06-20.44.26:953][644]LogTexture:Display: Building textures: ShadowMapTexture2D_39 (G8)
[2015.10.06-20.44.26:954][644]LogTexture:Display: Building textures: ShadowMapTexture2D_4 (G8)
[2015.10.06-20.44.26:955][644]LogTexture:Display: Building textures: ShadowMapTexture2D_40 (G8)
[2015.10.06-20.44.26:956][644]LogTexture:Display: Building textures: ShadowMapTexture2D_41 (G8)
[2015.10.06-20.44.26:957][644]LogTexture:Display: Building textures: ShadowMapTexture2D_42 (G8)
[2015.10.06-20.44.26:958][644]LogTexture:Display: Building textures: ShadowMapTexture2D_43 (G8)
[2015.10.06-20.44.26:958][644]LogTexture:Display: Building textures: ShadowMapTexture2D_44 (G8)
[2015.10.06-20.44.26:959][644]LogTexture:Display: Building textures: ShadowMapTexture2D_45 (G8)
[2015.10.06-20.44.26:960][644]LogTexture:Display: Building textures: ShadowMapTexture2D_46 (G8)
[2015.10.06-20.44.26:961][644]LogTexture:Display: Building textures: ShadowMapTexture2D_47 (G8)
[2015.10.06-20.44.26:961][644]LogTexture:Display: Building textures: ShadowMapTexture2D_48 (G8)
[2015.10.06-20.44.26:962][644]LogTexture:Display: Building textures: ShadowMapTexture2D_49 (G8)
[2015.10.06-20.44.26:963][644]LogTexture:Display: Building textures: ShadowMapTexture2D_5 (G8)
[2015.10.06-20.44.26:964][644]LogTexture:Display: Building textures: ShadowMapTexture2D_50 (G8)
[2015.10.06-20.44.26:965][644]LogTexture:Display: Building textures: ShadowMapTexture2D_51 (G8)
[2015.10.06-20.44.26:965][644]LogTexture:Display: Building textures: ShadowMapTexture2D_52 (G8)
[2015.10.06-20.44.26:966][644]LogTexture:Display: Building textures: ShadowMapTexture2D_53 (G8)
[2015.10.06-20.44.26:967][644]LogTexture:Display: Building textures: ShadowMapTexture2D_54 (G8)
[2015.10.06-20.44.26:968][644]LogTexture:Display: Building textures: ShadowMapTexture2D_55 (G8)
[2015.10.06-20.44.26:969][644]LogTexture:Display: Building textures: ShadowMapTexture2D_56 (G8)
[2015.10.06-20.44.26:969][644]LogTexture:Display: Building textures: ShadowMapTexture2D_57 (G8)
[2015.10.06-20.44.26:970][644]LogTexture:Display: Building textures: ShadowMapTexture2D_58 (G8)
[2015.10.06-20.44.26:971][644]LogTexture:Display: Building textures: ShadowMapTexture2D_59 (G8)
[2015.10.06-20.44.26:972][644]LogTexture:Display: Building textures: ShadowMapTexture2D_6 (G8)
[2015.10.06-20.44.26:972][644]LogTexture:Display: Building textures: ShadowMapTexture2D_60 (G8)
[2015.10.06-20.44.26:973][644]LogTexture:Display: Building textures: ShadowMapTexture2D_61 (G8)
[2015.10.06-20.44.26:974][644]LogTexture:Display: Building textures: ShadowMapTexture2D_62 (G8)
[2015.10.06-20.44.26:975][644]LogTexture:Display: Building textures: ShadowMapTexture2D_63 (BGRA8)
[2015.10.06-20.44.26:975][644]LogTexture:Display: Building textures: ShadowMapTexture2D_64 (G8)
[2015.10.06-20.44.26:976][644]LogTexture:Display: Building textures: ShadowMapTexture2D_65 (G8)
[2015.10.06-20.44.26:977][644]LogTexture:Display: Building textures: ShadowMapTexture2D_66 (G8)
[2015.10.06-20.44.26:978][644]LogTexture:Display: Building textures: ShadowMapTexture2D_67 (G8)
[2015.10.06-20.44.26:979][644]LogTexture:Display: Building textures: ShadowMapTexture2D_68 (G8)
[2015.10.06-20.44.26:980][644]LogTexture:Display: Building textures: ShadowMapTexture2D_69 (G8)
[2015.10.06-20.44.26:981][644]LogTexture:Display: Building textures: ShadowMapTexture2D_7 (G8)
[2015.10.06-20.44.26:982][644]LogTexture:Display: Building textures: ShadowMapTexture2D_70 (G8)
[2015.10.06-20.44.26:983][644]LogTexture:Display: Building textures: ShadowMapTexture2D_71 (G8)
[2015.10.06-20.44.26:983][644]LogTexture:Display: Building textures: ShadowMapTexture2D_72 (G8)
[2015.10.06-20.44.26:984][644]LogTexture:Display: Building textures: ShadowMapTexture2D_73 (G8)
[2015.10.06-20.44.26:985][644]LogTexture:Display: Building textures: ShadowMapTexture2D_74 (G8)
[2015.10.06-20.44.26:986][644]LogTexture:Display: Building textures: ShadowMapTexture2D_75 (G8)
[2015.10.06-20.44.26:987][644]LogTexture:Display: Building textures: ShadowMapTexture2D_76 (G8)
[2015.10.06-20.44.26:988][644]LogTexture:Display: Building textures: ShadowMapTexture2D_77 (G8)
[2015.10.06-20.44.26:989][644]LogTexture:Display: Building textures: ShadowMapTexture2D_78 (G8)
[2015.10.06-20.44.26:990][644]LogTexture:Display: Building textures: ShadowMapTexture2D_79 (G8)
[2015.10.06-20.44.26:990][644]LogTexture:Display: Building textures: ShadowMapTexture2D_8 (G8)
[2015.10.06-20.44.26:991][644]LogTexture:Display: Building textures: ShadowMapTexture2D_80 (G8)
[2015.10.06-20.44.26:992][644]LogTexture:Display: Building textures: ShadowMapTexture2D_81 (BGRA8)
[2015.10.06-20.44.26:993][644]LogTexture:Display: Building textures: ShadowMapTexture2D_82 (BGRA8)
[2015.10.06-20.44.26:994][644]LogTexture:Display: Building textures: ShadowMapTexture2D_83 (BGRA8)
[2015.10.06-20.44.26:995][644]LogTexture:Display: Building textures: ShadowMapTexture2D_84 (G8)
[2015.10.06-20.44.26:995][644]LogTexture:Display: Building textures: ShadowMapTexture2D_85 (G8)
[2015.10.06-20.44.26:996][644]LogTexture:Display: Building textures: ShadowMapTexture2D_86 (G8)
[2015.10.06-20.44.26:998][644]LogTexture:Display: Building textures: ShadowMapTexture2D_87 (G8)
[2015.10.06-20.44.26:998][644]LogTexture:Display: Building textures: ShadowMapTexture2D_88 (G8)
[2015.10.06-20.44.26:998][644]LogTexture:Display: Building textures: ShadowMapTexture2D_89 (G8)
[2015.10.06-20.44.27:000][644]LogTexture:Display: Building textures: ShadowMapTexture2D_9 (G8)
[2015.10.06-20.44.27:001][644]LogTexture:Display: Building textures: ShadowMapTexture2D_90 (G8)
[2015.10.06-20.44.27:001][644]LogTexture:Display: Building textures: ShadowMapTexture2D_91 (G8)
[2015.10.06-20.44.27:002][644]LogTexture:Display: Building textures: ShadowMapTexture2D_92 (G8)
[2015.10.06-20.44.27:003][644]LogTexture:Display: Building textures: ShadowMapTexture2D_93 (G8)
[2015.10.06-20.44.27:004][644]LogTexture:Display: Building textures: ShadowMapTexture2D_94 (G8)
[2015.10.06-20.44.27:005][644]LogTexture:Display: Building textures: ShadowMapTexture2D_95 (G8)
[2015.10.06-20.44.27:005][644]LogTexture:Display: Building textures: ShadowMapTexture2D_96 (BGRA8)
[2015.10.06-20.44.27:006][644]LogTexture:Display: Building textures: ShadowMapTexture2D_97 (BGRA8)
[2015.10.06-20.44.27:007][644]LogTexture:Display: Building textures: ShadowMapTexture2D_98 (G8)
[2015.10.06-20.44.27:008][644]LogTexture:Display: Building textures: ShadowMapTexture2D_99 (G8)
[2015.10.06-20.44.27:009][644]LogTexture:Display: Building textures: Texture2D_3 (BGRA8)
[2015.10.06-20.44.27:015][644]LogMaterial: Missing cached shader map for material lambert1, compiling. 
[2015.10.06-20.44.27:043][644]LogMaterial: Missing cached shader map for material proxy_geo_body_m, compiling. 
[2015.10.06-20.44.29:187][644]LogAIModule: Creating AISystem for world GrayboxLevel
[2015.10.06-20.44.45:695][644]LogAudioDerivedData:Display: Building compressed audio format OGG wave amb_wind...
[2015.10.06-20.44.48:576][644]Cmd: MAP LOAD FILE="../../../../../../Users/Benjamin/Documents/Unreal Projects/pipermqp/prodenv/ThePiedPiper/Content/GrayboxLevel.umap" TEMPLATE=0 SHOWPROGRESS=1 FEATURELEVEL=3
[2015.10.06-20.44.48:599][644]LightingResults: New page: Lighting Build
[2015.10.06-20.44.48:786][644]LogContentBrowser: Native class hierarchy updated for 'StatsViewer' in 0.0141 seconds. Added 5 classes and 0 folders.
[2015.10.06-20.44.48:866][644]LoadErrors: New page: Loading map: GrayboxLevel.umap
[2015.10.06-20.44.48:957][644]MapCheck: New page: Map Check
[2015.10.06-20.44.48:957][644]LightingResults: New page: Lighting Build
[2015.10.06-20.44.48:999][644]LogParticles: Destroying 0 GPU particle simulations for FXSystem 0x000000F394C421