[2015.10.11-04.12.49:363][  0]Log file open, 10/11/15 00:12:49
[2015.10.11-04.12.49:363][  0]LogInit:Display: Running engine for game: ThePiedPiper
[2015.10.11-04.12.49:363][  0]LogInit:Display: RandInit(1407611922) SRandInit(1407611922).
[2015.10.11-04.12.49:363][  0]LogTaskGraph: Started task graph with 4 named threads and 7 total threads.
[2015.10.11-04.12.49:363][  0]LogStats: Stats thread started at 0.066650
[2015.10.11-04.12.49:363][  0]LogInit: Version: 4.9.2-2707645+++depot+UE4-Releases+4.9
[2015.10.11-04.12.49:363][  0]LogInit: API Version: 2672455
[2015.10.11-04.12.49:363][  0]LogInit: Compiled (64-bit): Sep 28 2015 10:25:44
[2015.10.11-04.12.49:364][  0]LogInit: Compiled with Visual C++: 18.00.21005.01
[2015.10.11-04.12.49:364][  0]LogInit: Build Configuration: Development
[2015.10.11-04.12.49:364][  0]LogInit: Branch Name: ++depot+UE4-Releases+4.9
[2015.10.11-04.12.49:364][  0]LogInit: Command line:  
[2015.10.11-04.12.49:364][  0]LogInit: Base directory: H:/Program Files/Epic Games/4.9/Engine/Binaries/Win64/
[2015.10.11-04.12.49:364][  0]LogInit: Rocket: 1
[2015.10.11-04.12.49:370][  0]LogInit: Using libcurl 7.41.0
[2015.10.11-04.12.49:370][  0]LogInit:  - built for x86_64-pc-win32
[2015.10.11-04.12.49:370][  0]LogInit:  - supports SSL with WinSSL
[2015.10.11-04.12.49:370][  0]LogInit:  - other features:
[2015.10.11-04.12.49:370][  0]LogInit:      CURL_VERSION_SSL
[2015.10.11-04.12.49:370][  0]LogInit:      CURL_VERSION_IPV6
[2015.10.11-04.12.49:370][  0]LogInit:      CURL_VERSION_ASYNCHDNS
[2015.10.11-04.12.49:370][  0]LogInit:      CURL_VERSION_LARGEFILE
[2015.10.11-04.12.49:370][  0]LogInit:      CURL_VERSION_IDN
[2015.10.11-04.12.49:370][  0]LogInit:  CurlRequestOptions (configurable via config and command line):
[2015.10.11-04.12.49:370][  0]LogInit:  - bVerifyPeer = true  - Libcurl will verify peer certificate
[2015.10.11-04.12.49:370][  0]LogInit:  - bUseHttpProxy = false  - Libcurl will NOT use HTTP proxy
[2015.10.11-04.12.49:370][  0]LogInit:  - bDontReuseConnections = false  - Libcurl will reuse connections
[2015.10.11-04.12.49:370][  0]LogInit:  - CertBundlePath = nullptr  - Libcurl will use whatever was configured at build time.
[2015.10.11-04.12.49:374][  0]LogInit: Presizing for 0 objects not considered by GC, pre-allocating 0 bytes.
[2015.10.11-04.12.49:378][  0]LogInit: Object subsystem initialized
[2015.10.11-04.12.49:379][  0]LogInit: Selected Device Profile: [Windows]
[2015.10.11-04.12.49:379][  0]LogInit: Applying CVar settings loaded from the selected device profile: [Windows]
[2015.10.11-04.12.49:385][  0]LogInit: Computer: BAE
[2015.10.11-04.12.49:385][  0]LogInit: User: Jeff
[2015.10.11-04.12.49:385][  0]LogInit: CPU Page size=4096, Cores=4
[2015.10.11-04.12.49:385][  0]LogInit: High frequency timer resolution =3.903986 MHz
[2015.10.11-04.12.49:385][  0]LogMemory: Memory total: Physical=23.9GB (24GB approx)
[2015.10.11-04.12.49:385][  0]LogMemory: Platform Memory Stats for Windows
[2015.10.11-04.12.49:385][  0]LogMemory: Process Physical Memory: 54.21 MB used, 54.21 MB peak
[2015.10.11-04.12.49:385][  0]LogMemory: Process Virtual Memory: 55.31 MB used, 55.31 MB peak
[2015.10.11-04.12.49:385][  0]LogMemory: Physical Memory: 8796.52 MB used, 24516.47 MB total
[2015.10.11-04.12.49:385][  0]LogMemory: Virtual Memory: 364.37 MB used, 134217728.00 MB total
[2015.10.11-04.12.49:409][  0]LogTextLocalizationManager: No specific translations for ('en-US') exist, so ('en') translations will be used.
[2015.10.11-04.12.49:935][  0]LogD3D11RHI: Found D3D11 adapter 0: NVIDIA GeForce GTX 970 (Feature Level 11_0)
[2015.10.11-04.12.49:935][  0]LogD3D11RHI: Adapter has 4008MB of dedicated video memory, 0MB of dedicated system memory, and 12258MB of shared system memory, 2 output[s]
[2015.10.11-04.12.49:936][  0]LogD3D11RHI: Found D3D11 adapter 1: Microsoft Basic Render Driver (Feature Level 11_0)
[2015.10.11-04.12.49:936][  0]LogD3D11RHI: Adapter has 0MB of dedicated video memory, 0MB of dedicated system memory, and 12258MB of shared system memory, 0 output[s]
[2015.10.11-04.12.49:936][  0]LogD3D11RHI: Chosen D3D11 Adapter Id = 0
[2015.10.11-04.12.49:941][  0]LogD3D11RHI: !Direct3DDevice
[2015.10.11-04.12.49:941][  0]LogRHI: Texture pool is 1361 MB (70% of 1945 MB)
[2015.10.11-04.12.49:953][  0]LogD3D11RHI: Async texture creation enabled
[2015.10.11-04.12.49:968][  0]LogShaderCompilers: Guid format shader working directory is 15 characters bigger than the processId version (../../../../../../GitHub/pipermqp/prodenv/ThePiedPiper/Intermediate/Shaders/WorkingDirectory/6284/).
[2015.10.11-04.12.49:968][  0]LogShaderCompilers: Cleaned the shader compiler working directory '../../../../../../GitHub/pipermqp/prodenv/ThePiedPiper/Intermediate/Shaders/tmp/18020D9948EA32FE047496BCE81B20FB/'.
[2015.10.11-04.12.49:968][  0]LogShaderCompilers:Display: Using Local Shader Compiler.
[2015.10.11-04.12.50:670][  0]LogTemp:Display: Loaded TP AllDesktopTargetPlatform
[2015.10.11-04.12.50:673][  0]LogTemp:Display: Loaded TP WindowsClientTargetPlatform
[2015.10.11-04.12.50:676][  0]LogTemp:Display: Loaded TP WindowsNoEditorTargetPlatform
[2015.10.11-04.12.50:679][  0]LogTemp:Display: Loaded TP WindowsServerTargetPlatform
[2015.10.11-04.12.50:682][  0]LogTemp:Display: Loaded TP WindowsTargetPlatform
[2015.10.11-04.12.50:684][  0]LogTemp:Display: Loaded TP AndroidTargetPlatform
[2015.10.11-04.12.50:686][  0]LogTemp:Display: Loaded TP Android_ASTCTargetPlatform
[2015.10.11-04.12.50:688][  0]LogTemp:Display: Loaded TP Android_ATCTargetPlatform
[2015.10.11-04.12.50:690][  0]LogTemp:Display: Loaded TP Android_DXTTargetPlatform
[2015.10.11-04.12.50:692][  0]LogTemp:Display: Loaded TP Android_ETC1TargetPlatform
[2015.10.11-04.12.50:694][  0]LogTemp:Display: Loaded TP Android_ETC2TargetPlatform
[2015.10.11-04.12.50:696][  0]LogTemp:Display: Loaded TP Android_PVRTCTargetPlatform
[2015.10.11-04.12.50:697][  0]LogTemp:Display: Loaded TP HTML5TargetPlatform
[2015.10.11-04.12.50:711][  0]LogTemp:Display: Loaded TP IOSTargetPlatform
[2015.10.11-04.12.50:713][  0]LogTemp:Display: Loaded TP LinuxNoEditorTargetPlatform
[2015.10.11-04.12.50:715][  0]LogTemp:Display: Loaded TP LinuxServerTargetPlatform
[2015.10.11-04.12.50:717][  0]LogTemp:Display: Loaded TP LinuxTargetPlatform
[2015.10.11-04.12.50:717][  0]LogTargetPlatformManager:Display: Building Assets For Windows
[2015.10.11-04.12.50:760][  0]LogDerivedDataCache:Display: Max Cache Size: 512 MB
[2015.10.11-04.12.50:792][  0]LogDerivedDataCache: Loaded boot cache 0.03s 41MB C:/Users/Jeff/AppData/Local/UnrealEngine/4.9/DerivedDataCache/Boot.ddc.
[2015.10.11-04.12.50:792][  0]LogDerivedDataCache:Display: Loaded Boot cache: C:/Users/Jeff/AppData/Local/UnrealEngine/4.9/DerivedDataCache/Boot.ddc
[2015.10.11-04.12.50:792][  0]LogDerivedDataCache: FDerivedDataBackendGraph:  Pak pak cache file ../../../../../../GitHub/pipermqp/prodenv/ThePiedPiper/DerivedDataCache/DDC.ddp not found, will not use a pak cache.
[2015.10.11-04.12.50:792][  0]LogDerivedDataCache: Unable to find inner node Pak for hierarchical cache Hierarchy.
[2015.10.11-04.12.50:792][  0]LogDerivedDataCache: FDerivedDataBackendGraph:  CompressedPak pak cache file ../../../../../../GitHub/pipermqp/prodenv/ThePiedPiper/DerivedDataCache/Compressed.ddp not found, will not use a pak cache.
[2015.10.11-04.12.50:792][  0]LogDerivedDataCache: Unable to find inner node CompressedPak for hierarchical cache Hierarchy.
[2015.10.11-04.12.50:892][  0]LogDerivedDataCache:Display: Pak cache opened for reading ../../../Engine/DerivedDataCache/Compressed.ddp.
[2015.10.11-04.12.50:904][  0]LogDerivedDataCache: Using Local data cache path C:/Users/Jeff/AppData/Local/UnrealEngine/Common/DerivedDataCache: Writable
[2015.10.11-04.12.51:017][  0]LogInit: Selected Device Profile: [Windows]
[2015.10.11-04.12.51:019][  0]LogContentStreaming: Texture pool size is 0.000000MB
[2015.10.11-04.12.51:097][  0]LogMeshUtilities: No automatic mesh reduction module available
[2015.10.11-04.12.51:097][  0]LogMeshUtilities: No automatic mesh merging module available
[2015.10.11-04.12.51:295][  0]LogInit: WinSock: version 1.1 (2.2), MaxSocks=32767, MaxUdp=65467
[2015.10.11-04.12.51:752][  0]UdpMessaging: Initializing bridge on interface 0.0.0.0:0 to multicast group 230.0.0.1:6666.
[2015.10.11-04.12.51:837][  0]LogAssetRegistry: FAssetRegistry took 0.0109 seconds to start up
[2015.10.11-04.12.51:939][  0]SourceControl: Info Source control is disabled
[2015.10.11-04.12.51:946][  0]SourceControl: Info Source control is disabled
[2015.10.11-04.12.51:951][  0]SourceControl: Info Source control is disabled
[2015.10.11-04.12.51:957][  0]SourceControl: Info Source control is disabled
[2015.10.11-04.12.52:026][  0]LogLinker:Warning: Asset '../../../Engine/Plugins/Runtime/LeapMotionController/Content/LM_PassthroughMaterial.uasset' has been saved with empty engine version. The asset will be loaded but may be incompatible.
[2015.10.11-04.12.52:066][  0]LogObj: 28361 objects as part of root set at end of initial load.
[2015.10.11-04.12.52:066][  0]LogUObjectAllocator: 6038872 out of 0 bytes used by permanent object pool.
[2015.10.11-04.12.52:107][  0]LogEngine: Initializing Engine...
[2015.10.11-04.12.52:109][  0]LogHMD: Can't find Oculus library dev build: is proper Runtime installed? Version: 0.7.0.0
[2015.10.11-04.12.52:113][  0]LogHMD: SteamVR failed to initialize.  Err: 108
[2015.10.11-04.12.52:197][  0]LogAIModule: Creating AISystem for world NewWorld
[2015.10.11-04.12.52:202][  0]LogInit: XAudio2 using 'Speakers (Realtek High Definition Audio)' : 2 channels at 48 kHz using 32 bits per sample (channel mask 0x3)
[2015.10.11-04.12.52:225][  0]LogInit: FAudioDevice initialized.
[2015.10.11-04.12.52:243][  0]LogDerivedDataCache: Saved boot cache 0.02s 41MB C:/Users/Jeff/AppData/Local/UnrealEngine/4.9/DerivedDataCache/Boot.ddc.
[2015.10.11-04.12.52:247][  0]LogInit: Texture streaming: Enabled
[2015.10.11-04.12.52:249][  0]LogAnalytics: Creating configured Analytics provider AnalyticsET
[2015.10.11-04.12.52:249][  0]LogAnalytics: [UEEditor.Rocket.Release] APIServer = http://et2.epicgames.com/ET2/. AppVersion = 4.9.2-2707645+++depot+UE4-Releases+4.9
[2015.10.11-04.12.52:249][  0]LogAnalytics: [UEEditor.Rocket.Release] SetUserId 273aaf39449f8fada2c1538daad7ab65|0221e6425d4c49ff85f47cde75a6cd00|d6b3f0e4-a65b-4aee-aa1a-d77f97d8b005
[2015.10.11-04.12.52:249][  0]LogAnalytics: [UEEditor.Rocket.Release] AnalyticsET::StartSession
[2015.10.11-04.12.52:271][  0]LogInit: Transaction tracking system initialized
[2015.10.11-04.12.52:285][  0]BlueprintLog: New page: Editor Load
[2015.10.11-04.12.52:325][  0]LocalizationService: Info Localization service is disabled
[2015.10.11-04.12.52:369][  0]LogConsoleResponse:Display: 
[2015.10.11-04.12.52:445][  0]LogCook:Display: Done creating registry. It took  0.00s.
[2015.10.11-04.12.52:472][  0]LogFileCache: Scanning file cache for directory 'H:/GitHub/pipermqp/prodenv/ThePiedPiper/Content/' took 0.01s
[2015.10.11-04.12.52:472][  0]SourceControl: Info Source control is disabled
[2015.10.11-04.12.52:472][  0]Cmd: MAP LOAD FILE="../../../../../../GitHub/pipermqp/prodenv/ThePiedPiper/Content/FirstPersonBP/Maps/FirstPersonExampleMap.umap" TEMPLATE=0 SHOWPROGRESS=1 FEATURELEVEL=3
[2015.10.11-04.12.52:472][  0]LogEditorServer:Warning: Can't find file '../../../../../../GitHub/pipermqp/prodenv/ThePiedPiper/Content/FirstPersonBP/Maps/FirstPersonExampleMap.umap'
[2015.10.11-04.12.52:472][  0]Cmd: MAP CHECKDEP NOCLEARLOG
[2015.10.11-04.12.52:497][  0]MapCheck: Info Map check complete: 0 Error(s), 0 Warning(s), took 24.777ms to complete.
[2015.10.11-04.12.52:497][  0]LogFileHelpers: Loading map 'FirstPersonExampleMap' took 0.025
[2015.10.11-04.12.52:600][  0]LogCollectionManager: Loaded 0 collections in 0.000902 seconds
[2015.10.11-04.12.52:639][  0]LogFileCache: Scanning file cache for directory 'H:/GitHub/pipermqp/prodenv/ThePiedPiper/Saved/Collections/' took 0.01s
[2015.10.11-04.12.52:639][  0]LogFileCache: Scanning file cache for directory 'H:/GitHub/pipermqp/prodenv/ThePiedPiper/Content/Developers/Jeff/Collections/' took 0.01s
[2015.10.11-04.12.52:639][  0]LogFileCache: Scanning file cache for directory 'H:/GitHub/pipermqp/prodenv/ThePiedPiper/Content/Collections/' took 0.01s
[2015.10.11-04.12.52:639][  0]LogContentBrowser: Native class hierarchy populated in 0.0050 seconds. Added 1867 classes and 333 folders.
[2015.10.11-04.12.52:644][  0]LogCollectionManager: Rebuilt the GUID cache for 0 collections in 0.000002 seconds
[2015.10.11-04.12.52:647][  0]LogContentBrowser: Native class hierarchy updated for 'WidgetCarousel' in 0.0002 seconds. Added 0 classes and 0 folders.
[2015.10.11-04.12.52:670][  0]LogContentBrowser: Native class hierarchy updated for 'AddContentDialog' in 0.0002 seconds. Added 0 classes and 0 folders.
[2015.10.11-04.12.52:672][  0]LogContentBrowser: Native class hierarchy updated for 'SceneOutliner' in 0.0002 seconds. Added 1 classes and 2 folders.
[2015.10.11-04.12.52:707][  0]LogCrashTracker: Crashtracker disabled due to settings.
[2015.10.11-04.12.52:710][  0]LogUObjectGlobals:Warning: Failed to find object 'Class None.'
[2015.10.11-04.12.52:733][  0]LogLoad: Full Startup: 3.74 seconds (BP compile: 0.00 seconds)
[2015.10.11-04.12.52:777][  0]LogContentStreaming: Texture pool size now 1000 MB
[2015.10.11-04.12.52:874][  0]LogRenderer: Reallocating scene render targets to support 1004x616 (Frame:2).
[2015.10.11-04.12.52:925][  1]LogAssetRegistry: Asset discovery search completed in 1.0998 seconds
[2015.10.11-04.12.52:925][  1]LogCollectionManager: Rebuilt the object cache for 0 collections in 0.000001 seconds (found 0 objects)
[2015.10.11-04.12.52:925][  1]LogCollectionManager: Fixed up redirectors for 0 collections in 0.000015 seconds (updated 0 objects)
[2015.10.11-04.12.57:501][374]LogLinker:Warning: Asset '../../../../../../GitHub/pipermqp/prodenv/ThePiedPiper/Content/FirstPersonBP/Blueprints/FirstPersonProjectile.uasset' has been saved with empty engine version. The asset will be loaded but may be incompatible.
[2015.10.11-04.12.57:502][374]LogLinker:Warning: Asset '../../../../../../GitHub/pipermqp/prodenv/ThePiedPiper/Content/FirstPerson/Meshes/FirstPersonProjectileMesh.uasset' has been saved with empty engine version. The asset will be loaded but may be incompatible.
[2015.10.11-04.12.58:192][374]LogAIModule: Creating AISystem for world GrayboxLevel
[2015.10.11-04.12.58:240][374]Cmd: MAP LOAD FILE="../../../../../../GitHub/pipermqp/prodenv/ThePiedPiper/Content/GrayboxLevel.umap" TEMPLATE=0 SHOWPROGRESS=1 FEATURELEVEL=3
[2015.10.11-04.12.58:240][374]LightingResults: New page: Lighting Build
[2015.10.11-04.12.58:241][374]LogContentBrowser: Native class hierarchy updated for 'StatsViewer' in 0.0002 seconds. Added 5 classes and 0 folders.
[2015.10.11-04.12.58:255][374]LoadErrors: New page: Loading map: GrayboxLevel.umap
[2015.10.11-04.12.58:256][374]MapCheck: New page: Map Check
[2015.10.11-04.12.58:256][374]LightingResults: New page: Lighting Build
[2015.10.11-04.12.58:264][374]LogParticles: Destroying 0 GPU particle simulations for FXSystem 0x000000A5B0F66160
[2015.10.11-04.12.58:398][374]LogEditorServer: Finished looking for orphan Actors (0.000 secs)
[2015.10.11-04.12.58:431][374]Cmd: MAP CHECKDEP NOCLEARLOG
[2015.10.11-04.12.58:474][374]MapCheck: Info Map check complete: 0 Error(s), 0 Warning(s), took 42.394ms to complete.
[2015.10.11-04.12.58:474][374]LogFileHelpers: Loading map 'GrayboxLevel' took 0.235
[2015.10.11-04.12.58:522][375]Cmd: UpdateLandscapeEditorData -warnings
[2015.10.11-04.12.58:524][375]Cmd: UpdateLandscapeEditorData
[2015.10.11-04.12.59:480][487]LogEditorViewport: Clicking on Actor (LMB): BP_PiedPiper_C (BP_PP_PiedPiper)
[2015.10.11-04.14.10:431][978]LogPlayLevel: PlayLevel: No blueprints needed recompiling
[2015.10.11-04.14.10:431][978]PIE: New page: PIE session: GrayboxLevel (Oct 10, 2015, 8:14:10 PM)
[2015.10.11-04.14.10:431][978]LogPlayLevel: Creating play world package: /Game/UEDPIE_0_GrayboxLevel
[2015.10.11-04.14.10:534][978]LogPlayLevel: PIE: StaticDuplicateObject took: (0.103483s)
[2015.10.11-04.14.10:535][978]LogAIModule: Creating AISystem for world GrayboxLevel
[2015.10.11-04.14.10:535][978]LogPlayLevel: PIE: World Init took: (0.000652s)
[2015.10.11-04.14.10:535][978]LogPlayLevel: PIE: Created PIE world by copying editor world from /Game/GrayboxLevel.GrayboxLevel to /Game/UEDPIE_0_GrayboxLevel.GrayboxLevel (0.104383s)
[2015.10.11-04.14.10:549][978]LogInit: XAudio2 using 'Speakers (Realtek High Definition Audio)' : 2 channels at 48 kHz using 32 bits per sample (channel mask 0x3)
[2015.10.11-04.14.10:564][978]LogInit: FAudioDevice initialized.
[2015.10.11-04.14.10:614][978]LogLinker:Warning: Asset '../../../../../../GitHub/pipermqp/prodenv/ThePiedPiper/Content/FirstPersonBP/Blueprints/FirstPersonHUD.uasset' has been saved with empty engine version. The asset will be loaded but may be incompatible.
[2015.10.11-04.14.10:630][978]LogWorld: Game class is 'FirstPersonGameMode_C'
[2015.10.11-04.14.10:660][978]LogWorld:Warning: *** WARNING - PATHS MAY NOT BE VALID ***
[2015.10.11-04.14.10:660][978]LogWorld: Bringing World /Game/UEDPIE_0_GrayboxLevel.GrayboxLevel up for play (max tick rate 0) at 2015.10.11-00.14.10
[2015.10.11-04.14.10:660][978]LogActor:Warning: GameSession /Game/UEDPIE_0_GrayboxLevel.GrayboxLevel:PersistentLevel.GameSession_0 has natively added scene component(s), but none of them were set as the actor's RootComponent - picking one arbitrarily
[2015.10.11-04.14.10:660][978]LogActor:Warning: GameNetworkManager /Game/UEDPIE_0_GrayboxLevel.GrayboxLevel:PersistentLevel.GameNetworkManager_0 has natively added scene component(s), but none of them were set as the actor's RootComponent - picking one arbitrarily
[2015.10.11-04.14.10:663][978]LogWorld: Bringing up level for play took: 0.031761
[2015.10.11-04.14.10:664][978]PIE: Info Play in editor start time for /Game/UEDPIE_0_GrayboxLevel -0.211
[2015.10.11-04.14.36:645][ 79]LogParticles: Destroying 0 GPU particle simulations for FXSystem 0x000000A5E8AFB100
[2015.10.11-04.15.50:963][980]Cmd: TRANSACTION UNDO
[2015.10.11-04.15.50:963][980]LogEditorTransaction: Undo Edit Properties
[2015.10.11-04.15.51:939][ 74]LogPlayLevel: PlayLevel: No blueprints needed recompiling
[2015.10.11-04.15.51:939][ 74]PIE: New page: PIE session: GrayboxLevel (Oct 10, 2015, 8:15:51 PM)
[2015.10.11-04.15.51:939][ 74]LogPlayLevel: Creating play world package: /Game/UEDPIE_0_GrayboxLevel
[2015.10.11-04.15.52:034][ 74]LogPlayLevel: PIE: StaticDuplicateObject took: (0.093383s)
[2015.10.11-04.15.52:034][ 74]LogAIModule: Creating AISystem for world GrayboxLevel
[2015.10.11-04.15.52:034][ 74]LogPlayLevel: PIE: World Init took: (0.000660s)
[2015.10.11-04.15.52:034][ 74]LogPlayLevel: PIE: Created PIE world by copying editor world from /Game/GrayboxLevel.GrayboxLevel to /Game/UEDPIE_0_GrayboxLevel.GrayboxLevel (0.094256s)
[2015.10.11-04.15.52:048][ 74]LogInit: XAudio2 using 'Speakers (Realtek High Definition Audio)' : 2 channels at 48 kHz using 32 bits per sample (channel mask 0x3)
[2015.10.11-04.15.52:063][ 74]LogInit: FAudioDevice initialized.
[2015.10.11-04.15.52:095][ 74]LogWorld: Game class is 'FirstPersonGameMode_C'
[2015.10.11-04.15.52:124][ 74]LogWorld:Warning: *** WARNING - PATHS MAY NOT BE VALID ***
[2015.10.11-04.15.52:124][ 74]LogWorld: Bringing World /Game/UEDPIE_0_GrayboxLevel.GrayboxLevel up for play (max tick rate 0) at 2015.10.11-00.15.52
[2015.10.11-04.15.52:124][ 74]LogActor:Warning: GameSession /Game/UEDPIE_0_GrayboxLevel.GrayboxLevel:PersistentLevel.GameSession_1 has natively added scene component(s), but none of them were set as the actor's RootComponent - picking one arbitrarily
[2015.10.11-04.15.52:124][ 74]LogActor:Warning: GameNetworkManager /Game/UEDPIE_0_GrayboxLevel.GrayboxLevel:PersistentLevel.GameNetworkManager_1 has natively added scene component(s), but none of them were set as the actor's RootComponent - picking one arbitrarily
[2015.10.11-04.15.52:127][ 74]LogWorld: Bringing up level for play took: 0.031319
[2015.10.11-04.15.52:128][ 74]PIE: Info Play in editor start time for /Game/UEDPIE_0_GrayboxLevel -0.748
[2015.10.11-04.16.17:498][106]LogParticles: Destroying 0 GPU particle simulations for FXSystem 0x000000A5BE259080
[2015.10.11-04.16.35:890][304]LogEditorViewport: Clicking on Actor (LMB): Landscape (Landscape1)
[2015.10.11-04.17.16:730][152]Cmd: UpdateLandscapeEditorData
[2015.10.11-04.17.26:356][276]LogPlayLevel: PlayLevel: No blueprints needed recompiling
[2015.10.11-04.17.26:356][276]PIE: New page: PIE session: GrayboxLevel (Oct 10, 2015, 8:17:26 PM)
[2015.10.11-04.17.26:356][276]LogPlayLevel: Creating play world package: /Game/UEDPIE_0_GrayboxLevel
[2015.10.11-04.17.26:451][276]LogPlayLevel: PIE: StaticDuplicateObject took: (0.094216s)
[2015.10.11-04.17.26:451][276]LogAIModule: Creating AISystem for world GrayboxLevel
[2015.10.11-04.17.26:451][276]LogPlayLevel: PIE: World Init took: (0.000605s)
[2015.10.11-04.17.26:451][276]LogPlayLevel: PIE: Created PIE world by copying editor world from /Game/GrayboxLevel.GrayboxLevel to /Game/UEDPIE_0_GrayboxLevel.GrayboxLevel (0.095020s)
[2015.10.11-04.17.26:465][276]LogInit: XAudio2 using 'Speakers (Realtek High Definition Audio)' : 2 channels at 48 kHz using 32 bits per sample (channel mask 0x3)
[2015.10.11-04.17.26:479][276]LogInit: FAudioDevice initialized.
[2015.10.11-04.17.26:514][276]LogWorld: Game class is 'FirstPersonGameMode_C'
[2015.10.11-04.17.26:545][276]LogWorld:Warning: *** WARNING - PATHS MAY NOT BE VALID ***
[2015.10.11-04.17.26:545][276]LogWorld: Bringing World /Game/UEDPIE_0_GrayboxLevel.GrayboxLevel up for play (max tick rate 0) at 2015.10.11-00.17.26
[2015.10.11-04.17.26:545][276]LogActor:Warning: GameSession /Game/UEDPIE_0_GrayboxLevel.GrayboxLevel:PersistentLevel.GameSession_2 has natively added scene component(s), but none of them were set as the actor's RootComponent - picking one arbitrarily
[2015.10.11-04.17.26:545][276]LogActor:Warning: GameNetworkManager /Game/UEDPIE_0_GrayboxLevel.GrayboxLevel:PersistentLevel.GameNetworkManager_2 has natively added scene component(s), but none of them were set as the actor's RootComponent - picking one arbitrarily
[2015.10.11-04.17.26:548][276]LogWorld: Bringing up level for play took: 0.033357
[2015.10.11-04.17.26:549][276]PIE: Info Play in editor start time for /Game/UEDPIE_0_GrayboxLevel -0.327
[2015.10.11-04.17.51:616][277]LogParticles: Destroying 0 GPU particle simulations for FXSystem 0x000000A5D8C3F1A0
[2015.10.11-04.18.08:604][307]LogEditorViewport: Clicking on Actor (LMB): StaticMeshActor (Cave2)
[2015.10.11-04.18.17:770][380]Cmd: TRANSACTION UNDO
[2015.10.11-04.18.17:770][380]LogEditorTransaction: Undo Move Actors
[2015.10.11-04.18.25:152][183]LogPlayLevel: PlayLevel: No blueprints needed recompiling
[2015.10.11-04.18.25:152][183]PIE: New page: PIE session: GrayboxLevel (Oct 10, 2015, 8:18:25 PM)
[2015.10.11-04.18.25:152][183]LogPlayLevel: Creating play world package: /Game/UEDPIE_0_GrayboxLevel
[2015.10.11-04.18.25:248][183]LogPlayLevel: PIE: StaticDuplicateObject took: (0.095592s)
[2015.10.11-04.18.25:249][183]LogAIModule: Creating AISystem for world GrayboxLevel
[2015.10.11-04.18.25:249][183]LogPlayLevel: PIE: World Init took: (0.000674s)
[2015.10.11-04.18.25:249][183]LogPlayLevel: PIE: Created PIE world by copying editor world from /Game/GrayboxLevel.GrayboxLevel to /Game/UEDPIE_0_GrayboxLevel.GrayboxLevel (0.096462s)
[2015.10.11-04.18.25:263][183]LogInit: XAudio2 using 'Speakers (Realtek High Definition Audio)' : 2 channels at 48 kHz using 32 bits per sample (channel mask 0x3)
[2015.10.11-04.18.25:277][183]LogInit: FAudioDevice initialized.
[2015.10.11-04.18.25:310][183]LogWorld: Game class is 'FirstPersonGameMode_C'
[2015.10.11-04.18.25:340][183]LogWorld:Warning: *** WARNING - PATHS MAY NOT BE VALID ***
[2015.10.11-04.18.25:340][183]LogWorld: Bringing World /Game/UEDPIE_0_GrayboxLevel.GrayboxLevel up for play (max tick rate 0) at 2015.10.11-00.18.25
[2015.10.11-04.18.25:340][183]LogActor:Warning: GameSession /Game/UEDPIE_0_GrayboxLevel.GrayboxLevel:PersistentLevel.GameSession_3 has natively added scene component(s), but none of them were set as the actor's RootComponent - picking one arbitrarily
[2015.10.11-04.18.25:340][183]LogActor:Warning: GameNetworkManager /Game/UEDPIE_0_GrayboxLevel.GrayboxLevel:PersistentLevel.GameNetworkManager_3 has natively added scene component(s), but none of them were set as the actor's RootComponent - picking one arbitrarily
[2015.10.11-04.18.25:343][183]LogWorld: Bringing up level for play took: 0.031645
[2015.10.11-04.18.25:344][183]PIE: Info Play in editor start time for /Game/UEDPIE_0_GrayboxLevel 0.469
[2015.10.11-04.18.53:305][528]LogParticles: Destroying 0 GPU particle simulations for FXSystem 0x000000A5ECB8E480
[2015.10.11-04.19.01:429][495]LogEditorViewport: Clicking on Actor (LMB): Landscape (Landscape1)
[2015.10.11-04.19.16:791][227]LogEditorViewport: Clicking on Actor (context menu): Landscape (Landscape1)
[2015.10.11-04.19.26:737][360]LogEditorViewport: Clicking on Actor (LMB): BP_AU_FootLib_C (BP_AU_FootLib8)
[2015.10.11-04.19.38:253][718]LogEditorViewport: Clicking on Actor (LMB): FirstPersonCharacter_C (FirstPersonCharacter)
[2015.10.11-04.21.53:249][880]LogPlayLevel: PlayLevel: No blueprints needed recompiling
[2015.10.11-04.21.53:249][880]PIE: New page: PIE session: GrayboxLevel (Oct 10, 2015, 8:21:53 PM)
[2015.10.11-04.21.53:249][880]LogPlayLevel: Creating play world package: /Game/UEDPIE_0_GrayboxLevel
[2015.10.11-04.21.53:344][880]LogPlayLevel: PIE: StaticDuplicateObject took: (0.094696s)
[2015.10.11-04.21.53:344][880]LogAIModule: Creating AISystem for world GrayboxLevel
[2015.10.11-04.21.53:345][880]LogPlayLevel: PIE: World Init took: (0.000713s)
[2015.10.11-04.21.53:345][880]LogPlayLevel: PIE: Created PIE world by copying editor world from /Game/GrayboxLevel.GrayboxLevel to /Game/UEDPIE_0_GrayboxLevel.GrayboxLevel (0.095667s)
[2015.10.11-04.21.53:385][880]LogInit: XAudio2 using 'Speakers (Realtek High Definition Audio)' : 2 channels at 48 kHz using 32 bits per sample (channel mask 0x3)
[2015.10.11-04.21.53:400][880]LogInit: FAudioDevice initialized.
[2015.10.11-04.21.53:432][880]LogWorld: Game class is 'FirstPersonGameMode_C'
[2015.10.11-04.21.53:462][880]LogWorld:Warning: *** WARNING - PATHS MAY NOT BE VALID ***
[2015.10.11-04.21.53:462][880]LogWorld: Bringing World /Game/UEDPIE_0_GrayboxLevel.GrayboxLevel up for play (max tick rate 0) at 2015.10.11-00.21.53
[2015.10.11-04.21.53:462][880]LogActor:Warning: GameSession /Game/UEDPIE_0_GrayboxLevel.GrayboxLevel:PersistentLevel.GameSession_4 has natively added scene component(s), but none of them were set as the actor's RootComponent - picking one arbitrarily
[2015.10.11-04.21.53:462][880]LogActor:Warning: GameNetworkManager /Game/UEDPIE_0_GrayboxLevel.GrayboxLevel:PersistentLevel.GameNetworkManager_4 has natively added scene component(s), but none of them were set as the actor's RootComponent - picking one arbitrarily
[2015.10.11-04.21.53:464][880]LogWorld: Bringing up level for play took: 0.031614
[2015.10.11-04.21.53:465][880]PIE: Info Play in editor start time for /Game/UEDPIE_0_GrayboxLevel 0.59
[2015.10.11-04.24.09:525][190]LogParticles: Destroying 0 GPU particle simulations for FXSystem 0x000000A5B6E36160
[2015.10.11-04.24.18:557][790]Cmd: OBJ SAVEPACKAGE PACKAGE="/Game/GrayboxLevel" FILE="../../../../../../GitHub/pipermqp/prodenv/ThePiedPiper/Content/GrayboxLevel.umap" SILENT=true AUTOSAVING=false KEEPDIRTY=false
[2015.10.11-04.24.19:794][790]LogSavePackage: Save=1214.470337ms
[2015.10.11-04.24.19:794][790]LogSavePackage: Moving '../../../../../../GitHub/pipermqp/prodenv/ThePiedPiper/Saved/GrayboxLevelD1CEC65047D0F5D8AA45E89ED7D42315.tmp' to '../../../../../../GitHub/pipermqp/prodenv/ThePiedPiper/Content/GrayboxLevel.umap'
[2015.10.11-04.24.19:796][790]LogSavePackage: Total save time: 1229.871981ms
[2015.10.11-04.24.19:796][790]LogSavePackage:Warning: Finished SavePackage ../../../../../../GitHub/pipermqp/prodenv/ThePiedPiper/Content/GrayboxLevel.umap
[2015.10.11-04.24.19:828][790]LogFileHelpers: Saving map 'GrayboxLevel' took 1.316
[2015.10.11-04.24.33:278][137]LogEditorViewport: Clicking on Actor (LMB): BP_PiedPiper_C (BP_PP_PiedPiper)
[2015.10.11-04.24.41:526][101]LogPlayLevel: PlayLevel: No blueprints needed recompiling
[2015.10.11-04.24.41:526][101]PIE: New page: PIE session: GrayboxLevel (Oct 10, 2015, 8:24:41 PM)
[2015.10.11-04.24.41:526][101]LogPlayLevel: Creating play world package: /Game/UEDPIE_0_GrayboxLevel
[2015.10.11-04.24.41:625][101]LogPlayLevel: PIE: StaticDuplicateObject took: (0.099462s)
[2015.10.11-04.24.41:626][101]LogAIModule: Creating AISystem for world GrayboxLevel
[2015.10.11-04.24.41:626][101]LogPlayLevel: PIE: World Init took: (0.000640s)
[2015.10.11-04.24.41:626][101]LogPlayLevel: PIE: Created PIE world by copying editor world from /Game/GrayboxLevel.GrayboxLevel to /Game/UEDPIE_0_GrayboxLevel.GrayboxLevel (0.100335s)
[2015.10.11-04.24.41:644][101]LogInit: XAudio2 using 'Speakers (Realtek High Definition Audio)' : 2 channels at 48 kHz using 32 bits per sample (channel mask 0x3)
[2015.10.11-04.24.41:659][101]LogInit: FAudioDevice initialized.
[2015.10.11-04.24.41:694][101]LogWorld: Game class is 'FirstPersonGameMode_C'
[2015.10.11-04.24.41:726][101]LogWorld:Warning: *** WARNING - PATHS MAY NOT BE VALID ***
[2015.10.11-04.24.41:726][101]LogWorld: Bringing World /Game/UEDPIE_0_GrayboxLevel.GrayboxLevel up for play (max tick rate 0) at 2015.10.11-00.24.41
[2015.10.11-04.24.41:726][101]LogActor:Warning: GameSession /Game/UEDPIE_0_GrayboxLevel.GrayboxLevel:PersistentLevel.GameSession_5 has natively added scene component(s), but none of them were set as the actor's RootComponent - picking one arbitrarily
[2015.10.11-04.24.41:726][101]LogActor:Warning: GameNetworkManager /Game/UEDPIE_0_GrayboxLevel.GrayboxLevel:PersistentLevel.GameNetworkManager_5 has natively added scene component(s), but none of them were set as the actor's RootComponent - picking one arbitrarily
[2015.10.11-04.24.41:729][101]LogWorld: Bringing up level for play took: 0.032269
[2015.10.11-04.24.41:730][101]PIE: Info Play in editor start time for /Game/UEDPIE_0_GrayboxLevel 0.855
[2015.10.11-04.26.23:574][306]LogParticles: Destroying 0 GPU particle simulations for FXSystem 0x000000A5ECB8D8A0
[2015.10.11-04.26.34:378][592]LogEditorViewport: Clicking on Actor (LMB): Landscape (Landscape1)
[2015.10.11-04.26.38:430][ 63]LogMaterial: 0.004985 seconds spent updating 1 materials, 1 interfaces, 1 instances, 1 with static permutations.
[2015.10.11-04.26.38:448][ 63]LogMaterial: 0.004820 seconds spent updating 1 materials, 1 interfaces, 1 instances, 1 with static permutations.
[2015.10.11-04.26.38:450][ 63]LogTexture:Display: Building textures: Texture2D_2 (G8)
[2015.10.11-04.27.34:801][612]Cmd: TRANSACTION UNDO
[2015.10.11-04.27.34:801][612]LogEditorTransaction: Undo Landscape Editing: Flatten
[2015.10.11-04.27.34:804][612]LogTexture:Display: Building textures: Texture2D_654 (BGRA8)
[2015.10.11-04.27.34:804][612]LogTexture:Display: Building textures: Texture2D_793 (BGRA8)
[2015.10.11-04.27.34:807][612]LogTexture:Display: Building textures: Texture2D_655 (BGRA8)
[2015.10.11-04.27.34:807][612]LogTexture:Display: Building textures: Texture2D_795 (BGRA8)
[2015.10.11-04.27.34:816][612]PIE:Warning: Warning AttachTo: '/Game/GrayboxLevel.GrayboxLevel:PersistentLevel.LandscapeGizmoActiveActor2.GizmoRendererComponent0' is not static , cannot attach '/Game/GrayboxLevel.GrayboxLevel:PersistentLevel.LandscapeGizmoActiveActor2.RootComponent0' which is static to it. Aborting.
[2015.10.11-04.27.39:876][181]Cmd: TRANSACTION UNDO
[2015.10.11-04.27.39:876][181]LogEditorTransaction: Undo Landscape Editing: Flatten
[2015.10.11-04.27.39:879][181]LogTexture:Display: Building textures: Texture2D_654 (BGRA8)
[2015.10.11-04.27.39:887][181]PIE:Warning: Warning AttachTo: '/Game/GrayboxLevel.GrayboxLevel:PersistentLevel.LandscapeGizmoActiveActor2.GizmoRendererComponent0' is not static , cannot attach '/Game/GrayboxLevel.GrayboxLevel:PersistentLevel.LandscapeGizmoActiveActor2.RootComponent0' which is static to it. Aborting.
[2015.10.11-04.27.55:116][931]LogEditorViewport: Clicking on Actor (double click): Landscape (Landscape1)
[2015.10.11-04.28.49:577][439]LogEditorViewport: Clicking on Actor (double click): Landscape (Landscape1)
[2015.10.11-04.28.54:588][ 35]LogEditorViewport: Clicking on Actor (double click): Landscape (Landscape1)
[2015.10.11-04.28.58:151][462]Cmd: TRANSACTION UNDO
[2015.10.11-04.28.58:151][462]LogEditorTransaction: Undo Landscape Editing: Paint
[2015.10.11-04.28.58:153][462]LogTexture:Display: Building textures: Texture2D_52 (BGRA8)
[2015.10.11-04.28.58:154][462]LogTexture:Display: Building textures: Texture2D_61 (BGRA8)
[2015.10.11-04.28.58:154][462]LogTexture:Display: Building textures: Texture2D_53 (BGRA8)
[2015.10.11-04.28.58:155][462]LogTexture:Display: Building textures: Texture2D_55 (BGRA8)
[2015.10.11-04.29.48:968][490]Cmd: OBJ SAVEPACKAGE PACKAGE="/Game/GrayboxLevel" FILE="../../../../../../GitHub/pipermqp/prodenv/ThePiedPiper/Content/GrayboxLevel.umap" SILENT=true AUTOSAVING=false KEEPDIRTY=false
[2015.10.11-04.29.49:016][490]LogTexture:Display: Building textures: Texture2D_52 (BGRA8)
[2015.10.11-04.29.49:016][490]LogTexture:Display: Building textures: Texture2D_653 (BGRA8)
[2015.10.11-04.29.49:017][490]LogTexture:Display: Building textures: Texture2D_61 (BGRA8)
[2015.10.11-04.29.49:017][490]LogTexture:Display: Building textures: Texture2D_654 (BGRA8)
[2015.10.11-04.29.49:018][490]LogTexture:Display: Building textures: Texture2D_53 (BGRA8)
[2015.10.11-04.29.49:019][490]LogTexture:Display: Building textures: Texture2D_791 (BGRA8)
[2015.10.11-04.29.49:020][490]LogTexture:Display: Building textures: Texture2D_55 (BGRA8)
[2015.10.11-04.29.49:020][490]LogTexture:Display: Building textures: Texture2D_793 (BGRA8)
[2015.10.11-04.29.49:937][490]LogSavePackage: Save=943.635803ms
[2015.10.11-04.29.49:937][490]LogSavePackage: Moving '../../../../../../GitHub/pipermqp/prodenv/ThePiedPiper/Saved/GrayboxLevelE6CFA59647EFB138B5B7E6BF4B3F7848.tmp' to '../../../../../../GitHub/pipermqp/prodenv/ThePiedPiper/Content/GrayboxLevel.umap'
[2015.10.11-04.29.49:940][490]LogSavePackage: Total save time: 960.162513ms
[2015.10.11-04.29.49:940][490]LogSavePackage:Warning: Finished SavePackage ../../../../../../GitHub/pipermqp/prodenv/ThePiedPiper/Content/GrayboxLevel.umap
[2015.10.11-04.29.49:973][490]LogFileHelpers: Saving map 'GrayboxLevel' took 1.053
[2015.10.11-04.30.32:183][482]Cmd: OBJ SAVEPACKAGE PACKAGE="/Game/GrayboxLevel" FILE="../../../../../../GitHub/pipermqp/prodenv/ThePiedPiper/Content/GrayboxLevel.umap" SILENT=true AUTOSAVING=false KEEPDIRTY=false
[2015.10.11-04.30.32:215][482]LogTexture:Display: Building textures: Texture2D_19 (BGRA8)
[2015.10.11-04.30.32:216][482]LogTexture:Display: Building textures: Texture2D_23 (BGRA8)
[2015.10.11-04.30.32:216][482]LogTexture:Display: Building textures: Texture2D_22 (BGRA8)
[2015.10.11-04.30.32:217][482]LogTexture:Display: Building textures: Texture2D_610 (BGRA8)
[2015.10.11-04.30.32:218][482]LogTexture:Display: Building textures: Texture2D_612 (BGRA8)
[2015.10.11-04.30.32:219][482]LogTexture:Display: Building textures: Texture2D_614 (BGRA8)
[2015.10.11-04.30.32:220][482]LogTexture:Display: Building textures: Texture2D_616 (BGRA8)
[2015.10.11-04.30.32:220][482]LogTexture:Display: Building textures: Texture2D_25 (BGRA8)
[2015.10.11-04.30.32:221][482]LogTexture:Display: Building textures: Texture2D_618 (BGRA8)
[2015.10.11-04.30.32:221][482]LogTexture:Display: Building textures: Texture2D_1039 (BGRA8)
[2015.10.11-04.30.32:222][482]LogTexture:Display: Building textures: Texture2D_1040 (BGRA8)
[2015.10.11-04.30.32:222][482]LogTexture:Display: Building textures: Texture2D_20 (BGRA8)
[2015.10.11-04.30.32:223][482]LogTexture:Display: Building textures: Texture2D_626 (BGRA8)
[2015.10.11-04.30.32:223][482]LogTexture:Display: Building textures: Texture2D_628 (BGRA8)
[2015.10.11-04.30.32:224][482]LogTexture:Display: Building textures: Texture2D_630 (BGRA8)
[2015.10.11-04.30.32:224][482]LogTexture:Display: Building textures: Texture2D_632 (BGRA8)
[2015.10.11-04.30.32:225][482]LogTexture:Display: Building textures: Texture2D_634 (BGRA8)
[2015.10.11-04.30.32:225][482]LogTexture:Display: Building textures: Texture2D_26 (BGRA8)
[2015.10.11-04.30.32:226][482]LogTexture:Display: Building textures: Texture2D_1063 (BGRA8)
[2015.10.11-04.30.32:226][482]LogTexture:Display: Building textures: Texture2D_27 (BGRA8)
[2015.10.11-04.30.32:227][482]LogTexture:Display: Building textures: Texture2D_1064 (BGRA8)
[2015.10.11-04.30.32:227][482]LogTexture:Display: Building textures: Texture2D_54 (BGRA8)
[2015.10.11-04.30.32:228][482]LogTexture:Display: Building textures: Texture2D_642 (BGRA8)
[2015.10.11-04.30.32:228][482]LogTexture:Display: Building textures: Texture2D_21 (BGRA8)
[2015.10.11-04.30.32:229][482]LogTexture:Display: Building textures: Texture2D_644 (BGRA8)
[2015.10.11-04.30.32:230][482]LogTexture:Display: Building textures: Texture2D_646 (BGRA8)
[2015.10.11-04.30.32:230][482]LogTexture:Display: Building textures: Texture2D_648 (BGRA8)
[2015.10.11-04.30.32:231][482]LogTexture:Display: Building textures: Texture2D_650 (BGRA8)
[2015.10.11-04.30.32:231][482]LogTexture:Display: Building textures: Texture2D_1071 (BGRA8)
[2015.10.11-04.30.32:232][482]LogTexture:Display: Building textures: Texture2D_1072 (BGRA8)
[2015.10.11-04.30.32:232][482]LogTexture:Display: Building textures: Texture2D_52 (BGRA8)
[2015.10.11-04.30.32:232][482]LogTexture:Display: Building textures: Texture2D_653 (BGRA8)
[2015.10.11-04.30.32:233][482]LogTexture:Display: Building textures: Texture2D_61 (BGRA8)
[2015.10.11-04.30.32:234][482]LogTexture:Display: Building textures: Texture2D_654 (BGRA8)
[2015.10.11-04.30.32:234][482]LogTexture:Display: Building textures: Texture2D_655 (BGRA8)
[2015.10.11-04.30.32:235][482]LogTexture:Display: Building textures: Texture2D_28 (BGRA8)
[2015.10.11-04.30.32:235][482]LogTexture:Display: Building textures: Texture2D_656 (BGRA8)
[2015.10.11-04.30.32:236][482]LogTexture:Display: Building textures: Texture2D_657 (BGRA8)
[2015.10.11-04.30.32:236][482]LogTexture:Display: Building textures: Texture2D_658 (BGRA8)
[2015.10.11-04.30.32:237][482]LogTexture:Display: Building textures: Texture2D_1079 (BGRA8)
[2015.10.11-04.30.32:237][482]LogTexture:Display: Building textures: Texture2D_35 (BGRA8)
[2015.10.11-04.30.32:238][482]LogTexture:Display: Building textures: Texture2D_1080 (BGRA8)
[2015.10.11-04.30.32:239][482]LogTexture:Display: Building textures: Texture2D_55 (BGRA8)
[2015.10.11-04.30.33:180][482]LogSavePackage: Save=985.588318ms
[2015.10.11-04.30.33:180][482]LogSavePackage: Moving '../../../../../../GitHub/pipermqp/prodenv/ThePiedPiper/Saved/GrayboxLevel80F5563E47731DA67E4824BD14A18780.tmp' to '../../../../../../GitHub/pipermqp/prodenv/ThePiedPiper/Content/GrayboxLevel.umap'
[2015.10.11-04.30.33:183][482]LogSavePackage: Total save time: 989.349604ms
[2015.10.11-04.30.33:183][482]LogSavePackage:Warning: Finished SavePackage ../../../../../../GitHub/pipermqp/prodenv/ThePiedPiper/Content/GrayboxLevel.umap
[2015.10.11-04.30.33:215][482]LogFileHelpers: Saving map 'GrayboxLevel' took 1.077
[2015.10.11-04.31.25:265][497]Cmd: TRANSACTION UNDO
[2015.10.11-04.31.25:265][497]LogEditorTransaction: Undo Landscape Editing: Sculpt
[2015.10.11-04.31.25:283][497]LogTexture:Display: Building textures: Texture2D_654 (BGRA8)
[2015.10.11-04.31.25:284][497]LogTexture:Display: Building textures: Texture2D_793 (BGRA8)
[2015.10.11-04.31.25:286][497]LogTexture:Display: Building textures: Texture2D_655 (BGRA8)
[2015.10.11-04.31.25:287][497]LogTexture:Display: Building textures: Texture2D_795 (BGRA8)
[2015.10.11-04.31.32:849][317]Cmd: OBJ SAVEPACKAGE PACKAGE="/Game/GrayboxLevel" FILE="../../../../../../GitHub/pipermqp/prodenv/ThePiedPiper/Content/GrayboxLevel.umap" SILENT=true AUTOSAVING=false KEEPDIRTY=false
[2015.10.11-04.31.32:884][317]LogTexture:Display: Building textures: Texture2D_54 (BGRA8)
[2015.10.11-04.31.32:885][317]LogTexture:Display: Building textures: Texture2D_642 (BGRA8)
[2015.10.11-04.31.32:886][317]LogTexture:Display: Building textures: Texture2D_21 (BGRA8)
[2015.10.11-04.31.32:886][317]LogTexture:Display: Building textures: Texture2D_644 (BGRA8)
[2015.10.11-04.31.32:887][317]LogTexture:Display: Building textures: Texture2D_61 (BGRA8)
[2015.10.11-04.31.32:887][317]LogTexture:Display: Building textures: Texture2D_654 (BGRA8)
[2015.