[2015.10.06-05.03.38:002][  0]Log file open, 10/06/15 01:03:38
[2015.10.06-05.03.38:002][  0]LogInit:Display: Running engine for game: ThePiedPiper
[2015.10.06-05.03.38:002][  0]LogInit:Display: RandInit(1835056823) SRandInit(1835056824).
[2015.10.06-05.03.38:002][  0]LogTaskGraph: Started task graph with 4 named threads and 7 total threads.
[2015.10.06-05.03.38:002][  0]LogStats: Stats thread started at 0.066154
[2015.10.06-05.03.38:002][  0]LogInit: Version: 4.9.1-2689999+++depot+UE4-Releases+4.9
[2015.10.06-05.03.38:002][  0]LogInit: API Version: 2672455
[2015.10.06-05.03.38:002][  0]LogInit: Compiled (64-bit): Sep 14 2015 04:12:03
[2015.10.06-05.03.38:002][  0]LogInit: Compiled with Visual C++: 18.00.21005.01
[2015.10.06-05.03.38:002][  0]LogInit: Build Configuration: Development
[2015.10.06-05.03.38:002][  0]LogInit: Branch Name: ++depot+UE4-Releases+4.9
[2015.10.06-05.03.38:002][  0]LogInit: Command line: 
[2015.10.06-05.03.38:002][  0]LogInit: Base directory: H:/Program Files/Epic Games/4.9/Engine/Binaries/Win64/
[2015.10.06-05.03.38:002][  0]LogInit: Rocket: 1
[2015.10.06-05.03.38:007][  0]LogInit: Using libcurl 7.41.0
[2015.10.06-05.03.38:007][  0]LogInit:  - built for x86_64-pc-win32
[2015.10.06-05.03.38:007][  0]LogInit:  - supports SSL with WinSSL
[2015.10.06-05.03.38:007][  0]LogInit:  - other features:
[2015.10.06-05.03.38:007][  0]LogInit:      CURL_VERSION_SSL
[2015.10.06-05.03.38:007][  0]LogInit:      CURL_VERSION_IPV6
[2015.10.06-05.03.38:007][  0]LogInit:      CURL_VERSION_ASYNCHDNS
[2015.10.06-05.03.38:007][  0]LogInit:      CURL_VERSION_LARGEFILE
[2015.10.06-05.03.38:007][  0]LogInit:      CURL_VERSION_IDN
[2015.10.06-05.03.38:007][  0]LogInit:  CurlRequestOptions (configurable via config and command line):
[2015.10.06-05.03.38:007][  0]LogInit:  - bVerifyPeer = true  - Libcurl will verify peer certificate
[2015.10.06-05.03.38:007][  0]LogInit:  - bUseHttpProxy = false  - Libcurl will NOT use HTTP proxy
[2015.10.06-05.03.38:007][  0]LogInit:  - bDontReuseConnections = false  - Libcurl will reuse connections
[2015.10.06-05.03.38:007][  0]LogInit:  - CertBundlePath = nullptr  - Libcurl will use whatever was configured at build time.
[2015.10.06-05.03.38:011][  0]LogInit: Presizing for 0 objects not considered by GC, pre-allocating 0 bytes.
[2015.10.06-05.03.38:015][  0]LogInit: Object subsystem initialized
[2015.10.06-05.03.38:016][  0]LogInit: Selected Device Profile: [Windows]
[2015.10.06-05.03.38:016][  0]LogInit: Applying CVar settings loaded from the selected device profile: [Windows]
[2015.10.06-05.03.38:023][  0]LogInit: Computer: BAE
[2015.10.06-05.03.38:023][  0]LogInit: User: Jeff
[2015.10.06-05.03.38:023][  0]LogInit: CPU Page size=4096, Cores=4
[2015.10.06-05.03.38:023][  0]LogInit: High frequency timer resolution =3.903986 MHz
[2015.10.06-05.03.38:023][  0]LogMemory: Memory total: Physical=23.9GB (24GB approx)
[2015.10.06-05.03.38:023][  0]LogMemory: Platform Memory Stats for Windows
[2015.10.06-05.03.38:023][  0]LogMemory: Process Physical Memory: 54.03 MB used, 54.03 MB peak
[2015.10.06-05.03.38:023][  0]LogMemory: Process Virtual Memory: 55.36 MB used, 55.36 MB peak
[2015.10.06-05.03.38:023][  0]LogMemory: Physical Memory: 8573.93 MB used, 24516.47 MB total
[2015.10.06-05.03.38:023][  0]LogMemory: Virtual Memory: 365.35 MB used, 134217728.00 MB total
[2015.10.06-05.03.38:047][  0]LogTextLocalizationManager: No specific translations for ('en-US') exist, so ('en') translations will be used.
[2015.10.06-05.03.38:585][  0]LogD3D11RHI: Found D3D11 adapter 0: NVIDIA GeForce GTX 970 (Feature Level 11_0)
[2015.10.06-05.03.38:585][  0]LogD3D11RHI: Adapter has 4008MB of dedicated video memory, 0MB of dedicated system memory, and 12258MB of shared system memory, 2 output[s]
[2015.10.06-05.03.38:586][  0]LogD3D11RHI: Found D3D11 adapter 1: Microsoft Basic Render Driver (Feature Level 11_0)
[2015.10.06-05.03.38:586][  0]LogD3D11RHI: Adapter has 0MB of dedicated video memory, 0MB of dedicated system memory, and 12258MB of shared system memory, 0 output[s]
[2015.10.06-05.03.38:586][  0]LogD3D11RHI: Chosen D3D11 Adapter Id = 0
[2015.10.06-05.03.38:590][  0]LogD3D11RHI: !Direct3DDevice
[2015.10.06-05.03.38:590][  0]LogRHI: Texture pool is 1361 MB (70% of 1945 MB)
[2015.10.06-05.03.38:601][  0]LogD3D11RHI: Async texture creation enabled
[2015.10.06-05.03.38:616][  0]LogShaderCompilers: Guid format shader working directory is 14 characters bigger than the processId version (../../../../../../GitHub/pipermqp/prodenv/ThePiedPiper/Intermediate/Shaders/WorkingDirectory/13440/).
[2015.10.06-05.03.38:616][  0]LogShaderCompilers: Cleaned the shader compiler working directory '../../../../../../GitHub/pipermqp/prodenv/ThePiedPiper/Intermediate/Shaders/tmp/550B892E449040CA1EF6AFBA03DED96F/'.
[2015.10.06-05.03.38:616][  0]LogShaderCompilers:Display: Using Local Shader Compiler.
[2015.10.06-05.03.39:333][  0]LogTemp:Display: Loaded TP AllDesktopTargetPlatform
[2015.10.06-05.03.39:336][  0]LogTemp:Display: Loaded TP WindowsClientTargetPlatform
[2015.10.06-05.03.39:339][  0]LogTemp:Display: Loaded TP WindowsNoEditorTargetPlatform
[2015.10.06-05.03.39:342][  0]LogTemp:Display: Loaded TP WindowsServerTargetPlatform
[2015.10.06-05.03.39:345][  0]LogTemp:Display: Loaded TP WindowsTargetPlatform
[2015.10.06-05.03.39:347][  0]LogTemp:Display: Loaded TP AndroidTargetPlatform
[2015.10.06-05.03.39:349][  0]LogTemp:Display: Loaded TP Android_ASTCTargetPlatform
[2015.10.06-05.03.39:351][  0]LogTemp:Display: Loaded TP Android_ATCTargetPlatform
[2015.10.06-05.03.39:353][  0]LogTemp:Display: Loaded TP Android_DXTTargetPlatform
[2015.10.06-05.03.39:355][  0]LogTemp:Display: Loaded TP Android_ETC1TargetPlatform
[2015.10.06-05.03.39:357][  0]LogTemp:Display: Loaded TP Android_ETC2TargetPlatform
[2015.10.06-05.03.39:359][  0]LogTemp:Display: Loaded TP Android_PVRTCTargetPlatform
[2015.10.06-05.03.39:359][  0]LogTemp:Display: Loaded TP HTML5TargetPlatform
[2015.10.06-05.03.39:374][  0]LogTemp:Display: Loaded TP IOSTargetPlatform
[2015.10.06-05.03.39:376][  0]LogTemp:Display: Loaded TP LinuxNoEditorTargetPlatform
[2015.10.06-05.03.39:379][  0]LogTemp:Display: Loaded TP LinuxServerTargetPlatform
[2015.10.06-05.03.39:382][  0]LogTemp:Display: Loaded TP LinuxTargetPlatform
[2015.10.06-05.03.39:382][  0]LogTargetPlatformManager:Display: Building Assets For Windows
[2015.10.06-05.03.39:425][  0]LogDerivedDataCache:Display: Max Cache Size: 512 MB
[2015.10.06-05.03.39:458][  0]LogDerivedDataCache: Loaded boot cache 0.03s 41MB C:/Users/Jeff/AppData/Local/UnrealEngine/4.9/DerivedDataCache/Boot.ddc.
[2015.10.06-05.03.39:458][  0]LogDerivedDataCache:Display: Loaded Boot cache: C:/Users/Jeff/AppData/Local/UnrealEngine/4.9/DerivedDataCache/Boot.ddc
[2015.10.06-05.03.39:458][  0]LogDerivedDataCache: FDerivedDataBackendGraph:  Pak pak cache file ../../../../../../GitHub/pipermqp/prodenv/ThePiedPiper/DerivedDataCache/DDC.ddp not found, will not use a pak cache.
[2015.10.06-05.03.39:458][  0]LogDerivedDataCache: Unable to find inner node Pak for hierarchical cache Hierarchy.
[2015.10.06-05.03.39:458][  0]LogDerivedDataCache: FDerivedDataBackendGraph:  CompressedPak pak cache file ../../../../../../GitHub/pipermqp/prodenv/ThePiedPiper/DerivedDataCache/Compressed.ddp not found, will not use a pak cache.
[2015.10.06-05.03.39:458][  0]LogDerivedDataCache: Unable to find inner node CompressedPak for hierarchical cache Hierarchy.
[2015.10.06-05.03.39:559][  0]LogDerivedDataCache:Display: Pak cache opened for reading ../../../Engine/DerivedDataCache/Compressed.ddp.
[2015.10.06-05.03.39:571][  0]LogDerivedDataCache: Using Local data cache path C:/Users/Jeff/AppData/Local/UnrealEngine/Common/DerivedDataCache: Writable
[2015.10.06-05.03.39:689][  0]LogInit: Selected Device Profile: [Windows]
[2015.10.06-05.03.39:690][  0]LogContentStreaming: Texture pool size is 0.000000MB
[2015.10.06-05.03.39:767][  0]LogMeshUtilities: No automatic mesh reduction module available
[2015.10.06-05.03.39:767][  0]LogMeshUtilities: No automatic mesh merging module available
[2015.10.06-05.03.39:922][  0]LogInit: WinSock: version 1.1 (2.2), MaxSocks=32767, MaxUdp=65467
[2015.10.06-05.03.40:375][  0]UdpMessaging: Initializing bridge on interface 0.0.0.0:0 to multicast group 230.0.0.1:6666.
[2015.10.06-05.03.40:460][  0]LogAssetRegistry: FAssetRegistry took 0.0105 seconds to start up
[2015.10.06-05.03.40:553][  0]SourceControl: Info Source control is disabled
[2015.10.06-05.03.40:705][  0]LogLinker:Warning: Asset '../../../Engine/Plugins/Runtime/LeapMotionController/Content/LM_PassthroughMaterial.uasset' has been saved with empty engine version. The asset will be loaded but may be incompatible.
[2015.10.06-05.03.40:746][  0]LogObj: 28361 objects as part of root set at end of initial load.
[2015.10.06-05.03.40:746][  0]LogUObjectAllocator: 6038864 out of 0 bytes used by permanent object pool.
[2015.10.06-05.03.40:787][  0]LogEngine: Initializing Engine...
[2015.10.06-05.03.40:788][  0]LogHMD: Can't find Oculus library dev build: is proper Runtime installed? Version: 0.7.0.0
[2015.10.06-05.03.40:793][  0]LogHMD: SteamVR failed to initialize.  Err: 108
[2015.10.06-05.03.40:879][  0]LogAIModule: Creating AISystem for world NewWorld
[2015.10.06-05.03.40:884][  0]LogInit: XAudio2 using 'Speakers (ASTRO Gaming USB MixAmp)' : 2 channels at 44.1 kHz using 16 bits per sample (channel mask 0x3)
[2015.10.06-05.03.40:888][  0]LogInit: FAudioDevice initialized.
[2015.10.06-05.03.40:906][  0]LogDerivedDataCache: Saved boot cache 0.02s 41MB C:/Users/Jeff/AppData/Local/UnrealEngine/4.9/DerivedDataCache/Boot.ddc.
[2015.10.06-05.03.40:910][  0]LogInit: Texture streaming: Enabled
[2015.10.06-05.03.40:913][  0]LogAnalytics: Creating configured Analytics provider AnalyticsET
[2015.10.06-05.03.40:913][  0]LogAnalytics: [UEEditor.Rocket.Release] APIServer = http://et2.epicgames.com/ET2/. AppVersion = 4.9.1-2689999+++depot+UE4-Releases+4.9
[2015.10.06-05.03.40:913][  0]LogAnalytics: [UEEditor.Rocket.Release] SetUserId 273aaf39449f8fada2c1538daad7ab65|0221e6425d4c49ff85f47cde75a6cd00|d6b3f0e4-a65b-4aee-aa1a-d77f97d8b005
[2015.10.06-05.03.40:913][  0]LogAnalytics: [UEEditor.Rocket.Release] AnalyticsET::StartSession
[2015.10.06-05.03.40:934][  0]LogInit: Transaction tracking system initialized
[2015.10.06-05.03.40:949][  0]BlueprintLog: New page: Editor Load
[2015.10.06-05.03.40:989][  0]LocalizationService: Info Localization service is disabled
[2015.10.06-05.03.41:020][  0]LogLinker:Warning: Can't find file '/Game/FirstPersonBP/FirstPersonOverview'
[2015.10.06-05.03.41:021][  0]LogLinker:Warning: Can't find file '/Game/FirstPersonBP/FirstPersonOverview'
[2015.10.06-05.03.41:021][  0]LogUObjectGlobals:Warning: Failed to find object 'Class /Game/FirstPersonBP/FirstPersonOverview.FirstPersonOverview_C'
[2015.10.06-05.03.41:031][  0]LogConsoleResponse:Display: 
[2015.10.06-05.03.41:113][  0]LogCook:Display: Done creating registry. It took  0.00s.
[2015.10.06-05.03.41:168][  0]LogFileCache: Scanning file cache for directory 'H:/GitHub/pipermqp/prodenv/ThePiedPiper/Content/' took 0.01s
[2015.10.06-05.03.41:168][  0]Cmd: MAP LOAD FILE="../../../../../../GitHub/pipermqp/prodenv/ThePiedPiper/Content/FirstPersonBP/Maps/FirstPersonExampleMap.umap" TEMPLATE=0 SHOWPROGRESS=1 FEATURELEVEL=3
[2015.10.06-05.03.41:168][  0]LogEditorServer:Warning: Can't find file '../../../../../../GitHub/pipermqp/prodenv/ThePiedPiper/Content/FirstPersonBP/Maps/FirstPersonExampleMap.umap'
[2015.10.06-05.03.41:168][  0]Cmd: MAP CHECKDEP NOCLEARLOG
[2015.10.06-05.03.41:193][  0]MapCheck: Info Map check complete: 0 Error(s), 0 Warning(s), took 24.553ms to complete.
[2015.10.06-05.03.41:193][  0]LogFileHelpers: Loading map 'FirstPersonExampleMap' took 0.025
[2015.10.06-05.03.41:290][  0]LogCollectionManager: Loaded 0 collections in 0.000886 seconds
[2015.10.06-05.03.41:328][  0]LogFileCache: Scanning file cache for directory 'H:/GitHub/pipermqp/prodenv/ThePiedPiper/Saved/Collections/' took 0.01s
[2015.10.06-05.03.41:328][  0]LogFileCache: Scanning file cache for directory 'H:/GitHub/pipermqp/prodenv/ThePiedPiper/Content/Developers/Jeff/Collections/' took 0.01s
[2015.10.06-05.03.41:328][  0]LogFileCache: Scanning file cache for directory 'H:/GitHub/pipermqp/prodenv/ThePiedPiper/Content/Collections/' took 0.01s
[2015.10.06-05.03.41:328][  0]LogContentBrowser: Native class hierarchy populated in 0.0050 seconds. Added 1867 classes and 333 folders.
[2015.10.06-05.03.41:333][  0]LogCollectionManager: Rebuilt the GUID cache for 0 collections in 0.000002 seconds
[2015.10.06-05.03.41:336][  0]LogContentBrowser: Native class hierarchy updated for 'WidgetCarousel' in 0.0002 seconds. Added 0 classes and 0 folders.
[2015.10.06-05.03.41:361][  0]LogContentBrowser: Native class hierarchy updated for 'AddContentDialog' in 0.0002 seconds. Added 0 classes and 0 folders.
[2015.10.06-05.03.41:363][  0]LogContentBrowser: Native class hierarchy updated for 'SceneOutliner' in 0.0002 seconds. Added 1 classes and 2 folders.
[2015.10.06-05.03.41:381][  0]LogCrashTracker: Crashtracker disabled due to settings.
[2015.10.06-05.03.41:386][  0]LogUObjectGlobals:Warning: Failed to find object 'Class None.'
[2015.10.06-05.03.41:408][  0]LogLoad: Full Startup: 3.78 seconds (BP compile: 0.00 seconds)
[2015.10.06-05.03.41:450][  0]SourceControl: Info On branch art
[2015.10.06-05.03.41:450][  0]SourceControl: Info Your branch is up-to-date with 'origin/art'.
[2015.10.06-05.03.41:450][  0]SourceControl: Info Changes not staged for commit:
[2015.10.06-05.03.41:450][  0]SourceControl: Info   (use "git add <file>..." to update what will be committed)
[2015.10.06-05.03.41:450][  0]SourceControl: Info   (use "git checkout -- <file>..." to discard changes in working directory)
[2015.10.06-05.03.41:450][  0]SourceControl: Info 	modified:   prodenv/ThePiedPiper/Intermediate/CachedAssetRegistry.bin
[2015.10.06-05.03.41:450][  0]SourceControl: Info 	modified:   prodenv/ThePiedPiper/Saved/AutoScreenshot.png
[2015.10.06-05.03.41:450][  0]SourceControl: Info 	modified:   prodenv/ThePiedPiper/Saved/Autosaves/PackageRestoreData.json
[2015.10.06-05.03.41:450][  0]SourceControl: Info 	modified:   prodenv/ThePiedPiper/Saved/Config/Windows/Editor.ini
[2015.10.06-05.03.41:450][  0]SourceControl: Info 	modified:   prodenv/ThePiedPiper/Saved/Config/Windows/EditorPerProjectUserSettings.ini
[2015.10.06-05.03.41:450][  0]SourceControl: Info 	modified:   prodenv/ThePiedPiper/Saved/Config/Windows/Engine.ini
[2015.10.06-05.03.41:450][  0]SourceControl: Info 	modified:   prodenv/ThePiedPiper/Saved/Logs/ThePiedPiper.log
[2015.10.06-05.03.41:450][  0]SourceControl: Info Untracked files:
[2015.10.06-05.03.41:450][  0]SourceControl: Info   (use "git add <file>..." to include in what will be committed)
[2015.10.06-05.03.41:450][  0]SourceControl: Info 	prodenv/ThePiedPiper/Saved/Logs/ThePiedPiper-backup-2015.10.05-04.16.51.log
[2015.10.06-05.03.41:450][  0]SourceControl: Info 	prodenv/ThePiedPiper/Saved/Logs/ThePiedPiper-backup-2015.10.06-00.50.16.log
[2015.10.06-05.03.41:450][  0]SourceControl: Info 	prodenv/ThePiedPiper/Saved/Logs/ThePiedPiper-backup-2015.10.06-00.57.44.log
[2015.10.06-05.03.41:451][  0]SourceControl: Info 	prodenv/ThePiedPiper/Saved/Logs/ThePiedPiper-backup-2015.10.06-01.01.52.log
[2015.10.06-05.03.41:451][  0]SourceControl: Info 	prodenv/ThePiedPiper/Saved/Logs/ThePiedPiper-backup-2015.10.06-01.02.22.log
[2015.10.06-05.03.41:451][  0]SourceControl: Info 	prodenv/ThePiedPiper/Saved/Logs/ThePiedPiper-backup-2015.10.06-01.03.37.log
[2015.10.06-05.03.41:451][  0]SourceControl: Info 	prodenv/ThePiedPiper/Saved/Logs/ThePiedPiper_2.log
[2015.10.06-05.03.41:451][  0]SourceControl: Info 	prodenv/ThePiedPiper/Saved/Logs/UE4CC-Windows-0249F7564D59ED77C3C3E9807C253297/
[2015.10.06-05.03.41:451][  0]SourceControl: Info 	prodenv/ThePiedPiper/Saved/Logs/UE4CC-Windows-13825445417435CF3B5C658A3A30B634/
[2015.10.06-05.03.41:451][  0]SourceControl: Info 	prodenv/ThePiedPiper/Saved/Logs/UE4CC-Windows-6945CBDE443202B968369A9F53590618/
[2015.10.06-05.03.41:451][  0]SourceControl: Info 	prodenv/ThePiedPiper/Saved/Logs/UE4CC-Windows-AF31A88C42FC5F7FB5FD72985713D679/
[2015.10.06-05.03.41:451][  0]SourceControl: Info 	prodenv/ThePiedPiper/ThePiedPiper - Shortcut.lnk
[2015.10.06-05.03.41:451][  0]SourceControl: Info no changes added to commit (use "git add" and/or "git commit -a")
[2015.10.06-05.03.41:451][  0]LogContentStreaming: Texture pool size now 1000 MB
[2015.10.06-05.03.41:549][  0]LogRenderer: Reallocating scene render targets to support 1056x580 (Frame:2).
[2015.10.06-05.03.41:600][  1]LogAssetRegistry: Asset discovery search completed in 1.1499 seconds
[2015.10.06-05.03.41:600][  1]LogCollectionManager: Rebuilt the object cache for 0 collections in 0.000000 seconds (found 0 objects)
[2015.10.06-05.03.41:600][  1]LogCollectionManager: Fixed up redirectors for 0 collections in 0.000016 seconds (updated 0 objects)
[2015.10.06-05.03.52:591][ 15]LogFactory: FactoryCreateBinary: StaticMesh with FbxFactory (0 0 ../../../../../../Pied Piper MQP/Local Pied Piper/Children/A_Child_Mannequin_Walk.fbx)
[2015.10.06-05.03.52:607][ 15]LogFbx: Loading FBX Scene from ../../../../../../Pied Piper MQP/Local Pied Piper/Children/A_Child_Mannequin_Walk.fbx
[2015.10.06-05.03.52:763][ 15]LogCrashTracker: 


[2015.10.06-05.03.52:763][ 15]LogCrashTracker: 


[2015.10.06-05.03.52:763][ 15]LogWindows: === Critical error: ===
Fatal error!



[2015.10.06-05.03.52:851][ 15]LogExit: Executing StaticShutdownAfterError
[2015.10.06-05.03.52:854][ 15]LogPhysics:Warning: PHYSX: ..\..\PhysX\src\NpScene.cpp (2946) 8 : PxScene::unlockWrite() called without matching call to PxScene::lockWrite(), behaviour will be undefined.
[2015.10.06-05.03.52:854][ 15]LogPhysics:Warning: PHYSX: ..\..\PhysX\src\NpScene.cpp (2946) 8 : PxScene::unlockWrite() called without matching call to PxScene::lockWrite(), behaviour will be undefined.
[2015.10.06-05.03.52:854][ 15]LogWindows: FPlatformMisc::RequestExit(1)
[2015.10.06-05.03.52:854][ 15]Log file closed, 10/06/15 01:03:52
