Log file open, 10/03/15 16:28:45
LogInit:Display: Running engine for game: ThePiedPiper
LogInit:Display: RandInit(-950332904) SRandInit(-950332903).
LogTaskGraph: Started task graph with 4 named threads and 5 total threads.
LogStats: Stats thread started at 4.992668
LogConfig:Warning: Failed to saved backup for config[EditorKeyBindings]
LogConfig:Warning: Failed to saved backup for config[Scalability]
LogConfig:Warning: Failed to saved backup for config[GameUserSettings]
[2015.10.03-20.28.46:618][  0]LogInit: Version: 4.9.1-2689999+++depot+UE4-Releases+4.9
[2015.10.03-20.28.46:618][  0]LogInit: API Version: 2672455
[2015.10.03-20.28.46:618][  0]LogInit: Compiled (64-bit): Sep 14 2015 04:12:03
[2015.10.03-20.28.46:618][  0]LogInit: Compiled with Visual C++: 18.00.21005.01
[2015.10.03-20.28.46:618][  0]LogInit: Build Configuration: Development
[2015.10.03-20.28.46:619][  0]LogInit: Branch Name: ++depot+UE4-Releases+4.9
[2015.10.03-20.28.46:619][  0]LogInit: Command line:  
[2015.10.03-20.28.46:619][  0]LogInit: Base directory: C:/Program Files/Epic Games/4.9/Engine/Binaries/Win64/
[2015.10.03-20.28.46:619][  0]LogInit: Rocket: 1
[2015.10.03-20.28.47:241][  0]LogInit: Using libcurl 7.41.0
[2015.10.03-20.28.47:241][  0]LogInit:  - built for x86_64-pc-win32
[2015.10.03-20.28.47:241][  0]LogInit:  - supports SSL with WinSSL
[2015.10.03-20.28.47:241][  0]LogInit:  - other features:
[2015.10.03-20.28.47:241][  0]LogInit:      CURL_VERSION_SSL
[2015.10.03-20.28.47:241][  0]LogInit:      CURL_VERSION_IPV6
[2015.10.03-20.28.47:241][  0]LogInit:      CURL_VERSION_ASYNCHDNS
[2015.10.03-20.28.47:241][  0]LogInit:      CURL_VERSION_LARGEFILE
[2015.10.03-20.28.47:241][  0]LogInit:      CURL_VERSION_IDN
[2015.10.03-20.28.47:241][  0]LogInit:  CurlRequestOptions (configurable via config and command line):
[2015.10.03-20.28.47:241][  0]LogInit:  - bVerifyPeer = true  - Libcurl will verify peer certificate
[2015.10.03-20.28.47:241][  0]LogInit:  - bUseHttpProxy = false  - Libcurl will NOT use HTTP proxy
[2015.10.03-20.28.47:241][  0]LogInit:  - bDontReuseConnections = false  - Libcurl will reuse connections
[2015.10.03-20.28.47:241][  0]LogInit:  - CertBundlePath = nullptr  - Libcurl will use whatever was configured at build time.
[2015.10.03-20.28.48:443][  0]LogInit: Presizing for 0 objects not considered by GC, pre-allocating 0 bytes.
[2015.10.03-20.28.48:460][  0]LogInit: Object subsystem initialized
[2015.10.03-20.28.48:525][  0]LogInit: Selected Device Profile: [Windows]
[2015.10.03-20.28.48:525][  0]LogInit: Applying CVar settings loaded from the selected device profile: [Windows]
[2015.10.03-20.28.49:428][  0]LogInit: Computer: BENJAMIN
[2015.10.03-20.28.49:428][  0]LogInit: User: Benjamin
[2015.10.03-20.28.49:428][  0]LogInit: CPU Page size=4096, Cores=2
[2015.10.03-20.28.49:428][  0]LogInit: High frequency timer resolution =2.533318 MHz
[2015.10.03-20.28.49:428][  0]LogMemory: Memory total: Physical=7.9GB (8GB approx)
[2015.10.03-20.28.49:428][  0]LogMemory: Platform Memory Stats for Windows
[2015.10.03-20.28.49:428][  0]LogMemory: Process Physical Memory: 52.59 MB used, 52.59 MB peak
[2015.10.03-20.28.49:428][  0]LogMemory: Process Virtual Memory: 56.91 MB used, 56.91 MB peak
[2015.10.03-20.28.49:428][  0]LogMemory: Physical Memory: 6737.21 MB used, 8057.77 MB total
[2015.10.03-20.28.49:428][  0]LogMemory: Virtual Memory: 344.02 MB used, 8388608.00 MB total
[2015.10.03-20.28.58:700][  0]LogTextLocalizationManager: No specific translations for ('en-US') exist, so ('en') translations will be used.
[2015.10.03-20.29.01:960][  0]LogD3D11RHI: Found D3D11 adapter 0: Intel(R) HD Graphics 4000 (Feature Level 11_0)
[2015.10.03-20.29.01:960][  0]LogD3D11RHI: Adapter has 32MB of dedicated video memory, 0MB of dedicated system memory, and 1760MB of shared system memory, 1 output[s]
[2015.10.03-20.29.01:962][  0]LogD3D11RHI: Found D3D11 adapter 1: Microsoft Basic Render Driver (Feature Level 11_0)
[2015.10.03-20.29.01:962][  0]LogD3D11RHI: Adapter has 0MB of dedicated video memory, 0MB of dedicated system memory, and 256MB of shared system memory, 0 output[s]
[2015.10.03-20.29.01:962][  0]LogD3D11RHI: Chosen D3D11 Adapter Id = 0
[2015.10.03-20.29.01:983][  0]LogD3D11RHI: !Direct3DDevice
[2015.10.03-20.29.01:983][  0]LogRHI: Texture pool is 638 MB (70% of 912 MB)
[2015.10.03-20.29.01:986][  0]LogD3D11RHI: Async texture creation enabled
[2015.10.03-20.29.02:004][  0]LogShaderCompilers: Guid format shader working directory is 14 characters bigger than the processId version (../../../../../../Users/Benjamin/Documents/Unreal Projects/pipermqp/prodenv/ThePiedPiper/Intermediate/Shaders/WorkingDirectory/14876/).
[2015.10.03-20.29.02:004][  0]LogShaderCompilers: Cleaned the shader compiler working directory '../../../../../../Users/Benjamin/Documents/Unreal Projects/pipermqp/prodenv/ThePiedPiper/Intermediate/Shaders/tmp/E07BF9FA4A247B654E57AFABE14A0E02/'.
[2015.10.03-20.29.02:004][  0]LogShaderCompilers:Display: Using Local Shader Compiler.
[2015.10.03-20.29.11:478][  0]LogTemp:Display: Loaded TP AllDesktopTargetPlatform
[2015.10.03-20.29.11:489][  0]LogTemp:Display: Loaded TP WindowsClientTargetPlatform
[2015.10.03-20.29.11:504][  0]LogTemp:Display: Loaded TP WindowsNoEditorTargetPlatform
[2015.10.03-20.29.11:517][  0]LogTemp:Display: Loaded TP WindowsServerTargetPlatform
[2015.10.03-20.29.11:607][  0]LogTemp:Display: Loaded TP WindowsTargetPlatform
[2015.10.03-20.29.11:715][  0]LogTemp:Display: Loaded TP AndroidTargetPlatform
[2015.10.03-20.29.12:031][  0]LogTemp:Display: Loaded TP Android_ASTCTargetPlatform
[2015.10.03-20.29.12:549][  0]LogTemp:Display: Loaded TP Android_ATCTargetPlatform
[2015.10.03-20.29.12:647][  0]LogTemp:Display: Loaded TP Android_DXTTargetPlatform
[2015.10.03-20.29.12:729][  0]LogTemp:Display: Loaded TP Android_ETC1TargetPlatform
[2015.10.03-20.29.12:823][  0]LogTemp:Display: Loaded TP Android_ETC2TargetPlatform
[2015.10.03-20.29.12:897][  0]LogTemp:Display: Loaded TP Android_PVRTCTargetPlatform
[2015.10.03-20.29.13:353][  0]LogTemp:Display: Loaded TP HTML5TargetPlatform
[2015.10.03-20.29.14:493][  0]LogTemp:Display: Loaded TP IOSTargetPlatform
[2015.10.03-20.29.15:148][  0]LogTemp:Display: Loaded TP LinuxNoEditorTargetPlatform
[2015.10.03-20.29.15:514][  0]LogTemp:Display: Loaded TP LinuxServerTargetPlatform
[2015.10.03-20.29.15:663][  0]LogTemp:Display: Loaded TP LinuxTargetPlatform
[2015.10.03-20.29.15:663][  0]LogTargetPlatformManager:Display: Building Assets For Windows
[2015.10.03-20.29.26:328][  0]LogDerivedDataCache:Display: Max Cache Size: 512 MB
[2015.10.03-20.29.31:835][  0]LogDerivedDataCache: Loaded boot cache 5.47s 41MB C:/Users/Benjamin/AppData/Local/UnrealEngine/4.9/DerivedDataCache/Boot.ddc.
[2015.10.03-20.29.31:836][  0]LogDerivedDataCache:Display: Loaded Boot cache: C:/Users/Benjamin/AppData/Local/UnrealEngine/4.9/DerivedDataCache/Boot.ddc
[2015.10.03-20.29.31:863][  0]LogDerivedDataCache: FDerivedDataBackendGraph:  Pak pak cache file ../../../../../../Users/Benjamin/Documents/Unreal Projects/pipermqp/prodenv/ThePiedPiper/DerivedDataCache/DDC.ddp not found, will not use a pak cache.
[2015.10.03-20.29.31:863][  0]LogDerivedDataCache: Unable to find inner node Pak for hierarchical cache Hierarchy.
[2015.10.03-20.29.31:863][  0]LogDerivedDataCache: FDerivedDataBackendGraph:  CompressedPak pak cache file ../../../../../../Users/Benjamin/Documents/Unreal Projects/pipermqp/prodenv/ThePiedPiper/DerivedDataCache/Compressed.ddp not found, will not use a pak cache.
[2015.10.03-20.29.31:863][  0]LogDerivedDataCache: Unable to find inner node CompressedPak for hierarchical cache Hierarchy.
[2015.10.03-20.29.32:846][  0]LogDerivedDataCache:Display: Pak cache opened for reading ../../../Engine/DerivedDataCache/Compressed.ddp.
[2015.10.03-20.29.32:888][  0]LogDerivedDataCache: Using Local data cache path C:/Users/Benjamin/AppData/Local/UnrealEngine/Common/DerivedDataCache: Writable
[2015.10.03-20.32.00:533][  0]LogInit: Selected Device Profile: [Windows]
[2015.10.03-20.32.01:767][  0]LogContentStreaming: Texture pool size is 0.000000MB
[2015.10.03-20.32.07:161][  0]LogConfig:Warning: Failed to saved backup for config[TemplateDefs]
[2015.10.03-20.32.20:994][  0]LogMeshUtilities: No automatic mesh reduction module available
[2015.10.03-20.32.20:994][  0]LogMeshUtilities: No automatic mesh merging module available
[2015.10.03-20.33.24:381][  0]LogInit: WinSock: version 1.1 (2.2), MaxSocks=32767, MaxUdp=65467
[2015.10.03-20.36.47:147][  0]UdpMessaging: Initializing bridge on interface 0.0.0.0:0 to multicast group 230.0.0.1:6666.
[2015.10.03-20.36.52:183][  0]LogAssetRegistry: FAssetRegistry took 0.1027 seconds to start up
[2015.10.03-20.36.55:611][  0]LogConfig:Warning: Failed to saved backup for config[InternationalizationExport]
[2015.10.03-20.37.26:606][  0]SourceControl: Info Source control is disabled
[2015.10.03-20.37.33:821][  0]LogLinker:Warning: Asset '../../../Engine/Plugins/Runtime/LeapMotionController/Content/LM_PassthroughMaterial.uasset' has been saved with empty engine version. The asset will be loaded but may be incompatible.
[2015.10.03-20.37.45:020][  0]LogObj: 28361 objects as part of root set at end of initial load.
[2015.10.03-20.37.45:020][  0]LogUObjectAllocator: 6038872 out of 0 bytes used by permanent object pool.
[2015.10.03-20.38.14:098][  0]LogAutomationTest:Warning: Smoke tests took > 1s to run: 9.75s
[2015.10.03-20.38.14:993][  0]LogEngine: Initializing Engine...
[2015.10.03-20.38.15:266][  0]LogHMD: Can't find Oculus library dev build: is proper Runtime installed? Version: 0.7.0.0
[2015.10.03-20.38.16:159][  0]LogHMD: SteamVR failed to initialize.  Err: 110
[2015.10.03-20.38.25:990][  0]LogAIModule: Creating AISystem for world NewWorld
[2015.10.03-20.38.36:525][  0]LogWorld: Updating cull distance volumes took  2.06 seconds
[2015.10.03-20.38.41:504][  0]LogInit: XAudio2 using 'Speakers (Conexant SmartAudio HD)' : 2 channels at 48 kHz using 32 bits per sample (channel mask 0x3)
[2015.10.03-20.38.45:570][  0]LogInit: FAudioDevice initialized.
[2015.10.03-20.38.45:574][  0]LogDerivedDataCache:Error: Could not save memory cache C:/Users/Benjamin/AppData/Local/UnrealEngine/4.9/DerivedDataCache/Boot.ddc.
[2015.10.03-20.38.45:676][  0]LogInit: Texture streaming: Enabled
[2015.10.03-20.38.46:020][  0]LogAnalytics: Creating configured Analytics provider AnalyticsET
[2015.10.03-20.38.46:020][  0]LogAnalytics: [UEEditor.Rocket.Release] APIServer = http://et2.epicgames.com/ET2/. AppVersion = 4.9.1-2689999+++depot+UE4-Releases+4.9
[2015.10.03-20.38.46:020][  0]LogAnalytics: [UEEditor.Rocket.Release] SetUserId 24b4e69c437533fcf9007e836b25c91a|81d70dd035554f60bc1c4ff508821cee|6ef1385a-77e7-4f28-b35b-fd2fe71be865
[2015.10.03-20.38.46:090][  0]LogAnalytics: [UEEditor.Rocket.Release] AnalyticsET::StartSession
[2015.10.03-20.38.58:563][  0]LogInit: Transaction tracking system initialized
[2015.10.03-20.39.20:200][  0]BlueprintLog: New page: Editor Load
[2015.10.03-20.39.45:224][  0]LogConfig:Warning: Failed to saved backup for config[LocalizationServiceSettings]
[2015.10.03-20.39.45:265][  0]LocalizationService: Info Localization service is disabled
[2015.10.03-20.39.51:028][  0]LogUObjectGlobals:Warning: Failed to find object 'Class /Engine/Tutorial/Basics/FeaturePacks.FeaturePacks_C'
[2015.10.03-20.39.51:028][  0]LogLinker:Warning: Can't find file '/Game/FlyingBP/FlyingOverview'
[2015.10.03-20.39.51:028][  0]LogLinker:Warning: Can't find file '/Game/FlyingBP/FlyingOverview'
[2015.10.03-20.39.51:029][  0]LogUObjectGlobals:Warning: Failed to find object 'Class /Game/FlyingBP/FlyingOverview.FlyingOverview_C'
[2015.10.03-20.39.56:037][  0]LogConsoleResponse:Display: 
[2015.10.03-20.40.03:018][  0]LogFileCache: Scanning file cache for directory 'C:/Users/Benjamin/Documents/Unreal Projects/pipermqp/prodenv/ThePiedPiper/Content/' took 0.15s
[2015.10.03-20.40.03:018][  0]LogCook:Display: Done creating registry. It took  0.00s.
[2015.10.03-20.40.12:530][  0]Cmd: MAP LOAD FILE="../../../../../../Users/Benjamin/Documents/Unreal Projects/pipermqp/prodenv/ThePiedPiper/Content/FirstPersonBP/Maps/FirstPersonExampleMap.umap" TEMPLATE=0 SHOWPROGRESS=1 FEATURELEVEL=3
[2015.10.03-20.40.12:578][  0]LogEditorServer:Warning: Can't find file '../../../../../../Users/Benjamin/Documents/Unreal Projects/pipermqp/prodenv/ThePiedPiper/Content/FirstPersonBP/Maps/FirstPersonExampleMap.umap'
[2015.10.03-20.40.12:667][  0]Cmd: MAP CHECKDEP NOCLEARLOG
[2015.10.03-20.40.12:983][  0]MapCheck: Info Map check complete: 0 Error(s), 0 Warning(s), took 316.022ms to complete.
[2015.10.03-20.40.13:009][  0]LogFileHelpers: Loading map 'FirstPersonExampleMap' took 0.589
[2015.10.03-20.40.26:492][  0]LogCollectionManager: Loaded 0 collections in 0.011616 seconds
[2015.10.03-20.40.28:509][  0]LogFileCache: Scanning file cache for directory 'C:/Users/Benjamin/Documents/Unreal Projects/pipermqp/prodenv/ThePiedPiper/Saved/Collections/' took 0.01s
[2015.10.03-20.40.28:509][  0]LogFileCache: Scanning file cache for directory 'C:/Users/Benjamin/Documents/Unreal Projects/pipermqp/prodenv/ThePiedPiper/Content/Developers/Benjamin/Collections/' took 0.01s
[2015.10.03-20.40.28:509][  0]LogFileCache: Scanning file cache for directory 'C:/Users/Benjamin/Documents/Unreal Projects/pipermqp/prodenv/ThePiedPiper/Content/Collections/' took 0.00s
[2015.10.03-20.40.28:509][  0]LogContentBrowser: Native class hierarchy populated in 0.3803 seconds. Added 1867 classes and 333 folders.
[2015.10.03-20.40.30:286][  0]LogCollectionManager: Rebuilt the GUID cache for 0 collections in 0.000003 seconds
[2015.10.03-20.40.32:277][  0]LogContentBrowser: Native class hierarchy updated for 'WidgetCarousel' in 0.0006 seconds. Added 0 classes and 0 folders.
[2015.10.03-20.40.45:944][  0]LogContentBrowser: Native class hierarchy updated for 'AddContentDialog' in 0.0006 seconds. Added 0 classes and 0 folders.
[2015.10.03-20.40.47:126][  0]LogContentBrowser: Native class hierarchy updated for 'SceneOutliner' in 0.0006 seconds. Added 1 classes and 2 folders.
[2015.10.03-20.41.00:452][  0]LogCrashTracker: Crashtracker disabled due to settings.
[2015.10.03-20.41.03:387][  0]LogUObjectGlobals:Warning: Failed to find object 'Class None.'
[2015.10.03-20.41.03:827][  0]LogLoad: Full Startup: 754.62 seconds (BP compile: 10.80 seconds)
[2015.10.03-21.09.15:308][  0]LogOutputDevice: === Handled error: ===

Ensure condition failed: Ar [File:D:\BuildFarm\buildmachine_++depot+UE4-Releases+4.9\Engine\Source\Developer\DirectoryWatcher\Private\FileCache.cpp] [Line: 498]
Unable to write file-cache for 'C:/Users/Benjamin/Documents/Unreal Projects/pipermqp/prodenv/ThePiedPiper/Content/' to 'C:/Users/Benjamin/Documents/Unreal Projects/pipermqp/prodenv/ThePiedPiper/Intermediate/ReimportCache/3688439234.bin'.
Stack: 
UE4Editor-Core.dll!FWindowsPlatformStackWalk::StackWalkAndDump() [d:\buildfarm\buildmachine_++depot+ue4-releases+4.9\engine\source\runtime\core\private\windows\windowsplatformstackwalk.cpp:175]
UE4Editor-Core.dll!FDebug::EnsureFailed() [d:\buildfarm\buildmachine_++depot+ue4-releases+4.9\engine\source\runtime\core\private\misc\outputdevice.cpp:258]
UE4Editor-Core.dll!FDebug::OptionallyLogFormattedEnsureMessageReturningFalse() [d:\buildfarm\buildmachine_++depot+ue4-releases+4.9\engine\source\runtime\core\private\misc\outputdevice.cpp:368]
UE4Editor-DirectoryWatcher.dll!DirectoryWatcher::FFileCache::WriteCache() [d:\buildfarm\buildmachine_++depot+ue4-releases+4.9\engine\source\developer\directorywatcher\private\filecache.cpp:498]
UE4Editor-UnrealEd.dll!FAutoReimportManager::Idle() [d:\buildfarm\buildmachine_++depot+ue4-releases+4.9\engine\source\editor\unrealed\private\autoreimport\autoreimportmanager.cpp:614]
UE4Editor-UnrealEd.dll!<lambda_489ed7226fe381ecd7628c6d0bebde22>::operator()() [d:\buildfarm\buildmachine_++depot+ue4-releases+4.9\engine\source\editor\unrealed\private\autoreimport\autoreimportmanager.cpp:244]
UE4Editor-UnrealEd.dll!UE4Function_Private::TFunctionRefCaller<<lambda_489ed7226fe381ecd7628c6d0bebde22>,TOptional<enum ECurrentState> __cdecl(DirectoryWatcher::FTimeLimit const & __ptr64)>::Call() [d:\buildfarm\buildmachine_++depot+ue4-releases+4.9\engine\source\runtime\core\public\templates\function.h:180]
UE4Editor-UnrealEd.dll!UE4Function_Private::TFunctionRefBase<TOptional<enum ECurrentState> __cdecl(DirectoryWatcher::FTimeLimit const & __ptr64)>::operator()() [d:\buildfarm\buildmachine_++depot+ue4-releases+4.9\engine\source\runtime\core\public\templates\function.h:217]
UE4Editor-UnrealEd.dll!FStateMachine<enum ECurrentState>::Tick() [d:\buildfarm\buildmachine_++depot+ue4-releases+4.9\engine\source\editor\unrealed\private\autoreimport\autoreimportmanager.cpp:50]
UE4Editor-UnrealEd.dll!FAutoReimportManager::Tick() [d:\buildfarm\buildmachine_++depot+ue4-releases+4.9\engine\source\editor\unrealed\private\autoreimport\autoreimportmanager.cpp:666]
UE4Editor-UnrealEd.dll!FTickableEditorObject::TickObjects() [d:\buildfarm\buildmachine_++depot+ue4-releases+4.9\engine\source\editor\unrealed\public\tickableeditorobject.h:15]
UE4Editor-UnrealEd.dll!UEditorEngine::Tick() [d:\buildfarm\buildmachine_++depot+ue4-releases+4.9\engine\source\editor\unrealed\private\editorengine.cpp:1116]
UE4Editor-UnrealEd.dll!UUnrealEdEngine::Tick() [d:\buildfarm\buildmachine_++depot+ue4-releases+4.9\engine\source\editor\unrealed\private\unrealedengine.cpp:366]
UE4Editor.exe!FEngineLoop::Tick() [d:\buildfarm\buildmachine_++depot+ue4-releases+4.9\engine\source\runtime\launch\private\launchengineloop.cpp:2428]
UE4Editor.exe!GuardedMain() [d:\buildfarm\buildmachine_++depot+ue4-releases+4.9\engine\source\runtime\launch\private\launch.cpp:142]
UE4Editor.exe!GuardedMainWrapper() [d:\buildfarm\buildmachine_++depot+ue4-releases+4.9\engine\source\runtime\launch\private\windows\launchwindows.cpp:126]
UE4Editor.exe!WinMain() [d:\buildfarm\buildmachine_++depot+ue4-releases+4.9\engine\source\runtime\launch\private\windows\launchwindows.cpp:200]
UE4Editor.exe!__tmainCRTStartup() [f:\dd\vctools\crt\crtw32\dllstuff\crtexe.c:618]
KERNEL32.DLL
ntdll.dll
ntdll.dll

[2015.10.03-21.11.30:902][  0]LogWorld: Updating cull distance volumes took  1.15 seconds
[2015.10.03-21.12.00:121][  0]SourceControl: Info On branch master
[2015.10.03-21.12.00:121][  0]SourceControl: Info Your branch is up-to-date with 'origin/master'.
[2015.10.03-21.12.00:121][  0]SourceControl: Info Changes not staged for commit:
[2015.10.03-21.12.00:186][  0]SourceControl: Info   (use "git add/rm <file>..." to update what will be committed)
[2015.10.03-21.12.00:186][  0]SourceControl: Info   (use "git checkout -- <file>..." to discard changes in working directory)
[2015.10.03-21.12.00:186][  0]SourceControl: Info 	modified:   prodenv/ThePiedPiper/Intermediate/CachedAssetRegistry.bin
[2015.10.03-21.12.00:186][  0]SourceControl: Info 	modified:   prodenv/ThePiedPiper/Intermediate/Config/CoalescedSourceConfigs/Engine.ini
[2015.10.03-21.12.00:186][  0]SourceControl: Info 	modified:   prodenv/ThePiedPiper/Intermediate/Config/CoalescedSourceConfigs/Game.ini
[2015.10.03-21.12.00:186][  0]SourceControl: Info 	modified:   prodenv/ThePiedPiper/Saved/Config/Windows/Editor.ini
[2015.10.03-21.12.00:186][  0]SourceControl: Info 	modified:   prodenv/ThePiedPiper/Saved/Config/Windows/Engine.ini
[2015.10.03-21.12.00:186][  0]SourceControl: Info 	deleted:    prodenv/ThePiedPiper/Saved/Logs/ThePiedPiper-backup-2015.09.26-16.42.09.log
[2015.10.03-21.12.00:186][  0]SourceControl: Info 	deleted:    prodenv/ThePiedPiper/Saved/Logs/ThePiedPiper-backup-2015.09.26-16.48.17.log
[2015.10.03-21.12.00:186][  0]SourceControl: Info 	deleted:    prodenv/ThePiedPiper/Saved/Logs/ThePiedPiper-backup-2015.09.26-16.54.49.log
[2015.10.03-21.12.00:186][  0]SourceControl: Info 	deleted:    prodenv/ThePiedPiper/Saved/Logs/ThePiedPiper-backup-2015.09.26-17.31.14.log
[2015.10.03-21.12.00:186][  0]SourceControl: Info 	deleted:    prodenv/ThePiedPiper/Saved/Logs/ThePiedPiper-backup-2015.09.26-17.59.27.log
[2015.10.03-21.12.00:186][  0]SourceControl: Info 	deleted:    prodenv/ThePiedPiper/Saved/Logs/ThePiedPiper-backup-2015.09.27-17.55.49.log
[2015.10.03-21.12.00:187][  0]SourceControl: Info 	modified:   prodenv/ThePiedPiper/Saved/Logs/ThePiedPiper.log
[2015.10.03-21.12.00:187][  0]SourceControl: Info Untracked files:
[2015.10.03-21.12.00:187][  0]SourceControl: Info   (use "git add <file>..." to include in what will be committed)
[2015.10.03-21.12.00:187][  0]SourceControl: Info 	prodenv/ThePiedPiper/Saved/Logs/ThePiedPiper-backup-2015.10.03-16.28.45.log
[2015.10.03-21.12.00:187][  0]SourceControl: Info 	prodenv/ThePiedPiper/Saved/Logs/ThePiedPiper_2.log
[2015.10.03-21.12.00:187][  0]SourceControl: Info 	prodenv/ThePiedPiper/Saved/Logs/ThePiedPiper_3.log
[2015.10.03-21.12.00:187][  0]SourceControl: Info no changes added to commit (use "git add" and/or "git commit -a")
[2015.10.03-21.12.06:191][  0]LogContentStreaming: Texture pool size now 400 MB
[2015.10.03-21.13.50:758][  0]LogRenderer: Reallocating scene render targets to support 764x352 (Frame:2).
[2015.10.03-21.14.06:884][  1]LogWindowsTextInputMethodSystem:Display: IME system now deactivated.
[2015.10.03-21.14.17:209][  2]LogHttp:Warning: Timeout processing Http request. 000000D9233C7E00
[2015.10.03-21.14.18:489][  2]Cmd: QUIT_EDITOR
[2015.10.03-21.14.23:482][  2]LogExit: Preparing to exit.
[2015.10.03-21.16.14:706][  2]LogExit: Editor shut down
[2015.10.03-21.16.22:220][  2]LogParticles: Destroying 0 GPU particle simulations for FXSystem 0x000000D932EAA160
[2015.10.03-21.16.22:220][  2]LogExit: Transaction tracking system shut down
[2015.10.03-21.16.22:673][  2]LogParticles: Destroying 0 GPU particle simulations for FXSystem 0x000000D9A7CC2E80
[2015.10.03-21.17.02:161][  2]LogExit: Object subsystem successfully closed.
[2015.10.03-21.17.22:358][  2]LogD3D11RHI: Shutdown
[2015.10.03-21.17.22:359][  2]LogD3D11RHI: CleanupD3DDevice
[2015.10.03-21.17.23:857][  2]LogD3D11RHI: ~FD3D11DynamicRHI
[2015.10.03-21.17.33:063][  2]LogModuleManager: Shutting down and abandoning module CrashTracker (196)
[2015.10.03-21.17.33:082][  2]LogModuleManager: Shutting down and abandoning module SceneOutliner (195)
[2015.10.03-21.17.33:082][  2]LogModuleManager: Shutting down and abandoning module SuperSearch (194)
[2015.10.03-21.17.33:110][  2]LogModuleManager: Shutting down and abandoning module WidgetCarousel (193)
[2015.10.03-21.17.33:138][  2]LogModuleManager: Shutting down and abandoning module AddContentDialog (192)
[2015.10.03-21.17.36:130][  2]LogModuleManager: Shutting down and abandoning module EditorWidgets (191)
[2015.10.03-21.17.36:131][  2]LogModuleManager: Shutting down and abandoning module CollectionManager (190)
[2015.10.03-21.17.36:153][  2]LogModuleManager: Shutting down and abandoning module FoliageEdit (189)
[2015.10.03-21.17.36:153][  2]LogModuleManager: Shutting down and abandoning module LandscapeEditor (188)
[2015.10.03-21.17.36:571][  2]LogModuleManager: Shutting down and abandoning module ActorPickerMode (187)
[2015.10.03-21.17.36:571][  2]LogModuleManager: Shutting down and abandoning module GeometryMode (186)
[2015.10.03-21.17.36:571][  2]LogModuleManager: Shutting down and abandoning module TextureAlignMode (185)
[2015.10.03-21.17.36:571][  2]LogModuleManager: Shutting down and abandoning module BspMode (184)
[2015.10.03-21.17.36:571][  2]LogModuleManager: Shutting down and abandoning module PlacementMode (183)
[2015.10.03-21.17.36:571][  2]LogModuleManager: Shutting down and abandoning module AutomationWorker (182)
[2015.10.03-21.17.36:615][  2]LogModuleManager: Shutting down and abandoning module CharacterAI (181)
[2015.10.03-21.17.36:615][  2]LogModuleManager: Shutting down and abandoning module SmartSnapping (180)
[2015.10.03-21.17.36:615][  2]LogModuleManager: Shutting down and abandoning module ViewportSnapping (179)
[2015.10.03-21.17.36:615][  2]LogModuleManager: Shutting down and abandoning module LogVisualizer (178)
[2015.10.03-21.17.36:939][  2]LogModuleManager: Shutting down and abandoning module GameProjectGeneration (177)
[2015.10.03-21.17.37:044][  2]LogModuleManager: Shutting down and abandoning module IntroTutorials (176)
[2015.10.03-21.17.37:119][  2]LogModuleManager: Shutting down and abandoning module EditorLiveStreaming (175)
[2015.10.03-21.17.37:147][  2]LogModuleManager: Shutting down and abandoning module IOSPlatformEditor (174)
[2015.10.03-21.17.37:172][  2]LogModuleManager: Shutting down and abandoning module HTML5PlatformEditor (173)
[2015.10.03-21.17.37:172][  2]LogModuleManager: Shutting down and abandoning module AndroidDeviceDetection (172)
[2015.10.03-21.17.37:531][  2]LogModuleManager: Shutting down and abandoning module AndroidPlatformEditor (171)
[2015.10.03-21.17.37:531][  2]LogModuleManager: Shutting down and abandoning module IOSRuntimeSettings (170)
[2015.10.03-21.17.37:531][  2]LogModuleManager: Shutting down and abandoning module AndroidRuntimeSettings (169)
[2015.10.03-21.17.37:531][  2]LogModuleManager: Shutting down and abandoning module MergeActors (168)
[2015.10.03-21.17.37:632][  2]LogModuleManager: Shutting down and abandoning module SizeMap (167)
[2015.10.03-21.17.37:655][  2]LogModuleManager: Shutting down and abandoning module TreeMap (166)
[2015.10.03-21.17.37:714][  2]LogModuleManager: Shutting down and abandoning module ReferenceViewer (165)
[2015.10.03-21.17.37:714][  2]LogModuleManager: Shutting down and abandoning module LocalizationService (164)
[2015.10.03-21.17.37:733][  2]LogModuleManager: Shutting down and abandoning module LocalizationDashboard (163)
[2015.10.03-21.17.37:895][  2]LogModuleManager: Shutting down and abandoning module HardwareTargeting (162)
[2015.10.03-21.17.37:895][  2]LogModuleManager: Shutting down and abandoning module DeviceProfileEditor (161)
[2015.10.03-21.17.37:974][  2]LogModuleManager: Shutting down and abandoning module UndoHistory (160)
[2015.10.03-21.17.38:029][  2]LogModuleManager: Shutting down and abandoning module GameplayTagsEditor (159)
[2015.10.03-21.17.38:061][  2]LogModuleManager: Shutting down and abandoning module UserFeedback (158)
[2015.10.03-21.17.38:061][  2]LogModuleManager: Shutting down and abandoning module XmlParser (157)
[2015.10.03-21.17.38:076][  2]LogModuleManager: Shutting down and abandoning module Blutility (156)
[2015.10.03-21.17.38:076][  2]LogModuleManager: Shutting down and abandoning module ProjectTargetPlatformEditor (155)
[2015.10.03-21.17.38:168][  2]LogModuleManager: Shutting down and abandoning module ProjectSettingsViewer (154)
[2015.10.03-21.17.38:187][  2]LogModuleManager: Shutting down and abandoning module InputBindingEditor (153)
[2015.10.03-21.17.38:240][  2]LogModuleManager: Shutting down and abandoning module EditorSettingsViewer (152)
[2015.10.03-21.17.38:263][  2]LogModuleManager: Shutting down and abandoning module SettingsEditor (151)
[2015.10.03-21.17.38:335][  2]LogModuleManager: Shutting down and abandoning module ProjectLauncher (150)
[2015.10.03-21.17.38:429][  2]LogModuleManager: Shutting down and abandoning module SessionFrontend (149)
[2015.10.03-21.17.38:509][  2]LogModuleManager: Shutting down and abandoning module ProfilerClient (148)
[2015.10.03-21.17.38:518][  2]LogModuleManager: Shutting down and abandoning module TargetDeviceServices (147)
[2015.10.03-21.17.38:518][  2]LogModuleManager: Shutting down and abandoning module DeviceManager (146)
[2015.10.03-21.17.38:669][  2]LogModuleManager: Shutting down and abandoning module AutomationController (145)
[2015.10.03-21.17.38:764][  2]LogModuleManager: Shutting down and abandoning module AutomationWindow (144)
[2015.10.03-21.17.38:826][  2]LogModuleManager: Shutting down and abandoning module Layers (143)
[2015.10.03-21.17.38:964][  2]LogModuleManager: Shutting down and abandoning module ComponentVisualizers (142)
[2015.10.03-21.17.38:964][  2]LogModuleManager: Shutting down and abandoning module DetailCustomizations (141)
[2015.10.03-21.17.39:381][  2]LogModuleManager: Shutting down and abandoning module PackagesDialog (140)
[2015.10.03-21.17.39:415][  2]LogModuleManager: Shutting down and abandoning module Persona (139)
[2015.10.03-21.17.39:732][  2]LogModuleManager: Shutting down and abandoning module Kismet (138)
[2015.10.03-21.17.39:983][  2]LogModuleManager: Shutting down and abandoning module GraphEditor (137)
[2015.10.03-21.17.40:147][  2]LogModuleManager: Shutting down and abandoning module ClassViewer (136)
[2015.10.03-21.17.40:217][  2]LogModuleManager: Shutting down and abandoning module Toolbox (135)
[2015.10.03-21.17.40:246][  2]LogModuleManager: Shutting down and abandoning module ModuleUI (134)
[2015.10.03-21.17.40:280][  2]LogModuleManager: Shutting down and abandoning module MovieSceneTools (133)
[2015.10.03-21.17.40:451][  2]LogModuleManager: Shutting down and abandoning module OutputLog (132)
[2015.10.03-21.17.40:457][  2]LogModuleManager: Shutting down and abandoning module GammaUI (131)
[2015.10.03-21.17.40:487][  2]LogModuleManager: Shutting down and abandoning module Documentation (130)
[2015.10.03-21.17.40:561][  2]LogModuleManager: Shutting down and abandoning module GameLiveStreaming (129)
[2015.10.03-21.17.40:587][  2]LogModuleManager: Shutting down and abandoning module StreamingPauseRendering (128)
[2015.10.03-21.17.40:587][  2]LogModuleManager: Shutting down and abandoning module AnalyticsET (127)
[2015.10.03-21.17.40:587][  2]LogModuleManager: Shutting down and abandoning module Analytics (126)
[2015.10.03-21.17.40:619][  2]LogModuleManager: Shutting down and abandoning module AITestSuite (125)
[2015.10.03-21.17.40:641][  2]LogModuleManager: Shutting down and abandoning module GameplayDebugger (124)
[2015.10.03-21.17.40:708][  2]LogModuleManager: Shutting down and abandoning module AIModule (123)
[2015.10.03-21.17.40:738][  2]LogModuleManager: Shutting down and abandoning module ProfilerService (122)
[2015.10.03-21.17.41:031][  2]LogModuleManager: Shutting down and abandoning module TaskGraph (121)
[2015.10.03-21.17.41:573][  2]LogModuleManager: Shutting down and abandoning module SlateRemote (120)
[2015.10.03-21.17.41:573][  2]LogModuleManager: Shutting down and abandoning module SteamVRController (119)
[2015.10.03-21.17.41:573][  2]LogModuleManager: Shutting down and abandoning module SteamVR (118)
[2015.10.03-21.17.41:573][  2]LogModuleManager: Shutting down and abandoning module ProceduralMeshComponent (117)
[2015.10.03-21.17.41:573][  2]LogModuleManager: Shutting down and abandoning module OculusRift (116)
[2015.10.03-21.17.41:662][  2]LogModuleManager: Shutting down and abandoning module OculusLibrary (115)
[2015.10.03-21.17.41:662][  2]LogModuleManager: Shutting down and abandoning module LeapMotionController (114)
[2015.10.03-21.17.42:255][  2]LogModuleManager: Shutting down and abandoning module CustomMeshComponent (113)
[2015.10.03-21.17.42:285][  2]LogModuleManager: Shutting down and abandoning module CableComponent (112)
[2015.10.03-21.17.42:285][  2]LogModuleManager: Shutting down and abandoning module ArchVisCharacter (111)
[2015.10.03-21.17.42:285][  2]LogModuleManager: Shutting down and abandoning module MessagingDebugger (110)
[2015.10.03-21.17.42:437][  2]LogModuleManager: Shutting down and abandoning module MediaPlayerEditor (109)
[2015.10.03-21.17.42:472][  2]LogModuleManager: Shutting down and abandoning module HTML5Networking (108)
[2015.10.03-21.17.42:472][  2]LogModuleManager: Shutting down and abandoning module SpeedTreeImporter (107)
[2015.10.03-21.17.42:472][  2]LogModuleManager: Shutting down and abandoning module PluginBrowser (106)
[2015.10.03-21.17.42:602][  2]LogModuleManager: Shutting down and abandoning module EpicSurvey (105)
[2015.10.03-21.17.42:637][  2]LogModuleManager: Shutting down and abandoning module DesktopPlatform (104)
[2015.10.03-21.17.42:658][  2]LogModuleManager: Shutting down and abandoning module VisualStudioSourceCodeAccess (103)
[2015.10.03-21.17.42:685][  2]LogModuleManager: Shutting down and abandoning module UObjectPlugin (102)
[2015.10.03-21.17.42:685][  2]LogModuleManager: Shutting down and abandoning module SubversionSourceControl (101)
[2015.10.03-21.17.42:793][  2]LogModuleManager: Shutting down and abandoning module PerforceSourceControl (100)
[2015.10.03-21.17.42:922][  2]LogModuleManager: Shutting down and abandoning module SourceControl (99)
[2015.10.03-21.17.43:054][  2]LogModuleManager: Shutting down and abandoning module GitSourceControl (98)
[2015.10.03-21.17.43:079][  2]LogModuleManager: Shutting down and abandoning module LightPropagationVolumeEditor (97)
[2015.10.03-21.17.43:079][  2]LogModuleManager: Shutting down and abandoning module PaperTiledImporter (96)
[2015.10.03-21.17.43:093][  2]LogModuleManager: Shutting down and abandoning module PaperSpriteSheetImporter (95)
[2015.10.03-21.17.43:116][  2]LogModuleManager: Shutting down and abandoning module MeshPaint (94)
[2015.10.03-21.17.43:147][  2]LogModuleManager: Shutting down and abandoning module SlateReflector (93)
[2015.10.03-21.17.43:166][  2]LogModuleManager: Shutting down and abandoning module HotReload (92)
[2015.10.03-21.17.43:201][  2]LogModuleManager: Shutting down and abandoning module MainFrame (91)
[2015.10.03-21.17.43:228][  2]LogModuleManager: Shutting down and abandoning module LevelEditor (90)
[2015.10.03-21.17.43:772][  2]LogModuleManager: Shutting down and abandoning module DirectoryWatcher (89)
[2015.10.03-21.17.44:537][  2]LogModuleManager: Shutting down and abandoning module AssetRegistry (88)
[2015.10.03-21.18.38:925][  2]LogModuleManager: Shutting down and abandoning module ContentBrowser (87)
[2015.10.03-21.18.39:600][  2]LogModuleManager: Shutting down and abandoning module Paper2DEditor (86)
[2015.10.03-21.18.39:779][  2]LogModuleManager: Shutting down and abandoning module UdpMessaging (85)
[2015.10.03-21.18.39:880][  2]LogModuleManager: Shutting down and abandoning module LightPropagationVolumeRuntime (84)
[2015.10.03-21.18.39:880][  2]LogModuleManager: Shutting down and abandoning module Paper2D (83)
[2015.10.03-21.18.39:906][  2]LogModuleManager: Shutting down and abandoning module WindowsMoviePlayer (82)
[2015.10.03-21.18.40:958][  2]LogModuleManager: Shutting down and abandoning module Media (81)
[2015.10.03-21.18.40:958][  2]LogModuleManager: Shutting down and abandoning module WmfMedia (80)
[2015.10.03-21.18.41:141][  2]LogModuleManager: Shutting down and abandoning module OnlineBlueprintSupport (79)
[2015.10.03-21.18.41:141][  2]LogModuleManager: Shutting down and abandoning module GameplayTasksEditor (78)
[2015.10.03-21.18.41:141][  2]LogModuleManager: Shutting down and abandoning module PropertyEditor (77)
[2015.10.03-21.18.41:650][  2]LogModuleManager: Shutting down and abandoning module BehaviorTreeEditor (76)
[2015.10.03-21.18.41:842][  2]LogModuleManager: Shutting down and abandoning module FunctionalTesting (75)
[2015.10.03-21.18.41:864][  2]LogModuleManager: Shutting down and abandoning module CollisionAnalyzer (74)
[2015.10.03-21.18.42:095][  2]LogModuleManager: Shutting down and abandoning module WorkspaceMenuStructure (73)
[2015.10.03-21.18.42:344][  2]LogModuleManager: Shutting down and abandoning module MessageLog (72)
[2015.10.03-21.18.42:344][  2]LogModuleManager: Shutting down and abandoning module Sequencer (71)
[2015.10.03-21.18.42:630][  2]LogModuleManager: Shutting down and abandoning module AssetTools (70)
[2015.10.03-21.18.42:867][  2]LogModuleManager: Shutting down and abandoning module UMGEditor (69)
[2015.10.03-21.18.43:111][  2]LogModuleManager: Shutting down and abandoning module UMG (68)
[2015.10.03-21.18.43:254][  2]LogModuleManager: Shutting down and abandoning module Slate (67)
[2015.10.03-21.18.43:254][  2]LogModuleManager: Shutting down and abandoning module EditorStyle (66)
[2015.10.03-21.18.43:978][  2]LogModuleManager: Shutting down and abandoning module SessionServices (65)
[2015.10.03-21.18.43:978][  2]LogModuleManager: Shutting down and abandoning module SourceCodeAccess (64)
[2015.10.03-21.18.43:978][  2]LogModuleManager: Shutting down and abandoning module HeadMountedDisplay (63)
[2015.10.03-21.18.43:978][  2]LogModuleManager: Shutting down and abandoning module XAudio2 (62)
[2015.10.03-21.18.43:978][  2]LogModuleManager: Shutting down and abandoning module Networking (60)
[2015.10.03-21.18.43:978][  2]LogModuleManager: Shutting down and abandoning module Core (59)
[2015.10.03-21.18.43:978][  2]LogModuleManager: Shutting down and abandoning module KismetCompiler (58)
[2015.10.03-21.18.44:386][  2]LogModuleManager: Shutting down and abandoning module PhysXFormats (57)
[2015.10.03-21.18.44:522][  2]LogModuleManager: Shutting down and abandoning module MeshUtilities (56)
[2015.10.03-21.18.44:593][  2]LogModuleManager: Shutting down and abandoning module CookingStats (55)
[2015.10.03-21.18.44:872][  2]LogModuleManager: Shutting down and abandoning module DerivedDataCache (54)
[2015.10.03-21.18.45:077][  2]LogDerivedDataCache: Shutdown
[2015.10.03-21.18.45:077][  2]LogModuleManager: Shutting down and abandoning module ShaderFormatOpenGL (53)
[2015.10.03-21.18.45:135][  2]LogModuleManager: Shutting down and abandoning module ShaderFormatD3D (52)
[2015.10.03-21.18.45:176][  2]LogModuleManager: Shutting down and abandoning module MetalShaderFormat (51)
[2015.10.03-21.18.45:217][  2]LogModuleManager: Shutting down and abandoning module TextureFormatUncompressed (50)
[2015.10.03-21.18.45:217][  2]LogModuleManager: Shutting down and abandoning module TextureFormatPVR (49)
[2015.10.03-21.18.45:217][  2]LogModuleManager: Shutting down and abandoning module TextureFormatIntelISPCTexComp (48)
[2015.10.03-21.18.45:254][  2]LogModuleManager: Shutting down and abandoning module TextureFormatDXT (47)
[2015.10.03-21.18.45:254][  2]LogModuleManager: Shutting down and abandoning module ImageWrapper (46)
[2015.10.03-21.18.45:254][  2]LogModuleManager: Shutting down and abandoning module TextureFormatASTC (45)
[2015.10.03-21.18.45:254][  2]LogModuleManager: Shutting down and abandoning module TextureFormatAndroid (44)
[2015.10.03-21.18.45:254][  2]LogModuleManager: Shutting down and abandoning module AudioFormatOpus (43)
[2015.10.03-21.18.45:325][  2]LogModuleManager: Shutting down and abandoning module AudioFormatOgg (42)
[2015.10.03-21.18.45:337][  2]LogModuleManager: Shutting down and abandoning module AudioFormatADPCM (41)
[2015.10.03-21.18.45:361][  2]LogModuleManager: Shutting down and abandoning module LinuxTargetPlatform (40)
[2015.10.03-21.18.45:450][  2]LogModuleManager: Shutting down and abandoning module LinuxServerTargetPlatform (39)
[2015.10.03-21.18.45:458][  2]LogModuleManager: Shutting down and abandoning module LinuxNoEditorTargetPlatform (38)
[2015.10.03-21.18.45:472][  2]LogModuleManager: Shutting down and abandoning module Messaging (37)
[2015.10.03-21.18.45:472][  2]LogModuleManager: Shutting down and abandoning module IOSTargetPlatform (36)
[2015.10.03-21.18.45:479][  2]LogModuleManager: Shutting down and abandoning module HTML5TargetPlatform (35)
[2015.10.03-21.18.45:622][  2]LogModuleManager: Shutting down and abandoning module Android_PVRTCTargetPlatform (34)
[2015.10.03-21.18.45:622][  2]LogModuleManager: Shutting down and abandoning module Android_ETC2TargetPlatform (33)
[2015.10.03-21.18.45:622][  2]LogModuleManager: Shutting down and abandoning module Android_ETC1TargetPlatform (32)
[2015.10.03-21.18.45:622][  2]LogModuleManager: Shutting down and abandoning module Android_DXTTargetPlatform (31)
[2015.10.03-21.18.45:622][  2]LogModuleManager: Shutting down and abandoning module Android_ATCTargetPlatform (30)
[2015.10.03-21.18.45:622][  2]LogModuleManager: Shutting down and abandoning module Android_ASTCTargetPlatform (29)
[2015.10.03-21.18.45:622][  2]LogModuleManager: Shutting down and abandoning module AndroidTargetPlatform (28)
[2015.10.03-21.18.45:622][  2]LogModuleManager: Shutting down and abandoning module WindowsTargetPlatform (27)
[2015.10.03-21.18.45:777][  2]LogModuleManager: Shutting down and abandoning module WindowsServerTargetPlatform (26)
[2015.10.03-21.18.45:851][  2]LogModuleManager: Shutting down and abandoning module WindowsNoEditorTargetPlatform (25)
[2015.10.03-21.18.45:867][  2]LogModuleManager: Shutting down and abandoning module WindowsClientTargetPlatform (24)
[2015.10.03-21.18.45:874][  2]LogModuleManager: Shutting down and abandoning module AllDesktopTargetPlatform (23)
[2015.10.03-21.18.45:874][  2]LogModuleManager: Shutting down and abandoning module TargetPlatform (22)
[2015.10.03-21.18.46:070][  2]LogModuleManager: Shutting down and abandoning module InputCore (21)
[2015.10.03-21.18.46:070][  2]LogModuleManager: Shutting down and abandoning module Settings (20)
[2015.10.03-21.18.46:117][  2]LogModuleManager: Shutting down and abandoning module OnlineSubsystem (18)
[2015.10.03-21.18.46:117][  2]LogModuleManager: Shutting down and abandoning module HTTP (17)
[2015.10.03-21.18.50:735][  2]LogModuleManager: Shutting down and abandoning module XMPP (16)
[2015.10.03-21.18.50:744][  2]LogModuleManager: Shutting down and abandoning module ExampleDeviceProfileSelector (15)
[2015.10.03-21.18.50:744][  2]LogModuleManager: Shutting down and abandoning module TextureCompressor (14)
[2015.10.03-21.18.50:785][  2]LogModuleManager: Shutting down and abandoning module ShaderCore (13)
[2015.10.03-21.18.50:785][  2]LogModuleManager: Shutting down and abandoning module Landscape (12)
[2015.10.03-21.18.50:785][  2]LogModuleManager: Shutting down and abandoning module SlateRHIRenderer (11)
[2015.10.03-21.18.50:792][  2]LogModuleManager: Shutting down and abandoning module OpenGLDrv (10)
[2015.10.03-21.18.50:792][  2]LogModuleManager: Shutting down and abandoning module D3D11RHI (9)
[2015.10.03-21.18.50:792][  2]LogModuleManager: Shutting down and abandoning module AnimGraphRuntime (8)
[2015.10.03-21.18.50:792][  2]LogModuleManager: Shutting down and abandoning module Renderer (7)
[2015.10.03-21.18.50:792][  2]LogModuleManager: Shutting down and abandoning module Engine (6)
[2015.10.03-21.18.50:792][  2]LogModuleManager: Shutting down and abandoning module CoreUObject (5)
[2015.10.03-21.18.50:792][  2]LogModuleManager: Shutting down and abandoning module NetworkFile (4)
[2015.10.03-21.18.50:792][  2]LogModuleManager: Shutting down and abandoning module StreamingFile (3)
[2015.10.03-21.18.50:792][  2]LogModuleManager: Shutting down and abandoning module SandboxFile (2)
[2015.10.03-21.18.50:792][  2]LogModuleManager: Shutting down and abandoning module PakFile (1)
[2015.10.03-21.18.50:799][  2]LogExit: Exiting.
[2015.10.03-21.18.53:047][  2]Log file closed, 10/03/15 17:18:53
