[2015.09.30-23.00.49:282][  0]Log file open, 09/30/15 19:00:49
[2015.09.30-23.00.49:282][  0]LogInit:Display: Running engine for game: ThePiedPiper
[2015.09.30-23.00.49:282][  0]LogInit:Display: RandInit(1453198384) SRandInit(1453198384).
[2015.09.30-23.00.49:282][  0]LogTaskGraph: Started task graph with 4 named threads and 5 total threads.
[2015.09.30-23.00.49:282][  0]LogStats: Stats thread started at 0.053647
[2015.09.30-23.00.49:282][  0]LogInit: Version: 4.9.1-2689999+++depot+UE4-Releases+4.9
[2015.09.30-23.00.49:282][  0]LogInit: API Version: 2672455
[2015.09.30-23.00.49:282][  0]LogInit: Compiled (64-bit): Sep 14 2015 04:12:03
[2015.09.30-23.00.49:282][  0]LogInit: Compiled with Visual C++: 18.00.21005.01
[2015.09.30-23.00.49:282][  0]LogInit: Build Configuration: Development
[2015.09.30-23.00.49:282][  0]LogInit: Branch Name: ++depot+UE4-Releases+4.9
[2015.09.30-23.00.49:282][  0]LogInit: Command line:  
[2015.09.30-23.00.49:282][  0]LogInit: Base directory: C:/Program Files/Epic Games/4.9/Engine/Binaries/Win64/
[2015.09.30-23.00.49:282][  0]LogInit: Rocket: 1
[2015.09.30-23.00.49:298][  0]LogInit: Using libcurl 7.41.0
[2015.09.30-23.00.49:298][  0]LogInit:  - built for x86_64-pc-win32
[2015.09.30-23.00.49:298][  0]LogInit:  - supports SSL with WinSSL
[2015.09.30-23.00.49:298][  0]LogInit:  - other features:
[2015.09.30-23.00.49:298][  0]LogInit:      CURL_VERSION_SSL
[2015.09.30-23.00.49:298][  0]LogInit:      CURL_VERSION_IPV6
[2015.09.30-23.00.49:298][  0]LogInit:      CURL_VERSION_ASYNCHDNS
[2015.09.30-23.00.49:298][  0]LogInit:      CURL_VERSION_LARGEFILE
[2015.09.30-23.00.49:298][  0]LogInit:      CURL_VERSION_IDN
[2015.09.30-23.00.49:298][  0]LogInit:  CurlRequestOptions (configurable via config and command line):
[2015.09.30-23.00.49:298][  0]LogInit:  - bVerifyPeer = true  - Libcurl will verify peer certificate
[2015.09.30-23.00.49:298][  0]LogInit:  - bUseHttpProxy = false  - Libcurl will NOT use HTTP proxy
[2015.09.30-23.00.49:298][  0]LogInit:  - bDontReuseConnections = false  - Libcurl will reuse connections
[2015.09.30-23.00.49:298][  0]LogInit:  - CertBundlePath = nullptr  - Libcurl will use whatever was configured at build time.
[2015.09.30-23.00.49:311][  0]LogInit: Presizing for 0 objects not considered by GC, pre-allocating 0 bytes.
[2015.09.30-23.00.49:326][  0]LogInit: Object subsystem initialized
[2015.09.30-23.00.49:329][  0]LogInit: Selected Device Profile: [Windows]
[2015.09.30-23.00.49:329][  0]LogInit: Applying CVar settings loaded from the selected device profile: [Windows]
[2015.09.30-23.00.49:340][  0]LogInit: Computer: WILL-THINK
[2015.09.30-23.00.49:340][  0]LogInit: User: Will
[2015.09.30-23.00.49:340][  0]LogInit: CPU Page size=4096, Cores=2
[2015.09.30-23.00.49:340][  0]LogInit: High frequency timer resolution =2.725576 MHz
[2015.09.30-23.00.49:340][  0]LogMemory: Memory total: Physical=3.9GB (4GB approx)
[2015.09.30-23.00.49:340][  0]LogMemory: Platform Memory Stats for Windows
[2015.09.30-23.00.49:340][  0]LogMemory: Process Physical Memory: 54.88 MB used, 54.88 MB peak
[2015.09.30-23.00.49:340][  0]LogMemory: Process Virtual Memory: 59.33 MB used, 59.33 MB peak
[2015.09.30-23.00.49:340][  0]LogMemory: Physical Memory: 2417.15 MB used, 3979.23 MB total
[2015.09.30-23.00.49:340][  0]LogMemory: Virtual Memory: 340.09 MB used, 8388608.00 MB total
[2015.09.30-23.00.49:376][  0]LogTextLocalizationManager: No specific translations for ('en-US') exist, so ('en') translations will be used.
[2015.09.30-23.00.50:120][  0]LogD3D11RHI: Found D3D11 adapter 0: Intel(R) HD Graphics 3000 (Feature Level 11_0)
[2015.09.30-23.00.50:120][  0]LogD3D11RHI: Adapter has 1998MB of dedicated video memory, 0MB of dedicated system memory, and 1733MB of shared system memory, 1 output[s]
[2015.09.30-23.00.50:136][  0]LogD3D11RHI: Found D3D11 adapter 1: NVIDIA Quadro 2000M  (Feature Level 11_0)
[2015.09.30-23.00.50:136][  0]LogD3D11RHI: Adapter has 1998MB of dedicated video memory, 0MB of dedicated system memory, and 1733MB of shared system memory, 0 output[s]
[2015.09.30-23.00.50:136][  0]LogD3D11RHI: Chosen D3D11 Adapter Id = 0
[2015.09.30-23.00.50:144][  0]LogD3D11RHI: !Direct3DDevice
[2015.09.30-23.00.50:145][  0]LogRHI: Texture pool is 1361 MB (70% of 1945 MB)
[2015.09.30-23.00.50:157][  0]LogD3D11RHI: Async texture creation enabled
[2015.09.30-23.00.50:168][  0]LogShaderCompilers: Guid format shader working directory is 14 characters bigger than the processId version (../../../../../../Users/Will/Documents/mqp/pipermqp/prodenv/ThePiedPiper/Intermediate/Shaders/WorkingDirectory/13216/).
[2015.09.30-23.00.50:168][  0]LogShaderCompilers: Cleaned the shader compiler working directory '../../../../../../Users/Will/Documents/mqp/pipermqp/prodenv/ThePiedPiper/Intermediate/Shaders/tmp/D61B1F12488DAED0A7382E975D25B4D9/'.
[2015.09.30-23.00.50:168][  0]LogShaderCompilers:Display: Using Local Shader Compiler.
[2015.09.30-23.00.51:759][  0]LogTemp:Display: Loaded TP AllDesktopTargetPlatform
[2015.09.30-23.00.51:765][  0]LogTemp:Display: Loaded TP WindowsClientTargetPlatform
[2015.09.30-23.00.51:770][  0]LogTemp:Display: Loaded TP WindowsNoEditorTargetPlatform
[2015.09.30-23.00.51:776][  0]LogTemp:Display: Loaded TP WindowsServerTargetPlatform
[2015.09.30-23.00.51:781][  0]LogTemp:Display: Loaded TP WindowsTargetPlatform
[2015.09.30-23.00.51:785][  0]LogTemp:Display: Loaded TP AndroidTargetPlatform
[2015.09.30-23.00.51:789][  0]LogTemp:Display: Loaded TP Android_ASTCTargetPlatform
[2015.09.30-23.00.51:792][  0]LogTemp:Display: Loaded TP Android_ATCTargetPlatform
[2015.09.30-23.00.51:796][  0]LogTemp:Display: Loaded TP Android_DXTTargetPlatform
[2015.09.30-23.00.51:800][  0]LogTemp:Display: Loaded TP Android_ETC1TargetPlatform
[2015.09.30-23.00.51:803][  0]LogTemp:Display: Loaded TP Android_ETC2TargetPlatform
[2015.09.30-23.00.51:807][  0]LogTemp:Display: Loaded TP Android_PVRTCTargetPlatform
[2015.09.30-23.00.51:808][  0]LogTemp:Display: Loaded TP HTML5TargetPlatform
[2015.09.30-23.00.51:825][  0]LogTemp:Display: Loaded TP IOSTargetPlatform
[2015.09.30-23.00.51:828][  0]LogTemp:Display: Loaded TP LinuxNoEditorTargetPlatform
[2015.09.30-23.00.51:832][  0]LogTemp:Display: Loaded TP LinuxServerTargetPlatform
[2015.09.30-23.00.51:836][  0]LogTemp:Display: Loaded TP LinuxTargetPlatform
[2015.09.30-23.00.51:836][  0]LogTargetPlatformManager:Display: Building Assets For Windows
[2015.09.30-23.00.51:916][  0]LogDerivedDataCache:Display: Max Cache Size: 512 MB
[2015.09.30-23.00.51:980][  0]LogDerivedDataCache: Loaded boot cache 0.06s 41MB C:/Users/Will/AppData/Local/UnrealEngine/4.9/DerivedDataCache/Boot.ddc.
[2015.09.30-23.00.51:980][  0]LogDerivedDataCache:Display: Loaded Boot cache: C:/Users/Will/AppData/Local/UnrealEngine/4.9/DerivedDataCache/Boot.ddc
[2015.09.30-23.00.51:980][  0]LogDerivedDataCache: FDerivedDataBackendGraph:  Pak pak cache file ../../../../../../Users/Will/Documents/mqp/pipermqp/prodenv/ThePiedPiper/DerivedDataCache/DDC.ddp not found, will not use a pak cache.
[2015.09.30-23.00.51:980][  0]LogDerivedDataCache: Unable to find inner node Pak for hierarchical cache Hierarchy.
[2015.09.30-23.00.51:980][  0]LogDerivedDataCache: FDerivedDataBackendGraph:  CompressedPak pak cache file ../../../../../../Users/Will/Documents/mqp/pipermqp/prodenv/ThePiedPiper/DerivedDataCache/Compressed.ddp not found, will not use a pak cache.
[2015.09.30-23.00.51:980][  0]LogDerivedDataCache: Unable to find inner node CompressedPak for hierarchical cache Hierarchy.
[2015.09.30-23.00.52:153][  0]LogDerivedDataCache:Display: Pak cache opened for reading ../../../Engine/DerivedDataCache/Compressed.ddp.
[2015.09.30-23.00.52:186][  0]LogDerivedDataCache: Using Local data cache path C:/Users/Will/AppData/Local/UnrealEngine/Common/DerivedDataCache: Writable
[2015.09.30-23.00.52:384][  0]LogInit: Selected Device Profile: [Windows]
[2015.09.30-23.00.52:384][  0]LogContentStreaming: Texture pool size is 0.000000MB
[2015.09.30-23.00.52:411][  0]LogMeshUtilities: No automatic mesh reduction module available
[2015.09.30-23.00.52:411][  0]LogMeshUtilities: No automatic mesh merging module available
[2015.09.30-23.00.52:825][  0]LogInit: WinSock: version 1.1 (2.2), MaxSocks=32767, MaxUdp=65467
[2015.09.30-23.00.53:585][  0]UdpMessaging: Initializing bridge on interface 0.0.0.0:0 to multicast group 230.0.0.1:6666.
[2015.09.30-23.00.53:676][  0]LogAssetRegistry: FAssetRegistry took 0.0099 seconds to start up
[2015.09.30-23.00.53:861][  0]SourceControl: Info Source control is disabled
[2015.09.30-23.00.54:168][  0]LogLinker:Warning: Asset '../../../Engine/Plugins/Runtime/LeapMotionController/Content/LM_PassthroughMaterial.uasset' has been saved with empty engine version. The asset will be loaded but may be incompatible.
[2015.09.30-23.00.54:242][  0]LogObj: 28361 objects as part of root set at end of initial load.
[2015.09.30-23.00.54:242][  0]LogUObjectAllocator: 6038872 out of 0 bytes used by permanent object pool.
[2015.09.30-23.00.54:300][  0]LogEngine: Initializing Engine...
[2015.09.30-23.00.54:303][  0]LogHMD: Can't find Oculus library dev build: is proper Runtime installed? Version: 0.7.0.0
[2015.09.30-23.00.54:303][  0]LogHMD: SteamVR failed to initialize.  Err: 110
[2015.09.30-23.00.54:445][  0]LogAIModule: Creating AISystem for world NewWorld
[2015.09.30-23.00.54:450][  0]LogInit: XAudio2 using 'Speakers (Conexant 20672 SmartAudio HD)' : 2 channels at 44.1 kHz using 16 bits per sample (channel mask 0x3)
[2015.09.30-23.00.54:477][  0]LogInit: FAudioDevice initialized.
[2015.09.30-23.00.54:504][  0]LogDerivedDataCache: Saved boot cache 0.03s 41MB C:/Users/Will/AppData/Local/UnrealEngine/4.9/DerivedDataCache/Boot.ddc.
[2015.09.30-23.00.54:513][  0]LogInit: Texture streaming: Enabled
[2015.09.30-23.00.54:519][  0]LogAnalytics: Creating configured Analytics provider AnalyticsET
[2015.09.30-23.00.54:519][  0]LogAnalytics: [UEEditor.Rocket.Release] APIServer = http://et2.epicgames.com/ET2/. AppVersion = 4.9.1-2689999+++depot+UE4-Releases+4.9
[2015.09.30-23.00.54:519][  0]LogAnalytics: [UEEditor.Rocket.Release] SetUserId 1877b4af47d0a1b1c511458d4cf4b387|723ff2effdca4465b525b133c47388d1|9fd92084-8da0-4b00-92ec-a7999ca0b261
[2015.09.30-23.00.54:519][  0]LogAnalytics: [UEEditor.Rocket.Release] AnalyticsET::StartSession
[2015.09.30-23.00.54:540][  0]LogInit: Transaction tracking system initialized
[2015.09.30-23.00.54:580][  0]BlueprintLog: New page: Editor Load
[2015.09.30-23.00.54:676][  0]LocalizationService: Info Localization service is disabled
[2015.09.30-23.00.55:040][  0]LogConsoleResponse:Display: 
[2015.09.30-23.00.55:260][  0]LogCook:Display: Done creating registry. It took  0.00s.
[2015.09.30-23.00.55:432][  0]LogFileCache: Scanning file cache for directory 'C:/Users/Will/Documents/mqp/pipermqp/prodenv/ThePiedPiper/Content/' took 0.02s
[2015.09.30-23.00.55:432][  0]Cmd: MAP LOAD FILE="../../../../../../Users/Will/Documents/mqp/pipermqp/prodenv/ThePiedPiper/Content/FirstPersonBP/Maps/FirstPersonExampleMap.umap" TEMPLATE=0 SHOWPROGRESS=1 FEATURELEVEL=3
[2015.09.30-23.00.55:432][  0]LogEditorServer:Warning: Can't find file '../../../../../../Users/Will/Documents/mqp/pipermqp/prodenv/ThePiedPiper/Content/FirstPersonBP/Maps/FirstPersonExampleMap.umap'
[2015.09.30-23.00.55:432][  0]Cmd: MAP CHECKDEP NOCLEARLOG
[2015.09.30-23.00.55:484][  0]MapCheck: Info Map check complete: 0 Error(s), 0 Warning(s), took 51.981ms to complete.
[2015.09.30-23.00.55:485][  0]LogFileHelpers: Loading map 'FirstPersonExampleMap' took 0.053
[2015.09.30-23.00.55:703][  0]LogCollectionManager: Loaded 0 collections in 0.004397 seconds
[2015.09.30-23.00.55:733][  0]LogFileCache: Scanning file cache for directory 'C:/Users/Will/Documents/mqp/pipermqp/prodenv/ThePiedPiper/Saved/Collections/' took 0.01s
[2015.09.30-23.00.55:733][  0]LogFileCache: Scanning file cache for directory 'C:/Users/Will/Documents/mqp/pipermqp/prodenv/ThePiedPiper/Content/Developers/Will/Collections/' took 0.00s
[2015.09.30-23.00.55:734][  0]LogFileCache: Scanning file cache for directory 'C:/Users/Will/Documents/mqp/pipermqp/prodenv/ThePiedPiper/Content/Collections/' took 0.00s
[2015.09.30-23.00.55:734][  0]LogContentBrowser: Native class hierarchy populated in 0.0162 seconds. Added 1867 classes and 333 folders.
[2015.09.30-23.00.55:745][  0]LogCollectionManager: Rebuilt the GUID cache for 0 collections in 0.000004 seconds
[2015.09.30-23.00.55:759][  0]LogContentBrowser: Native class hierarchy updated for 'WidgetCarousel' in 0.0007 seconds. Added 0 classes and 0 folders.
[2015.09.30-23.00.55:841][  0]LogContentBrowser: Native class hierarchy updated for 'AddContentDialog' in 0.0006 seconds. Added 0 classes and 0 folders.
[2015.09.30-23.00.55:850][  0]LogContentBrowser: Native class hierarchy updated for 'SceneOutliner' in 0.0006 seconds. Added 1 classes and 2 folders.
[2015.09.30-23.00.55:895][  0]LogCrashTracker: Crashtracker disabled due to settings.
[2015.09.30-23.00.55:901][  0]LogUObjectGlobals:Warning: Failed to find object 'Class None.'
[2015.09.30-23.00.55:946][  0]LogLoad: Full Startup: 7.15 seconds (BP compile: 0.01 seconds)
[2015.09.30-23.00.56:080][  0]LogContentStreaming: Texture pool size now 400 MB
[2015.09.30-23.00.56:309][  0]LogRenderer: Reallocating scene render targets to support 1428x548 (Frame:2).
[2015.09.30-23.00.57:300][ 17]SourceControl: Info On branch master
[2015.09.30-23.00.57:300][ 17]SourceControl: Info Your branch is up-to-date with 'origin/master'.
[2015.09.30-23.00.57:301][ 17]SourceControl: Info Changes not staged for commit:
[2015.09.30-23.00.57:301][ 17]SourceControl: Info   (use "git add <file>..." to update what will be committed)
[2015.09.30-23.00.57:301][ 17]SourceControl: Info   (use "git checkout -- <file>..." to discard changes in working directory)
[2015.09.30-23.00.57:301][ 17]SourceControl: Info 	modified:   prodenv/ThePiedPiper/Intermediate/Config/CoalescedSourceConfigs/Engine.ini
[2015.09.30-23.00.57:301][ 17]SourceControl: Info 	modified:   prodenv/ThePiedPiper/Intermediate/Config/CoalescedSourceConfigs/Game.ini
[2015.09.30-23.00.57:301][ 17]SourceControl: Info 	modified:   prodenv/ThePiedPiper/Saved/Logs/ThePiedPiper.log
[2015.09.30-23.00.57:301][ 17]SourceControl: Info Untracked files:
[2015.09.30-23.00.57:301][ 17]SourceControl: Info   (use "git add <file>..." to include in what will be committed)
[2015.09.30-23.00.57:301][ 17]SourceControl: Info 	prodenv/ThePiedPiper/Saved/Backup/Force_Wall_Blueprint_2015-09-30-18-27-36.uasset
[2015.09.30-23.00.57:301][ 17]SourceControl: Info 	prodenv/ThePiedPiper/Saved/Backup/Force_Wall_Blueprint_2015-09-30-18-35-55.uasset
[2015.09.30-23.00.57:301][ 17]SourceControl: Info 	prodenv/ThePiedPiper/Saved/Logs/ThePiedPiper-backup-2015.09.26-16.14.48.log
[2015.09.30-23.00.57:301][ 17]SourceControl: Info 	prodenv/ThePiedPiper/Saved/Logs/ThePiedPiper-backup-2015.09.26-16.29.56.log
[2015.09.30-23.00.57:301][ 17]SourceControl: Info 	prodenv/ThePiedPiper/Saved/Logs/ThePiedPiper-backup-2015.09.26-16.33.31.log
[2015.09.30-23.00.57:301][ 17]SourceControl: Info 	prodenv/ThePiedPiper/Saved/Logs/ThePiedPiper-backup-2015.09.26-16.36.47.log
[2015.09.30-23.00.57:301][ 17]SourceControl: Info 	prodenv/ThePiedPiper/Saved/Logs/ThePiedPiper-backup-2015.09.26-16.50.36.log
[2015.09.30-23.00.57:301][ 17]SourceControl: Info 	prodenv/ThePiedPiper/Saved/Logs/ThePiedPiper-backup-2015.09.26-16.54.01.log
[2015.09.30-23.00.57:301][ 17]SourceControl: Info 	prodenv/ThePiedPiper/Saved/Logs/ThePiedPiper-backup-2015.09.26-17.07.52.log
[2015.09.30-23.00.57:301][ 17]SourceControl: Info 	prodenv/ThePiedPiper/Saved/Logs/ThePiedPiper-backup-2015.09.26-17.18.27.log
[2015.09.30-23.00.57:301][ 17]SourceControl: Info 	prodenv/ThePiedPiper/Saved/Logs/ThePiedPiper-backup-2015.09.26-17.39.19.log
[2015.09.30-23.00.57:301][ 17]SourceControl: Info 	prodenv/ThePiedPiper/Saved/Logs/ThePiedPiper-backup-2015.09.27-18.55.04.log
[2015.09.30-23.00.57:301][ 17]SourceControl: Info 	prodenv/ThePiedPiper/Saved/Logs/ThePiedPiper-backup-2015.09.27-19.29.18.log
[2015.09.30-23.00.57:301][ 17]SourceControl: Info 	prodenv/ThePiedPiper/Saved/Logs/ThePiedPiper-backup-2015.09.30-16.20.52.log
[2015.09.30-23.00.57:301][ 17]SourceControl: Info 	prodenv/ThePiedPiper/Saved/Logs/ThePiedPiper-backup-2015.09.30-16.37.54.log
[2015.09.30-23.00.57:302][ 17]SourceControl: Info 	prodenv/ThePiedPiper/Saved/Logs/ThePiedPiper-backup-2015.09.30-18.25.09.log
[2015.09.30-23.00.57:302][ 17]SourceControl: Info 	prodenv/ThePiedPiper/Saved/Logs/ThePiedPiper-backup-2015.09.30-18.43.18.log
[2015.09.30-23.00.57:302][ 17]SourceControl: Info 	prodenv/ThePiedPiper/Saved/Logs/ThePiedPiper-backup-2015.09.30-19.00.49.log
[2015.09.30-23.00.57:302][ 17]SourceControl: Info no changes added to commit (use "git add" and/or "git commit -a")
[2015.09.30-23.01.05:625][507]LogAssetRegistry: Asset discovery search completed in 11.9580 seconds
[2015.09.30-23.01.05:625][507]LogCollectionManager: Rebuilt the object cache for 0 collections in 0.000003 seconds (found 0 objects)
[2015.09.30-23.01.05:625][507]LogCollectionManager: Fixed up redirectors for 0 collections in 0.000059 seconds (updated 0 objects)
[2015.09.30-23.01.13:785][970]LogLinker:Warning: Asset '../../../../../../Users/Will/Documents/mqp/pipermqp/prodenv/ThePiedPiper/Content/FirstPersonBP/Blueprints/FirstPersonProjectile.uasset' has been saved with empty engine version. The asset will be loaded but may be incompatible.
[2015.09.30-23.01.13:787][970]LogLinker:Warning: Asset '../../../../../../Users/Will/Documents/mqp/pipermqp/prodenv/ThePiedPiper/Content/FirstPerson/Meshes/FirstPersonProjectileMesh.uasset' has been saved with empty engine version. The asset will be loaded but may be incompatible.
[2015.09.30-23.01.14:428][970]LogAIModule: Creating AISystem for world GrayboxLevel
[2015.09.30-23.01.14:533][970]Cmd: MAP LOAD FILE="../../../../../../Users/Will/Documents/mqp/pipermqp/prodenv/ThePiedPiper/Content/GrayboxLevel.umap" TEMPLATE=0 SHOWPROGRESS=1 FEATURELEVEL=3
[2015.09.30-23.01.14:533][970]LightingResults: New page: Lighting Build
[2015.09.30-23.01.14:537][970]LogContentBrowser: Native class hierarchy updated for 'StatsViewer' in 0.0004 seconds. Added 5 classes and 0 folders.
[2015.09.30-23.01.14:557][970]LoadErrors: New page: Loading map: GrayboxLevel.umap
[2015.09.30-23.01.14:591][970]MapCheck: New page: Map Check
[2015.09.30-23.01.14:591][970]LightingResults: New page: Lighting Build
[2015.09.30-23.01.14:613][970]LogParticles: Destroying 0 GPU particle simulations for FXSystem 0x00000000221B2160
[2015.09.30-23.01.14:678][970]LogEditorServer: Finished looking for orphan Actors (0.000 secs)
[2015.09.30-23.01.14:783][970]Cmd: MAP CHECKDEP NOCLEARLOG
[2015.09.30-23.01.14:836][970]MapCheck: Info Map check complete: 0 Error(s), 0 Warning(s), took 52.915ms to complete.
[2015.09.30-23.01.14:836][970]LogFileHelpers: Loading map 'GrayboxLevel' took 0.304
[2015.09.30-23.01.14:877][971]Cmd: UpdateLandscapeEditorData -warnings
[2015.09.30-23.01.14:882][971]Cmd: UpdateLandscapeEditorData
[2015.09.30-23.01.48:555][257]LogPlayLevel: PlayLevel: No blueprints needed recompiling
[2015.09.30-23.01.48:555][257]PIE: New page: PIE session: GrayboxLevel (Sep 30, 2015, 3:01:48 PM)
[2015.09.30-23.01.48:556][257]LogPlayLevel: Creating play world package: /Game/UEDPIE_0_GrayboxLevel
[2015.09.30-23.01.48:633][257]LogPlayLevel: PIE: StaticDuplicateObject took: (0.077201s)
[2015.09.30-23.01.48:634][257]LogAIModule: Creating AISystem for world GrayboxLevel
[2015.09.30-23.01.48:634][257]LogPlayLevel: PIE: World Init took: (0.001009s)
[2015.09.30-23.01.48:634][257]LogPlayLevel: PIE: Created PIE world by copying editor world from /Game/GrayboxLevel.GrayboxLevel to /Game/UEDPIE_0_GrayboxLevel.GrayboxLevel (0.078493s)
[2015.09.30-23.01.48:634][257]LogActorComponent: UnregisterComponent: (/Engine/Transient.CharMoveComp) Not registered. Aborting.
[2015.09.30-23.01.48:668][257]LogInit: XAudio2 using 'Speakers (Conexant 20672 SmartAudio HD)' : 2 channels at 44.1 kHz using 16 bits per sample (channel mask 0x3)
[2015.09.30-23.01.48:673][257]LogInit: FAudioDevice initialized.
[2015.09.30-23.01.48:722][257]LogLinker:Warning: Asset '../../../../../../Users/Will/Documents/mqp/pipermqp/prodenv/ThePiedPiper/Content/FirstPersonBP/Blueprints/FirstPersonHUD.uasset' has been saved with empty engine version. The asset will be loaded but may be incompatible.
[2015.09.30-23.01.48:751][257]LogWorld: Game class is 'FirstPersonGameMode_C'
[2015.09.30-23.01.48:787][257]LogWorld: Bringing World /Game/UEDPIE_0_GrayboxLevel.GrayboxLevel up for play (max tick rate 60) at 2015.09.30-19.01.48
[2015.09.30-23.01.48:787][257]LogActor:Warning: GameSession /Game/UEDPIE_0_GrayboxLevel.GrayboxLevel:PersistentLevel.GameSession_0 has natively added scene component(s), but none of them were set as the actor's RootComponent - picking one arbitrarily
[2015.09.30-23.01.48:787][257]LogActor:Warning: GameNetworkManager /Game/UEDPIE_0_GrayboxLevel.GrayboxLevel:PersistentLevel.GameNetworkManager_0 has natively added scene component(s), but none of them were set as the actor's RootComponent - picking one arbitrarily
[2015.09.30-23.01.48:789][257]LogWorld: Bringing up level for play took: 0.037403
[2015.09.30-23.01.48:791][257]PIE: Info Play in editor start time for /Game/UEDPIE_0_GrayboxLevel -0.062
[2015.09.30-23.01.54:131][548]LogParticles: Destroying 0 GPU particle simulations for FXSystem 0x0000000030AEE660
[2015.09.30-23.01.56:387][644]LogRenderer: Reallocating scene render targets to support 1432x548 (Frame:2704).
[2015.09.30-23.02.11:369][134]LogPlayLevel: PlayLevel: No blueprints needed recompiling
[2015.09.30-23.02.11:369][134]PIE: New page: PIE session: GrayboxLevel (Sep 30, 2015, 3:02:11 PM)
[2015.09.30-23.02.11:369][134]LogPlayLevel: Creating play world package: /Game/UEDPIE_0_GrayboxLevel
[2015.09.30-23.02.11:446][134]LogPlayLevel: PIE: StaticDuplicateObject took: (0.077132s)
[2015.09.30-23.02.11:447][134]LogAIModule: Creating AISystem for world GrayboxLevel
[2015.09.30-23.02.11:448][134]LogPlayLevel: PIE: World Init took: (0.001141s)
[2015.09.30-23.02.11:448][134]LogPlayLevel: PIE: Created PIE world by copying editor world from /Game/GrayboxLevel.GrayboxLevel to /Game/UEDPIE_0_GrayboxLevel.GrayboxLevel (0.078570s)
[2015.09.30-23.02.11:479][134]LogInit: XAudio2 using 'Speakers (Conexant 20672 SmartAudio HD)' : 2 channels at 44.1 kHz using 16 bits per sample (channel mask 0x3)
[2015.09.30-23.02.11:485][134]LogInit: FAudioDevice initialized.
[2015.09.30-23.02.11:517][134]LogWorld: Game class is 'FirstPersonGameMode_C'
[2015.09.30-23.02.11:550][134]LogWorld: Bringing World /Game/UEDPIE_0_GrayboxLevel.GrayboxLevel up for play (max tick rate 60) at 2015.09.30-19.02.11
[2015.09.30-23.02.11:550][134]LogActor:Warning: GameSession /Game/UEDPIE_0_GrayboxLevel.GrayboxLevel:PersistentLevel.GameSession_1 has natively added scene component(s), but none of them were set as the actor's RootComponent - picking one arbitrarily
[2015.09.30-23.02.11:550][134]LogActor:Warning: GameNetworkManager /Game/UEDPIE_0_GrayboxLevel.GrayboxLevel:PersistentLevel.GameNetworkManager_1 has natively added scene component(s), but none of them were set as the actor's RootComponent - picking one arbitrarily
[2015.09.30-23.02.11:552][134]LogWorld: Bringing up level for play took: 0.034471
[2015.09.30-23.02.11:554][134]PIE: Info Play in editor start time for /Game/UEDPIE_0_GrayboxLevel 0.701
[2015.09.30-23.02.31:055][254]LogParticles: Destroying 0 GPU particle simulations for FXSystem 0x0000000030AEC360
[2015.09.30-23.02.34:174][391]LogEditorViewport: Clicking on Actor (LMB): Landscape (Landscape1)
[2015.09.30-23.02.34:674][408]Cmd: DELETE
[2015.09.30-23.02.34:674][408]Cmd: ACTOR DELETE
[2015.09.30-23.02.34:742][408]LogEditorActor: Deleted Actor: Landscape
[2015.09.30-23.02.34:791][408]LogEditorActor: Deleted 1 Actors (0.073 secs)
[2015.09.30-23.02.34:800][409]Cmd: UpdateLandscapeEditorData
[2015.09.30-23.02.35:957][463]Cmd: TRANSACTION UNDO
[2015.09.30-23.02.35:968][463]LogEditorTransaction: Undo Delete Actors
[2015.09.30-23.02.36:383][464]Cmd: UpdateLandscapeEditorData
[2015.09.30-23.02.38:009][503]LogEditorViewport: Clicking on Actor (LMB): BP_Sky_Sphere_C (Sky Sphere)
[2015.09.30-23.03.20:477][ 81]LogLinker:Warning: Asset '../../../Engine/Content/ArtTools/RenderToTexture/Macros/RenderToTextureMacros.uasset' has been saved with empty engine version. The asset will be loaded but may be incompatible.
[2015.09.30-23.03.21:387][ 81]LogContentBrowser: Native class hierarchy updated for 'BlueprintGraph' in 0.0011 seconds. Added 107 classes and 0 folders.
[2015.09.30-23.03.53:498][851]LogActorComponent: UnregisterComponent: (/Engine/Transient.ProjectileMovementComponent_40__A6522401) Not registered. Aborting.
[2015.09.30-23.03.53:498][851]LogActorComponent: UnregisterComponent: (/Engine/Transient.CharMoveComp) Not registered. Aborting.
[2015.09.30-23.03.58:444][968]LogActorComponent: UnregisterComponent: (/Engine/Transient.CharacterMovementComponent_0) Not registered. Aborting.
[2015.09.30-23.04.05:625][109]LogActorComponent: UnregisterComponent: (/Engine/Transient.CharacterMovementComponent_1) Not registered. Aborting.
[2015.09.30-23.04.09:439][203]LogActorComponent: UnregisterComponent: (/Engine/Transient.CharacterMovementComponent_2) Not registered. Aborting.
[2015.09.30-23.04.17:067][372]LogActorComponent: UnregisterComponent: (/Engine/Transient.CharacterMovementComponent_3) Not registered. Aborting.
[2015.09.30-23.04.22:324][501]LogActorComponent: UnregisterComponent: (/Engine/Transient.CharacterMovementComponent_4) Not registered. Aborting.
[2015.09.30-23.04.24:788][559]LogActorComponent: UnregisterComponent: (/Engine/Transient.CharacterMovementComponent_5) Not registered. Aborting.
[2015.09.30-23.04.49:481][165]LogActorComponent: UnregisterComponent: (/Engine/Transient.CharacterMovementComponent_6) Not registered. Aborting.
[2015.09.30-23.05.34:878][234]BlueprintLog: New page: Compile FirstPersonCharacter
[2015.09.30-23.05.35:158][234]LogUObjectGlobals:Warning: Guid is in use by CapsuleComponent /Game/GrayboxLevel.GrayboxLevel:PersistentLevel.FirstPersonCharacter_198.CollisionCylinder and CapsuleComponent /Game/GrayboxLevel.GrayboxLevel:PersistentLevel.FirstPersonCharacter_C_0.CollisionCylinder, which should never happen in the editor but could happen at runtime with duplicate level loading or PIE
[2015.09.30-23.05.35:158][234]LogUObjectGlobals:Warning: Guid is in use by ArrowComponent /Game/GrayboxLevel.GrayboxLevel:PersistentLevel.FirstPersonCharacter_198.Arrow and ArrowComponent /Game/GrayboxLevel.GrayboxLevel:PersistentLevel.FirstPersonCharacter_C_0.Arrow, which should never happen in the editor but could happen at runtime with duplicate level loading or PIE
[2015.09.30-23.05.35:158][234]LogUObjectGlobals:Warning: Guid is in use by CharacterMovementComponent /Game/GrayboxLevel.GrayboxLevel:PersistentLevel.FirstPersonCharacter_198.CharMoveComp and CharacterMovementComponent /Game/GrayboxLevel.GrayboxLevel:PersistentLevel.FirstPersonCharacter_C_0.CharMoveComp, which should never happen in the editor but could happen at runtime with duplicate level loading or PIE
[2015.09.30-23.05.35:158][234]LogUObjectGlobals:Warning: Guid is in use by SkeletalMeshComponent /Game/GrayboxLevel.GrayboxLevel:PersistentLevel.FirstPersonCharacter_198.CharacterMesh0 and SkeletalMeshComponent /Game/GrayboxLevel.GrayboxLevel:PersistentLevel.FirstPersonCharacter_C_0.CharacterMesh0, which should never happen in the editor but could happen at runtime with duplicate level loading or PIE
[2015.09.30-23.05.35:275][234]LogActorComponent: UnregisterComponent: (/Engine/Transient.CharacterMovementComponent_7) Not registered. Aborting.
[2015.09.30-23.05.35:401][234]BlueprintEditorCompileResults: Info [0286.60] Compile of FirstPersonCharacter successful! [in 522 ms]
[2015.09.30-23.05.46:505][544]LogPlayLevel: PlayLevel: No blueprints needed recompiling
[2015.09.30-23.05.46:505][544]PIE: New page: PIE session: GrayboxLevel (Sep 30, 2015, 3:05:46 PM)
[2015.09.30-23.05.46:505][544]LogPlayLevel: Creating play world package: /Game/UEDPIE_0_GrayboxLevel
[2015.09.30-23.05.46:606][544]LogPlayLevel: PIE: StaticDuplicateObject took: (0.100242s)
[2015.09.30-23.05.46:607][544]LogAIModule: Creating AISystem for world GrayboxLevel
[2015.09.30-23.05.46:607][544]LogPlayLevel: PIE: World Init took: (0.001442s)
[2015.09.30-23.05.46:608][544]LogPlayLevel: PIE: Created PIE world by copying editor world from /Game/GrayboxLevel.GrayboxLevel to /Game/UEDPIE_0_GrayboxLevel.GrayboxLevel (0.102120s)
[2015.09.30-23.05.46:608][544]LogActorComponent: UnregisterComponent: (/Engine/Transient.CharMoveComp) Not registered. Aborting.
[2015.09.30-23.05.46:677][544]LogInit: XAudio2 using 'Speakers (Conexant 20672 SmartAudio HD)' : 2 channels at 44.1 kHz using 16 bits per sample (channel mask 0x3)
[2015.09.30-23.05.46:685][544]LogInit: FAudioDevice initialized.
[2015.09.30-23.05.46:720][544]LogWorld: Game class is 'FirstPersonGameMode_C'
[2015.09.30-23.05.46:764][544]LogWorld: Bringing World /Game/UEDPIE_0_GrayboxLevel.GrayboxLevel up for play (max tick rate 60) at 2015.09.30-19.05.46
[2015.09.30-23.05.46:764][544]LogActor:Warning: GameSession /Game/UEDPIE_0_GrayboxLevel.GrayboxLevel:PersistentLevel.GameSession_2 has natively added scene component(s), but none of them were set as the actor's RootComponent - picking one arbitrarily
[2015.09.30-23.05.46:764][544]LogActor:Warning: GameNetworkManager /Game/UEDPIE_0_GrayboxLevel.GrayboxLevel:PersistentLevel.GameNetworkManager_2 has natively added scene component(s), but none of them were set as the actor's RootComponent - picking one arbitrarily
[2015.09.30-23.05.46:767][544]LogWorld: Bringing up level for play took: 0.045481
[2015.09.30-23.05.46:769][544]PIE: Info Play in editor start time for /Game/UEDPIE_0_GrayboxLevel -0.089
[2015.09.30-23.05.59:689][271]LogSpawn:Warning: SpawnActor failed because of collision at the spawn location [X=-4737.042 Y=3140.880 Z=1097.329] for [FirstPersonProjectile_C]
[2015.09.30-23.06.00:032][291]LogSpawn:Warning: SpawnActor failed because of collision at the spawn location [X=-4736.026 Y=3138.822 Z=1095.143] for [FirstPersonProjectile_C]
[2015.09.30-23.06.00:204][301]LogSpawn:Warning: SpawnActor failed because of collision at the spawn location [X=-4740.332 Y=3140.041 Z=1092.289] for [FirstPersonProjectile_C]
[2015.09.30-23.06.00:376][311]LogSpawn:Warning: SpawnActor failed because of collision at the spawn location [X=-4751.839 Y=3144.224 Z=1077.124] for [FirstPersonProjectile_C]
[2015.09.30-23.06.00:529][320]LogSpawn:Warning: SpawnActor failed because of collision at the spawn location [X=-4752.044 Y=3145.121 Z=1076.167] for [FirstPersonProjectile_C]
[2015.09.30-23.06.00:678][329]LogSpawn:Warning: SpawnActor failed because of collision at the spawn location [X=-4751.037 Y=3145.134 Z=1078.328] for [FirstPersonProjectile_C]
[2015.09.30-23.06.01:033][350]LogSpawn:Warning: SpawnActor failed because of collision at the spawn location [X=-4735.990 Y=3140.291 Z=1095.119] for [FirstPersonProjectile_C]
[2015.09.30-23.06.01:372][370]LogSpawn:Warning: SpawnActor failed because of collision at the spawn location [X=-4736.692 Y=3140.598 Z=1094.519] for [FirstPersonProjectile_C]
[2015.09.30-23.06.02:037][401]LogParticles: Destroying 0 GPU particle simulations for FXSystem 0x0000000038F46980
[2015.09.30-23.07.22:994][970]LogActor:Warning: GameNetworkManager /Engine/Transient.World_6:PersistentLevel.GameNetworkManager_3 has natively added scene component(s), but none of them were set as the actor's RootComponent - picking one arbitrarily
[2015.09.30-23.08.05:513][244]LogEditorViewport: Clicking on Actor (LMB): FirstPersonCharacter_C (FirstPersonCharacter)
[2015.09.30-23.08.08:714][329]LogEditorViewport: Clicking on Actor (LMB): Landscape (Landscape1)
[2015.09.30-23.09.46:016][745]LogPlayLevel: PlayLevel: No blueprints needed recompiling
[2015.09.30-23.09.46:017][745]PIE: New page: PIE session: GrayboxLevel (Sep 30, 2015, 3:09:46 PM)
[2015.09.30-23.09.46:017][745]LogPlayLevel: Creating play world package: /Game/UEDPIE_0_GrayboxLevel
[2015.09.30-23.09.46:122][745]LogPlayLevel: PIE: StaticDuplicateObject took: (0.104717s)
[2015.09.30-23.09.46:123][745]LogAIModule: Creating AISystem for world GrayboxLevel
[2015.09.30-23.09.46:123][745]LogPlayLevel: PIE: World Init took: (0.001426s)
[2015.09.30-23.09.46:123][745]LogPlayLevel: PIE: Created PIE world by copying editor world from /Game/GrayboxLevel.GrayboxLevel to /Game/UEDPIE_0_GrayboxLevel.GrayboxLevel (0.106556s)
[2015.09.30-23.09.46:123][745]LogActorComponent: UnregisterComponent: (/Engine/Transient.ProjectileMovementComponent_40__A6522401) Not registered. Aborting.
[2015.09.30-23.09.46:123][745]LogActorComponent: UnregisterComponent: (/Engine/Transient.CharMoveComp) Not registered. Aborting.
[2015.09.30-23.09.46:190][745]LogParticles: Destroying 0 GPU particle simulations for FXSystem 0x000000003109ECA0
[2015.09.30-23.09.46:191][745]LogParticles: Destroying 0 GPU particle simulations for FXSystem 0x00000000343EA980
[2015.09.30-23.09.46:193][745]LogParticles: Destroying 0 GPU particle simulations for FXSystem 0x00000000309404A0
[2015.09.30-23.09.46:223][745]LogInit: XAudio2 using 'Speakers (Conexant 20672 SmartAudio HD)' : 2 channels at 44.1 kHz using 16 bits per sample (channel mask 0x3)
[2015.09.30-23.09.46:231][745]LogInit: FAudioDevice initialized.
[2015.09.30-23.09.46:267][745]LogWorld: Game class is 'FirstPersonGameMode_C'
[2015.09.30-23.09.46:316][745]LogWorld: Bringing World /Game/UEDPIE_0_GrayboxLevel.GrayboxLevel up for play (max tick rate 60) at 2015.09.30-19.09.46
[2015.09.30-23.09.46:316][745]LogActor:Warning: GameSession /Game/UEDPIE_0_GrayboxLevel.GrayboxLevel:PersistentLevel.GameSession_3 has natively added scene component(s), but none of them were set as the actor's RootComponent - picking one arbitrarily
[2015.09.30-23.09.46:316][745]LogActor:Warning: GameNetworkManager /Game/UEDPIE_0_GrayboxLevel.GrayboxLevel:PersistentLevel.GameNetworkManager_4 has natively added scene component(s), but none of them were set as the actor's RootComponent - picking one arbitrarily
[2015.09.30-23.09.46:319][745]LogWorld: Bringing up level for play took: 0.051576
[2015.09.30-23.09.46:322][745]PIE: Info Play in editor start time for /Game/UEDPIE_0_GrayboxLevel -0.54
[2015.09.30-23.10.06:682][826]LogParticles: Destroying 0 GPU particle simulations for FXSystem 0x00000000393B56C0
[2015.09.30-23.10.29:458][281]BlueprintLog: New page: Compile FirstPersonCharacter
[2015.09.30-23.10.29:815][281]LogActorComponent: UnregisterComponent: (/Engine/Transient.ProjectileMovementComponent_40__A6522401) Not registered. Aborting.
[2015.09.30-23.10.29:815][281]LogActorComponent: UnregisterComponent: (/Engine/Transient.CharMoveComp) Not registered. Aborting.
[2015.09.30-23.10.29:902][281]BlueprintEditorCompileResults: Info [0581.09] Compile of FirstPersonCharacter successful! [in 443 ms]
[2015.09.30-23.10.32:170][333]LogPlayLevel: PlayLevel: No blueprints needed recompiling
[2015.09.30-23.10.32:170][333]PIE: New page: PIE session: GrayboxLevel (Sep 30, 2015, 3:10:32 PM)
[2015.09.30-23.10.32:170][333]LogPlayLevel: Creating play world package: /Game/UEDPIE_0_GrayboxLevel
[2015.09.30-23.10.32:273][333]LogPlayLevel: PIE: StaticDuplicateObject took: (0.102887s)
[2015.09.30-23.10.32:274][333]LogAIModule: Creating AISystem for world GrayboxLevel
[2015.09.30-23.10.32:274][333]LogPlayLevel: PIE: World Init took: (0.001182s)
[2015.09.30-23.10.32:274][333]LogPlayLevel: PIE: Created PIE world by copying editor world from /Game/GrayboxLevel.GrayboxLevel to /Game/UEDPIE_0_GrayboxLevel.GrayboxLevel (0.104456s)
[2015.09.30-23.10.32:274][333]LogActorComponent: UnregisterComponent: (/Engine/Transient.CharMoveComp) Not registered. Aborting.
[2015.09.30-23.10.32:357][333]LogParticles: Destroying 0 GPU particle simulations for FXSystem 0x000000003944FCE0
[2015.09.30-23.10.32:389][333]LogInit: XAudio2 using 'Speakers (Conexant 20672 SmartAudio HD)' : 2 channels at 44.1 kHz using 16 bits per sample (channel mask 0x3)
[2015.09.30-23.10.32:398][333]LogInit: FAudioDevice initialized.
[2015.09.30-23.10.32:434][333]LogWorld: Game class is 'FirstPersonGameMode_C'
[2015.09.30-23.10.32:485][333]LogWorld: Bringing World /Game/UEDPIE_0_GrayboxLevel.GrayboxLevel up for play (max tick rate 60) at 2015.09.30-19.10.32
[2015.09.30-23.10.32:485][333]LogActor:Warning: GameSession /Game/UEDPIE_0_GrayboxLevel.GrayboxLevel:PersistentLevel.GameSession_4 has natively added scene component(s), but none of them were set as the actor's RootComponent - picking one arbitrarily
[2015.09.30-23.10.32:486][333]LogActor:Warning: GameNetworkManager /Game/UEDPIE_0_GrayboxLevel.GrayboxLevel:PersistentLevel.GameNetworkManager_5 has natively added scene component(s), but none of them were set as the actor's RootComponent - picking one arbitrarily
[2015.09.30-23.10.32:488][333]LogWorld: Bringing up level for play took: 0.053254
[2015.09.30-23.10.32:490][333]PIE: Info Play in editor start time for /Game/UEDPIE_0_GrayboxLevel -0.373
[2015.09.30-23.10.43:758][946]LogParticles: Destroying 0 GPU particle simulations for FXSystem 0x000000003D64D620
[2015.09.30-23.10.59:197][263]BlueprintLog: New page: Compile FirstPersonCharacter
[2015.09.30-23.10.59:516][263]LogActorComponent: UnregisterComponent: (/Engine/Transient.ProjectileMovementComponent_40__A6522401) Not registered. Aborting.
[2015.09.30-23.10.59:516][263]LogActorComponent: UnregisterComponent: (/Engine/Transient.CharMoveComp) Not registered. Aborting.
[2015.09.30-23.10.59:600][263]BlueprintEditorCompileResults: Info [0610.79] Compile of FirstPersonCharacter successful! [in 402 ms]
[2015.09.30-23.11.01:896][317]LogPlayLevel: PlayLevel: No blueprints needed recompiling
[2015.09.30-23.11.01:896][317]PIE: New page: PIE session: GrayboxLevel (Sep 30, 2015, 3:11:01 PM)
[2015.09.30-23.11.01:896][317]LogPlayLevel: Creating play world package: /Game/UEDPIE_0_GrayboxLevel
[2015.09.30-23.11.02:015][317]LogPlayLevel: PIE: StaticDuplicateObject took: (0.119266s)
[2015.09.30-23.11.02:017][317]LogAIModule: Creating AISystem for world GrayboxLevel
[2015.09.30-23.11.02:017][317]LogPlayLevel: PIE: World Init took: (0.001346s)
[2015.09.30-23.11.02:017][317]LogPlayLevel: PIE: Created PIE world by copying editor world from /Game/GrayboxLevel.GrayboxLevel to /Game/UEDPIE_0_GrayboxLevel.GrayboxLevel (0.121030s)
[2015.09.30-23.11.02:017][317]LogActorComponent: UnregisterComponent: (/Engine/Transient.CharMoveComp) Not registered. Aborting.
[2015.09.30-23.11.02:094][317]LogParticles: Destroying 0 GPU particle simulations for FXSystem 0x000000002BACD940
[2015.09.30-23.11.02:127][317]LogInit: XAudio2 using 'Speakers (Conexant 20672 SmartAudio HD)' : 2 channels at 44.1 kHz using 16 bits per sample (channel mask 0x3)
[2015.09.30-23.11.02:136][317]LogInit: FAudioDevice initialized.
[2015.09.30-23.11.02:172][317]LogWorld: Game class is 'FirstPersonGameMode_C'
[2015.09.30-23.11.02:218][317]LogWorld: Bringing World /Game/UEDPIE_0_GrayboxLevel.GrayboxLevel up for play (max tick rate 60) at 2015.09.30-19.11.02
[2015.09.30-23.11.02:218][317]LogActor:Warning: GameSession /Game/UEDPIE_0_GrayboxLevel.GrayboxLevel:PersistentLevel.GameSession_5 has natively added scene component(s), but none of them were set as the actor's RootComponent - picking one arbitrarily
[2015.09.30-23.11.02:218][317]LogActor:Warning: GameNetworkManager /Game/UEDPIE_0_GrayboxLevel.GrayboxLevel:PersistentLevel.GameNetworkManager_6 has natively added scene component(s), but none of them were set as the actor's RootComponent - picking one arbitrarily
[2015.09.30-23.11.02:221][317]LogWorld: Bringing up level for play took: 0.048169
[2015.09.30-23.11.02:223][317]PIE: Info Play in editor start time for /Game/UEDPIE_0_GrayboxLevel -0.641
[2015.09.30-23.11.11:607][821]LogParticles: Destroying 0 GPU particle simulations for FXSystem 0x0000000045B3C9A0
[2015.09.30-23.12.37:680][132]LogActorComponent: UnregisterComponent: (/Engine/Transient.ProjectileMovementComponent_40__A6522401) Not registered. Aborting.
[2015.09.30-23.12.37:680][132]LogActorComponent: UnregisterComponent: (/Engine/Transient.CharMoveComp) Not registered. Aborting.
[2015.09.30-23.12.49:657][337]LogEditorViewport: Clicking on Actor (LMB): Popup_Wall_Blueprint_C (Popup_Wall_Blueprint)
[2015.09.30-23.12.50:398][366]Cmd: DELETE
[2015.09.30-23.12.50:398][366]Cmd: ACTOR DELETE
[2015.09.30-23.12.50:400][366]LogEditorActor: Deleted Actor: Popup_Wall_Blueprint_C
[2015.09.30-23.12.50:456][366]LogEditorActor: Deleted 1 Actors (0.058 secs)
[2015.09.30-23.12.59:788][797]Cmd: OBJ SAVEPACKAGE PACKAGE="/Game/GrayboxLevel" FILE="../../../../../../Users/Will/Documents/mqp/pipermqp/prodenv/ThePiedPiper/Content/GrayboxLevel.umap" SILENT=true AUTOSAVING=false KEEPDIRTY=false
[2015.09.30-23.13.02:297][797]LogSavePackage: Save=2421.905762ms
[2015.09.30-23.13.02:297][797]LogSavePackage: Moving '../../../../../../Users/Will/Documents/mqp/pipermqp/prodenv/ThePiedPiper/Saved/GrayboxLevel8A2790B749EB30BE25F926898283F326.tmp' to '../../../../../../Users/Will/Documents/mqp/pipermqp/prodenv/ThePiedPiper/Content/GrayboxLevel.umap'
[2015.09.30-23.13.02:303][797]LogSavePackage: Total save time: 2440.163475ms
[2015.09.30-23.13.02:303][797]LogSavePackage:Warning: Finished SavePackage ../../../../../../Users/Will/Documents/mqp/pipermqp/prodenv/ThePiedPiper/Content/GrayboxLevel.umap
[2015.09.30-23.13.02:368][797]LogFileHelpers: Saving map 'GrayboxLevel' took 2.651
[2015.09.30-23.13.02:551][797]LogSavePackage: Save=130.782257ms
[2015.09.30-23.13.02:551][797]LogSavePackage: Moving '../../../../../../Users/Will/Documents/mqp/pipermqp/prodenv/ThePiedPiper/Saved/FirstPersonCharacterF28E6D1C4B306EB97A34C0890E800C31.tmp' to '../../../../../../Users/Will/Documents/mqp/pipermqp/prodenv/ThePiedPiper/Content/FirstPersonBP/Blueprints/FirstPersonCharacter.uasset'
[2015.09.30-23.13.02:555][797]LogSavePackage: Total save time: 139.938127ms
[2015.09.30-23.13.02:555][797]LogSavePackage:Warning: Finished SavePackage ../../../../../../Users/Will/Documents/mqp/pipermqp/prodenv/ThePiedPiper/Content/FirstPersonBP/Blueprints/FirstPersonCharacter.uasset
[2015.09.30-23.13.04:162][869]LogActorComponent: UnregisterComponent: (/Engine/Transient.CharMoveComp) Not registered. Aborting.
[2015.09.30-23.13.04:235][869]LogParticles: Destroying 0 GPU particle simulations for FXSystem 0x000000001B5C5E40
[2015.09.30-23.13.04:816][870]Cmd: QUIT_EDITOR
[2015.09.30-23.13.05:367][870]LogExit: Preparing to exit.
[2015.09.30-23.13.06:035][870]LogExit: Editor shut down
[2015.09.30-23.13.06:036][870]LogExit: Transaction tracking system shut down
[2015.09.30-23.13.06:036][870]LogParticles: Destroying 0 GPU particle simulations for FXSystem 0x000000001137CAE0
[2015.09.30-23.13.06:038][870]LogParticles: Destroying 0 GPU particle simulations for FXSystem 0x000000001F1A7B00
[2015.09.30-23.13.06:038][870]LogParticles: Destroying 0 GPU particle simulations for FXSystem 0x000000001F1A7BA0
[2015.09.30-23.13.06:039][870]LogParticles: Destroying 0 GPU particle simulations for FXSystem 0x000000001F3053A0
[2015.09.30-23.13.06:042][870]LogParticles: Destroying 0 GPU particle simulations for FXSystem 0x000000001F307600
[2015.09.30-23.13.06:290][870]LogExit: Object subsystem successfully closed.
[2015.09.30-23.13.06:310][870]LogD3D11RHI: Shutdown
[2015.09.30-23.13.06:310][870]LogD3D11RHI: CleanupD3DDevice
[2015.09.30-23.13.06:382][870]LogD3D11RHI: ~FD3D11DynamicRHI
[2015.09.30-23.13.06:404][870]LogModuleManager: Shutting down and abandoning module BlueprintGraph (198)
[2015.09.30-23.13.06:404][870]LogModuleManager: Shutting down and abandoning module StatsViewer (197)
[2015.09.30-23.13.06:404][870]LogModuleManager: Shutting down and abandoning module CrashTracker (196)
[2015.09.30-23.13.06:404][870]LogModuleManager: Shutting down and abandoning module SceneOutliner (195)
[2015.09.30-23.13.06:404][870]LogModuleManager: Shutting down and abandoning module SuperSearch (194)
[2015.09.30-23.13.06:404][870]LogModuleManager: Shutting down and abandoning module WidgetCarousel (193)
[2015.09.30-23.13.06:404][870]LogModuleManager: Shutting down and abandoning module AddContentDialog (192)
[2015.09.30-23.13.06:405][870]LogModuleManager: Shutting down and abandoning module EditorWidgets (191)
[2015.09.30-23.13.06:405][870]LogModuleManager: Shutting down and abandoning module CollectionManager (190)
[2015.09.30-23.13.06:406][870]LogModuleManager: Shutting down and abandoning module FoliageEdit (189)
[2015.09.30-23.13.06:406][870]LogModuleManager: Shutting down and abandoning module LandscapeEditor (188)
[2015.09.30-23.13.06:406][870]LogModuleManager: Shutting down and abandoning module ActorPickerMode (187)
[2015.09.30-23.13.06:406][870]LogModuleManager: Shutting down and abandoning module GeometryMode (186)
[2015.09.30-23.13.06:406][870]LogModuleManager: Shutting down and abandoning module TextureAlignMode (185)
[2015.09.30-23.13.06:406][870]LogModuleManager: Shutting down and abandoning module BspMode (184)
[2015.09.30-23.13.06:406][870]LogModuleManager: Shutting down and abandoning module PlacementMode (183)
[2015.09.30-23.13.06:406][870]LogModuleManager: Shutting down and abandoning module AutomationWorker (182)
[2015.09.30-23.13.06:406][870]LogModuleManager: Shutting down and abandoning module CharacterAI (181)
[2015.09.30-23.13.06:406][870]LogModuleManager: Shutting down and abandoning module SmartSnapping (180)
[2015.09.30-23.13.06:406][870]LogModuleManager: Shutting down and abandoning module ViewportSnapping (179)
[2015.09.30-23.13.06:406][870]LogModuleManager: Shutting down and abandoning module LogVisualizer (178)
[2015.09.30-23.13.06:406][870]LogModuleManager: Shutting down and abandoning module GameProjectGeneration (177)
[2015.09.30-23.13.06:406][870]LogModuleManager: Shutting down and abandoning module IntroTutorials (176)
[2015.09.30-23.13.06:406][870]LogModuleManager: Shutting down and abandoning module EditorLiveStreaming (175)
[2015.09.30-23.13.06:406][870]LogModuleManager: Shutting down and abandoning module IOSPlatformEditor (174)
[2015.09.30-23.13.06:406][870]LogModuleManager: Shutting down and abandoning module HTML5PlatformEditor (173)
[2015.09.30-23.13.06:407][870]LogModuleManager: Shutting down and abandoning module AndroidDeviceDetection (172)
[2015.09.30-23.13.07:224][870]LogModuleManager: Shutting down and abandoning module AndroidPlatformEditor (171)
[2015.09.30-23.13.07:224][870]LogModuleManager: Shutting down and abandoning module IOSRuntimeSettings (170)
[2015.09.30-23.13.07:224][870]LogModuleManager: Shutting down and abandoning module AndroidRuntimeSettings (169)
[2015.09.30-23.13.07:224][870]LogModuleManager: Shutting down and abandoning module MergeActors (168)
[2015.09.30-23.13.07:224][870]LogModuleManager: Shutting down and abandoning module SizeMap (167)
[2015.09.30-23.13.07:224][870]LogModuleManager: Shutting down and abandoning module TreeMap (166)
[2015.09.30-23.13.07:224][870]LogModuleManager: Shutting down and abandoning module ReferenceViewer (165)
[2015.09.30-23.13.07:224][870]LogModuleManager: Shutting down and abandoning module LocalizationService (164)
[2015.09.30-23.13.07:224][870]LogModuleManager: Shutting down and abandoning module LocalizationDashboard (163)
[2015.09.30-23.13.07:224][870]LogModuleManager: Shutting down and abandoning module HardwareTargeting (162)
[2015.09.30-23.13.07:224][870]LogModuleManager: Shutting down and abandoning module DeviceProfileEditor (161)
[2015.09.30-23.13.07:224][870]LogModuleManager: Shutting down and abandoning module UndoHistory (160)
[2015.09.30-23.13.07:224][870]LogModuleManager: Shutting down and abandoning module GameplayTagsEditor (159)
[2015.09.30-23.13.07:224][870]LogModuleManager: Shutting down and abandoning module UserFeedback (158)
[2015.09.30-23.13.07:224][870]LogModuleManager: Shutting down and abandoning module XmlParser (157)
[2015.09.30-23.13.07:224][870]LogModuleManager: Shutting down and abandoning module Blutility (156)
[2015.09.30-23.13.07:224][870]LogModuleManager: Shutting down and abandoning module ProjectTargetPlatformEditor (155)
[2015.09.30-23.13.07:224][870]LogModuleManager: Shutting down and abandoning module ProjectSettingsViewer (154)
[2015.09.30-23.13.07:224][870]LogModuleManager: Shutting down and abandoning module InputBindingEditor (153)
[2015.09.30-23.13.07:224][870]LogModuleManager: Shutting down and abandoning module EditorSettingsViewer (152)
[2015.09.30-23.13.07:224][870]LogModuleManager: Shutting down and abandoning module SettingsEditor (151)
[2015.09.30-23.13.07:224][870]LogModuleManager: Shutting down and abandoning module ProjectLauncher (150)
[2015.09.30-23.13.07:224][870]LogModuleManager: Shutting down and abandoning module SessionFrontend (149)
[2015.09.30-23.13.07:224][870]LogModuleManager: Shutting down and abandoning module ProfilerClient (148)
[2015.09.30-23.13.07:224][870]LogModuleManager: Shutting down and abandoning module TargetDeviceServices (147)
[2015.09.30-23.13.07:224][870]LogModuleManager: Shutting down and abandoning module DeviceManager (146)
[2015.09.30-23.13.07:225][870]LogModuleManager: Shutting down and abandoning module AutomationController (145)
[2015.09.30-23.13.07:225][870]LogModuleManager: Shutting down and abandoning module AutomationWindow (144)
[2015.09.30-23.13.07:225][870]LogModuleManager: Shutting down and abandoning module Layers (143)
[2015.09.30-23.13.07:225][870]LogModuleManager: Shutting down and abandoning module ComponentVisualizers (142)
[2015.09.30-23.13.07:225][870]LogModuleManager: Shutting down and abandoning module DetailCustomizations (141)
[2015.09.30-23.13.07:225][870]LogModuleManager: Shutting down and abandoning module PackagesDialog (140)
[2015.09.30-23.13.07:225][870]LogModuleManager: Shutting down and abandoning module Persona (139)
[2015.09.30-23.13.07:225][870]LogModuleManager: Shutting down and abandoning module Kismet (138)
[2015.09.30-23.13.07:225][870]LogModuleManager: Shutting down and abandoning module GraphEditor (137)
[2015.09.30-23.13.07:225][870]LogModuleManager: Shutting down and abandoning module ClassViewer (136)
[2015.09.30-23.13.07:225][870]LogModuleManager: Shutting down and abandoning module Toolbox (135)
[2015.09.30-23.13.07:225][870]LogModuleManager: Shutting down and abandoning module ModuleUI (134)
[2015.09.30-23.13.07:225][870]LogModuleManager: Shutting down and abandoning module MovieSceneTools (133)
[2015.09.30-23.13.07:225][870]LogModuleManager: Shutting down and abandoning module OutputLog (132)
[2015.09.30-23.13.07:225][870]LogModuleManager: Shutting down and abandoning module GammaUI (131)
[2015.09.30-23.13.07:225][870]LogModuleManager: Shutting down and abandoning module Documentation (130)
[2015.09.30-23.13.07:225][870]LogModuleManager: Shutting down and abandoning module GameLiveStreaming (129)
[2015.09.30-23.13.07:225][870]LogModuleManager: Shutting down and abandoning module StreamingPauseRendering (128)
[2015.09.30-23.13.07:225][870]LogModuleManager: Shutting down and abandoning module AnalyticsET (127)
[2015.09.30-23.13.07:225][870]LogModuleManager: Shutting down and abandoning module Analytics (126)
[2015.09.30-23.13.07:225][870]LogModuleManager: Shutting down and abandoning module AITestSuite (125)
[2015.09.30-23.13.07:225][870]LogModuleManager: Shutting down and abandoning module GameplayDebugger (124)
[2015.09.30-23.13.07:225][870]LogModuleManager: Shutting down and abandoning module AIModule (123)
[2015.09.30-23.13.07:225][870]LogModuleManager: Shutting down and abandoning module ProfilerService (122)
[2015.09.30-23.13.07:434][870]LogModuleManager: Shutting down and abandoning module TaskGraph (121)
[2015.09.30-23.13.07:434][870]LogModuleManager: Shutting down and abandoning module SlateRemote (120)
[2015.09.30-23.13.07:434][870]LogModuleManager: Shutting down and abandoning module SteamVRController (119)
[2015.09.30-23.13.07:434][870]LogModuleManager: Shutting down and abandoning module SteamVR (118)
[2015.09.30-23.13.07:434][870]LogModuleManager: Shutting down and abandoning module ProceduralMeshComponent (117)
[2015.09.30-23.13.07:434][870]LogModuleManager: Shutting down and abandoning module OculusRift (116)
[2015.09.30-23.13.07:434][870]LogModuleManager: Shutting down and abandoning module OculusLibrary (115)
[2015.09.30-23.13.07:434][870]LogModuleManager: Shutting down and abandoning module LeapMotionController (114)
[2015.09.30-23.13.07:445][870]LogModuleManager: Shutting down and abandoning module CustomMeshComponent (113)
[2015.09.30-23.13.07:445][870]LogModuleManager: Shutting down and abandoning module CableComponent (112)
[2015.09.30-23.13.07:445][870]LogModuleManager: Shutting down and abandoning module ArchVisCharacter (111)
[2015.09.30-23.13.07:445][870]LogModuleManager: Shutting down and abandoning module MessagingDebugger (110)
[2015.09.30-23.13.07:445][870]LogModuleManager: Shutting down and abandoning module MediaPlayerEditor (109)
[2015.09.30-23.13.07:445][870]LogModuleManager: Shutting down and abandoning module HTML5Networking (108)
[2015.09.30-23.13.07:445][870]LogModuleManager: Shutting down and abandoning module SpeedTreeImporter (107)
[2015.09.30-23.13.07:445][870]LogModuleManager: Shutting down and abandoning module PluginBrowser (106)
[2015.09.30-23.13.07:445][870]LogModuleManager: Shutting down and abandoning module EpicSurvey (105)
[2015.09.30-23.13.07:445][870]LogModuleManager: Shutting down and abandoning module DesktopPlatform (104)
[2015.09.30-23.13.07:445][870]LogModuleManager: Shutting down and abandoning module VisualStudioSourceCodeAccess (103)
[2015.09.30-23.13.07:445][870]LogModuleManager: Shutting down and abandoning module UObjectPlugin (102)
[2015.09.30-23.13.07:445][870]LogModuleManager: Shutting down and abandoning module SubversionSourceControl (101)
[2015.09.30-23.13.07:445][870]LogModuleManager: Shutting down and abandoning module PerforceSourceControl (100)
[2015.09.30-23.13.07:445][870]LogModuleManager: Shutting down and abandoning module SourceControl (99)
[2015.09.30-23.13.07:445][870]LogModuleManager: Shutting down and abandoning module GitSourceControl (98)
[2015.09.30-23.13.07:445][870]LogModuleManager: Shutting down and abandoning module LightPropagationVolumeEditor (97)
[2015.09.30-23.13.07:445][870]LogModuleManager: Shutting down and abandoning module PaperTiledImporter (96)
[2015.09.30-23.13.07:445][870]LogModuleManager: Shutting down and abandoning module PaperSpriteSheetImporter (95)
[2015.09.30-23.13.07:445][870]LogModuleManager: Shutting down and abandoning module MeshPaint (94)
[2015.09.30-23.13.07:445][870]LogModuleManager: Shutting down and abandoning module SlateReflector (93)
[2015.09.30-23.13.07:445][870]LogModuleManager: Shutting down and abandoning module HotReload (92)
[2015.09.30-23.13.07:445][870]LogModuleManager: Shutting down and abandoning module MainFrame (91)
[2015.09.30-23.13.07:445][870]LogModuleManager: Shutting down and abandoning module LevelEditor (90)
[2015.09.30-23.13.07:446][870]LogModuleManager: Shutting down and abandoning module DirectoryWatcher (89)
[2015.09.30-23.13.07:448][870]LogModuleManager: Shutting down and abandoning module AssetRegistry (88)
[2015.09.30-23.13.07:535][870]LogModuleManager: Shutting down and abandoning module ContentBrowser (87)
[2015.09.30-23.13.07:536][870]LogModuleManager: Shutting down and abandoning module Paper2DEditor (86)
[2015.09.30-23.13.07:536][870]LogModuleManager: Shutting down and abandoning module UdpMessaging (85)
[2015.09.30-23.13.07:636][870]LogModuleManager: Shutting down and abandoning module LightPropagationVolumeRuntime (84)
[2015.09.30-23.13.07:636][870]LogModuleManager: Shutting down and abandoning module Paper2D (83)
[2015.09.30-23.13.07:636][870]LogModuleManager: Shutting down and abandoning module WindowsMoviePlayer (82)
[2015.09.30-23.13.07:639][870]LogModuleManager: Shutting down and abandoning module Media (81)
[2015.09.30-23.13.07:639][870]LogModuleManager: Shutting down and abandoning module WmfMedia (80)
[2015.09.30-23.13.07:639][870]LogModuleManager: Shutting down and abandoning module OnlineBlueprintSupport (79)
[2015.09.30-23.13.07:639][870]LogModuleManager: Shutting down and abandoning module GameplayTasksEditor (78)
[2015.09.30-23.13.07:639][870]LogModuleManager: Shutting down and abandoning module PropertyEditor (77)
[2015.09.30-23.13.07:639][870]LogModuleManager: Shutting down and abandoning module BehaviorTreeEditor (76)
[2015.09.30-23.13.07:639][870]LogModuleManager: Shutting down and abandoning module FunctionalTesting (75)
[2015.09.30-23.13.07:639][870]LogModuleManager: Shutting down and abandoning module CollisionAnalyzer (74)
[2015.09.30-23.13.07:639][870]LogModuleManager: Shutting down and abandoning module WorkspaceMenuStructure (73)
[2015.09.30-23.13.07:640][870]LogModuleManager: Shutting down and abandoning module MessageLog (72)
[2015.09.30-23.13.07:640][870]LogModuleManager: Shutting down and abandoning module Sequencer (71)
[2015.09.30-23.13.07:640][870]LogModuleManager: Shutting down and abandoning module AssetTools (70)
[2015.09.30-23.13.07:640][870]LogModuleManager: Shutting down and abandoning module UMGEditor (69)
[2015.09.30-23.13.07:640][870]LogModuleManager: Shutting down and abandoning module UMG (68)
[2015.09.30-23.13.07:640][870]LogModuleManager: Shutting down and abandoning module Slate (67)
[2015.09.30-23.13.07:640][870]LogModuleManager: Shutting down and abandoning module EditorStyle (66)
[2015.09.30-23.13.07:642][870]LogModuleManager: Shutting down and abandoning module SessionServices (65)
[2015.09.30-23.13.07:642][870]LogModuleManager: Shutting down and abandoning module SourceCodeAccess (64)
[2015.09.30-23.13.07:642][870]LogModuleManager: Shutting down and abandoning module HeadMountedDisplay (63)
[2015.09.30-23.13.07:642][870]LogModuleManager: Shutting down and abandoning module XAudio2 (62)
[2015.09.30-23.13.07:642][870]LogModuleManager: Shutting down and abandoning module Networking (60)
[2015.09.30-23.13.07:642][870]LogModuleManager: Shutting down and abandoning module Core (59)
[2015.09.30-23.13.07:642][870]LogModuleManager: Shutting down and abandoning module KismetCompiler (58)
[2015.09.30-23.13.07:642][870]LogModuleManager: Shutting down and abandoning module PhysXFormats (57)
[2015.09.30-23.13.07:642][870]LogModuleManager: Shutting down and abandoning module MeshUtilities (56)
[2015.09.30-23.13.07:642][870]LogModuleManager: Shutting down and abandoning module CookingStats (55)
[2015.09.30-23.13.07:644][870]LogModuleManager: Shutting down and abandoning module DerivedDataCache (54)
[2015.09.30-23.13.07:699][870]LogDerivedDataCache: Shutdown
[2015.09.30-23.13.07:699][870]LogModuleManager: Shutting down and abandoning module ShaderFormatOpenGL (53)
[2015.09.30-23.13.07:699][870]LogModuleManager: Shutting down and abandoning module ShaderFormatD3D (52)
[2015.09.30-23.13.07:699][870]LogModuleManager: Shutting down and abandoning module MetalShaderFormat (51)
[2015.09.30-23.13.07:699][870]LogModuleManager: Shutting down and abandoning module TextureFormatUncompressed (50)
[2015.09.30-23.13.07:699][870]LogModuleManager: Shutting down and abandoning module TextureFormatPVR (49)
[2015.09.30-23.13.07:699][870]LogModuleManager: Shutting down and abandoning module TextureFormatIntelISPCTexComp (48)
[2015.09.30-23.13.07:699][870]LogModuleManager: Shutting down and abandoning module TextureFormatDXT (47)
[2015.09.30-23.13.07:699][870]LogModuleManager: Shutting down and abandoning module ImageWrapper (46)
[2015.09.30-23.13.07:699][870]LogModuleManager: Shutting down and abandoning module TextureFormatASTC (45)
[2015.09.30-23.13.07:699][870]LogModuleManager: Shutting down and abandoning module TextureFormatAndroid (44)
[2015.09.30-23.13.07:699][870]LogModuleManager: Shutting down and abandoning module AudioFormatOpus (43)
[2015.09.30-23.13.07:699][870]LogModuleManager: Shutting down and abandoning module AudioFormatOgg (42)
[2015.09.30-23.13.07:699][870]LogModuleManager: Shutting down and abandoning module AudioFormatADPCM (41)
[2015.09.30-23.13.07:699][870]LogModuleManager: Shutting down and abandoning module LinuxTargetPlatform (40)
[2015.09.30-23.13.07:699][870]LogModuleManager: Shutting down and abandoning module LinuxServerTargetPlatform (39)
[2015.09.30-23.13.07:699][870]LogModuleManager: Shutting down and abandoning module LinuxNoEditorTargetPlatform (38)
[2015.09.30-23.13.07:699][870]LogModuleManager: Shutting down and abandoning module Messaging (37)
[2015.09.30-23.13.07:699][870]LogModuleManager: Shutting down and abandoning module IOSTargetPlatform (36)
[2015.09.30-23.13.07:699][870]LogModuleManager: Shutting down and abandoning module HTML5TargetPlatform (35)
[2015.09.30-23.13.07:699][870]LogModuleManager: Shutting down and abandoning module Android_PVRTCTargetPlatform (34)
[2015.09.30-23.13.07:699][870]LogModuleManager: Shutting down and abandoning module Android_ETC2TargetPlatform (33)
[2015.09.30-23.13.07:699][870]LogModuleManager: Shutting down and abandoning module Android_ETC1TargetPlatform (32)
[2015.09.30-23.13.07:699][870]LogModuleManager: Shutting down and abandoning module Android_DXTTargetPlatform (31)
[2015.09.30-23.13.07:699][870]LogModuleManager: Shutting down and abandoning module Android_ATCTargetPlatform (30)
[2015.09.30-23.13.07:699][870]LogModuleManager: Shutting down and abandoning module Android_ASTCTargetPlatform (29)
[2015.09.30-23.13.07:699][870]LogModuleManager: Shutting down and abandoning module AndroidTargetPlatform (28)
[2015.09.30-23.13.07:699][870]LogModuleManager: Shutting down and abandoning module WindowsTargetPlatform (27)
[2015.09.30-23.13.07:699][870]LogModuleManager: Shutting down and abandoning module WindowsServerTargetPlatform (26)
[2015.09.30-23.13.07:699][870]LogModuleManager: Shutting down and abandoning module WindowsNoEditorTargetPlatform (25)
[2015.09.30-23.13.07:699][870]LogModuleManager: Shutting down and abandoning module WindowsClientTargetPlatform (24)
[2015.09.30-23.13.07:699][870]LogModuleManager: Shutting down and abandoning module AllDesktopTargetPlatform (23)
[2015.09.30-23.13.07:699][870]LogModuleManager: Shutting down and abandoning module TargetPlatform (22)
[2015.09.30-23.13.07:699][870]LogModuleManager: Shutting down and abandoning module InputCore (21)
[2015.09.30-23.13.07:699][870]LogModuleManager: Shutting down and abandoning module Settings (20)
[2015.09.30-23.13.07:699][870]LogModuleManager: Shutting down and abandoning module OnlineSubsystem (18)
[2015.09.30-23.13.07:699][870]LogModuleManager: Shutting down and abandoning module HTTP (17)
[2015.09.30-23.13.09:700][870]LogModuleManager: Shutting down and abandoning module XMPP (16)
[2015.09.30-23.13.09:700][870]LogModuleManager: Shutting down and abandoning module ExampleDeviceProfileSelector (15)
[2015.09.30-23.13.09:700][870]LogModuleManager: Shutting down and abandoning module TextureCompressor (14)
[2015.09.30-23.13.09:700][870]LogModuleManager: Shutting down and abandoning module ShaderCore (13)
[2015.09.30-23.13.09:700][870]LogModuleManager: Shutting down and abandoning module Landscape (12)
[2015.09.30-23.13.09:700][870]LogModuleManager: Shutting down and abandoning module SlateRHIRenderer (11)
[2015.09.30-23.13.09:705][870]LogModuleManager: Shutting down and abandoning module OpenGLDrv (10)
[2015.09.30-23.13.09:705][870]LogModuleManager: Shutting down and abandoning module D3D11RHI (9)
[2015.09.30-23.13.09:705][870]LogModuleManager: Shutting down and abandoning module AnimGraphRuntime (8)
[2015.09.30-23.13.09:705][870]LogModuleManager: Shutting down and abandoning module Renderer (7)
[2015.09.30-23.13.09:705][870]LogModuleManager: Shutting down and abandoning module Engine (6)
[2015.09.30-23.13.09:705][870]LogModuleManager: Shutting down and abandoning module CoreUObject (5)
[2015.09.30-23.13.09:705][870]LogModuleManager: Shutting down and abandoning module NetworkFile (4)
[2015.09.30-23.13.09:705][870]LogModuleManager: Shutting down and abandoning module StreamingFile (3)
[2015.09.30-23.13.09:705][870]LogModuleManager: Shutting down and abandoning module SandboxFile (2)
[2015.09.30-23.13.09:705][870]LogModuleManager: Shutting down and abandoning module PakFile (1)
[2015.09.30-23.13.09:706][870]LogExit: Exiting.
[2015.09.30-23.13.09:721][870]Log file closed, 09/30/15 19:13:09
