[2015.09.26-21.39.19:864][  0]Log file open, 09/26/15 17:39:19
[2015.09.26-21.39.19:864][  0]LogInit:Display: Running engine for game: ThePiedPiper
[2015.09.26-21.39.19:864][  0]LogInit:Display: RandInit(2003067833) SRandInit(2003067834).
[2015.09.26-21.39.19:864][  0]LogTaskGraph: Started task graph with 4 named threads and 5 total threads.
[2015.09.26-21.39.19:864][  0]LogStats: Stats thread started at 0.087820
[2015.09.26-21.39.19:864][  0]LogInit: Version: 4.9.1-2689999+++depot+UE4-Releases+4.9
[2015.09.26-21.39.19:864][  0]LogInit: API Version: 2672455
[2015.09.26-21.39.19:864][  0]LogInit: Compiled (64-bit): Sep 14 2015 04:12:03
[2015.09.26-21.39.19:864][  0]LogInit: Compiled with Visual C++: 18.00.21005.01
[2015.09.26-21.39.19:864][  0]LogInit: Build Configuration: Development
[2015.09.26-21.39.19:864][  0]LogInit: Branch Name: ++depot+UE4-Releases+4.9
[2015.09.26-21.39.19:864][  0]LogInit: Command line:  
[2015.09.26-21.39.19:864][  0]LogInit: Base directory: C:/Program Files/Epic Games/4.9/Engine/Binaries/Win64/
[2015.09.26-21.39.19:864][  0]LogInit: Rocket: 1
[2015.09.26-21.39.19:880][  0]LogInit: Using libcurl 7.41.0
[2015.09.26-21.39.19:880][  0]LogInit:  - built for x86_64-pc-win32
[2015.09.26-21.39.19:880][  0]LogInit:  - supports SSL with WinSSL
[2015.09.26-21.39.19:880][  0]LogInit:  - other features:
[2015.09.26-21.39.19:880][  0]LogInit:      CURL_VERSION_SSL
[2015.09.26-21.39.19:880][  0]LogInit:      CURL_VERSION_IPV6
[2015.09.26-21.39.19:880][  0]LogInit:      CURL_VERSION_ASYNCHDNS
[2015.09.26-21.39.19:880][  0]LogInit:      CURL_VERSION_LARGEFILE
[2015.09.26-21.39.19:880][  0]LogInit:      CURL_VERSION_IDN
[2015.09.26-21.39.19:880][  0]LogInit:  CurlRequestOptions (configurable via config and command line):
[2015.09.26-21.39.19:880][  0]LogInit:  - bVerifyPeer = true  - Libcurl will verify peer certificate
[2015.09.26-21.39.19:880][  0]LogInit:  - bUseHttpProxy = false  - Libcurl will NOT use HTTP proxy
[2015.09.26-21.39.19:880][  0]LogInit:  - bDontReuseConnections = false  - Libcurl will reuse connections
[2015.09.26-21.39.19:880][  0]LogInit:  - CertBundlePath = nullptr  - Libcurl will use whatever was configured at build time.
[2015.09.26-21.39.19:897][  0]LogInit: Presizing for 0 objects not considered by GC, pre-allocating 0 bytes.
[2015.09.26-21.39.19:914][  0]LogInit: Object subsystem initialized
[2015.09.26-21.39.19:917][  0]LogInit: Selected Device Profile: [Windows]
[2015.09.26-21.39.19:917][  0]LogInit: Applying CVar settings loaded from the selected device profile: [Windows]
[2015.09.26-21.39.19:935][  0]LogInit: Computer: WILL-THINK
[2015.09.26-21.39.19:935][  0]LogInit: User: Will
[2015.09.26-21.39.19:935][  0]LogInit: CPU Page size=4096, Cores=2
[2015.09.26-21.39.19:935][  0]LogInit: High frequency timer resolution =2.725683 MHz
[2015.09.26-21.39.19:935][  0]LogMemory: Memory total: Physical=3.9GB (4GB approx)
[2015.09.26-21.39.19:936][  0]LogMemory: Platform Memory Stats for Windows
[2015.09.26-21.39.19:936][  0]LogMemory: Process Physical Memory: 54.87 MB used, 54.87 MB peak
[2015.09.26-21.39.19:936][  0]LogMemory: Process Virtual Memory: 59.32 MB used, 59.32 MB peak
[2015.09.26-21.39.19:936][  0]LogMemory: Physical Memory: 2019.09 MB used, 3979.23 MB total
[2015.09.26-21.39.19:936][  0]LogMemory: Virtual Memory: 340.09 MB used, 8388608.00 MB total
[2015.09.26-21.39.19:989][  0]LogTextLocalizationManager: No specific translations for ('en-US') exist, so ('en') translations will be used.
[2015.09.26-21.39.21:642][  0]LogD3D11RHI: Found D3D11 adapter 0: Intel(R) HD Graphics 3000 (Feature Level 11_0)
[2015.09.26-21.39.21:642][  0]LogD3D11RHI: Adapter has 1998MB of dedicated video memory, 0MB of dedicated system memory, and 1733MB of shared system memory, 1 output[s]
[2015.09.26-21.39.21:673][  0]LogD3D11RHI: Found D3D11 adapter 1: NVIDIA Quadro 2000M  (Feature Level 11_0)
[2015.09.26-21.39.21:673][  0]LogD3D11RHI: Adapter has 1998MB of dedicated video memory, 0MB of dedicated system memory, and 1733MB of shared system memory, 0 output[s]
[2015.09.26-21.39.21:673][  0]LogD3D11RHI: Chosen D3D11 Adapter Id = 0
[2015.09.26-21.39.21:686][  0]LogD3D11RHI: !Direct3DDevice
[2015.09.26-21.39.21:686][  0]LogRHI: Texture pool is 1361 MB (70% of 1945 MB)
[2015.09.26-21.39.21:702][  0]LogD3D11RHI: Async texture creation enabled
[2015.09.26-21.39.21:715][  0]LogShaderCompilers: Guid format shader working directory is 15 characters bigger than the processId version (../../../../../../Users/Will/Documents/mqp/pipermqp/prodenv/ThePiedPiper/Intermediate/Shaders/WorkingDirectory/9000/).
[2015.09.26-21.39.21:715][  0]LogShaderCompilers: Cleaned the shader compiler working directory '../../../../../../Users/Will/Documents/mqp/pipermqp/prodenv/ThePiedPiper/Intermediate/Shaders/tmp/75BE731A4A2CCFDA21AA4686889E7095/'.
[2015.09.26-21.39.21:715][  0]LogShaderCompilers:Display: Using Local Shader Compiler.
[2015.09.26-21.39.24:979][  0]LogTemp:Display: Loaded TP AllDesktopTargetPlatform
[2015.09.26-21.39.24:992][  0]LogTemp:Display: Loaded TP WindowsClientTargetPlatform
[2015.09.26-21.39.25:004][  0]LogTemp:Display: Loaded TP WindowsNoEditorTargetPlatform
[2015.09.26-21.39.25:017][  0]LogTemp:Display: Loaded TP WindowsServerTargetPlatform
[2015.09.26-21.39.25:030][  0]LogTemp:Display: Loaded TP WindowsTargetPlatform
[2015.09.26-21.39.25:039][  0]LogTemp:Display: Loaded TP AndroidTargetPlatform
[2015.09.26-21.39.25:055][  0]LogTemp:Display: Loaded TP Android_ASTCTargetPlatform
[2015.09.26-21.39.25:065][  0]LogTemp:Display: Loaded TP Android_ATCTargetPlatform
[2015.09.26-21.39.25:074][  0]LogTemp:Display: Loaded TP Android_DXTTargetPlatform
[2015.09.26-21.39.25:083][  0]LogTemp:Display: Loaded TP Android_ETC1TargetPlatform
[2015.09.26-21.39.25:092][  0]LogTemp:Display: Loaded TP Android_ETC2TargetPlatform
[2015.09.26-21.39.25:101][  0]LogTemp:Display: Loaded TP Android_PVRTCTargetPlatform
[2015.09.26-21.39.25:103][  0]LogTemp:Display: Loaded TP HTML5TargetPlatform
[2015.09.26-21.39.25:129][  0]LogTemp:Display: Loaded TP IOSTargetPlatform
[2015.09.26-21.39.25:139][  0]LogTemp:Display: Loaded TP LinuxNoEditorTargetPlatform
[2015.09.26-21.39.25:146][  0]LogTemp:Display: Loaded TP LinuxServerTargetPlatform
[2015.09.26-21.39.25:155][  0]LogTemp:Display: Loaded TP LinuxTargetPlatform
[2015.09.26-21.39.25:155][  0]LogTargetPlatformManager:Display: Building Assets For Windows
[2015.09.26-21.39.25:322][  0]LogDerivedDataCache:Display: Max Cache Size: 512 MB
[2015.09.26-21.39.25:434][  0]LogDerivedDataCache: Loaded boot cache 0.11s 41MB C:/Users/Will/AppData/Local/UnrealEngine/4.9/DerivedDataCache/Boot.ddc.
[2015.09.26-21.39.25:435][  0]LogDerivedDataCache:Display: Loaded Boot cache: C:/Users/Will/AppData/Local/UnrealEngine/4.9/DerivedDataCache/Boot.ddc
[2015.09.26-21.39.25:435][  0]LogDerivedDataCache: FDerivedDataBackendGraph:  Pak pak cache file ../../../../../../Users/Will/Documents/mqp/pipermqp/prodenv/ThePiedPiper/DerivedDataCache/DDC.ddp not found, will not use a pak cache.
[2015.09.26-21.39.25:435][  0]LogDerivedDataCache: Unable to find inner node Pak for hierarchical cache Hierarchy.
[2015.09.26-21.39.25:435][  0]LogDerivedDataCache: FDerivedDataBackendGraph:  CompressedPak pak cache file ../../../../../../Users/Will/Documents/mqp/pipermqp/prodenv/ThePiedPiper/DerivedDataCache/Compressed.ddp not found, will not use a pak cache.
[2015.09.26-21.39.25:435][  0]LogDerivedDataCache: Unable to find inner node CompressedPak for hierarchical cache Hierarchy.
[2015.09.26-21.39.25:709][  0]LogDerivedDataCache:Display: Pak cache opened for reading ../../../Engine/DerivedDataCache/Compressed.ddp.
[2015.09.26-21.39.25:722][  0]LogDerivedDataCache: Using Local data cache path C:/Users/Will/AppData/Local/UnrealEngine/Common/DerivedDataCache: Writable
[2015.09.26-21.39.26:128][  0]LogInit: Selected Device Profile: [Windows]
[2015.09.26-21.39.26:130][  0]LogContentStreaming: Texture pool size is 0.000000MB
[2015.09.26-21.39.26:197][  0]LogMeshUtilities: No automatic mesh reduction module available
[2015.09.26-21.39.26:197][  0]LogMeshUtilities: No automatic mesh merging module available
[2015.09.26-21.39.27:015][  0]LogInit: WinSock: version 1.1 (2.2), MaxSocks=32767, MaxUdp=65467
[2015.09.26-21.39.28:489][  0]UdpMessaging: Initializing bridge on interface 0.0.0.0:0 to multicast group 230.0.0.1:6666.
[2015.09.26-21.39.28:604][  0]LogAssetRegistry: FAssetRegistry took 0.0097 seconds to start up
[2015.09.26-21.39.29:000][  0]SourceControl: Info Source control is disabled
[2015.09.26-21.39.29:056][  0]SourceControl: Info Source control is disabled
[2015.09.26-21.39.29:075][  0]SourceControl: Info Source control is disabled
[2015.09.26-21.39.29:095][  0]SourceControl: Info Source control is disabled
[2015.09.26-21.39.29:349][  0]LogLinker:Warning: Asset '../../../Engine/Plugins/Runtime/LeapMotionController/Content/LM_PassthroughMaterial.uasset' has been saved with empty engine version. The asset will be loaded but may be incompatible.
[2015.09.26-21.39.29:483][  0]LogObj: 28361 objects as part of root set at end of initial load.
[2015.09.26-21.39.29:483][  0]LogUObjectAllocator: 6038872 out of 0 bytes used by permanent object pool.
[2015.09.26-21.39.29:597][  0]LogEngine: Initializing Engine...
[2015.09.26-21.39.29:602][  0]LogHMD: Can't find Oculus library dev build: is proper Runtime installed? Version: 0.7.0.0
[2015.09.26-21.39.29:603][  0]LogHMD: SteamVR failed to initialize.  Err: 110
[2015.09.26-21.39.29:938][  0]LogAIModule: Creating AISystem for world NewWorld
[2015.09.26-21.39.29:947][  0]LogInit: XAudio2 using 'Speakers (Conexant 20672 SmartAudio HD)' : 2 channels at 44.1 kHz using 16 bits per sample (channel mask 0x3)
[2015.09.26-21.39.30:216][  0]LogInit: FAudioDevice initialized.
[2015.09.26-21.39.30:264][  0]LogDerivedDataCache: Saved boot cache 0.05s 41MB C:/Users/Will/AppData/Local/UnrealEngine/4.9/DerivedDataCache/Boot.ddc.
[2015.09.26-21.39.30:277][  0]LogInit: Texture streaming: Enabled
[2015.09.26-21.39.30:288][  0]LogAnalytics: Creating configured Analytics provider AnalyticsET
[2015.09.26-21.39.30:288][  0]LogAnalytics: [UEEditor.Rocket.Release] APIServer = http://et2.epicgames.com/ET2/. AppVersion = 4.9.1-2689999+++depot+UE4-Releases+4.9
[2015.09.26-21.39.30:288][  0]LogAnalytics: [UEEditor.Rocket.Release] SetUserId 1877b4af47d0a1b1c511458d4cf4b387|723ff2effdca4465b525b133c47388d1|9fd92084-8da0-4b00-92ec-a7999ca0b261
[2015.09.26-21.39.30:288][  0]LogAnalytics: [UEEditor.Rocket.Release] AnalyticsET::StartSession
[2015.09.26-21.39.30:336][  0]LogInit: Transaction tracking system initialized
[2015.09.26-21.39.30:404][  0]BlueprintLog: New page: Editor Load
[2015.09.26-21.39.30:601][  0]LocalizationService: Info Localization service is disabled
[2015.09.26-21.39.31:120][  0]LogConsoleResponse:Display: 
[2015.09.26-21.39.31:403][  0]LogCook:Display: Done creating registry. It took  0.00s.
[2015.09.26-21.39.31:551][  0]LogFileCache: Scanning file cache for directory 'C:/Users/Will/Documents/mqp/pipermqp/prodenv/ThePiedPiper/Content/' took 0.02s
[2015.09.26-21.39.31:551][  0]SourceControl: Info Source control is disabled
[2015.09.26-21.39.31:551][  0]Cmd: MAP LOAD FILE="../../../../../../Users/Will/Documents/mqp/pipermqp/prodenv/ThePiedPiper/Content/FirstPersonBP/Maps/FirstPersonExampleMap.umap" TEMPLATE=0 SHOWPROGRESS=1 FEATURELEVEL=3
[2015.09.26-21.39.31:552][  0]LogEditorServer:Warning: Can't find file '../../../../../../Users/Will/Documents/mqp/pipermqp/prodenv/ThePiedPiper/Content/FirstPersonBP/Maps/FirstPersonExampleMap.umap'
[2015.09.26-21.39.31:552][  0]Cmd: MAP CHECKDEP NOCLEARLOG
[2015.09.26-21.39.31:638][  0]MapCheck: Info Map check complete: 0 Error(s), 0 Warning(s), took 85.85ms to complete.
[2015.09.26-21.39.31:639][  0]LogFileHelpers: Loading map 'FirstPersonExampleMap' took 0.088
[2015.09.26-21.39.31:830][  0]LogCollectionManager: Loaded 0 collections in 0.005812 seconds
[2015.09.26-21.39.31:885][  0]LogFileCache: Scanning file cache for directory 'C:/Users/Will/Documents/mqp/pipermqp/prodenv/ThePiedPiper/Saved/Collections/' took 0.01s
[2015.09.26-21.39.31:885][  0]LogFileCache: Scanning file cache for directory 'C:/Users/Will/Documents/mqp/pipermqp/prodenv/ThePiedPiper/Content/Developers/Will/Collections/' took 0.01s
[2015.09.26-21.39.31:885][  0]LogFileCache: Scanning file cache for directory 'C:/Users/Will/Documents/mqp/pipermqp/prodenv/ThePiedPiper/Content/Collections/' took 0.01s
[2015.09.26-21.39.31:885][  0]LogContentBrowser: Native class hierarchy populated in 0.0204 seconds. Added 1867 classes and 333 folders.
[2015.09.26-21.39.31:896][  0]LogCollectionManager: Rebuilt the GUID cache for 0 collections in 0.000005 seconds
[2015.09.26-21.39.31:915][  0]LogContentBrowser: Native class hierarchy updated for 'WidgetCarousel' in 0.0008 seconds. Added 0 classes and 0 folders.
[2015.09.26-21.39.32:020][  0]LogContentBrowser: Native class hierarchy updated for 'AddContentDialog' in 0.0007 seconds. Added 0 classes and 0 folders.
[2015.09.26-21.39.32:038][  0]LogContentBrowser: Native class hierarchy updated for 'SceneOutliner' in 0.0007 seconds. Added 1 classes and 2 folders.
[2015.09.26-21.39.32:095][  0]LogCrashTracker: Crashtracker disabled due to settings.
[2015.09.26-21.39.32:107][  0]LogUObjectGlobals:Warning: Failed to find object 'Class None.'
[2015.09.26-21.39.32:171][  0]LogLoad: Full Startup: 13.18 seconds (BP compile: 0.01 seconds)
[2015.09.26-21.39.32:254][  0]LogContentStreaming: Texture pool size now 400 MB
[2015.09.26-21.39.32:502][  0]LogRenderer: Reallocating scene render targets to support 1208x548 (Frame:2).
[2015.09.26-21.39.33:339][  5]LogAssetRegistry: Asset discovery search completed in 4.7443 seconds
[2015.09.26-21.39.33:339][  5]LogCollectionManager: Rebuilt the object cache for 0 collections in 0.000003 seconds (found 0 objects)
[2015.09.26-21.39.33:339][  5]LogCollectionManager: Fixed up redirectors for 0 collections in 0.000055 seconds (updated 0 objects)
[2015.09.26-21.39.56:396][224]LogLinker:Warning: Asset '../../../../../../Users/Will/Documents/mqp/pipermqp/prodenv/ThePiedPiper/Content/FirstPersonBP/Blueprints/FirstPersonProjectile.uasset' has been saved with empty engine version. The asset will be loaded but may be incompatible.
[2015.09.26-21.39.56:402][224]LogLinker:Warning: Asset '../../../../../../Users/Will/Documents/mqp/pipermqp/prodenv/ThePiedPiper/Content/FirstPerson/Meshes/FirstPersonProjectileMesh.uasset' has been saved with empty engine version. The asset will be loaded but may be incompatible.
[2015.09.26-21.39.58:314][224]LogAIModule: Creating AISystem for world GrayboxLevel
[2015.09.26-21.39.58:581][224]Cmd: MAP LOAD FILE="../../../../../../Users/Will/Documents/mqp/pipermqp/prodenv/ThePiedPiper/Content/GrayboxLevel.umap" TEMPLATE=0 SHOWPROGRESS=1 FEATURELEVEL=3
[2015.09.26-21.39.58:581][224]LightingResults: New page: Lighting Build
[2015.09.26-21.39.58:586][224]LogContentBrowser: Native class hierarchy updated for 'StatsViewer' in 0.0005 seconds. Added 5 classes and 0 folders.
[2015.09.26-21.39.58:626][224]LoadErrors: New page: Loading map: GrayboxLevel.umap
[2015.09.26-21.39.58:626][224]MapCheck: New page: Map Check
[2015.09.26-21.39.58:626][224]LightingResults: New page: Lighting Build
[2015.09.26-21.39.58:671][224]LogParticles: Destroying 0 GPU particle simulations for FXSystem 0x000000001DC1E160
[2015.09.26-21.39.59:823][224]LogEditorServer: Finished looking for orphan Actors (0.000 secs)
[2015.09.26-21.39.59:884][224]Cmd: MAP CHECKDEP NOCLEARLOG
[2015.09.26-21.39.59:992][224]MapCheck: Info Map check complete: 0 Error(s), 0 Warning(s), took 107.652ms to complete.
[2015.09.26-21.39.59:992][224]LogFileHelpers: Loading map 'GrayboxLevel' took 1.412
[2015.09.26-21.40.00:092][225]Cmd: UpdateLandscapeEditorData -warnings
[2015.09.26-21.40.00:118][225]Cmd: UpdateLandscapeEditorData
[2015.09.26-21.40.03:071][317]LogPlayLevel: PlayLevel: No blueprints needed recompiling
[2015.09.26-21.40.03:072][317]PIE: New page: PIE session: GrayboxLevel (Sep 26, 2015, 1:40:03 PM)
[2015.09.26-21.40.03:072][317]LogPlayLevel: Creating play world package: /Game/UEDPIE_0_GrayboxLevel
[2015.09.26-21.40.03:564][317]LogPlayLevel: PIE: StaticDuplicateObject took: (0.492465s)
[2015.09.26-21.40.03:566][317]LogAIModule: Creating AISystem for world GrayboxLevel
[2015.09.26-21.40.03:566][317]LogPlayLevel: PIE: World Init took: (0.001929s)
[2015.09.26-21.40.03:567][317]LogPlayLevel: PIE: Created PIE world by copying editor world from /Game/GrayboxLevel.GrayboxLevel to /Game/UEDPIE_0_GrayboxLevel.GrayboxLevel (0.494931s)
[2015.09.26-21.40.03:567][317]LogActorComponent: UnregisterComponent: (/Engine/Transient.CharMoveComp) Not registered. Aborting.
[2015.09.26-21.40.03:630][317]LogInit: XAudio2 using 'Speakers (Conexant 20672 SmartAudio HD)' : 2 channels at 44.1 kHz using 16 bits per sample (channel mask 0x3)
[2015.09.26-21.40.03:669][317]LogInit: FAudioDevice initialized.
[2015.09.26-21.40.03:726][317]LogLinker:Warning: Asset '../../../../../../Users/Will/Documents/mqp/pipermqp/prodenv/ThePiedPiper/Content/FirstPersonBP/Blueprints/FirstPersonHUD.uasset' has been saved with empty engine version. The asset will be loaded but may be incompatible.
[2015.09.26-21.40.03:783][317]LogWorld: Game class is 'FirstPersonGameMode_C'
[2015.09.26-21.40.04:199][317]LogWorld: Bringing World /Game/UEDPIE_0_GrayboxLevel.GrayboxLevel up for play (max tick rate 0) at 2015.09.26-17.40.04
[2015.09.26-21.40.04:200][317]LogActor:Warning: GameSession /Game/UEDPIE_0_GrayboxLevel.GrayboxLevel:PersistentLevel.GameSession_0 has natively added scene component(s), but none of them were set as the actor's RootComponent - picking one arbitrarily
[2015.09.26-21.40.04:200][317]LogActor:Warning: GameNetworkManager /Game/UEDPIE_0_GrayboxLevel.GrayboxLevel:PersistentLevel.GameNetworkManager_0 has natively added scene component(s), but none of them were set as the actor's RootComponent - picking one arbitrarily
[2015.09.26-21.40.04:210][317]LogWorld: Bringing up level for play took: 0.424467
[2015.09.26-21.40.04:214][317]PIE: Info Play in editor start time for /Game/UEDPIE_0_GrayboxLevel 1.257
[2015.09.26-21.42.14:400][177]LogParticles: Destroying 0 GPU particle simulations for FXSystem 0x0000000038095A80
[2015.09.26-21.42.20:390][333]MapCheck: New page: Map Check
[2015.09.26-21.42.20:443][333]Cmd: MAP REBUILD ALLVISIBLE
[2015.09.26-21.42.20:475][333]LogEditorServer: Rebuildmap Clear paths rebuilt
[2015.09.26-21.42.21:609][333]LogEditorServer: Cleared 13 NULL BSP materials after rebuild.
[2015.09.26-21.42.21:639][333]LightingResults: New page: Lighting Build - Sep 26, 2015, 1:42:21 PM
[2015.09.26-21.42.40:497][333]LightingResults:Warning: Performance Warning No importance volume found and the scene is so large that the automatically synthesized volume will not yield good results.  Please add a tightly bounding lightmass importance volume to optimize your scene's quality and lighting build times.
[2015.09.26-21.42.40:526][333]LogStaticLightingSystem: Running Lightmass w/ ImmediateImport mode ENABLED
[2015.09.26-21.42.40:527][333]LogStaticLightingSystem: Running Lightmass w/ ImmediateProcess mode ENABLED
[2015.09.26-21.42.40:527][333]LogStaticLightingSystem: Running Lightmass w/ Sorting mode ENABLED
[2015.09.26-21.42.40:527][333]LogStaticLightingSystem: Running Lightmass w/ Mapping paddings ENABLED
[2015.09.26-21.42.40:527][333]LogStaticLightingSystem: Running Lightmass w/ Mapping debug paddings DISABLED
[2015.09.26-21.42.43:424][333]LogEditorBuildUtils: Build time 0:00:23
[2015.09.26-21.42.43:451][333]LogMaterial: Missing cached shader map for material FLightmassMaterialRenderer MaterialInstanceDynamic_27, compiling. 
[2015.09.26-21.42.43:616][333]LogMaterial: Missing cached shader map for material FLightmassMaterialRenderer MaterialInstanceDynamic_27, compiling. 
[2015.09.26-21.42.43:799][334]Cmd: UpdateLandscapeEditorData
[2015.09.26-21.42.43:829][334]LogMaterial: Missing cached shader map for material FLightmassMaterialRenderer LandscapeMaterialInstanceConstant_3074, compiling. 
[2015.09.26-21.42.43:845][334]LogMaterial: Missing cached shader map for material FLightmassMaterialRenderer LandscapeMaterialInstanceConstant_3074, compiling. 
[2015.09.26-21.42.55:975][607]LogMaterial: Missing cached shader map for material FLightmassMaterialRenderer LandscapeMaterialInstanceConstant_3537, compiling. 
[2015.09.26-21.42.55:990][607]LogMaterial: Missing cached shader map for material FLightmassMaterialRenderer LandscapeMaterialInstanceConstant_3537, compiling. 
[2015.09.26-21.42.56:740][625]LogMaterial: Missing cached shader map for material FLightmassMaterialRenderer LandscapeMaterialInstanceConstant_3569, compiling. 
[2015.09.26-21.42.56:762][625]LogMaterial: Missing cached shader map for material FLightmassMaterialRenderer LandscapeMaterialInstanceConstant_3569, compiling. 
[2015.09.26-21.42.56:815][626]LogMaterial: Missing cached shader map for material FLightmassMaterialRenderer LandscapeMaterialInstanceConstant_3570, compiling. 
[2015.09.26-21.42.56:833][626]LogMaterial: Missing cached shader map for material FLightmassMaterialRenderer LandscapeMaterialInstanceConstant_3570, compiling. 
[2015.09.26-21.42.59:064][677]LogPlayLevel: PlayLevel: No blueprints needed recompiling
[2015.09.26-21.42.59:064][677]PIE: New page: PIE session: GrayboxLevel (Sep 26, 2015, 1:42:59 PM)
[2015.09.26-21.42.59:065][677]LogPlayLevel: Creating play world package: /Game/UEDPIE_0_GrayboxLevel
[2015.09.26-21.42.59:601][677]LogPlayLevel: PIE: StaticDuplicateObject took: (0.536103s)
[2015.09.26-21.42.59:602][677]LogAIModule: Creating AISystem for world GrayboxLevel
[2015.09.26-21.42.59:603][677]LogPlayLevel: PIE: World Init took: (0.001990s)
[2015.09.26-21.42.59:603][677]LogPlayLevel: PIE: Created PIE world by copying editor world from /Game/GrayboxLevel.GrayboxLevel to /Game/UEDPIE_0_GrayboxLevel.GrayboxLevel (0.538529s)
[2015.09.26-21.42.59:946][677]LogInit: XAudio2 using 'Speakers (Conexant 20672 SmartAudio HD)' : 2 channels at 44.1 kHz using 16 bits per sample (channel mask 0x3)
[2015.09.26-21.43.00:212][677]LogInit: FAudioDevice initialized.
[2015.09.26-21.43.00:300][677]LogWorld: Game class is 'FirstPersonGameMode_C'
[2015.09.26-21.43.00:813][677]LogWorld: Bringing World /Game/UEDPIE_0_GrayboxLevel.GrayboxLevel up for play (max tick rate 0) at 2015.09.26-17.43.00
[2015.09.26-21.43.00:813][677]LogActor:Warning: GameSession /Game/UEDPIE_0_GrayboxLevel.GrayboxLevel:PersistentLevel.GameSession_1 has natively added scene component(s), but none of them were set as the actor's RootComponent - picking one arbitrarily
[2015.09.26-21.43.00:813][677]LogActor:Warning: GameNetworkManager /Game/UEDPIE_0_GrayboxLevel.GrayboxLevel:PersistentLevel.GameNetworkManager_1 has natively added scene component(s), but none of them were set as the actor's RootComponent - picking one arbitrarily
[2015.09.26-21.43.00:844][677]LogWorld: Bringing up level for play took: 0.542824
[2015.09.26-21.43.00:849][677]PIE: Info Play in editor start time for /Game/UEDPIE_0_GrayboxLevel 1.882
[2015.09.26-21.43.08:375][781]LogParticles: Destroying 0 GPU particle simulations for FXSystem 0x0000000059F889A0
[2015.09.26-21.43.20:187][108]LogMaterial: Missing cached shader map for material FLightmassMaterialRenderer M_Basic_Wall, compiling. 
[2015.09.26-21.43.20:200][108]LogMaterial: Missing cached shader map for material FLightmassMaterialRenderer M_Basic_Wall, compiling. 
[2015.09.26-21.43.20:234][109]LogMaterial: Missing cached shader map for material FLightmassMaterialRenderer M_Basic_Floor, compiling. 
[2015.09.26-21.43.20:248][109]LogMaterial: Missing cached shader map for material FLightmassMaterialRenderer M_Basic_Floor, compiling. 
[2015.09.26-21.43.20:281][110]LogMaterial: Missing cached shader map for material FLightmassMaterialRenderer M_Brick_Clay_Beveled, compiling. 
[2015.09.26-21.43.20:295][110]LogMaterial: Missing cached shader map for material FLightmassMaterialRenderer M_Brick_Clay_Beveled, compiling. 
