[2015.10.09-03.28.28:229][  0]Log file open, 10/08/15 23:28:28
[2015.10.09-03.28.28:229][  0]LogInit:Display: Running engine for game: ThePiedPiper
[2015.10.09-03.28.28:229][  0]LogInit:Display: RandInit(-660297329) SRandInit(-660297329).
[2015.10.09-03.28.28:229][  0]LogTaskGraph: Started task graph with 4 named threads and 7 total threads.
[2015.10.09-03.28.28:229][  0]LogStats: Stats thread started at 0.066085
[2015.10.09-03.28.28:229][  0]LogInit: Version: 4.9.1-2689999+++depot+UE4-Releases+4.9
[2015.10.09-03.28.28:229][  0]LogInit: API Version: 2672455
[2015.10.09-03.28.28:229][  0]LogInit: Compiled (64-bit): Sep 14 2015 04:12:03
[2015.10.09-03.28.28:229][  0]LogInit: Compiled with Visual C++: 18.00.21005.01
[2015.10.09-03.28.28:229][  0]LogInit: Build Configuration: Development
[2015.10.09-03.28.28:229][  0]LogInit: Branch Name: ++depot+UE4-Releases+4.9
[2015.10.09-03.28.28:229][  0]LogInit: Command line: 
[2015.10.09-03.28.28:229][  0]LogInit: Base directory: H:/Program Files/Epic Games/4.9/Engine/Binaries/Win64/
[2015.10.09-03.28.28:229][  0]LogInit: Rocket: 1
[2015.10.09-03.28.28:235][  0]LogInit: Using libcurl 7.41.0
[2015.10.09-03.28.28:235][  0]LogInit:  - built for x86_64-pc-win32
[2015.10.09-03.28.28:235][  0]LogInit:  - supports SSL with WinSSL
[2015.10.09-03.28.28:235][  0]LogInit:  - other features:
[2015.10.09-03.28.28:235][  0]LogInit:      CURL_VERSION_SSL
[2015.10.09-03.28.28:235][  0]LogInit:      CURL_VERSION_IPV6
[2015.10.09-03.28.28:235][  0]LogInit:      CURL_VERSION_ASYNCHDNS
[2015.10.09-03.28.28:235][  0]LogInit:      CURL_VERSION_LARGEFILE
[2015.10.09-03.28.28:235][  0]LogInit:      CURL_VERSION_IDN
[2015.10.09-03.28.28:235][  0]LogInit:  CurlRequestOptions (configurable via config and command line):
[2015.10.09-03.28.28:235][  0]LogInit:  - bVerifyPeer = true  - Libcurl will verify peer certificate
[2015.10.09-03.28.28:235][  0]LogInit:  - bUseHttpProxy = false  - Libcurl will NOT use HTTP proxy
[2015.10.09-03.28.28:235][  0]LogInit:  - bDontReuseConnections = false  - Libcurl will reuse connections
[2015.10.09-03.28.28:235][  0]LogInit:  - CertBundlePath = nullptr  - Libcurl will use whatever was configured at build time.
[2015.10.09-03.28.28:238][  0]LogInit: Presizing for 0 objects not considered by GC, pre-allocating 0 bytes.
[2015.10.09-03.28.28:243][  0]LogInit: Object subsystem initialized
[2015.10.09-03.28.28:244][  0]LogInit: Selected Device Profile: [Windows]
[2015.10.09-03.28.28:244][  0]LogInit: Applying CVar settings loaded from the selected device profile: [Windows]
[2015.10.09-03.28.28:250][  0]LogInit: Computer: BAE
[2015.10.09-03.28.28:250][  0]LogInit: User: Jeff
[2015.10.09-03.28.28:250][  0]LogInit: CPU Page size=4096, Cores=4
[2015.10.09-03.28.28:250][  0]LogInit: High frequency timer resolution =3.903986 MHz
[2015.10.09-03.28.28:250][  0]LogMemory: Memory total: Physical=23.9GB (24GB approx)
[2015.10.09-03.28.28:250][  0]LogMemory: Platform Memory Stats for Windows
[2015.10.09-03.28.28:250][  0]LogMemory: Process Physical Memory: 54.26 MB used, 54.26 MB peak
[2015.10.09-03.28.28:250][  0]LogMemory: Process Virtual Memory: 55.54 MB used, 55.54 MB peak
[2015.10.09-03.28.28:250][  0]LogMemory: Physical Memory: 6400.64 MB used, 24516.47 MB total
[2015.10.09-03.28.28:250][  0]LogMemory: Virtual Memory: 365.35 MB used, 134217728.00 MB total
[2015.10.09-03.28.28:276][  0]LogTextLocalizationManager: No specific translations for ('en-US') exist, so ('en') translations will be used.
[2015.10.09-03.28.28:797][  0]LogD3D11RHI: Found D3D11 adapter 0: NVIDIA GeForce GTX 970 (Feature Level 11_0)
[2015.10.09-03.28.28:797][  0]LogD3D11RHI: Adapter has 4008MB of dedicated video memory, 0MB of dedicated system memory, and 12258MB of shared system memory, 2 output[s]
[2015.10.09-03.28.28:798][  0]LogD3D11RHI: Found D3D11 adapter 1: Microsoft Basic Render Driver (Feature Level 11_0)
[2015.10.09-03.28.28:798][  0]LogD3D11RHI: Adapter has 0MB of dedicated video memory, 0MB of dedicated system memory, and 12258MB of shared system memory, 0 output[s]
[2015.10.09-03.28.28:798][  0]LogD3D11RHI: Chosen D3D11 Adapter Id = 0
[2015.10.09-03.28.28:801][  0]LogD3D11RHI: !Direct3DDevice
[2015.10.09-03.28.28:801][  0]LogRHI: Texture pool is 1361 MB (70% of 1945 MB)
[2015.10.09-03.28.28:812][  0]LogD3D11RHI: Async texture creation enabled
[2015.10.09-03.28.28:822][  0]LogShaderCompilers: Guid format shader working directory is 14 characters bigger than the processId version (../../../../../../GitHub/pipermqp/prodenv/ThePiedPiper/Intermediate/Shaders/WorkingDirectory/14164/).
[2015.10.09-03.28.28:823][  0]LogShaderCompilers: Cleaned the shader compiler working directory '../../../../../../GitHub/pipermqp/prodenv/ThePiedPiper/Intermediate/Shaders/tmp/E5BC3F2F4E2AF7E4EE9EA197A790ECAE/'.
[2015.10.09-03.28.28:823][  0]LogShaderCompilers:Display: Using Local Shader Compiler.
[2015.10.09-03.28.29:527][  0]LogTemp:Display: Loaded TP AllDesktopTargetPlatform
[2015.10.09-03.28.29:530][  0]LogTemp:Display: Loaded TP WindowsClientTargetPlatform
[2015.10.09-03.28.29:533][  0]LogTemp:Display: Loaded TP WindowsNoEditorTargetPlatform
[2015.10.09-03.28.29:536][  0]LogTemp:Display: Loaded TP WindowsServerTargetPlatform
[2015.10.09-03.28.29:539][  0]LogTemp:Display: Loaded TP WindowsTargetPlatform
[2015.10.09-03.28.29:542][  0]LogTemp:Display: Loaded TP AndroidTargetPlatform
[2015.10.09-03.28.29:544][  0]LogTemp:Display: Loaded TP Android_ASTCTargetPlatform
[2015.10.09-03.28.29:546][  0]LogTemp:Display: Loaded TP Android_ATCTargetPlatform
[2015.10.09-03.28.29:548][  0]LogTemp:Display: Loaded TP Android_DXTTargetPlatform
[2015.10.09-03.28.29:550][  0]LogTemp:Display: Loaded TP Android_ETC1TargetPlatform
[2015.10.09-03.28.29:553][  0]LogTemp:Display: Loaded TP Android_ETC2TargetPlatform
[2015.10.09-03.28.29:555][  0]LogTemp:Display: Loaded TP Android_PVRTCTargetPlatform
[2015.10.09-03.28.29:555][  0]LogTemp:Display: Loaded TP HTML5TargetPlatform
[2015.10.09-03.28.29:570][  0]LogTemp:Display: Loaded TP IOSTargetPlatform
[2015.10.09-03.28.29:572][  0]LogTemp:Display: Loaded TP LinuxNoEditorTargetPlatform
[2015.10.09-03.28.29:574][  0]LogTemp:Display: Loaded TP LinuxServerTargetPlatform
[2015.10.09-03.28.29:577][  0]LogTemp:Display: Loaded TP LinuxTargetPlatform
[2015.10.09-03.28.29:577][  0]LogTargetPlatformManager:Display: Building Assets For Windows
[2015.10.09-03.28.29:620][  0]LogDerivedDataCache:Display: Max Cache Size: 512 MB
[2015.10.09-03.28.29:655][  0]LogDerivedDataCache: Loaded boot cache 0.03s 41MB C:/Users/Jeff/AppData/Local/UnrealEngine/4.9/DerivedDataCache/Boot.ddc.
[2015.10.09-03.28.29:655][  0]LogDerivedDataCache:Display: Loaded Boot cache: C:/Users/Jeff/AppData/Local/UnrealEngine/4.9/DerivedDataCache/Boot.ddc
[2015.10.09-03.28.29:655][  0]LogDerivedDataCache: FDerivedDataBackendGraph:  Pak pak cache file ../../../../../../GitHub/pipermqp/prodenv/ThePiedPiper/DerivedDataCache/DDC.ddp not found, will not use a pak cache.
[2015.10.09-03.28.29:655][  0]LogDerivedDataCache: Unable to find inner node Pak for hierarchical cache Hierarchy.
[2015.10.09-03.28.29:655][  0]LogDerivedDataCache: FDerivedDataBackendGraph:  CompressedPak pak cache file ../../../../../../GitHub/pipermqp/prodenv/ThePiedPiper/DerivedDataCache/Compressed.ddp not found, will not use a pak cache.
[2015.10.09-03.28.29:655][  0]LogDerivedDataCache: Unable to find inner node CompressedPak for hierarchical cache Hierarchy.
[2015.10.09-03.28.29:753][  0]LogDerivedDataCache:Display: Pak cache opened for reading ../../../Engine/DerivedDataCache/Compressed.ddp.
[2015.10.09-03.28.29:765][  0]LogDerivedDataCache: Using Local data cache path C:/Users/Jeff/AppData/Local/UnrealEngine/Common/DerivedDataCache: Writable
[2015.10.09-03.28.29:878][  0]LogInit: Selected Device Profile: [Windows]
[2015.10.09-03.28.29:880][  0]LogContentStreaming: Texture pool size is 0.000000MB
[2015.10.09-03.28.29:958][  0]LogMeshUtilities: No automatic mesh reduction module available
[2015.10.09-03.28.29:958][  0]LogMeshUtilities: No automatic mesh merging module available
[2015.10.09-03.28.30:114][  0]LogInit: WinSock: version 1.1 (2.2), MaxSocks=32767, MaxUdp=65467
[2015.10.09-03.28.30:568][  0]UdpMessaging: Initializing bridge on interface 0.0.0.0:0 to multicast group 230.0.0.1:6666.
[2015.10.09-03.28.30:671][  0]LogAssetRegistry: FAssetRegistry took 0.0107 seconds to start up
[2015.10.09-03.28.30:769][  0]SourceControl: Info Source control is disabled
[2015.10.09-03.28.30:776][  0]SourceControl: Info Source control is disabled
[2015.10.09-03.28.30:785][  0]SourceControl: Info Source control is disabled
[2015.10.09-03.28.30:792][  0]SourceControl: Info Source control is disabled
[2015.10.09-03.28.30:864][  0]LogLinker:Warning: Asset '../../../Engine/Plugins/Runtime/LeapMotionController/Content/LM_PassthroughMaterial.uasset' has been saved with empty engine version. The asset will be loaded but may be incompatible.
[2015.10.09-03.28.30:904][  0]LogObj: 28361 objects as part of root set at end of initial load.
[2015.10.09-03.28.30:904][  0]LogUObjectAllocator: 6038864 out of 0 bytes used by permanent object pool.
[2015.10.09-03.28.30:945][  0]LogEngine: Initializing Engine...
[2015.10.09-03.28.30:947][  0]LogHMD: Can't find Oculus library dev build: is proper Runtime installed? Version: 0.7.0.0
[2015.10.09-03.28.30:952][  0]LogHMD: SteamVR failed to initialize.  Err: 108
[2015.10.09-03.28.31:035][  0]LogAIModule: Creating AISystem for world NewWorld
[2015.10.09-03.28.31:040][  0]LogInit: XAudio2 using 'Speakers (Realtek High Definition Audio)' : 2 channels at 48 kHz using 32 bits per sample (channel mask 0x3)
[2015.10.09-03.28.31:057][  0]LogInit: FAudioDevice initialized.
[2015.10.09-03.28.31:075][  0]LogDerivedDataCache: Saved boot cache 0.02s 41MB C:/Users/Jeff/AppData/Local/UnrealEngine/4.9/DerivedDataCache/Boot.ddc.
[2015.10.09-03.28.31:078][  0]LogInit: Texture streaming: Enabled
[2015.10.09-03.28.31:081][  0]LogAnalytics: Creating configured Analytics provider AnalyticsET
[2015.10.09-03.28.31:081][  0]LogAnalytics: [UEEditor.Rocket.Release] APIServer = http://et2.epicgames.com/ET2/. AppVersion = 4.9.1-2689999+++depot+UE4-Releases+4.9
[2015.10.09-03.28.31:081][  0]LogAnalytics: [UEEditor.Rocket.Release] SetUserId 273aaf39449f8fada2c1538daad7ab65|0221e6425d4c49ff85f47cde75a6cd00|d6b3f0e4-a65b-4aee-aa1a-d77f97d8b005
[2015.10.09-03.28.31:081][  0]LogAnalytics: [UEEditor.Rocket.Release] AnalyticsET::StartSession
[2015.10.09-03.28.31:090][  0]LogWindowsTextInputMethodSystem:Display: IME system now deactivated.
[2015.10.09-03.28.31:090][  0]LogWindowsTextInputMethodSystem:Display: IME system now deactivated.
[2015.10.09-03.28.31:103][  0]LogInit: Transaction tracking system initialized
[2015.10.09-03.28.31:119][  0]BlueprintLog: New page: Editor Load
[2015.10.09-03.28.31:159][  0]LocalizationService: Info Localization service is disabled
[2015.10.09-03.28.31:203][  0]LogConsoleResponse:Display: 
[2015.10.09-03.28.31:286][  0]LogCook:Display: Done creating registry. It took  0.00s.
[2015.10.09-03.28.31:314][  0]LogFileCache: Scanning file cache for directory 'H:/GitHub/pipermqp/prodenv/ThePiedPiper/Content/' took 0.01s
[2015.10.09-03.28.31:314][  0]SourceControl: Info Source control is disabled
[2015.10.09-03.28.31:314][  0]Cmd: MAP LOAD FILE="../../../../../../GitHub/pipermqp/prodenv/ThePiedPiper/Content/FirstPersonBP/Maps/FirstPersonExampleMap.umap" TEMPLATE=0 SHOWPROGRESS=1 FEATURELEVEL=3
[2015.10.09-03.28.31:315][  0]LogEditorServer:Warning: Can't find file '../../../../../../GitHub/pipermqp/prodenv/ThePiedPiper/Content/FirstPersonBP/Maps/FirstPersonExampleMap.umap'
[2015.10.09-03.28.31:315][  0]Cmd: MAP CHECKDEP NOCLEARLOG
[2015.10.09-03.28.31:339][  0]MapCheck: Info Map check complete: 0 Error(s), 0 Warning(s), took 24.165ms to complete.
[2015.10.09-03.28.31:339][  0]LogFileHelpers: Loading map 'FirstPersonExampleMap' took 0.024
[2015.10.09-03.28.31:427][  0]LogCollectionManager: Loaded 0 collections in 0.000931 seconds
[2015.10.09-03.28.31:465][  0]LogFileCache: Scanning file cache for directory 'H:/GitHub/pipermqp/prodenv/ThePiedPiper/Saved/Collections/' took 0.01s
[2015.10.09-03.28.31:465][  0]LogFileCache: Scanning file cache for directory 'H:/GitHub/pipermqp/prodenv/ThePiedPiper/Content/Developers/Jeff/Collections/' took 0.01s
[2015.10.09-03.28.31:465][  0]LogFileCache: Scanning file cache for directory 'H:/GitHub/pipermqp/prodenv/ThePiedPiper/Content/Collections/' took 0.01s
[2015.10.09-03.28.31:465][  0]LogContentBrowser: Native class hierarchy populated in 0.0050 seconds. Added 1867 classes and 333 folders.
[2015.10.09-03.28.31:469][  0]LogCollectionManager: Rebuilt the GUID cache for 0 collections in 0.000002 seconds
[2015.10.09-03.28.31:473][  0]LogContentBrowser: Native class hierarchy updated for 'WidgetCarousel' in 0.0002 seconds. Added 0 classes and 0 folders.
[2015.10.09-03.28.31:498][  0]LogContentBrowser: Native class hierarchy updated for 'AddContentDialog' in 0.0002 seconds. Added 0 classes and 0 folders.
[2015.10.09-03.28.31:500][  0]LogContentBrowser: Native class hierarchy updated for 'SceneOutliner' in 0.0002 seconds. Added 1 classes and 2 folders.
[2015.10.09-03.28.31:515][  0]LogCrashTracker: Crashtracker disabled due to settings.
[2015.10.09-03.28.31:519][  0]LogUObjectGlobals:Warning: Failed to find object 'Class None.'
[2015.10.09-03.28.31:542][  0]LogLoad: Full Startup: 3.75 seconds (BP compile: 0.00 seconds)
[2015.10.09-03.28.31:590][  0]LogContentStreaming: Texture pool size now 1000 MB
[2015.10.09-03.28.31:700][  0]LogRenderer: Reallocating scene render targets to support 1056x580 (Frame:2).
[2015.10.09-03.28.31:750][  1]LogAssetRegistry: Asset discovery search completed in 1.0905 seconds
[2015.10.09-03.28.31:750][  1]LogCollectionManager: Rebuilt the object cache for 0 collections in 0.000001 seconds (found 0 objects)
[2015.10.09-03.28.31:750][  1]LogCollectionManager: Fixed up redirectors for 0 collections in 0.000018 seconds (updated 0 objects)
[2015.10.09-03.29.01:226][518]LogLinker:Warning: Asset '../../../../../../GitHub/pipermqp/prodenv/ThePiedPiper/Content/FirstPersonBP/Blueprints/FirstPersonProjectile.uasset' has been saved with empty engine version. The asset will be loaded but may be incompatible.
[2015.10.09-03.29.01:228][518]LogLinker:Warning: Asset '../../../../../../GitHub/pipermqp/prodenv/ThePiedPiper/Content/FirstPerson/Meshes/FirstPersonProjectileMesh.uasset' has been saved with empty engine version. The asset will be loaded but may be incompatible.
[2015.10.09-03.29.01:742][518]LogAIModule: Creating AISystem for world GrayboxLevel
[2015.10.09-03.29.01:790][518]Cmd: MAP LOAD FILE="../../../../../../GitHub/pipermqp/prodenv/ThePiedPiper/Content/GrayboxLevel.umap" TEMPLATE=0 SHOWPROGRESS=1 FEATURELEVEL=3
[2015.10.09-03.29.01:790][518]LightingResults: New page: Lighting Build
[2015.10.09-03.29.01:792][518]LogContentBrowser: Native class hierarchy updated for 'StatsViewer' in 0.0003 seconds. Added 5 classes and 0 folders.
[2015.10.09-03.29.01:805][518]LoadErrors: New page: Loading map: GrayboxLevel.umap
[2015.10.09-03.29.01:805][518]MapCheck: New page: Map Check
[2015.10.09-03.29.01:805][518]LightingResults: New page: Lighting Build
[2015.10.09-03.29.01:813][518]LogParticles: Destroying 0 GPU particle simulations for FXSystem 0x000000BB448A6160
[2015.10.09-03.29.01:865][518]LogEditorServer: Finished looking for orphan Actors (0.000 secs)
[2015.10.09-03.29.01:895][518]Cmd: MAP CHECKDEP NOCLEARLOG
[2015.10.09-03.29.01:932][518]MapCheck: Info Map check complete: 0 Error(s), 0 Warning(s), took 36.501ms to complete.
[2015.10.09-03.29.01:932][518]LogFileHelpers: Loading map 'GrayboxLevel' took 0.143
[2015.10.09-03.29.01:988][519]Cmd: UpdateLandscapeEditorData -warnings
[2015.10.09-03.29.01:990][519]Cmd: UpdateLandscapeEditorData
[2015.10.09-03.29.13:646][614]LogFactory: FactoryCreateBinary: StaticMesh with FbxFactory (0 0 F:/PP-Art/Hallway.fbx)
[2015.10.09-03.29.13:656][614]LogFbx: ItemName: GlobalSettings, ItemCount : 1
[2015.10.09-03.29.13:656][614]LogFbx: ItemName: AnimationStack, ItemCount : 1
[2015.10.09-03.29.13:656][614]LogFbx: ItemName: AnimationLayer, ItemCount : 1
[2015.10.09-03.29.13:656][614]LogFbx: ItemName: Geometry, ItemCount : 10
[2015.10.09-03.29.13:656][614]LogFbx: ItemName: Material, ItemCount : 1
[2015.10.09-03.29.13:656][614]LogFbx: ItemName: Model, ItemCount : 10
[2015.10.09-03.29.13:661][614]LogFbx: Loading FBX Scene from F:/PP-Art/Hallway.fbx
[2015.10.09-03.29.13:670][614]LogFbx: FBX Scene Loaded Succesfully
[2015.10.09-03.29.16:981][614]LogFbx: Loading FBX Scene from F:/PP-Art/Hallway.fbx
[2015.10.09-03.29.16:987][614]LogFbx: FBX Scene Loaded Succesfully
[2015.10.09-03.29.16:992][614]LogStaticMesh: Building static mesh Hallway...
[2015.10.09-03.29.16:996][614]LogStaticMesh: Built static mesh [0.003746.2s] /Game/Meshes/Hallway.Hallway
[2015.10.09-03.29.18:038][732]Cmd: OBJ SAVEPACKAGE PACKAGE="/Game/Meshes/Hallway" FILE="../../../../../../GitHub/pipermqp/prodenv/ThePiedPiper/Content/Meshes/Hallway.uasset" SILENT=true
[2015.10.09-03.29.18:048][732]LogSavePackage: Save=9.045627ms
[2015.10.09-03.29.18:048][732]LogSavePackage: Moving '../../../../../../GitHub/pipermqp/prodenv/ThePiedPiper/Saved/Hallway6A6E63744A83FB0E7A75119E4D52C8E0.tmp' to '../../../../../../GitHub/pipermqp/prodenv/ThePiedPiper/Content/Meshes/Hallway.uasset'
[2015.10.09-03.29.18:049][732]LogSavePackage: Total save time: 10.022834ms
[2015.10.09-03.29.18:049][732]LogSavePackage:Warning: Finished SavePackage ../../../../../../GitHub/pipermqp/prodenv/ThePiedPiper/Content/Meshes/Hallway.uasset
[2015.10.09-03.29.19:232][869]LogActorFactory: Actor Factory created Hallway
[2015.10.09-03.29.19:994][959]LogActorFactory: Actor Factory created Hallway
[2015.10.09-03.29.21:266][108]LogWindows:Error: Windows GetLastError: The operation completed successfully. (0)
[2015.10.09-03.29.21:403][108]LogCrashTracker: 


[2015.10.09-03.29.21:404][108]LogCrashTracker: 


[2015.10.09-03.29.21:404][108]LogWindows: === Critical error: ===
Assertion failed: T::StaticShapeType == ShapeType [File:d:\buildfarm\buildmachine_++depot+ue4-releases+4.9\engine\source\runtime\engine\classes\physicsengine\ShapeElem.h] [Line: 54] 





[2015.10.09-03.29.21:491][108]LogExit: Executing StaticShutdownAfterError
[2015.10.09-03.29.21:494][108]LogPhysics:Warning: PHYSX: ..\..\PhysX\src\NpScene.cpp (2946) 8 : PxScene::unlockWrite() called without matching call to PxScene::lockWrite(), behaviour will be undefined.
[2015.10.09-03.29.21:494][108]LogWindows: FPlatformMisc::RequestExit(1)
[2015.10.09-03.29.21:494][108]Log file closed, 10/08/15 23:29:21
